RUN	LoginPerformance	loginperformance	1716964559827	 	3.10.5
USER	2번 시나리오 유저	START	1716964560458
REQUEST		1-a. 로그인	1716964560467	1716964561010	OK	 
REQUEST		1-b. 비즈니스 로직	1716964561028	1716964561158	OK	 
USER	2번 시나리오 유저	END	1716964561160
USER	2번 시나리오 유저	START	1716964561457
REQUEST		1-a. 로그인	1716964561459	1716964561584	OK	 
REQUEST		1-b. 비즈니스 로직	1716964561585	1716964561589	OK	 
USER	2번 시나리오 유저	END	1716964561590
USER	2번 시나리오 유저	START	1716964561957
REQUEST		1-a. 로그인	1716964561958	1716964562085	OK	 
REQUEST		1-b. 비즈니스 로직	1716964562087	1716964562091	OK	 
USER	2번 시나리오 유저	END	1716964562091
USER	2번 시나리오 유저	START	1716964562457
REQUEST		1-a. 로그인	1716964562458	1716964562581	OK	 
REQUEST		1-b. 비즈니스 로직	1716964562582	1716964562586	OK	 
USER	2번 시나리오 유저	END	1716964562587
USER	2번 시나리오 유저	START	1716964562788
REQUEST		1-a. 로그인	1716964562789	1716964562911	OK	 
REQUEST		1-b. 비즈니스 로직	1716964562912	1716964562916	OK	 
USER	2번 시나리오 유저	END	1716964562916
USER	2번 시나리오 유저	START	1716964563121
REQUEST		1-a. 로그인	1716964563123	1716964563244	OK	 
REQUEST		1-b. 비즈니스 로직	1716964563245	1716964563249	OK	 
USER	2번 시나리오 유저	END	1716964563249
USER	2번 시나리오 유저	START	1716964563455
REQUEST		1-a. 로그인	1716964563457	1716964563589	OK	 
REQUEST		1-b. 비즈니스 로직	1716964563591	1716964563595	OK	 
USER	2번 시나리오 유저	END	1716964563595
USER	2번 시나리오 유저	START	1716964563704
REQUEST		1-a. 로그인	1716964563705	1716964563802	OK	 
REQUEST		1-b. 비즈니스 로직	1716964563803	1716964563807	OK	 
USER	2번 시나리오 유저	END	1716964563807
USER	2번 시나리오 유저	START	1716964563955
REQUEST		1-a. 로그인	1716964563957	1716964564061	OK	 
REQUEST		1-b. 비즈니스 로직	1716964564062	1716964564066	OK	 
USER	2번 시나리오 유저	END	1716964564066
USER	2번 시나리오 유저	START	1716964564205
REQUEST		1-a. 로그인	1716964564206	1716964564304	OK	 
REQUEST		1-b. 비즈니스 로직	1716964564305	1716964564309	OK	 
USER	2번 시나리오 유저	END	1716964564309
USER	2번 시나리오 유저	START	1716964564455
REQUEST		1-a. 로그인	1716964564457	1716964564558	OK	 
REQUEST		1-b. 비즈니스 로직	1716964564559	1716964564563	OK	 
USER	2번 시나리오 유저	END	1716964564563
USER	2번 시나리오 유저	START	1716964564655
REQUEST		1-a. 로그인	1716964564656	1716964564744	OK	 
REQUEST		1-b. 비즈니스 로직	1716964564745	1716964564748	OK	 
USER	2번 시나리오 유저	END	1716964564749
USER	2번 시나리오 유저	START	1716964564854
REQUEST		1-a. 로그인	1716964564856	1716964564949	OK	 
REQUEST		1-b. 비즈니스 로직	1716964564951	1716964564954	OK	 
USER	2번 시나리오 유저	END	1716964564954
USER	2번 시나리오 유저	START	1716964565055
REQUEST		1-a. 로그인	1716964565056	1716964565140	OK	 
REQUEST		1-b. 비즈니스 로직	1716964565141	1716964565146	OK	 
USER	2번 시나리오 유저	END	1716964565147
USER	2번 시나리오 유저	START	1716964565255
REQUEST		1-a. 로그인	1716964565257	1716964565345	OK	 
REQUEST		1-b. 비즈니스 로직	1716964565346	1716964565349	OK	 
USER	2번 시나리오 유저	END	1716964565349
USER	2번 시나리오 유저	START	1716964565455
REQUEST		1-a. 로그인	1716964565456	1716964565541	OK	 
REQUEST		1-b. 비즈니스 로직	1716964565542	1716964565545	OK	 
USER	2번 시나리오 유저	END	1716964565546
USER	2번 시나리오 유저	START	1716964565620
REQUEST		1-a. 로그인	1716964565621	1716964565702	OK	 
REQUEST		1-b. 비즈니스 로직	1716964565703	1716964565707	OK	 
USER	2번 시나리오 유저	END	1716964565708
USER	2번 시나리오 유저	START	1716964565787
REQUEST		1-a. 로그인	1716964565788	1716964565870	OK	 
REQUEST		1-b. 비즈니스 로직	1716964565871	1716964565874	OK	 
USER	2번 시나리오 유저	END	1716964565874
USER	2번 시나리오 유저	START	1716964565954
REQUEST		1-a. 로그인	1716964565955	1716964566036	OK	 
REQUEST		1-b. 비즈니스 로직	1716964566037	1716964566040	OK	 
USER	2번 시나리오 유저	END	1716964566040
USER	2번 시나리오 유저	START	1716964566120
REQUEST		1-a. 로그인	1716964566121	1716964566203	OK	 
REQUEST		1-b. 비즈니스 로직	1716964566204	1716964566207	OK	 
USER	2번 시나리오 유저	END	1716964566207
USER	2번 시나리오 유저	START	1716964566287
REQUEST		1-a. 로그인	1716964566288	1716964566371	OK	 
REQUEST		1-b. 비즈니스 로직	1716964566372	1716964566374	OK	 
USER	2번 시나리오 유저	END	1716964566375
USER	2번 시나리오 유저	START	1716964566455
REQUEST		1-a. 로그인	1716964566456	1716964566539	OK	 
REQUEST		1-b. 비즈니스 로직	1716964566540	1716964566543	OK	 
USER	2번 시나리오 유저	END	1716964566543
USER	2번 시나리오 유저	START	1716964566595
REQUEST		1-a. 로그인	1716964566596	1716964566674	OK	 
REQUEST		1-b. 비즈니스 로직	1716964566675	1716964566678	OK	 
USER	2번 시나리오 유저	END	1716964566678
USER	2번 시나리오 유저	START	1716964566739
REQUEST		1-a. 로그인	1716964566740	1716964566820	OK	 
REQUEST		1-b. 비즈니스 로직	1716964566821	1716964566823	OK	 
USER	2번 시나리오 유저	END	1716964566824
USER	2번 시나리오 유저	START	1716964566882
REQUEST		1-a. 로그인	1716964566883	1716964566962	OK	 
REQUEST		1-b. 비즈니스 로직	1716964566963	1716964566966	OK	 
USER	2번 시나리오 유저	END	1716964566966
USER	2번 시나리오 유저	START	1716964567025
REQUEST		1-a. 로그인	1716964567026	1716964567105	OK	 
REQUEST		1-b. 비즈니스 로직	1716964567106	1716964567109	OK	 
USER	2번 시나리오 유저	END	1716964567109
USER	2번 시나리오 유저	START	1716964567168
REQUEST		1-a. 로그인	1716964567169	1716964567247	OK	 
REQUEST		1-b. 비즈니스 로직	1716964567248	1716964567251	OK	 
USER	2번 시나리오 유저	END	1716964567252
USER	2번 시나리오 유저	START	1716964567312
REQUEST		1-a. 로그인	1716964567313	1716964567392	OK	 
REQUEST		1-b. 비즈니스 로직	1716964567393	1716964567396	OK	 
USER	2번 시나리오 유저	END	1716964567397
USER	2번 시나리오 유저	START	1716964567454
REQUEST		1-a. 로그인	1716964567455	1716964567537	OK	 
REQUEST		1-b. 비즈니스 로직	1716964567538	1716964567540	OK	 
USER	2번 시나리오 유저	END	1716964567541
USER	2번 시나리오 유저	START	1716964567578
REQUEST		1-a. 로그인	1716964567579	1716964567653	OK	 
REQUEST		1-b. 비즈니스 로직	1716964567655	1716964567657	OK	 
USER	2번 시나리오 유저	END	1716964567658
USER	2번 시나리오 유저	START	1716964567704
REQUEST		1-a. 로그인	1716964567704	1716964567783	OK	 
REQUEST		1-b. 비즈니스 로직	1716964567784	1716964567786	OK	 
USER	2번 시나리오 유저	END	1716964567787
USER	2번 시나리오 유저	START	1716964567829
REQUEST		1-a. 로그인	1716964567830	1716964567907	OK	 
REQUEST		1-b. 비즈니스 로직	1716964567908	1716964567910	OK	 
USER	2번 시나리오 유저	END	1716964567910
USER	2번 시나리오 유저	START	1716964567954
REQUEST		1-a. 로그인	1716964567955	1716964568033	OK	 
REQUEST		1-b. 비즈니스 로직	1716964568034	1716964568037	OK	 
USER	2번 시나리오 유저	END	1716964568037
USER	2번 시나리오 유저	START	1716964568079
REQUEST		1-a. 로그인	1716964568080	1716964568155	OK	 
REQUEST		1-b. 비즈니스 로직	1716964568156	1716964568159	OK	 
USER	2번 시나리오 유저	END	1716964568159
USER	2번 시나리오 유저	START	1716964568204
REQUEST		1-a. 로그인	1716964568205	1716964568282	OK	 
REQUEST		1-b. 비즈니스 로직	1716964568283	1716964568286	OK	 
USER	2번 시나리오 유저	END	1716964568286
USER	2번 시나리오 유저	START	1716964568329
REQUEST		1-a. 로그인	1716964568330	1716964568406	OK	 
REQUEST		1-b. 비즈니스 로직	1716964568408	1716964568410	OK	 
USER	2번 시나리오 유저	END	1716964568411
USER	2번 시나리오 유저	START	1716964568455
REQUEST		1-a. 로그인	1716964568455	1716964568534	OK	 
REQUEST		1-b. 비즈니스 로직	1716964568535	1716964568537	OK	 
USER	2번 시나리오 유저	END	1716964568538
USER	2번 시나리오 유저	START	1716964568564
REQUEST		1-a. 로그인	1716964568565	1716964568639	OK	 
REQUEST		1-b. 비즈니스 로직	1716964568640	1716964568643	OK	 
USER	2번 시나리오 유저	END	1716964568643
USER	2번 시나리오 유저	START	1716964568676
REQUEST		1-a. 로그인	1716964568676	1716964568752	OK	 
REQUEST		1-b. 비즈니스 로직	1716964568753	1716964568756	OK	 
USER	2번 시나리오 유저	END	1716964568756
USER	2번 시나리오 유저	START	1716964568787
REQUEST		1-a. 로그인	1716964568788	1716964568864	OK	 
REQUEST		1-b. 비즈니스 로직	1716964568865	1716964568867	OK	 
USER	2번 시나리오 유저	END	1716964568868
USER	2번 시나리오 유저	START	1716964568898
REQUEST		1-a. 로그인	1716964568899	1716964568975	OK	 
REQUEST		1-b. 비즈니스 로직	1716964568976	1716964568978	OK	 
USER	2번 시나리오 유저	END	1716964568978
USER	2번 시나리오 유저	START	1716964569009
REQUEST		1-a. 로그인	1716964569010	1716964569086	OK	 
REQUEST		1-b. 비즈니스 로직	1716964569087	1716964569090	OK	 
USER	2번 시나리오 유저	END	1716964569091
USER	2번 시나리오 유저	START	1716964569127
REQUEST		1-a. 로그인	1716964569127	1716964569206	OK	 
REQUEST		1-b. 비즈니스 로직	1716964569207	1716964569210	OK	 
USER	2번 시나리오 유저	END	1716964569210
USER	2번 시나리오 유저	START	1716964569231
REQUEST		1-a. 로그인	1716964569232	1716964569307	OK	 
REQUEST		1-b. 비즈니스 로직	1716964569308	1716964569311	OK	 
USER	2번 시나리오 유저	END	1716964569311
USER	2번 시나리오 유저	START	1716964569341
REQUEST		1-a. 로그인	1716964569342	1716964569417	OK	 
REQUEST		1-b. 비즈니스 로직	1716964569418	1716964569421	OK	 
USER	2번 시나리오 유저	END	1716964569421
USER	2번 시나리오 유저	START	1716964569455
REQUEST		1-a. 로그인	1716964569456	1716964569532	OK	 
REQUEST		1-b. 비즈니스 로직	1716964569533	1716964569535	OK	 
USER	2번 시나리오 유저	END	1716964569536
USER	2번 시나리오 유저	START	1716964569553
REQUEST		1-a. 로그인	1716964569554	1716964569631	OK	 
REQUEST		1-b. 비즈니스 로직	1716964569632	1716964569635	OK	 
USER	2번 시나리오 유저	END	1716964569635
USER	2번 시나리오 유저	START	1716964569653
REQUEST		1-a. 로그인	1716964569653	1716964569728	OK	 
REQUEST		1-b. 비즈니스 로직	1716964569729	1716964569732	OK	 
USER	2번 시나리오 유저	END	1716964569732
USER	2번 시나리오 유저	START	1716964569753
REQUEST		1-a. 로그인	1716964569754	1716964569830	OK	 
REQUEST		1-b. 비즈니스 로직	1716964569831	1716964569834	OK	 
USER	2번 시나리오 유저	END	1716964569834
USER	2번 시나리오 유저	START	1716964569853
REQUEST		1-a. 로그인	1716964569854	1716964569929	OK	 
REQUEST		1-b. 비즈니스 로직	1716964569930	1716964569933	OK	 
USER	2번 시나리오 유저	END	1716964569933
USER	2번 시나리오 유저	START	1716964569953
REQUEST		1-a. 로그인	1716964569954	1716964570030	OK	 
REQUEST		1-b. 비즈니스 로직	1716964570031	1716964570033	OK	 
USER	2번 시나리오 유저	END	1716964570034
USER	2번 시나리오 유저	START	1716964570053
REQUEST		1-a. 로그인	1716964570054	1716964570129	OK	 
REQUEST		1-b. 비즈니스 로직	1716964570130	1716964570133	OK	 
USER	2번 시나리오 유저	END	1716964570134
USER	2번 시나리오 유저	START	1716964570154
REQUEST		1-a. 로그인	1716964570154	1716964570228	OK	 
REQUEST		1-b. 비즈니스 로직	1716964570228	1716964570231	OK	 
USER	2번 시나리오 유저	END	1716964570231
USER	2번 시나리오 유저	START	1716964570254
REQUEST		1-a. 로그인	1716964570255	1716964570332	OK	 
REQUEST		1-b. 비즈니스 로직	1716964570333	1716964570335	OK	 
USER	2번 시나리오 유저	END	1716964570336
USER	2번 시나리오 유저	START	1716964570354
REQUEST		1-a. 로그인	1716964570354	1716964570430	OK	 
REQUEST		1-b. 비즈니스 로직	1716964570431	1716964570433	OK	 
USER	2번 시나리오 유저	END	1716964570433
USER	2번 시나리오 유저	START	1716964570454
REQUEST		1-a. 로그인	1716964570455	1716964570528	OK	 
REQUEST		1-b. 비즈니스 로직	1716964570529	1716964570532	OK	 
USER	2번 시나리오 유저	END	1716964570532
USER	2번 시나리오 유저	START	1716964570543
REQUEST		1-a. 로그인	1716964570544	1716964570618	OK	 
REQUEST		1-b. 비즈니스 로직	1716964570619	1716964570621	OK	 
USER	2번 시나리오 유저	END	1716964570621
USER	2번 시나리오 유저	START	1716964570634
REQUEST		1-a. 로그인	1716964570635	1716964570709	OK	 
REQUEST		1-b. 비즈니스 로직	1716964570710	1716964570713	OK	 
USER	2번 시나리오 유저	END	1716964570713
USER	2번 시나리오 유저	START	1716964570725
REQUEST		1-a. 로그인	1716964570726	1716964570801	OK	 
REQUEST		1-b. 비즈니스 로직	1716964570802	1716964570804	OK	 
USER	2번 시나리오 유저	END	1716964570805
USER	2번 시나리오 유저	START	1716964570816
REQUEST		1-a. 로그인	1716964570816	1716964570891	OK	 
REQUEST		1-b. 비즈니스 로직	1716964570893	1716964570896	OK	 
USER	2번 시나리오 유저	END	1716964570896
USER	2번 시나리오 유저	START	1716964570908
REQUEST		1-a. 로그인	1716964570909	1716964570985	OK	 
REQUEST		1-b. 비즈니스 로직	1716964570986	1716964570989	OK	 
USER	2번 시나리오 유저	END	1716964570989
USER	2번 시나리오 유저	START	1716964570999
REQUEST		1-a. 로그인	1716964570999	1716964571073	OK	 
REQUEST		1-b. 비즈니스 로직	1716964571074	1716964571076	OK	 
USER	2번 시나리오 유저	END	1716964571076
USER	2번 시나리오 유저	START	1716964571090
REQUEST		1-a. 로그인	1716964571090	1716964571165	OK	 
REQUEST		1-b. 비즈니스 로직	1716964571166	1716964571169	OK	 
USER	2번 시나리오 유저	END	1716964571169
USER	2번 시나리오 유저	START	1716964571181
REQUEST		1-a. 로그인	1716964571182	1716964571258	OK	 
REQUEST		1-b. 비즈니스 로직	1716964571260	1716964571262	OK	 
USER	2번 시나리오 유저	END	1716964571262
USER	2번 시나리오 유저	START	1716964571272
REQUEST		1-a. 로그인	1716964571273	1716964571348	OK	 
REQUEST		1-b. 비즈니스 로직	1716964571349	1716964571351	OK	 
USER	2번 시나리오 유저	END	1716964571352
USER	2번 시나리오 유저	START	1716964571363
REQUEST		1-a. 로그인	1716964571363	1716964571438	OK	 
REQUEST		1-b. 비즈니스 로직	1716964571439	1716964571441	OK	 
USER	2번 시나리오 유저	END	1716964571441
USER	2번 시나리오 유저	START	1716964571454
REQUEST		1-a. 로그인	1716964571455	1716964571530	OK	 
REQUEST		1-b. 비즈니스 로직	1716964571531	1716964571533	OK	 
USER	2번 시나리오 유저	END	1716964571533
USER	2번 시나리오 유저	START	1716964571537
USER	2번 시나리오 유저	START	1716964571619
REQUEST		1-a. 로그인	1716964571537	1716964571623	OK	 
REQUEST		1-b. 비즈니스 로직	1716964571624	1716964571627	OK	 
USER	2번 시나리오 유저	END	1716964571627
USER	2번 시나리오 유저	START	1716964571703
REQUEST		1-a. 로그인	1716964571620	1716964571707	OK	 
REQUEST		1-b. 비즈니스 로직	1716964571708	1716964571709	OK	 
USER	2번 시나리오 유저	END	1716964571710
REQUEST		1-a. 로그인	1716964571704	1716964571782	OK	 
REQUEST		1-b. 비즈니스 로직	1716964571783	1716964571785	OK	 
USER	2번 시나리오 유저	END	1716964571786
USER	2번 시나리오 유저	START	1716964571786
REQUEST		1-a. 로그인	1716964571787	1716964571864	OK	 
REQUEST		1-b. 비즈니스 로직	1716964571865	1716964571867	OK	 
USER	2번 시나리오 유저	END	1716964571867
USER	2번 시나리오 유저	START	1716964571869
REQUEST		1-a. 로그인	1716964571870	1716964571944	OK	 
REQUEST		1-b. 비즈니스 로직	1716964571945	1716964571947	OK	 
USER	2번 시나리오 유저	END	1716964571947
USER	2번 시나리오 유저	START	1716964571954
REQUEST		1-a. 로그인	1716964571954	1716964572029	OK	 
REQUEST		1-b. 비즈니스 로직	1716964572030	1716964572032	OK	 
USER	2번 시나리오 유저	END	1716964572032
USER	2번 시나리오 유저	START	1716964572036
REQUEST		1-a. 로그인	1716964572036	1716964572114	OK	 
REQUEST		1-b. 비즈니스 로직	1716964572115	1716964572117	OK	 
USER	2번 시나리오 유저	END	1716964572117
USER	2번 시나리오 유저	START	1716964572120
REQUEST		1-a. 로그인	1716964572120	1716964572201	OK	 
USER	2번 시나리오 유저	START	1716964572204
REQUEST		1-b. 비즈니스 로직	1716964572202	1716964572204	OK	 
USER	2번 시나리오 유저	END	1716964572204
REQUEST		1-a. 로그인	1716964572204	1716964572284	OK	 
REQUEST		1-b. 비즈니스 로직	1716964572285	1716964572287	OK	 
USER	2번 시나리오 유저	END	1716964572287
USER	2번 시나리오 유저	START	1716964572287
REQUEST		1-a. 로그인	1716964572288	1716964572362	OK	 
REQUEST		1-b. 비즈니스 로직	1716964572363	1716964572365	OK	 
USER	2번 시나리오 유저	END	1716964572366
USER	2번 시나리오 유저	START	1716964572370
REQUEST		1-a. 로그인	1716964572371	1716964572446	OK	 
REQUEST		1-b. 비즈니스 로직	1716964572447	1716964572449	OK	 
USER	2번 시나리오 유저	END	1716964572449
USER	2번 시나리오 유저	START	1716964572454
USER	2번 시나리오 유저	START	1716964572529
REQUEST		1-a. 로그인	1716964572455	1716964572534	OK	 
REQUEST		1-b. 비즈니스 로직	1716964572535	1716964572557	OK	 
USER	2번 시나리오 유저	END	1716964572557
USER	2번 시나리오 유저	START	1716964572606
REQUEST		1-a. 로그인	1716964572530	1716964572620	OK	 
REQUEST		1-b. 비즈니스 로직	1716964572621	1716964572623	OK	 
USER	2번 시나리오 유저	END	1716964572623
USER	2번 시나리오 유저	START	1716964572683
REQUEST		1-a. 로그인	1716964572607	1716964572705	OK	 
REQUEST		1-b. 비즈니스 로직	1716964572706	1716964572708	OK	 
USER	2번 시나리오 유저	END	1716964572708
USER	2번 시나리오 유저	START	1716964572760
REQUEST		1-a. 로그인	1716964572684	1716964572784	OK	 
REQUEST		1-b. 비즈니스 로직	1716964572785	1716964572787	OK	 
USER	2번 시나리오 유저	END	1716964572787
USER	2번 시나리오 유저	START	1716964572838
REQUEST		1-a. 로그인	1716964572761	1716964572870	OK	 
REQUEST		1-b. 비즈니스 로직	1716964572870	1716964572872	OK	 
USER	2번 시나리오 유저	END	1716964572872
USER	2번 시나리오 유저	START	1716964572914
REQUEST		1-a. 로그인	1716964572839	1716964572959	OK	 
REQUEST		1-b. 비즈니스 로직	1716964572959	1716964572961	OK	 
USER	2번 시나리오 유저	END	1716964572962
USER	2번 시나리오 유저	START	1716964572991
REQUEST		1-a. 로그인	1716964572915	1716964573058	OK	 
REQUEST		1-b. 비즈니스 로직	1716964573059	1716964573061	OK	 
USER	2번 시나리오 유저	END	1716964573061
USER	2번 시나리오 유저	START	1716964573068
USER	2번 시나리오 유저	START	1716964573146
REQUEST		1-a. 로그인	1716964572992	1716964573165	OK	 
REQUEST		1-b. 비즈니스 로직	1716964573165	1716964573167	OK	 
USER	2번 시나리오 유저	END	1716964573168
USER	2번 시나리오 유저	START	1716964573223
REQUEST		1-a. 로그인	1716964573069	1716964573269	OK	 
REQUEST		1-b. 비즈니스 로직	1716964573270	1716964573272	OK	 
USER	2번 시나리오 유저	END	1716964573272
USER	2번 시나리오 유저	START	1716964573300
REQUEST		1-a. 로그인	1716964573146	1716964573365	OK	 
REQUEST		1-b. 비즈니스 로직	1716964573366	1716964573368	OK	 
USER	2번 시나리오 유저	END	1716964573369
USER	2번 시나리오 유저	START	1716964573376
USER	2번 시나리오 유저	START	1716964573454
REQUEST		1-a. 로그인	1716964573224	1716964573474	OK	 
REQUEST		1-b. 비즈니스 로직	1716964573475	1716964573477	OK	 
USER	2번 시나리오 유저	END	1716964573478
USER	2번 시나리오 유저	START	1716964573525
REQUEST		1-a. 로그인	1716964573301	1716964573578	OK	 
USER	2번 시나리오 유저	START	1716964573596
REQUEST		1-b. 비즈니스 로직	1716964573578	1716964573657	OK	 
USER	2번 시나리오 유저	END	1716964573657
USER	2번 시나리오 유저	START	1716964573667
USER	2번 시나리오 유저	START	1716964573739
REQUEST		1-a. 로그인	1716964573377	1716964573757	OK	 
REQUEST		1-b. 비즈니스 로직	1716964573758	1716964573763	OK	 
USER	2번 시나리오 유저	END	1716964573763
USER	2번 시나리오 유저	START	1716964573811
USER	2번 시나리오 유저	START	1716964573882
USER	2번 시나리오 유저	START	1716964573954
REQUEST		1-a. 로그인	1716964573455	1716964573972	OK	 
USER	2번 시나리오 유저	START	1716964574025
USER	2번 시나리오 유저	START	1716964574096
USER	2번 시나리오 유저	START	1716964574168
USER	2번 시나리오 유저	START	1716964574238
REQUEST		1-a. 로그인	1716964573525	1716964574273	OK	 
REQUEST		1-b. 비즈니스 로직	1716964573973	1716964574278	OK	 
USER	2번 시나리오 유저	END	1716964574278
USER	2번 시나리오 유저	START	1716964574311
USER	2번 시나리오 유저	START	1716964574383
USER	2번 시나리오 유저	START	1716964574455
REQUEST		1-b. 비즈니스 로직	1716964574274	1716964574471	OK	 
USER	2번 시나리오 유저	END	1716964574472
USER	2번 시나리오 유저	START	1716964574520
USER	2번 시나리오 유저	START	1716964574587
USER	2번 시나리오 유저	START	1716964574654
USER	2번 시나리오 유저	START	1716964574719
USER	2번 시나리오 유저	START	1716964574787
USER	2번 시나리오 유저	START	1716964574854
REQUEST		1-a. 로그인	1716964573597	1716964574875	OK	 
USER	2번 시나리오 유저	START	1716964574921
USER	2번 시나리오 유저	START	1716964574988
USER	2번 시나리오 유저	START	1716964575055
USER	2번 시나리오 유저	START	1716964575121
REQUEST		1-a. 로그인	1716964573812	1716964575172	OK	 
USER	2번 시나리오 유저	START	1716964575188
USER	2번 시나리오 유저	START	1716964575255
REQUEST		1-a. 로그인	1716964573668	1716964575276	OK	 
USER	2번 시나리오 유저	START	1716964575320
REQUEST		1-b. 비즈니스 로직	1716964574877	1716964575372	OK	 
USER	2번 시나리오 유저	END	1716964575373
USER	2번 시나리오 유저	START	1716964575387
USER	2번 시나리오 유저	START	1716964575456
USER	2번 시나리오 유저	START	1716964575516
USER	2번 시나리오 유저	START	1716964575579
USER	2번 시나리오 유저	START	1716964575641
REQUEST		1-b. 비즈니스 로직	1716964575173	1716964575674	OK	 
USER	2번 시나리오 유저	END	1716964575675
USER	2번 시나리오 유저	START	1716964575703
USER	2번 시나리오 유저	START	1716964575768
USER	2번 시나리오 유저	START	1716964575829
USER	2번 시나리오 유저	START	1716964575890
USER	2번 시나리오 유저	START	1716964575954
USER	2번 시나리오 유저	START	1716964576017
REQUEST		1-a. 로그인	1716964573739	1716964576076	OK	 
USER	2번 시나리오 유저	START	1716964576079
USER	2번 시나리오 유저	START	1716964576141
USER	2번 시나리오 유저	START	1716964576204
USER	2번 시나리오 유저	START	1716964576266
USER	2번 시나리오 유저	START	1716964576329
REQUEST		1-b. 비즈니스 로직	1716964575277	1716964576373	OK	 
USER	2번 시나리오 유저	END	1716964576374
USER	2번 시나리오 유저	START	1716964576392
USER	2번 시나리오 유저	START	1716964576454
USER	2번 시나리오 유저	START	1716964576512
USER	2번 시나리오 유저	START	1716964576570
USER	2번 시나리오 유저	START	1716964576630
USER	2번 시나리오 유저	START	1716964576689
USER	2번 시나리오 유저	START	1716964576748
REQUEST		1-b. 비즈니스 로직	1716964576076	1716964576769	OK	 
USER	2번 시나리오 유저	END	1716964576770
USER	2번 시나리오 유저	START	1716964576806
USER	2번 시나리오 유저	START	1716964576865
USER	2번 시나리오 유저	START	1716964576925
REQUEST		1-a. 로그인	1716964573883	1716964576970	OK	 
USER	2번 시나리오 유저	START	1716964576982
USER	2번 시나리오 유저	START	1716964577042
USER	2번 시나리오 유저	START	1716964577101
USER	2번 시나리오 유저	START	1716964577161
USER	2번 시나리오 유저	START	1716964577218
USER	2번 시나리오 유저	START	1716964577277
USER	2번 시나리오 유저	START	1716964577337
USER	2번 시나리오 유저	START	1716964577395
USER	2번 시나리오 유저	START	1716964577455
USER	2번 시나리오 유저	START	1716964577509
USER	2번 시나리오 유저	START	1716964577565
USER	2번 시나리오 유저	START	1716964577620
REQUEST		1-a. 로그인	1716964573956	1716964577671	OK	 
USER	2번 시나리오 유저	START	1716964577675
USER	2번 시나리오 유저	START	1716964577731
USER	2번 시나리오 유저	START	1716964577787
USER	2번 시나리오 유저	START	1716964577842
USER	2번 시나리오 유저	START	1716964577898
USER	2번 시나리오 유저	START	1716964577954
REQUEST		1-a. 로그인	1716964574720	1716964577972	OK	 
REQUEST		1-a. 로그인	1716964574788	1716964577973	OK	 
USER	2번 시나리오 유저	START	1716964578009
USER	2번 시나리오 유저	START	1716964578065
USER	2번 시나리오 유저	START	1716964578119
REQUEST		1-b. 비즈니스 로직	1716964577672	1716964578167	OK	 
USER	2번 시나리오 유저	END	1716964578168
USER	2번 시나리오 유저	START	1716964578177
USER	2번 시나리오 유저	START	1716964578231
USER	2번 시나리오 유저	START	1716964578288
USER	2번 시나리오 유저	START	1716964578342
USER	2번 시나리오 유저	START	1716964578399
USER	2번 시나리오 유저	START	1716964578454
USER	2번 시나리오 유저	START	1716964578506
USER	2번 시나리오 유저	START	1716964578561
REQUEST		1-a. 로그인	1716964574312	1716964578569	OK	 
USER	2번 시나리오 유저	START	1716964578611
USER	2번 시나리오 유저	START	1716964578670
USER	2번 시나리오 유저	START	1716964578717
USER	2번 시나리오 유저	START	1716964578769
USER	2번 시나리오 유저	START	1716964578823
USER	2번 시나리오 유저	START	1716964578874
USER	2번 시나리오 유저	START	1716964578928
REQUEST		1-a. 로그인	1716964574033	1716964578969	OK	 
USER	2번 시나리오 유저	START	1716964578980
USER	2번 시나리오 유저	START	1716964579032
USER	2번 시나리오 유저	START	1716964579085
USER	2번 시나리오 유저	START	1716964579138
USER	2번 시나리오 유저	START	1716964579191
USER	2번 시나리오 유저	START	1716964579244
USER	2번 시나리오 유저	START	1716964579297
USER	2번 시나리오 유저	START	1716964579349
USER	2번 시나리오 유저	START	1716964579402
USER	2번 시나리오 유저	START	1716964579455
REQUEST		1-b. 비즈니스 로직	1716964578570	1716964579477	OK	 
USER	2번 시나리오 유저	END	1716964579478
USER	2번 시나리오 유저	START	1716964579504
USER	2번 시나리오 유저	START	1716964579555
REQUEST		1-b. 비즈니스 로직	1716964576972	1716964579570	OK	 
USER	2번 시나리오 유저	END	1716964579570
REQUEST		1-b. 비즈니스 로직	1716964578970	1716964579571	OK	 
USER	2번 시나리오 유저	END	1716964579572
USER	2번 시나리오 유저	START	1716964579605
USER	2번 시나리오 유저	START	1716964579654
USER	2번 시나리오 유저	START	1716964579705
USER	2번 시나리오 유저	START	1716964579754
USER	2번 시나리오 유저	START	1716964579805
USER	2번 시나리오 유저	START	1716964579855
USER	2번 시나리오 유저	START	1716964579905
USER	2번 시나리오 유저	START	1716964579954
USER	2번 시나리오 유저	START	1716964580004
USER	2번 시나리오 유저	START	1716964580055
USER	2번 시나리오 유저	START	1716964580104
USER	2번 시나리오 유저	START	1716964580154
USER	2번 시나리오 유저	START	1716964580205
USER	2번 시나리오 유저	START	1716964580254
USER	2번 시나리오 유저	START	1716964580305
USER	2번 시나리오 유저	START	1716964580355
USER	2번 시나리오 유저	START	1716964580405
USER	2번 시나리오 유저	START	1716964580455
USER	2번 시나리오 유저	START	1716964580501
USER	2번 시나리오 유저	START	1716964580549
REQUEST		1-a. 로그인	1716964574168	1716964580571	OK	 
USER	2번 시나리오 유저	START	1716964580597
USER	2번 시나리오 유저	START	1716964580644
REQUEST		1-a. 로그인	1716964574097	1716964580670	OK	 
USER	2번 시나리오 유저	START	1716964580693
USER	2번 시나리오 유저	START	1716964580739
REQUEST		1-a. 로그인	1716964575704	1716964580772	OK	 
REQUEST		1-b. 비즈니스 로직	1716964580573	1716964580775	OK	 
USER	2번 시나리오 유저	END	1716964580775
USER	2번 시나리오 유저	START	1716964580787
USER	2번 시나리오 유저	START	1716964580834
REQUEST		1-a. 로그인	1716964575388	1716964580876	OK	 
USER	2번 시나리오 유저	START	1716964580883
USER	2번 시나리오 유저	START	1716964580931
REQUEST		1-a. 로그인	1716964575458	1716964580972	OK	 
USER	2번 시나리오 유저	START	1716964580977
USER	2번 시나리오 유저	START	1716964581025
USER	2번 시나리오 유저	START	1716964581073
USER	2번 시나리오 유저	START	1716964581120
USER	2번 시나리오 유저	START	1716964581169
USER	2번 시나리오 유저	START	1716964581216
USER	2번 시나리오 유저	START	1716964581266
REQUEST		1-b. 비즈니스 로직	1716964580773	1716964581272	OK	 
REQUEST		1-a. 로그인	1716964574856	1716964581272	OK	 
REQUEST		1-a. 로그인	1716964574384	1716964581272	OK	 
USER	2번 시나리오 유저	END	1716964581273
USER	2번 시나리오 유저	START	1716964581311
USER	2번 시나리오 유저	START	1716964581358
USER	2번 시나리오 유저	START	1716964581406
USER	2번 시나리오 유저	START	1716964581455
REQUEST		1-a. 로그인	1716964575321	1716964581474	OK	 
USER	2번 시나리오 유저	START	1716964581499
USER	2번 시나리오 유저	START	1716964581544
REQUEST		1-b. 비즈니스 로직	1716964580878	1716964581568	OK	 
REQUEST		1-b. 비즈니스 로직	1716964577973	1716964581568	OK	 
USER	2번 시나리오 유저	END	1716964581569
USER	2번 시나리오 유저	END	1716964581569
USER	2번 시나리오 유저	START	1716964581589
USER	2번 시나리오 유저	START	1716964581634
REQUEST		1-b. 비즈니스 로직	1716964580973	1716964581671	OK	 
REQUEST		1-a. 로그인	1716964574456	1716964581671	OK	 
USER	2번 시나리오 유저	END	1716964581672
USER	2번 시나리오 유저	START	1716964581681
USER	2번 시나리오 유저	START	1716964581726
USER	2번 시나리오 유저	START	1716964581772
REQUEST		1-b. 비즈니스 로직	1716964581273	1716964581776	OK	 
USER	2번 시나리오 유저	END	1716964581776
USER	2번 시나리오 유저	START	1716964581817
USER	2번 시나리오 유저	START	1716964581863
USER	2번 시나리오 유저	START	1716964581909
USER	2번 시나리오 유저	START	1716964581954
USER	2번 시나리오 유저	START	1716964581998
USER	2번 시나리오 유저	START	1716964582044
REQUEST		1-a. 로그인	1716964575955	1716964582073	OK	 
USER	2번 시나리오 유저	START	1716964582090
USER	2번 시나리오 유저	START	1716964582134
REQUEST		1-b. 비즈니스 로직	1716964581273	1716964582172	OK	 
REQUEST		1-a. 로그인	1716964574238	1716964582172	OK	 
USER	2번 시나리오 유저	END	1716964582173
USER	2번 시나리오 유저	START	1716964582181
USER	2번 시나리오 유저	START	1716964582226
USER	2번 시나리오 유저	START	1716964582273
USER	2번 시나리오 유저	START	1716964582318
USER	2번 시나리오 유저	START	1716964582366
USER	2번 시나리오 유저	START	1716964582409
USER	2번 시나리오 유저	START	1716964582454
USER	2번 시나리오 유저	START	1716964582497
USER	2번 시나리오 유저	START	1716964582540
USER	2번 시나리오 유저	START	1716964582583
USER	2번 시나리오 유저	START	1716964582627
REQUEST		1-b. 비즈니스 로직	1716964582173	1716964582665	OK	 
REQUEST		1-b. 비즈니스 로직	1716964581672	1716964582665	OK	 
REQUEST		1-a. 로그인	1716964574521	1716964582665	OK	 
USER	2번 시나리오 유저	END	1716964582666
USER	2번 시나리오 유저	END	1716964582666
USER	2번 시나리오 유저	START	1716964582671
USER	2번 시나리오 유저	START	1716964582715
USER	2번 시나리오 유저	START	1716964582758
REQUEST		1-b. 비즈니스 로직	1716964581475	1716964582765	OK	 
REQUEST		1-b. 비즈니스 로직	1716964582666	1716964582765	OK	 
USER	2번 시나리오 유저	END	1716964582765
USER	2번 시나리오 유저	END	1716964582765
REQUEST		1-a. 로그인	1716964575580	1716964582766	OK	 
USER	2번 시나리오 유저	START	1716964582801
USER	2번 시나리오 유저	START	1716964582845
USER	2번 시나리오 유저	START	1716964582888
USER	2번 시나리오 유저	START	1716964582932
USER	2번 시나리오 유저	START	1716964582974
USER	2번 시나리오 유저	START	1716964583020
USER	2번 시나리오 유저	START	1716964583062
REQUEST		1-a. 로그인	1716964574655	1716964583071	OK	 
REQUEST		1-a. 로그인	1716964576456	1716964583074	OK	 
REQUEST		1-a. 로그인	1716964575190	1716964583074	OK	 
REQUEST		1-b. 비즈니스 로직	1716964582766	1716964583074	OK	 
USER	2번 시나리오 유저	END	1716964583075
USER	2번 시나리오 유저	START	1716964583106
USER	2번 시나리오 유저	START	1716964583150
USER	2번 시나리오 유저	START	1716964583193
USER	2번 시나리오 유저	START	1716964583235
USER	2번 시나리오 유저	START	1716964583280
USER	2번 시나리오 유저	START	1716964583323
USER	2번 시나리오 유저	START	1716964583368
USER	2번 시나리오 유저	START	1716964583410
USER	2번 시나리오 유저	START	1716964583454
USER	2번 시나리오 유저	START	1716964583494
USER	2번 시나리오 유저	START	1716964583536
USER	2번 시나리오 유저	START	1716964583578
USER	2번 시나리오 유저	START	1716964583619
USER	2번 시나리오 유저	START	1716964583667
USER	2번 시나리오 유저	START	1716964583704
USER	2번 시나리오 유저	START	1716964583745
USER	2번 시나리오 유저	START	1716964583787
USER	2번 시나리오 유저	START	1716964583829
USER	2번 시나리오 유저	START	1716964583870
USER	2번 시나리오 유저	START	1716964583911
USER	2번 시나리오 유저	START	1716964583953
USER	2번 시나리오 유저	START	1716964583995
USER	2번 시나리오 유저	START	1716964584037
USER	2번 시나리오 유저	START	1716964584079
USER	2번 시나리오 유저	START	1716964584135
USER	2번 시나리오 유저	START	1716964584162
USER	2번 시나리오 유저	START	1716964584205
USER	2번 시나리오 유저	START	1716964584245
USER	2번 시나리오 유저	START	1716964584287
USER	2번 시나리오 유저	START	1716964584329
USER	2번 시나리오 유저	START	1716964584370
USER	2번 시나리오 유저	START	1716964584412
USER	2번 시나리오 유저	START	1716964584456
USER	2번 시나리오 유저	START	1716964584493
USER	2번 시나리오 유저	START	1716964584533
USER	2번 시나리오 유저	START	1716964584573
USER	2번 시나리오 유저	START	1716964584614
USER	2번 시나리오 유저	START	1716964584654
USER	2번 시나리오 유저	START	1716964584692
USER	2번 시나리오 유저	START	1716964584734
USER	2번 시나리오 유저	START	1716964584773
USER	2번 시나리오 유저	START	1716964584814
USER	2번 시나리오 유저	START	1716964584854
USER	2번 시나리오 유저	START	1716964584894
USER	2번 시나리오 유저	START	1716964584934
USER	2번 시나리오 유저	START	1716964584974
USER	2번 시나리오 유저	START	1716964585014
USER	2번 시나리오 유저	START	1716964585054
USER	2번 시나리오 유저	START	1716964585094
USER	2번 시나리오 유저	START	1716964585134
REQUEST		1-a. 로그인	1716964574922	1716964585173	OK	 
REQUEST		1-a. 로그인	1716964576393	1716964585173	OK	 
USER	2번 시나리오 유저	START	1716964585174
USER	2번 시나리오 유저	START	1716964585214
USER	2번 시나리오 유저	START	1716964585255
REQUEST		1-b. 비즈니스 로직	1716964583073	1716964585270	OK	 
USER	2번 시나리오 유저	END	1716964585271
USER	2번 시나리오 유저	START	1716964585294
USER	2번 시나리오 유저	START	1716964585335
USER	2번 시나리오 유저	START	1716964585374
USER	2번 시나리오 유저	START	1716964585414
REQUEST		1-a. 로그인	1716964575256	1716964586172	OK	 
REQUEST		1-a. 로그인	1716964576331	1716964586275	OK	 
REQUEST		1-a. 로그인	1716964577732	1716964586276	OK	 
REQUEST		1-b. 비즈니스 로직	1716964585174	1716964586277	OK	 
USER	2번 시나리오 유저	END	1716964586277
REQUEST		1-b. 비즈니스 로직	1716964585174	1716964586373	OK	 
REQUEST		1-a. 로그인	1716964575769	1716964586373	OK	 
USER	2번 시나리오 유저	END	1716964586374
REQUEST		1-a. 로그인	1716964575642	1716964586374	OK	 
REQUEST		1-b. 비즈니스 로직	1716964577973	1716964586774	OK	 
USER	2번 시나리오 유저	END	1716964586774
REQUEST		1-a. 로그인	1716964575122	1716964586875	OK	 
REQUEST		1-a. 로그인	1716964577621	1716964586876	OK	 
REQUEST		1-b. 비즈니스 로직	1716964586173	1716964586973	OK	 
USER	2번 시나리오 유저	END	1716964586974
REQUEST		1-b. 비즈니스 로직	1716964586276	1716964587183	OK	 
REQUEST		1-b. 비즈니스 로직	1716964586373	1716964587183	OK	 
USER	2번 시나리오 유저	END	1716964587184
USER	2번 시나리오 유저	END	1716964587184
REQUEST		1-b. 비즈니스 로직	1716964586375	1716964587473	OK	 
REQUEST		1-b. 비즈니스 로직	1716964586875	1716964587473	OK	 
REQUEST		1-a. 로그인	1716964576749	1716964587473	OK	 
REQUEST		1-b. 비즈니스 로직	1716964586876	1716964587474	OK	 
USER	2번 시나리오 유저	END	1716964587475
USER	2번 시나리오 유저	END	1716964587475
USER	2번 시나리오 유저	END	1716964587475
REQUEST		1-a. 로그인	1716964574587	1716964587774	OK	 
REQUEST		1-b. 비즈니스 로직	1716964587474	1716964588075	OK	 
USER	2번 시나리오 유저	END	1716964588076
REQUEST		1-a. 로그인	1716964576018	1716964588274	OK	 
REQUEST		1-a. 로그인	1716964579456	1716964588673	OK	 
REQUEST		1-a. 로그인	1716964575892	1716964588673	OK	 
REQUEST		1-a. 로그인	1716964577102	1716964588873	OK	 
REQUEST		1-b. 비즈니스 로직	1716964588276	1716964588969	OK	 
REQUEST		1-b. 비즈니스 로직	1716964588674	1716964588969	OK	 
USER	2번 시나리오 유저	END	1716964588970
USER	2번 시나리오 유저	END	1716964588970
REQUEST		1-a. 로그인	1716964576080	1716964591172	OK	 
REQUEST		1-a. 로그인	1716964575830	1716964591271	OK	 
REQUEST		1-b. 비즈니스 로직	1716964588674	1716964591271	OK	 
REQUEST		1-b. 비즈니스 로직	1716964582074	1716964591271	OK	 
USER	2번 시나리오 유저	END	1716964591274
USER	2번 시나리오 유저	END	1716964591274
REQUEST		1-a. 로그인	1716964576513	1716964591274	OK	 
REQUEST		1-a. 로그인	1716964576267	1716964591976	OK	 
REQUEST		1-a. 로그인	1716964579351	1716964592071	OK	 
REQUEST		1-b. 비즈니스 로직	1716964591273	1716964592668	OK	 
REQUEST		1-a. 로그인	1716964575056	1716964592668	OK	 
USER	2번 시나리오 유저	END	1716964592668
REQUEST		1-b. 비즈니스 로직	1716964591173	1716964594871	OK	 
USER	2번 시나리오 유저	END	1716964594872
REQUEST		1-a. 로그인	1716964577676	1716964595172	OK	 
REQUEST		1-a. 로그인	1716964578612	1716964595172	OK	 
REQUEST		1-a. 로그인	1716964575516	1716964595372	OK	 
REQUEST		1-a. 로그인	1716964576983	1716964595474	OK	 
REQUEST		1-a. 로그인	1716964577278	1716964595474	OK	 
REQUEST		1-a. 로그인	1716964577510	1716964595474	OK	 
REQUEST		1-a. 로그인	1716964580597	1716964595571	OK	 
REQUEST		1-a. 로그인	1716964574988	1716964595571	OK	 
REQUEST		1-a. 로그인	1716964576571	1716964595671	OK	 
REQUEST		1-b. 비즈니스 로직	1716964588875	1716964595770	OK	 
USER	2번 시나리오 유저	END	1716964595771
REQUEST		1-b. 비즈니스 로직	1716964580671	1716964596368	OK	 
USER	2번 시나리오 유저	END	1716964596369
REQUEST		1-b. 비즈니스 로직	1716964591977	1716964596770	OK	 
REQUEST		1-a. 로그인	1716964576867	1716964596770	OK	 
USER	2번 시나리오 유저	END	1716964596771
REQUEST		1-b. 비즈니스 로직	1716964592072	1716964598673	OK	 
USER	2번 시나리오 유저	END	1716964598674
REQUEST		1-a. 로그인	1716964578456	1716964598871	OK	 
REQUEST		1-a. 로그인	1716964579086	1716964598871	OK	 
REQUEST		1-b. 비즈니스 로직	1716964595173	1716964599072	OK	 
REQUEST		1-a. 로그인	1716964577456	1716964599072	OK	 
USER	2번 시나리오 유저	END	1716964599073
REQUEST		1-a. 로그인	1716964576142	1716964599382	OK	 
REQUEST		1-a. 로그인	1716964580256	1716964599383	OK	 
REQUEST		1-b. 비즈니스 로직	1716964595173	1716964599383	OK	 
REQUEST		1-b. 비즈니스 로직	1716964595572	1716964599383	OK	 
REQUEST		1-a. 로그인	1716964578929	1716964599383	OK	 
REQUEST		1-a. 로그인	1716964577899	1716964599383	OK	 
USER	2번 시나리오 유저	END	1716964599384
USER	2번 시나리오 유저	END	1716964599384
REQUEST		1-b. 비즈니스 로직	1716964595475	1716964599571	OK	 
REQUEST		1-a. 로그인	1716964577396	1716964599571	OK	 
REQUEST		1-b. 비즈니스 로직	1716964595475	1716964599572	OK	 
USER	2번 시나리오 유저	END	1716964599572
USER	2번 시나리오 유저	END	1716964599572
REQUEST		1-b. 비즈니스 로직	1716964595572	1716964599573	OK	 
USER	2번 시나리오 유저	END	1716964599573
REQUEST		1-b. 비즈니스 로직	1716964595373	1716964599671	OK	 
REQUEST		1-a. 로그인	1716964580105	1716964599671	OK	 
REQUEST		1-a. 로그인	1716964579806	1716964599671	OK	 
REQUEST		1-b. 비즈니스 로직	1716964583075	1716964599671	OK	 
REQUEST		1-b. 비즈니스 로직	1716964595673	1716964599673	OK	 
REQUEST		1-a. 로그인	1716964578011	1716964599673	OK	 
REQUEST		1-a. 로그인	1716964577567	1716964599673	OK	 
USER	2번 시나리오 유저	END	1716964599673
USER	2번 시나리오 유저	END	1716964599673
USER	2번 시나리오 유저	END	1716964599673
REQUEST		1-a. 로그인	1716964583579	1716964599776	OK	 
REQUEST		1-a. 로그인	1716964579756	1716964599973	OK	 
REQUEST		1-b. 비즈니스 로직	1716964599672	1716964600274	OK	 
REQUEST		1-b. 비즈니스 로직	1716964599384	1716964600274	OK	 
REQUEST		1-b. 비즈니스 로직	1716964599572	1716964600274	OK	 
REQUEST		1-b. 비즈니스 로직	1716964599384	1716964600274	OK	 
USER	2번 시나리오 유저	END	1716964600275
USER	2번 시나리오 유저	END	1716964600275
USER	2번 시나리오 유저	END	1716964600275
USER	2번 시나리오 유저	END	1716964600275
REQUEST		1-b. 비즈니스 로직	1716964599073	1716964600676	OK	 
USER	2번 시나리오 유저	END	1716964600677
REQUEST		1-b. 비즈니스 로직	1716964599383	1716964600678	OK	 
USER	2번 시나리오 유저	END	1716964600678
REQUEST		1-b. 비즈니스 로직	1716964598872	1716964600778	OK	 
USER	2번 시나리오 유저	END	1716964600779
REQUEST		1-a. 로그인	1716964580206	1716964600971	OK	 
REQUEST		1-b. 비즈니스 로직	1716964598872	1716964601066	OK	 
REQUEST		1-b. 비즈니스 로직	1716964599672	1716964601066	OK	 
REQUEST		1-b. 비즈니스 로직	1716964592668	1716964601066	OK	 
REQUEST		1-b. 비즈니스 로직	1716964596771	1716964601066	OK	 
REQUEST		1-b. 비즈니스 로직	1716964599383	1716964601066	OK	 
USER	2번 시나리오 유저	END	1716964601066
USER	2번 시나리오 유저	END	1716964601066
USER	2번 시나리오 유저	END	1716964601066
REQUEST		1-b. 비즈니스 로직	1716964599673	1716964601066	OK	 
USER	2번 시나리오 유저	END	1716964601066
USER	2번 시나리오 유저	END	1716964601066
USER	2번 시나리오 유저	END	1716964601067
REQUEST		1-a. 로그인	1716964576631	1716964601066	OK	 
REQUEST		1-b. 비즈니스 로직	1716964595475	1716964601168	OK	 
REQUEST		1-b. 비즈니스 로직	1716964599777	1716964601168	OK	 
USER	2번 시나리오 유저	END	1716964601169
USER	2번 시나리오 유저	END	1716964601169
REQUEST		1-a. 로그인	1716964579906	1716964601570	OK	 
REQUEST		1-a. 로그인	1716964583368	1716964601673	OK	 
REQUEST		1-a. 로그인	1716964576926	1716964601872	OK	 
REQUEST		1-b. 비즈니스 로직	1716964599973	1716964602172	OK	 
USER	2번 시나리오 유저	END	1716964602173
REQUEST		1-b. 비즈니스 로직	1716964599673	1716964602173	OK	 
USER	2번 시나리오 유저	END	1716964602173
REQUEST		1-a. 로그인	1716964576690	1716964602374	OK	 
REQUEST		1-a. 로그인	1716964577220	1716964602375	OK	 
REQUEST		1-a. 로그인	1716964578507	1716964602473	OK	 
REQUEST		1-a. 로그인	1716964584854	1716964602872	OK	 
REQUEST		1-a. 로그인	1716964580306	1716964602981	OK	 
REQUEST		1-a. 로그인	1716964582410	1716964604969	OK	 
REQUEST		1-b. 비즈니스 로직	1716964601873	1716964604969	OK	 
USER	2번 시나리오 유저	END	1716964604970
REQUEST		1-a. 로그인	1716964582759	1716964604971	OK	 
REQUEST		1-a. 로그인	1716964580835	1716964605972	OK	 
REQUEST		1-a. 로그인	1716964585135	1716964605972	OK	 
REQUEST		1-a. 로그인	1716964579955	1716964605975	OK	 
REQUEST		1-a. 로그인	1716964584457	1716964605975	OK	 
REQUEST		1-a. 로그인	1716964576206	1716964606069	OK	 
REQUEST		1-a. 로그인	1716964577043	1716964606071	OK	 
REQUEST		1-b. 비즈니스 로직	1716964601674	1716964606170	OK	 
REQUEST		1-a. 로그인	1716964584735	1716964606170	OK	 
REQUEST		1-a. 로그인	1716964580055	1716964606170	OK	 
REQUEST		1-a. 로그인	1716964578343	1716964606170	OK	 
USER	2번 시나리오 유저	END	1716964606171
REQUEST		1-a. 로그인	1716964577843	1716964606171	OK	 
REQUEST		1-a. 로그인	1716964578177	1716964606170	OK	 
REQUEST		1-a. 로그인	1716964580457	1716964606174	OK	 
REQUEST		1-b. 비즈니스 로직	1716964601571	1716964606272	OK	 
REQUEST		1-a. 로그인	1716964581267	1716964606272	OK	 
USER	2번 시나리오 유저	END	1716964606273
REQUEST		1-b. 비즈니스 로직	1716964600972	1716964606372	OK	 
REQUEST		1-b. 비즈니스 로직	1716964601067	1716964606372	OK	 
USER	2번 시나리오 유저	END	1716964606373
USER	2번 시나리오 유저	END	1716964606373
REQUEST		1-a. 로그인	1716964582933	1716964606776	OK	 
REQUEST		1-a. 로그인	1716964577163	1716964606777	OK	 
REQUEST		1-b. 비즈니스 로직	1716964583075	1716964606873	OK	 
USER	2번 시나리오 유저	END	1716964606874
REQUEST		1-b. 비즈니스 로직	1716964591275	1716964606876	OK	 
REQUEST		1-a. 로그인	1716964583537	1716964606876	OK	 
REQUEST		1-a. 로그인	1716964578719	1716964606876	OK	 
USER	2번 시나리오 유저	END	1716964606876
REQUEST		1-a. 로그인	1716964578289	1716964606876	OK	 
REQUEST		1-a. 로그인	1716964578233	1716964606973	OK	 
REQUEST		1-a. 로그인	1716964580646	1716964607172	OK	 
REQUEST		1-a. 로그인	1716964582045	1716964607573	OK	 
REQUEST		1-b. 비즈니스 로직	1716964587776	1716964607574	OK	 
USER	2번 시나리오 유저	END	1716964607574
REQUEST		1-b. 비즈니스 로직	1716964602375	1716964607772	OK	 
REQUEST		1-b. 비즈니스 로직	1716964586276	1716964607772	OK	 
REQUEST		1-a. 로그인	1716964578875	1716964607772	OK	 
USER	2번 시나리오 유저	END	1716964607773
USER	2번 시나리오 유저	END	1716964607773
REQUEST		1-a. 로그인	1716964581500	1716964607777	OK	 
REQUEST		1-a. 로그인	1716964581359	1716964607777	OK	 
REQUEST		1-a. 로그인	1716964583620	1716964607778	OK	 
REQUEST		1-b. 비즈니스 로직	1716964602873	1716964607972	OK	 
USER	2번 시나리오 유저	END	1716964607973
REQUEST		1-a. 로그인	1716964579856	1716964607977	OK	 
REQUEST		1-a. 로그인	1716964579139	1716964610071	OK	 
REQUEST		1-a. 로그인	1716964581121	1716964610072	OK	 
REQUEST		1-a. 로그인	1716964582090	1716964610072	OK	 
REQUEST		1-a. 로그인	1716964581312	1716964610073	OK	 
REQUEST		1-a. 로그인	1716964585175	1716964610073	OK	 
REQUEST		1-b. 비즈니스 로직	1716964606071	1716964610174	OK	 
REQUEST		1-b. 비즈니스 로직	1716964605975	1716964610174	OK	 
REQUEST		1-a. 로그인	1716964584895	1716964610174	OK	 
USER	2번 시나리오 유저	END	1716964610174
USER	2번 시나리오 유저	END	1716964610174
REQUEST		1-b. 비즈니스 로직	1716964604970	1716964610269	OK	 
REQUEST		1-b. 비즈니스 로직	1716964605973	1716964610269	OK	 
USER	2번 시나리오 유저	END	1716964610270
USER	2번 시나리오 유저	END	1716964610270
REQUEST		1-b. 비즈니스 로직	1716964605973	1716964610371	OK	 
USER	2번 시나리오 유저	END	1716964610372
REQUEST		1-a. 로그인	1716964578065	1716964610476	OK	 
REQUEST		1-b. 비즈니스 로직	1716964604971	1716964610774	OK	 
REQUEST		1-b. 비즈니스 로직	1716964605975	1716964610774	OK	 
USER	2번 시나리오 유저	END	1716964610775
USER	2번 시나리오 유저	END	1716964610775
REQUEST		1-b. 비즈니스 로직	1716964606069	1716964610776	OK	 
REQUEST		1-b. 비즈니스 로직	1716964606172	1716964610776	OK	 
REQUEST		1-a. 로그인	1716964579706	1716964610776	OK	 
REQUEST		1-b. 비즈니스 로직	1716964606171	1716964610776	OK	 
USER	2번 시나리오 유저	END	1716964610776
USER	2번 시나리오 유저	END	1716964610776
USER	2번 시나리오 유저	END	1716964610776
REQUEST		1-b. 비즈니스 로직	1716964602982	1716964610776	OK	 
REQUEST		1-b. 비즈니스 로직	1716964606171	1716964610777	OK	 
USER	2번 시나리오 유저	END	1716964610777
USER	2번 시나리오 유저	END	1716964610777
REQUEST		1-b. 비즈니스 로직	1716964606172	1716964610872	OK	 
REQUEST		1-a. 로그인	1716964582802	1716964610872	OK	 
REQUEST		1-b. 비즈니스 로직	1716964602474	1716964610872	OK	 
REQUEST		1-b. 비즈니스 로직	1716964602375	1716964610873	OK	 
REQUEST		1-a. 로그인	1716964582845	1716964610872	OK	 
REQUEST		1-a. 로그인	1716964583411	1716964610872	OK	 
USER	2번 시나리오 유저	END	1716964610874
USER	2번 시나리오 유저	END	1716964610874
USER	2번 시나리오 유저	END	1716964610874
REQUEST		1-a. 로그인	1716964578824	1716964610874	OK	 
REQUEST		1-a. 로그인	1716964582182	1716964611175	OK	 
REQUEST		1-b. 비즈니스 로직	1716964606174	1716964611471	OK	 
REQUEST		1-b. 비즈니스 로직	1716964606171	1716964611472	OK	 
USER	2번 시나리오 유저	END	1716964611472
USER	2번 시나리오 유저	END	1716964611472
REQUEST		1-b. 비즈니스 로직	1716964606876	1716964611677	OK	 
REQUEST		1-b. 비즈니스 로직	1716964606273	1716964611677	OK	 
REQUEST		1-a. 로그인	1716964577788	1716964611677	OK	 
USER	2번 시나리오 유저	END	1716964611678
USER	2번 시나리오 유저	END	1716964611678
REQUEST		1-b. 비즈니스 로직	1716964606777	1716964611774	OK	 
REQUEST		1-b. 비즈니스 로직	1716964606777	1716964611774	OK	 
REQUEST		1-a. 로그인	1716964580005	1716964611774	OK	 
REQUEST		1-a. 로그인	1716964581170	1716964611774	OK	 
REQUEST		1-a. 로그인	1716964580694	1716964611774	OK	 
USER	2번 시나리오 유저	END	1716964611775
USER	2번 시나리오 유저	END	1716964611775
REQUEST		1-a. 로그인	1716964581727	1716964612265	OK	 
REQUEST		1-b. 비즈니스 로직	1716964606974	1716964612265	OK	 
USER	2번 시나리오 유저	END	1716964612266
REQUEST		1-b. 비즈니스 로직	1716964607574	1716964612271	OK	 
REQUEST		1-a. 로그인	1716964579556	1716964612271	OK	 
REQUEST		1-a. 로그인	1716964580407	1716964612271	OK	 
REQUEST		1-a. 로그인	1716964584206	1716964612271	OK	 
USER	2번 시나리오 유저	END	1716964612272
REQUEST		1-a. 로그인	1716964583871	1716964612273	OK	 
REQUEST		1-b. 비즈니스 로직	1716964606876	1716964612374	OK	 
REQUEST		1-a. 로그인	1716964577338	1716964612374	OK	 
REQUEST		1-b. 비즈니스 로직	1716964606876	1716964612374	OK	 
REQUEST		1-a. 로그인	1716964579605	1716964612374	OK	 
USER	2번 시나리오 유저	END	1716964612375
USER	2번 시나리오 유저	END	1716964612376
REQUEST		1-a. 로그인	1716964581773	1716964612470	OK	 
REQUEST		1-a. 로그인	1716964584693	1716964612470	OK	 
REQUEST		1-a. 로그인	1716964584080	1716964612470	OK	 
REQUEST		1-b. 비즈니스 로직	1716964607774	1716964612666	OK	 
REQUEST		1-a. 로그인	1716964584534	1716964612666	OK	 
REQUEST		1-a. 로그인	1716964579655	1716964612666	OK	 
REQUEST		1-a. 로그인	1716964584246	1716964612666	OK	 
USER	2번 시나리오 유저	END	1716964612666
REQUEST		1-a. 로그인	1716964581456	1716964612666	OK	 
REQUEST		1-a. 로그인	1716964577956	1716964612666	OK	 
REQUEST		1-b. 비즈니스 로직	1716964607978	1716964612667	OK	 
REQUEST		1-a. 로그인	1716964582976	1716964612667	OK	 
REQUEST		1-b. 비즈니스 로직	1716964607778	1716964612667	OK	 
REQUEST		1-b. 비즈니스 로직	1716964607173	1716964612667	OK	 
REQUEST		1-a. 로그인	1716964579403	1716964612667	OK	 
REQUEST		1-a. 로그인	1716964578672	1716964612667	OK	 
REQUEST		1-b. 비즈니스 로직	1716964607778	1716964612668	OK	 
REQUEST		1-a. 로그인	1716964583830	1716964612668	OK	 
REQUEST		1-a. 로그인	1716964580932	1716964612668	OK	 
REQUEST		1-a. 로그인	1716964583324	1716964612668	OK	 
REQUEST		1-a. 로그인	1716964578771	1716964612669	OK	 
USER	2번 시나리오 유저	END	1716964612669
USER	2번 시나리오 유저	END	1716964612669
USER	2번 시나리오 유저	END	1716964612669
USER	2번 시나리오 유저	END	1716964612669
REQUEST		1-a. 로그인	1716964578563	1716964612859	OK	 
REQUEST		1-a. 로그인	1716964581681	1716964612867	OK	 
REQUEST		1-b. 비즈니스 로직	1716964607779	1716964612976	OK	 
USER	2번 시나리오 유저	END	1716964612977
REQUEST		1-b. 비즈니스 로직	1716964610073	1716964613072	OK	 
REQUEST		1-a. 로그인	1716964584414	1716964613072	OK	 
USER	2번 시나리오 유저	END	1716964613072
REQUEST		1-a. 로그인	1716964583063	1716964613072	OK	 
REQUEST		1-b. 비즈니스 로직	1716964610073	1716964613169	OK	 
REQUEST		1-b. 비즈니스 로직	1716964610174	1716964613170	OK	 
REQUEST		1-a. 로그인	1716964576807	1716964613170	OK	 
USER	2번 시나리오 유저	END	1716964613171
USER	2번 시나리오 유저	END	1716964613171
REQUEST		1-b. 비즈니스 로직	1716964612272	1716964613172	OK	 
REQUEST		1-b. 비즈니스 로직	1716964610072	1716964613173	OK	 
REQUEST		1-b. 비즈니스 로직	1716964611775	1716964613173	OK	 
REQUEST		1-b. 비즈니스 로직	1716964612266	1716964613173	OK	 
USER	2번 시나리오 유저	END	1716964613173
USER	2번 시나리오 유저	END	1716964613173
USER	2번 시나리오 유저	END	1716964613174
USER	2번 시나리오 유저	END	1716964613174
REQUEST		1-b. 비즈니스 로직	1716964612272	1716964613372	OK	 
REQUEST		1-b. 비즈니스 로직	1716964610776	1716964613372	OK	 
USER	2번 시나리오 유저	END	1716964613373
USER	2번 시나리오 유저	END	1716964613373
REQUEST		1-a. 로그인	1716964579245	1716964613373	OK	 
REQUEST		1-b. 비즈니스 로직	1716964610875	1716964613474	OK	 
REQUEST		1-b. 비즈니스 로직	1716964612375	1716964613474	OK	 
REQUEST		1-b. 비즈니스 로직	1716964612375	1716964613474	OK	 
REQUEST		1-b. 비즈니스 로직	1716964610873	1716964613474	OK	 
REQUEST		1-b. 비즈니스 로직	1716964612471	1716964613474	OK	 
REQUEST		1-b. 비즈니스 로직	1716964610072	1716964613474	OK	 
REQUEST		1-b. 비즈니스 로직	1716964612273	1716964613474	OK	 
REQUEST		1-b. 비즈니스 로직	1716964611176	1716964613474	OK	 
REQUEST		1-b. 비즈니스 로직	1716964610073	1716964613474	OK	 
USER	2번 시나리오 유저	END	1716964613475
REQUEST		1-b. 비즈니스 로직	1716964612471	1716964613474	OK	 
REQUEST		1-b. 비즈니스 로직	1716964610477	1716964613475	OK	 
USER	2번 시나리오 유저	END	1716964613475
USER	2번 시나리오 유저	END	1716964613475
USER	2번 시나리오 유저	END	1716964613475
USER	2번 시나리오 유저	END	1716964613475
USER	2번 시나리오 유저	END	1716964613475
USER	2번 시나리오 유저	END	1716964613475
USER	2번 시나리오 유저	END	1716964613475
USER	2번 시나리오 유저	END	1716964613475
USER	2번 시나리오 유저	END	1716964613475
USER	2번 시나리오 유저	END	1716964613475
REQUEST		1-b. 비즈니스 로직	1716964612667	1716964613568	OK	 
REQUEST		1-b. 비즈니스 로직	1716964612666	1716964613568	OK	 
REQUEST		1-b. 비즈니스 로직	1716964611678	1716964613568	OK	 
REQUEST		1-b. 비즈니스 로직	1716964612666	1716964613569	OK	 
REQUEST		1-b. 비즈니스 로직	1716964612669	1716964613569	OK	 
REQUEST		1-b. 비즈니스 로직	1716964612666	1716964613569	OK	 
REQUEST		1-b. 비즈니스 로직	1716964611775	1716964613569	OK	 
REQUEST		1-a. 로그인	1716964581999	1716964613569	OK	 
REQUEST		1-b. 비즈니스 로직	1716964611775	1716964613569	OK	 
USER	2번 시나리오 유저	END	1716964613569
USER	2번 시나리오 유저	END	1716964613569
USER	2번 시나리오 유저	END	1716964613569
USER	2번 시나리오 유저	END	1716964613569
USER	2번 시나리오 유저	END	1716964613569
USER	2번 시나리오 유저	END	1716964613569
USER	2번 시나리오 유저	END	1716964613569
USER	2번 시나리오 유저	END	1716964613569
REQUEST		1-b. 비즈니스 로직	1716964612669	1716964613571	OK	 
REQUEST		1-b. 비즈니스 로직	1716964612667	1716964613571	OK	 
USER	2번 시나리오 유저	END	1716964613571
USER	2번 시나리오 유저	END	1716964613571
REQUEST		1-a. 로그인	1716964578981	1716964613667	OK	 
REQUEST		1-b. 비즈니스 로직	1716964612667	1716964613791	OK	 
USER	2번 시나리오 유저	END	1716964613791
REQUEST		1-b. 비즈니스 로직	1716964612668	1716964613871	OK	 
USER	2번 시나리오 유저	END	1716964613871
REQUEST		1-b. 비즈니스 로직	1716964612668	1716964613872	OK	 
USER	2번 시나리오 유저	END	1716964613872
REQUEST		1-b. 비즈니스 로직	1716964612471	1716964613972	OK	 
USER	2번 시나리오 유저	END	1716964613972
REQUEST		1-b. 비즈니스 로직	1716964610874	1716964614068	OK	 
USER	2번 시나리오 유저	END	1716964614069
REQUEST		1-b. 비즈니스 로직	1716964612272	1716964614073	OK	 
USER	2번 시나리오 유저	END	1716964614073
REQUEST		1-a. 로그인	1716964579033	1716964614073	OK	 
REQUEST		1-a. 로그인	1716964582135	1716964614165	OK	 
REQUEST		1-b. 비즈니스 로직	1716964613073	1716964614165	OK	 
REQUEST		1-a. 로그인	1716964583455	1716964614166	OK	 
REQUEST		1-a. 로그인	1716964582541	1716964614166	OK	 
USER	2번 시나리오 유저	END	1716964614166
REQUEST		1-b. 비즈니스 로직	1716964610874	1716964614166	OK	 
USER	2번 시나리오 유저	END	1716964614166
REQUEST		1-b. 비즈니스 로직	1716964612668	1716964614167	OK	 
USER	2번 시나리오 유저	END	1716964614167
REQUEST		1-b. 비즈니스 로직	1716964612668	1716964614167	OK	 
USER	2번 시나리오 유저	END	1716964614167
REQUEST		1-a. 로그인	1716964582227	1716964614371	OK	 
REQUEST		1-b. 비즈니스 로직	1716964613072	1716964614572	OK	 
REQUEST		1-a. 로그인	1716964579505	1716964614572	OK	 
REQUEST		1-a. 로그인	1716964578120	1716964614572	OK	 
USER	2번 시나리오 유저	END	1716964614572
REQUEST		1-b. 비즈니스 로직	1716964613171	1716964614573	OK	 
USER	2번 시나리오 유저	END	1716964614573
REQUEST		1-b. 비즈니스 로직	1716964612860	1716964614671	OK	 
REQUEST		1-b. 비즈니스 로직	1716964613373	1716964614671	OK	 
REQUEST		1-a. 로그인	1716964584574	1716964614671	OK	 
USER	2번 시나리오 유저	END	1716964614671
USER	2번 시나리오 유저	END	1716964614671
REQUEST		1-b. 비즈니스 로직	1716964612867	1716964614772	OK	 
REQUEST		1-b. 비즈니스 로직	1716964613569	1716964614772	OK	 
REQUEST		1-a. 로그인	1716964584655	1716964614772	OK	 
USER	2번 시나리오 유저	END	1716964614773
USER	2번 시나리오 유저	END	1716964614773
REQUEST		1-b. 비즈니스 로직	1716964613668	1716964614773	OK	 
REQUEST		1-b. 비즈니스 로직	1716964614166	1716964614773	OK	 
USER	2번 시나리오 유저	END	1716964614773
USER	2번 시나리오 유저	END	1716964614773
REQUEST		1-b. 비즈니스 로직	1716964614572	1716964614871	OK	 
REQUEST		1-b. 비즈니스 로직	1716964614371	1716964614871	OK	 
USER	2번 시나리오 유저	END	1716964614872
USER	2번 시나리오 유저	END	1716964614872
REQUEST		1-b. 비즈니스 로직	1716964614166	1716964614872	OK	 
REQUEST		1-b. 비즈니스 로직	1716964614166	1716964614872	OK	 
USER	2번 시나리오 유저	END	1716964614872
USER	2번 시나리오 유저	END	1716964614872
REQUEST		1-a. 로그인	1716964583912	1716964614872	OK	 
REQUEST		1-a. 로그인	1716964582671	1716964615370	OK	 
REQUEST		1-b. 비즈니스 로직	1716964614572	1716964615371	OK	 
REQUEST		1-a. 로그인	1716964583996	1716964615371	OK	 
REQUEST		1-a. 로그인	1716964580155	1716964615371	OK	 
USER	2번 시나리오 유저	END	1716964615371
REQUEST		1-b. 비즈니스 로직	1716964614773	1716964615373	OK	 
USER	2번 시나리오 유저	END	1716964615373
REQUEST		1-b. 비즈니스 로직	1716964614073	1716964615466	OK	 
USER	2번 시나리오 유저	END	1716964615467
REQUEST		1-b. 비즈니스 로직	1716964614671	1716964615469	OK	 
USER	2번 시나리오 유저	END	1716964615470
REQUEST		1-a. 로그인	1716964580551	1716964615571	OK	 
REQUEST		1-a. 로그인	1716964584162	1716964615672	OK	 
REQUEST		1-a. 로그인	1716964579298	1716964615672	OK	 
REQUEST		1-b. 비즈니스 로직	1716964615371	1716964615672	OK	 
REQUEST		1-a. 로그인	1716964583281	1716964615672	OK	 
REQUEST		1-b. 비즈니스 로직	1716964614873	1716964615673	OK	 
USER	2번 시나리오 유저	END	1716964615674
USER	2번 시나리오 유저	END	1716964615674
REQUEST		1-a. 로그인	1716964581074	1716964615775	OK	 
REQUEST		1-b. 비즈니스 로직	1716964615370	1716964615875	OK	 
REQUEST		1-a. 로그인	1716964580502	1716964615875	OK	 
USER	2번 시나리오 유저	END	1716964615877
REQUEST		1-b. 비즈니스 로직	1716964615371	1716964615967	OK	 
USER	2번 시나리오 유저	END	1716964615967
REQUEST		1-b. 비즈니스 로직	1716964615673	1716964615972	OK	 
REQUEST		1-b. 비즈니스 로직	1716964615572	1716964615972	OK	 
REQUEST		1-b. 비즈니스 로직	1716964615876	1716964615972	OK	 
REQUEST		1-b. 비즈니스 로직	1716964615776	1716964615972	OK	 
USER	2번 시나리오 유저	END	1716964615973
USER	2번 시나리오 유저	END	1716964615973
USER	2번 시나리오 유저	END	1716964615973
USER	2번 시나리오 유저	END	1716964615973
REQUEST		1-b. 비즈니스 로직	1716964615673	1716964616072	OK	 
REQUEST		1-a. 로그인	1716964585415	1716964616072	OK	 
REQUEST		1-b. 비즈니스 로직	1716964615673	1716964616072	OK	 
USER	2번 시나리오 유저	END	1716964616073
USER	2번 시나리오 유저	END	1716964616073
REQUEST		1-a. 로그인	1716964584136	1716964616072	OK	 
REQUEST		1-b. 비즈니스 로직	1716964616073	1716964616475	OK	 
USER	2번 시나리오 유저	END	1716964616476
REQUEST		1-a. 로그인	1716964583150	1716964616573	OK	 
REQUEST		1-b. 비즈니스 로직	1716964616072	1716964616772	OK	 
USER	2번 시나리오 유저	END	1716964616773
REQUEST		1-a. 로그인	1716964581545	1716964616873	OK	 
REQUEST		1-a. 로그인	1716964584615	1716964616976	OK	 
REQUEST		1-a. 로그인	1716964584330	1716964616976	OK	 
REQUEST		1-a. 로그인	1716964580740	1716964617174	OK	 
REQUEST		1-a. 로그인	1716964585215	1716964617272	OK	 
REQUEST		1-b. 비즈니스 로직	1716964616977	1716964617276	OK	 
REQUEST		1-b. 비즈니스 로직	1716964616574	1716964617276	OK	 
REQUEST		1-a. 로그인	1716964584934	1716964617276	OK	 
REQUEST		1-b. 비즈니스 로직	1716964616874	1716964617276	OK	 
REQUEST		1-a. 로그인	1716964585295	1716964617276	OK	 
USER	2번 시나리오 유저	END	1716964617276
REQUEST		1-b. 비즈니스 로직	1716964617174	1716964617276	OK	 
USER	2번 시나리오 유저	END	1716964617276
USER	2번 시나리오 유저	END	1716964617276
USER	2번 시나리오 유저	END	1716964617276
REQUEST		1-a. 로그인	1716964584288	1716964617371	OK	 
REQUEST		1-a. 로그인	1716964580788	1716964617773	OK	 
REQUEST		1-a. 로그인	1716964581818	1716964617773	OK	 
REQUEST		1-b. 비즈니스 로직	1716964616977	1716964617776	OK	 
USER	2번 시나리오 유저	END	1716964617777
REQUEST		1-a. 로그인	1716964585054	1716964617872	OK	 
REQUEST		1-a. 로그인	1716964585375	1716964617872	OK	 
REQUEST		1-a. 로그인	1716964582319	1716964617872	OK	 
REQUEST		1-a. 로그인	1716964581955	1716964617872	OK	 
REQUEST		1-a. 로그인	1716964582367	1716964617872	OK	 
REQUEST		1-b. 비즈니스 로직	1716964617774	1716964617972	OK	 
REQUEST		1-a. 로그인	1716964581910	1716964617972	OK	 
REQUEST		1-b. 비즈니스 로직	1716964617774	1716964617972	OK	 
REQUEST		1-b. 비즈니스 로직	1716964617276	1716964617972	OK	 
USER	2번 시나리오 유저	END	1716964617972
USER	2번 시나리오 유저	END	1716964617972
USER	2번 시나리오 유저	END	1716964617973
REQUEST		1-b. 비즈니스 로직	1716964617276	1716964618173	OK	 
USER	2번 시나리오 유저	END	1716964618174
REQUEST		1-a. 로그인	1716964579191	1716964618572	OK	 
REQUEST		1-b. 비즈니스 로직	1716964617872	1716964618672	OK	 
REQUEST		1-b. 비즈니스 로직	1716964617372	1716964618672	OK	 
REQUEST		1-b. 비즈니스 로직	1716964617872	1716964618672	OK	 
USER	2번 시나리오 유저	END	1716964618673
USER	2번 시나리오 유저	END	1716964618673
USER	2번 시나리오 유저	END	1716964618673
REQUEST		1-b. 비즈니스 로직	1716964617872	1716964618673	OK	 
REQUEST		1-b. 비즈니스 로직	1716964617273	1716964618673	OK	 
USER	2번 시나리오 유저	END	1716964618673
USER	2번 시나리오 유저	END	1716964618673
REQUEST		1-b. 비즈니스 로직	1716964617872	1716964618869	OK	 
REQUEST		1-a. 로그인	1716964583954	1716964618869	OK	 
REQUEST		1-a. 로그인	1716964580883	1716964618869	OK	 
REQUEST		1-a. 로그인	1716964581217	1716964618869	OK	 
REQUEST		1-b. 비즈니스 로직	1716964617972	1716964618869	OK	 
REQUEST		1-a. 로그인	1716964583495	1716964618870	OK	 
REQUEST		1-a. 로그인	1716964580356	1716964618870	OK	 
REQUEST		1-a. 로그인	1716964583746	1716964618870	OK	 
USER	2번 시나리오 유저	END	1716964618871
USER	2번 시나리오 유저	END	1716964618871
REQUEST		1-a. 로그인	1716964582455	1716964618872	OK	 
REQUEST		1-a. 로그인	1716964583705	1716964618872	OK	 
REQUEST		1-a. 로그인	1716964584974	1716964618872	OK	 
REQUEST		1-a. 로그인	1716964583667	1716964618971	OK	 
REQUEST		1-b. 비즈니스 로직	1716964617872	1716964618971	OK	 
USER	2번 시나리오 유저	END	1716964618972
REQUEST		1-a. 로그인	1716964582584	1716964619072	OK	 
REQUEST		1-a. 로그인	1716964581026	1716964619267	OK	 
REQUEST		1-b. 비즈니스 로직	1716964618871	1716964619272	OK	 
REQUEST		1-b. 비즈니스 로직	1716964618572	1716964619272	OK	 
REQUEST		1-b. 비즈니스 로직	1716964618870	1716964619272	OK	 
REQUEST		1-b. 비즈니스 로직	1716964618872	1716964619272	OK	 
USER	2번 시나리오 유저	END	1716964619272
USER	2번 시나리오 유저	END	1716964619272
USER	2번 시나리오 유저	END	1716964619272
USER	2번 시나리오 유저	END	1716964619272
REQUEST		1-a. 로그인	1716964581407	1716964619273	OK	 
REQUEST		1-b. 비즈니스 로직	1716964618870	1716964619368	OK	 
REQUEST		1-a. 로그인	1716964583236	1716964619368	OK	 
REQUEST		1-a. 로그인	1716964578400	1716964619368	OK	 
REQUEST		1-a. 로그인	1716964582889	1716964619368	OK	 
USER	2번 시나리오 유저	END	1716964619369
REQUEST		1-b. 비즈니스 로직	1716964618870	1716964619372	OK	 
REQUEST		1-a. 로그인	1716964582498	1716964619372	OK	 
REQUEST		1-a. 로그인	1716964582274	1716964619372	OK	 
USER	2번 시나리오 유저	END	1716964619373
REQUEST		1-b. 비즈니스 로직	1716964618872	1716964619467	OK	 
USER	2번 시나리오 유저	END	1716964619468
REQUEST		1-b. 비즈니스 로직	1716964618870	1716964619471	OK	 
REQUEST		1-b. 비즈니스 로직	1716964618870	1716964619471	OK	 
REQUEST		1-a. 로그인	1716964583107	1716964619471	OK	 
USER	2번 시나리오 유저	END	1716964619471
USER	2번 시나리오 유저	END	1716964619471
REQUEST		1-b. 비즈니스 로직	1716964618872	1716964619570	OK	 
USER	2번 시나리오 유저	END	1716964619571
REQUEST		1-b. 비즈니스 로직	1716964618971	1716964619571	OK	 
REQUEST		1-a. 로그인	1716964581591	1716964619571	OK	 
USER	2번 시나리오 유저	END	1716964619572
REQUEST		1-a. 로그인	1716964584493	1716964619674	OK	 
REQUEST		1-a. 로그인	1716964585256	1716964619772	OK	 
REQUEST		1-b. 비즈니스 로직	1716964619372	1716964619772	OK	 
REQUEST		1-a. 로그인	1716964582715	1716964619772	OK	 
REQUEST		1-a. 로그인	1716964584038	1716964619772	OK	 
REQUEST		1-b. 비즈니스 로직	1716964619268	1716964619772	OK	 
REQUEST		1-a. 로그인	1716964584814	1716964619772	OK	 
USER	2번 시나리오 유저	END	1716964619773
USER	2번 시나리오 유저	END	1716964619773
REQUEST		1-b. 비즈니스 로직	1716964619471	1716964619864	OK	 
REQUEST		1-b. 비즈니스 로직	1716964619368	1716964619870	OK	 
REQUEST		1-a. 로그인	1716964580978	1716964619870	OK	 
USER	2번 시나리오 유저	END	1716964619870
USER	2번 시나리오 유저	END	1716964619870
REQUEST		1-a. 로그인	1716964584774	1716964619873	OK	 
REQUEST		1-b. 비즈니스 로직	1716964619072	1716964619872	OK	 
REQUEST		1-a. 로그인	1716964585014	1716964619873	OK	 
REQUEST		1-b. 비즈니스 로직	1716964619273	1716964619872	OK	 
USER	2번 시나리오 유저	END	1716964619873
USER	2번 시나리오 유저	END	1716964619873
REQUEST		1-b. 비즈니스 로직	1716964619369	1716964619969	OK	 
REQUEST		1-b. 비즈니스 로직	1716964619368	1716964619969	OK	 
REQUEST		1-a. 로그인	1716964585094	1716964619969	OK	 
REQUEST		1-a. 로그인	1716964581864	1716964619970	OK	 
REQUEST		1-b. 비즈니스 로직	1716964619675	1716964619974	OK	 
REQUEST		1-b. 비즈니스 로직	1716964619772	1716964619974	OK	 
USER	2번 시나리오 유저	END	1716964619974
USER	2번 시나리오 유저	END	1716964619974
USER	2번 시나리오 유저	END	1716964619974
USER	2번 시나리오 유저	END	1716964619974
REQUEST		1-b. 비즈니스 로직	1716964619373	1716964619974	OK	 
REQUEST		1-a. 로그인	1716964583194	1716964619974	OK	 
REQUEST		1-a. 로그인	1716964583021	1716964619974	OK	 
REQUEST		1-b. 비즈니스 로직	1716964619772	1716964619975	OK	 
REQUEST		1-b. 비즈니스 로직	1716964619572	1716964619975	OK	 
REQUEST		1-a. 로그인	1716964582628	1716964619975	OK	 
REQUEST		1-a. 로그인	1716964581635	1716964619975	OK	 
REQUEST		1-b. 비즈니스 로직	1716964619772	1716964619975	OK	 
USER	2번 시나리오 유저	END	1716964619975
USER	2번 시나리오 유저	END	1716964619975
USER	2번 시나리오 유저	END	1716964619976
USER	2번 시나리오 유저	END	1716964619976
REQUEST		1-b. 비즈니스 로직	1716964619772	1716964620067	OK	 
REQUEST		1-b. 비즈니스 로직	1716964619873	1716964620068	OK	 
REQUEST		1-b. 비즈니스 로직	1716964619969	1716964620068	OK	 
USER	2번 시나리오 유저	END	1716964620069
USER	2번 시나리오 유저	END	1716964620069
USER	2번 시나리오 유저	END	1716964620069
REQUEST		1-b. 비즈니스 로직	1716964619873	1716964620069	OK	 
USER	2번 시나리오 유저	END	1716964620069
REQUEST		1-b. 비즈니스 로직	1716964619870	1716964620070	OK	 
USER	2번 시나리오 유저	END	1716964620070
REQUEST		1-b. 비즈니스 로직	1716964619975	1716964620071	OK	 
REQUEST		1-b. 비즈니스 로직	1716964619974	1716964620071	OK	 
USER	2번 시나리오 유저	END	1716964620071
USER	2번 시나리오 유저	END	1716964620071
REQUEST		1-b. 비즈니스 로직	1716964619975	1716964620071	OK	 
REQUEST		1-b. 비즈니스 로직	1716964619975	1716964620072	OK	 
USER	2번 시나리오 유저	END	1716964620072
USER	2번 시나리오 유저	END	1716964620072
REQUEST		1-b. 비즈니스 로직	1716964619975	1716964620165	OK	 
USER	2번 시나리오 유저	END	1716964620165
REQUEST		1-a. 로그인	1716964583788	1716964620167	OK	 
REQUEST		1-a. 로그인	1716964584372	1716964620167	OK	 
REQUEST		1-b. 비즈니스 로직	1716964620168	1716964620171	OK	 
USER	2번 시나리오 유저	END	1716964620172
REQUEST		1-b. 비즈니스 로직	1716964620168	1716964620172	OK	 
USER	2번 시나리오 유저	END	1716964620172
REQUEST		1-a. 로그인	1716964585336	1716964620264	OK	 
REQUEST		1-b. 비즈니스 로직	1716964620264	1716964620270	OK	 
USER	2번 시나리오 유저	END	1716964620270
