RUN	LoginPerformance	loginperformance	1716964704110	 	3.10.5
USER	2번 시나리오 유저	START	1716964705034
REQUEST		1-a. 로그인	1716964705043	1716964705605	OK	 
REQUEST		1-b. 비즈니스 로직	1716964705622	1716964705715	OK	 
USER	2번 시나리오 유저	END	1716964705718
USER	2번 시나리오 유저	START	1716964706032
REQUEST		1-a. 로그인	1716964706033	1716964706134	OK	 
REQUEST		1-b. 비즈니스 로직	1716964706135	1716964706140	OK	 
USER	2번 시나리오 유저	END	1716964706141
USER	2번 시나리오 유저	START	1716964706531
REQUEST		1-a. 로그인	1716964706533	1716964706659	OK	 
REQUEST		1-b. 비즈니스 로직	1716964706660	1716964706664	OK	 
USER	2번 시나리오 유저	END	1716964706664
USER	2번 시나리오 유저	START	1716964707031
REQUEST		1-a. 로그인	1716964707031	1716964707140	OK	 
REQUEST		1-b. 비즈니스 로직	1716964707141	1716964707145	OK	 
USER	2번 시나리오 유저	END	1716964707145
USER	2번 시나리오 유저	START	1716964707362
REQUEST		1-a. 로그인	1716964707364	1716964707490	OK	 
REQUEST		1-b. 비즈니스 로직	1716964707491	1716964707495	OK	 
USER	2번 시나리오 유저	END	1716964707496
USER	2번 시나리오 유저	START	1716964707695
REQUEST		1-a. 로그인	1716964707697	1716964707821	OK	 
REQUEST		1-b. 비즈니스 로직	1716964707822	1716964707826	OK	 
USER	2번 시나리오 유저	END	1716964707827
USER	2번 시나리오 유저	START	1716964708029
REQUEST		1-a. 로그인	1716964708031	1716964708158	OK	 
REQUEST		1-b. 비즈니스 로직	1716964708159	1716964708163	OK	 
USER	2번 시나리오 유저	END	1716964708163
USER	2번 시나리오 유저	START	1716964708279
REQUEST		1-a. 로그인	1716964708281	1716964708375	OK	 
REQUEST		1-b. 비즈니스 로직	1716964708377	1716964708380	OK	 
USER	2번 시나리오 유저	END	1716964708380
USER	2번 시나리오 유저	START	1716964708529
REQUEST		1-a. 로그인	1716964708531	1716964708632	OK	 
REQUEST		1-b. 비즈니스 로직	1716964708633	1716964708637	OK	 
USER	2번 시나리오 유저	END	1716964708637
USER	2번 시나리오 유저	START	1716964708780
REQUEST		1-a. 로그인	1716964708781	1716964708880	OK	 
REQUEST		1-b. 비즈니스 로직	1716964708882	1716964708885	OK	 
USER	2번 시나리오 유저	END	1716964708886
USER	2번 시나리오 유저	START	1716964709036
REQUEST		1-a. 로그인	1716964709037	1716964709142	OK	 
REQUEST		1-b. 비즈니스 로직	1716964709143	1716964709146	OK	 
USER	2번 시나리오 유저	END	1716964709147
USER	2번 시나리오 유저	START	1716964709229
REQUEST		1-a. 로그인	1716964709231	1716964709315	OK	 
REQUEST		1-b. 비즈니스 로직	1716964709316	1716964709320	OK	 
USER	2번 시나리오 유저	END	1716964709320
USER	2번 시나리오 유저	START	1716964709430
REQUEST		1-a. 로그인	1716964709432	1716964709527	OK	 
REQUEST		1-b. 비즈니스 로직	1716964709528	1716964709532	OK	 
USER	2번 시나리오 유저	END	1716964709532
USER	2번 시나리오 유저	START	1716964709629
REQUEST		1-a. 로그인	1716964709629	1716964709712	OK	 
REQUEST		1-b. 비즈니스 로직	1716964709714	1716964709717	OK	 
USER	2번 시나리오 유저	END	1716964709718
USER	2번 시나리오 유저	START	1716964709830
REQUEST		1-a. 로그인	1716964709831	1716964709915	OK	 
REQUEST		1-b. 비즈니스 로직	1716964709916	1716964709920	OK	 
USER	2번 시나리오 유저	END	1716964709921
USER	2번 시나리오 유저	START	1716964710030
REQUEST		1-a. 로그인	1716964710031	1716964710120	OK	 
REQUEST		1-b. 비즈니스 로직	1716964710121	1716964710124	OK	 
USER	2번 시나리오 유저	END	1716964710125
USER	2번 시나리오 유저	START	1716964710194
REQUEST		1-a. 로그인	1716964710196	1716964710277	OK	 
REQUEST		1-b. 비즈니스 로직	1716964710278	1716964710281	OK	 
USER	2번 시나리오 유저	END	1716964710281
USER	2번 시나리오 유저	START	1716964710362
REQUEST		1-a. 로그인	1716964710363	1716964710445	OK	 
REQUEST		1-b. 비즈니스 로직	1716964710446	1716964710449	OK	 
USER	2번 시나리오 유저	END	1716964710449
USER	2번 시나리오 유저	START	1716964710530
REQUEST		1-a. 로그인	1716964710531	1716964710612	OK	 
REQUEST		1-b. 비즈니스 로직	1716964710613	1716964710616	OK	 
USER	2번 시나리오 유저	END	1716964710617
USER	2번 시나리오 유저	START	1716964710695
REQUEST		1-a. 로그인	1716964710696	1716964710780	OK	 
REQUEST		1-b. 비즈니스 로직	1716964710781	1716964710784	OK	 
USER	2번 시나리오 유저	END	1716964710784
USER	2번 시나리오 유저	START	1716964710862
REQUEST		1-a. 로그인	1716964710863	1716964710947	OK	 
REQUEST		1-b. 비즈니스 로직	1716964710948	1716964710951	OK	 
USER	2번 시나리오 유저	END	1716964710952
USER	2번 시나리오 유저	START	1716964711030
REQUEST		1-a. 로그인	1716964711031	1716964711111	OK	 
REQUEST		1-b. 비즈니스 로직	1716964711112	1716964711115	OK	 
USER	2번 시나리오 유저	END	1716964711116
USER	2번 시나리오 유저	START	1716964711171
REQUEST		1-a. 로그인	1716964711172	1716964711251	OK	 
REQUEST		1-b. 비즈니스 로직	1716964711252	1716964711255	OK	 
USER	2번 시나리오 유저	END	1716964711255
USER	2번 시나리오 유저	START	1716964711314
REQUEST		1-a. 로그인	1716964711315	1716964711395	OK	 
REQUEST		1-b. 비즈니스 로직	1716964711396	1716964711399	OK	 
USER	2번 시나리오 유저	END	1716964711399
USER	2번 시나리오 유저	START	1716964711457
REQUEST		1-a. 로그인	1716964711458	1716964711537	OK	 
REQUEST		1-b. 비즈니스 로직	1716964711538	1716964711541	OK	 
USER	2번 시나리오 유저	END	1716964711542
USER	2번 시나리오 유저	START	1716964711600
REQUEST		1-a. 로그인	1716964711601	1716964711678	OK	 
REQUEST		1-b. 비즈니스 로직	1716964711680	1716964711682	OK	 
USER	2번 시나리오 유저	END	1716964711682
USER	2번 시나리오 유저	START	1716964711743
REQUEST		1-a. 로그인	1716964711744	1716964711824	OK	 
REQUEST		1-b. 비즈니스 로직	1716964711825	1716964711828	OK	 
USER	2번 시나리오 유저	END	1716964711828
USER	2번 시나리오 유저	START	1716964711887
REQUEST		1-a. 로그인	1716964711888	1716964711967	OK	 
REQUEST		1-b. 비즈니스 로직	1716964711968	1716964711971	OK	 
USER	2번 시나리오 유저	END	1716964711971
USER	2번 시나리오 유저	START	1716964712030
REQUEST		1-a. 로그인	1716964712031	1716964712110	OK	 
REQUEST		1-b. 비즈니스 로직	1716964712111	1716964712114	OK	 
USER	2번 시나리오 유저	END	1716964712116
USER	2번 시나리오 유저	START	1716964712153
REQUEST		1-a. 로그인	1716964712154	1716964712230	OK	 
REQUEST		1-b. 비즈니스 로직	1716964712230	1716964712233	OK	 
USER	2번 시나리오 유저	END	1716964712234
USER	2번 시나리오 유저	START	1716964712278
REQUEST		1-a. 로그인	1716964712279	1716964712355	OK	 
REQUEST		1-b. 비즈니스 로직	1716964712357	1716964712361	OK	 
USER	2번 시나리오 유저	END	1716964712361
USER	2번 시나리오 유저	START	1716964712403
REQUEST		1-a. 로그인	1716964712405	1716964712482	OK	 
REQUEST		1-b. 비즈니스 로직	1716964712482	1716964712485	OK	 
USER	2번 시나리오 유저	END	1716964712486
USER	2번 시나리오 유저	START	1716964712528
REQUEST		1-a. 로그인	1716964712529	1716964712605	OK	 
REQUEST		1-b. 비즈니스 로직	1716964712607	1716964712609	OK	 
USER	2번 시나리오 유저	END	1716964712610
USER	2번 시나리오 유저	START	1716964712654
REQUEST		1-a. 로그인	1716964712655	1716964712730	OK	 
REQUEST		1-b. 비즈니스 로직	1716964712731	1716964712733	OK	 
USER	2번 시나리오 유저	END	1716964712734
USER	2번 시나리오 유저	START	1716964712779
REQUEST		1-a. 로그인	1716964712780	1716964712858	OK	 
REQUEST		1-b. 비즈니스 로직	1716964712859	1716964712861	OK	 
USER	2번 시나리오 유저	END	1716964712862
USER	2번 시나리오 유저	START	1716964712904
REQUEST		1-a. 로그인	1716964712905	1716964712984	OK	 
REQUEST		1-b. 비즈니스 로직	1716964712986	1716964712989	OK	 
USER	2번 시나리오 유저	END	1716964712989
USER	2번 시나리오 유저	START	1716964713030
REQUEST		1-a. 로그인	1716964713030	1716964713107	OK	 
REQUEST		1-b. 비즈니스 로직	1716964713108	1716964713111	OK	 
USER	2번 시나리오 유저	END	1716964713111
USER	2번 시나리오 유저	START	1716964713140
REQUEST		1-a. 로그인	1716964713141	1716964713215	OK	 
REQUEST		1-b. 비즈니스 로직	1716964713216	1716964713218	OK	 
USER	2번 시나리오 유저	END	1716964713219
USER	2번 시나리오 유저	START	1716964713251
REQUEST		1-a. 로그인	1716964713252	1716964713328	OK	 
REQUEST		1-b. 비즈니스 로직	1716964713329	1716964713332	OK	 
USER	2번 시나리오 유저	END	1716964713332
USER	2번 시나리오 유저	START	1716964713362
REQUEST		1-a. 로그인	1716964713363	1716964713439	OK	 
REQUEST		1-b. 비즈니스 로직	1716964713440	1716964713442	OK	 
USER	2번 시나리오 유저	END	1716964713443
USER	2번 시나리오 유저	START	1716964713473
REQUEST		1-a. 로그인	1716964713474	1716964713549	OK	 
REQUEST		1-b. 비즈니스 로직	1716964713550	1716964713553	OK	 
USER	2번 시나리오 유저	END	1716964713553
USER	2번 시나리오 유저	START	1716964713584
REQUEST		1-a. 로그인	1716964713585	1716964713663	OK	 
REQUEST		1-b. 비즈니스 로직	1716964713664	1716964713667	OK	 
USER	2번 시나리오 유저	END	1716964713667
USER	2번 시나리오 유저	START	1716964713694
REQUEST		1-a. 로그인	1716964713695	1716964713771	OK	 
REQUEST		1-b. 비즈니스 로직	1716964713772	1716964713774	OK	 
USER	2번 시나리오 유저	END	1716964713775
USER	2번 시나리오 유저	START	1716964713806
REQUEST		1-a. 로그인	1716964713807	1716964713885	OK	 
REQUEST		1-b. 비즈니스 로직	1716964713886	1716964713889	OK	 
USER	2번 시나리오 유저	END	1716964713889
USER	2번 시나리오 유저	START	1716964713918
REQUEST		1-a. 로그인	1716964713918	1716964713994	OK	 
REQUEST		1-b. 비즈니스 로직	1716964713995	1716964713998	OK	 
USER	2번 시나리오 유저	END	1716964713999
USER	2번 시나리오 유저	START	1716964714029
REQUEST		1-a. 로그인	1716964714030	1716964714105	OK	 
REQUEST		1-b. 비즈니스 로직	1716964714106	1716964714109	OK	 
USER	2번 시나리오 유저	END	1716964714109
USER	2번 시나리오 유저	START	1716964714129
REQUEST		1-a. 로그인	1716964714130	1716964714204	OK	 
REQUEST		1-b. 비즈니스 로직	1716964714205	1716964714207	OK	 
USER	2번 시나리오 유저	END	1716964714207
USER	2번 시나리오 유저	START	1716964714229
REQUEST		1-a. 로그인	1716964714230	1716964714303	OK	 
REQUEST		1-b. 비즈니스 로직	1716964714304	1716964714307	OK	 
USER	2번 시나리오 유저	END	1716964714308
USER	2번 시나리오 유저	START	1716964714329
REQUEST		1-a. 로그인	1716964714330	1716964714404	OK	 
REQUEST		1-b. 비즈니스 로직	1716964714406	1716964714408	OK	 
USER	2번 시나리오 유저	END	1716964714409
USER	2번 시나리오 유저	START	1716964714429
REQUEST		1-a. 로그인	1716964714430	1716964714505	OK	 
REQUEST		1-b. 비즈니스 로직	1716964714506	1716964714508	OK	 
USER	2번 시나리오 유저	END	1716964714509
USER	2번 시나리오 유저	START	1716964714529
REQUEST		1-a. 로그인	1716964714530	1716964714606	OK	 
REQUEST		1-b. 비즈니스 로직	1716964714607	1716964714609	OK	 
USER	2번 시나리오 유저	END	1716964714610
USER	2번 시나리오 유저	START	1716964714629
REQUEST		1-a. 로그인	1716964714630	1716964714705	OK	 
REQUEST		1-b. 비즈니스 로직	1716964714706	1716964714710	OK	 
USER	2번 시나리오 유저	END	1716964714710
USER	2번 시나리오 유저	START	1716964714730
REQUEST		1-a. 로그인	1716964714731	1716964714804	OK	 
REQUEST		1-b. 비즈니스 로직	1716964714805	1716964714807	OK	 
USER	2번 시나리오 유저	END	1716964714807
USER	2번 시나리오 유저	START	1716964714830
REQUEST		1-a. 로그인	1716964714831	1716964714905	OK	 
REQUEST		1-b. 비즈니스 로직	1716964714906	1716964714908	OK	 
USER	2번 시나리오 유저	END	1716964714908
USER	2번 시나리오 유저	START	1716964714929
REQUEST		1-a. 로그인	1716964714930	1716964715006	OK	 
REQUEST		1-b. 비즈니스 로직	1716964715007	1716964715009	OK	 
USER	2번 시나리오 유저	END	1716964715010
USER	2번 시나리오 유저	START	1716964715030
REQUEST		1-a. 로그인	1716964715031	1716964715106	OK	 
REQUEST		1-b. 비즈니스 로직	1716964715107	1716964715110	OK	 
USER	2번 시나리오 유저	END	1716964715110
USER	2번 시나리오 유저	START	1716964715119
REQUEST		1-a. 로그인	1716964715119	1716964715199	OK	 
REQUEST		1-b. 비즈니스 로직	1716964715199	1716964715202	OK	 
USER	2번 시나리오 유저	END	1716964715202
USER	2번 시나리오 유저	START	1716964715210
REQUEST		1-a. 로그인	1716964715210	1716964715284	OK	 
REQUEST		1-b. 비즈니스 로직	1716964715285	1716964715288	OK	 
USER	2번 시나리오 유저	END	1716964715288
USER	2번 시나리오 유저	START	1716964715300
REQUEST		1-a. 로그인	1716964715301	1716964715376	OK	 
REQUEST		1-b. 비즈니스 로직	1716964715377	1716964715380	OK	 
USER	2번 시나리오 유저	END	1716964715380
USER	2번 시나리오 유저	START	1716964715391
REQUEST		1-a. 로그인	1716964715392	1716964715468	OK	 
REQUEST		1-b. 비즈니스 로직	1716964715469	1716964715471	OK	 
USER	2번 시나리오 유저	END	1716964715472
USER	2번 시나리오 유저	START	1716964715483
REQUEST		1-a. 로그인	1716964715484	1716964715559	OK	 
REQUEST		1-b. 비즈니스 로직	1716964715560	1716964715562	OK	 
USER	2번 시나리오 유저	END	1716964715563
USER	2번 시나리오 유저	START	1716964715575
REQUEST		1-a. 로그인	1716964715577	1716964715650	OK	 
REQUEST		1-b. 비즈니스 로직	1716964715651	1716964715653	OK	 
USER	2번 시나리오 유저	END	1716964715653
USER	2번 시나리오 유저	START	1716964715665
REQUEST		1-a. 로그인	1716964715666	1716964715743	OK	 
REQUEST		1-b. 비즈니스 로직	1716964715744	1716964715746	OK	 
USER	2번 시나리오 유저	END	1716964715747
USER	2번 시나리오 유저	START	1716964715756
REQUEST		1-a. 로그인	1716964715757	1716964715833	OK	 
REQUEST		1-b. 비즈니스 로직	1716964715834	1716964715837	OK	 
USER	2번 시나리오 유저	END	1716964715837
USER	2번 시나리오 유저	START	1716964715848
REQUEST		1-a. 로그인	1716964715848	1716964715923	OK	 
REQUEST		1-b. 비즈니스 로직	1716964715924	1716964715926	OK	 
USER	2번 시나리오 유저	END	1716964715926
USER	2번 시나리오 유저	START	1716964715938
REQUEST		1-a. 로그인	1716964715939	1716964716015	OK	 
REQUEST		1-b. 비즈니스 로직	1716964716015	1716964716017	OK	 
USER	2번 시나리오 유저	END	1716964716018
USER	2번 시나리오 유저	START	1716964716030
USER	2번 시나리오 유저	START	1716964716111
REQUEST		1-a. 로그인	1716964716031	1716964716113	OK	 
REQUEST		1-b. 비즈니스 로직	1716964716115	1716964716119	OK	 
USER	2번 시나리오 유저	END	1716964716119
USER	2번 시나리오 유저	START	1716964716194
REQUEST		1-a. 로그인	1716964716112	1716964716255	OK	 
REQUEST		1-b. 비즈니스 로직	1716964716255	1716964716258	OK	 
USER	2번 시나리오 유저	END	1716964716258
USER	2번 시나리오 유저	START	1716964716278
REQUEST		1-a. 로그인	1716964716195	1716964716358	OK	 
REQUEST		1-b. 비즈니스 로직	1716964716359	1716964716361	OK	 
USER	2번 시나리오 유저	START	1716964716361
USER	2번 시나리오 유저	END	1716964716361
USER	2번 시나리오 유저	START	1716964716445
REQUEST		1-a. 로그인	1716964716279	1716964716453	OK	 
REQUEST		1-b. 비즈니스 로직	1716964716453	1716964716455	OK	 
USER	2번 시나리오 유저	END	1716964716456
REQUEST		1-a. 로그인	1716964716361	1716964716488	OK	 
REQUEST		1-b. 비즈니스 로직	1716964716489	1716964716490	OK	 
USER	2번 시나리오 유저	END	1716964716491
USER	2번 시나리오 유저	START	1716964716528
REQUEST		1-a. 로그인	1716964716446	1716964716579	OK	 
REQUEST		1-b. 비즈니스 로직	1716964716580	1716964716582	OK	 
USER	2번 시나리오 유저	END	1716964716582
USER	2번 시나리오 유저	START	1716964716612
REQUEST		1-a. 로그인	1716964716529	1716964716674	OK	 
REQUEST		1-b. 비즈니스 로직	1716964716675	1716964716677	OK	 
USER	2번 시나리오 유저	END	1716964716677
USER	2번 시나리오 유저	START	1716964716694
REQUEST		1-a. 로그인	1716964716612	1716964716768	OK	 
REQUEST		1-b. 비즈니스 로직	1716964716769	1716964716771	OK	 
USER	2번 시나리오 유저	END	1716964716771
USER	2번 시나리오 유저	START	1716964716779
REQUEST		1-a. 로그인	1716964716695	1716964716861	OK	 
USER	2번 시나리오 유저	START	1716964716862
REQUEST		1-b. 비즈니스 로직	1716964716861	1716964716863	OK	 
USER	2번 시나리오 유저	END	1716964716864
USER	2번 시나리오 유저	START	1716964716944
REQUEST		1-a. 로그인	1716964716779	1716964716956	OK	 
REQUEST		1-b. 비즈니스 로직	1716964716957	1716964716959	OK	 
USER	2번 시나리오 유저	END	1716964716960
USER	2번 시나리오 유저	START	1716964717029
REQUEST		1-a. 로그인	1716964716862	1716964717053	OK	 
REQUEST		1-b. 비즈니스 로직	1716964717054	1716964717056	OK	 
USER	2번 시나리오 유저	END	1716964717056
REQUEST		1-a. 로그인	1716964716945	1716964717086	OK	 
REQUEST		1-b. 비즈니스 로직	1716964717086	1716964717088	OK	 
USER	2번 시나리오 유저	END	1716964717089
USER	2번 시나리오 유저	START	1716964717105
USER	2번 시나리오 유저	START	1716964717182
REQUEST		1-a. 로그인	1716964717030	1716964717187	OK	 
REQUEST		1-b. 비즈니스 로직	1716964717188	1716964717190	OK	 
USER	2번 시나리오 유저	END	1716964717190
USER	2번 시나리오 유저	START	1716964717259
REQUEST		1-a. 로그인	1716964717105	1716964717282	OK	 
USER	2번 시나리오 유저	START	1716964717336
REQUEST		1-b. 비즈니스 로직	1716964717283	1716964717351	OK	 
USER	2번 시나리오 유저	END	1716964717351
USER	2번 시나리오 유저	START	1716964717413
REQUEST		1-a. 로그인	1716964717183	1716964717454	OK	 
REQUEST		1-b. 비즈니스 로직	1716964717455	1716964717457	OK	 
USER	2번 시나리오 유저	END	1716964717457
USER	2번 시나리오 유저	START	1716964717490
REQUEST		1-a. 로그인	1716964717260	1716964717550	OK	 
REQUEST		1-b. 비즈니스 로직	1716964717551	1716964717555	OK	 
USER	2번 시나리오 유저	END	1716964717555
USER	2번 시나리오 유저	START	1716964717567
USER	2번 시나리오 유저	START	1716964717644
REQUEST		1-a. 로그인	1716964717337	1716964717663	OK	 
USER	2번 시나리오 유저	START	1716964717721
REQUEST		1-b. 비즈니스 로직	1716964717664	1716964717751	OK	 
USER	2번 시나리오 유저	END	1716964717751
USER	2번 시나리오 유저	START	1716964717799
USER	2번 시나리오 유저	START	1716964717876
USER	2번 시나리오 유저	START	1716964717952
USER	2번 시나리오 유저	START	1716964718030
USER	2번 시나리오 유저	START	1716964718100
USER	2번 시나리오 유저	START	1716964718170
USER	2번 시나리오 유저	START	1716964718242
REQUEST		1-a. 로그인	1716964717414	1716964718263	OK	 
USER	2번 시나리오 유저	START	1716964718314
REQUEST		1-a. 로그인	1716964717491	1716964718369	OK	 
USER	2번 시나리오 유저	START	1716964718385
USER	2번 시나리오 유저	START	1716964718457
REQUEST		1-b. 비즈니스 로직	1716964718265	1716964718465	OK	 
USER	2번 시나리오 유저	END	1716964718466
USER	2번 시나리오 유저	START	1716964718528
USER	2번 시나리오 유저	START	1716964718600
REQUEST		1-b. 비즈니스 로직	1716964718370	1716964718670	OK	 
USER	2번 시나리오 유저	END	1716964718671
USER	2번 시나리오 유저	START	1716964718672
USER	2번 시나리오 유저	START	1716964718743
USER	2번 시나리오 유저	START	1716964718813
REQUEST		1-a. 로그인	1716964717567	1716964718871	OK	 
USER	2번 시나리오 유저	START	1716964718886
USER	2번 시나리오 유저	START	1716964718958
USER	2번 시나리오 유저	START	1716964719030
USER	2번 시나리오 유저	START	1716964719095
USER	2번 시나리오 유저	START	1716964719162
USER	2번 시나리오 유저	START	1716964719229
USER	2번 시나리오 유저	START	1716964719294
REQUEST		1-b. 비즈니스 로직	1716964718871	1716964719360	OK	 
USER	2번 시나리오 유저	START	1716964719361
USER	2번 시나리오 유저	END	1716964719361
USER	2번 시나리오 유저	START	1716964719429
USER	2번 시나리오 유저	START	1716964719495
USER	2번 시나리오 유저	START	1716964719563
USER	2번 시나리오 유저	START	1716964719629
USER	2번 시나리오 유저	START	1716964719695
USER	2번 시나리오 유저	START	1716964719762
REQUEST		1-a. 로그인	1716964717722	1716964719770	OK	 
USER	2번 시나리오 유저	START	1716964719830
USER	2번 시나리오 유저	START	1716964719895
USER	2번 시나리오 유저	START	1716964719963
USER	2번 시나리오 유저	START	1716964720029
REQUEST		1-a. 로그인	1716964717645	1716964720064	OK	 
USER	2번 시나리오 유저	START	1716964720090
USER	2번 시나리오 유저	START	1716964720161
USER	2번 시나리오 유저	START	1716964720215
USER	2번 시나리오 유저	START	1716964720278
USER	2번 시나리오 유저	START	1716964720340
REQUEST		1-b. 비즈니스 로직	1716964719771	1716964720367	OK	 
USER	2번 시나리오 유저	END	1716964720368
USER	2번 시나리오 유저	START	1716964720403
USER	2번 시나리오 유저	START	1716964720465
USER	2번 시나리오 유저	START	1716964720529
REQUEST		1-b. 비즈니스 로직	1716964720065	1716964720566	OK	 
USER	2번 시나리오 유저	END	1716964720566
USER	2번 시나리오 유저	START	1716964720591
USER	2번 시나리오 유저	START	1716964720654
REQUEST		1-a. 로그인	1716964717800	1716964720666	OK	 
USER	2번 시나리오 유저	START	1716964720716
REQUEST		1-a. 로그인	1716964718171	1716964720762	OK	 
USER	2번 시나리오 유저	START	1716964720779
USER	2번 시나리오 유저	START	1716964720840
USER	2번 시나리오 유저	START	1716964720903
USER	2번 시나리오 유저	START	1716964720966
USER	2번 시나리오 유저	START	1716964721029
REQUEST		1-b. 비즈니스 로직	1716964720764	1716964721054	OK	 
USER	2번 시나리오 유저	END	1716964721055
REQUEST		1-a. 로그인	1716964717878	1716964721067	OK	 
USER	2번 시나리오 유저	START	1716964721087
USER	2번 시나리오 유저	START	1716964721146
REQUEST		1-b. 비즈니스 로직	1716964720668	1716964721155	OK	 
USER	2번 시나리오 유저	END	1716964721156
USER	2번 시나리오 유저	START	1716964721205
USER	2번 시나리오 유저	START	1716964721264
USER	2번 시나리오 유저	START	1716964721323
USER	2번 시나리오 유저	START	1716964721381
USER	2번 시나리오 유저	START	1716964721439
REQUEST		1-b. 비즈니스 로직	1716964721068	1716964721466	OK	 
USER	2번 시나리오 유저	END	1716964721467
USER	2번 시나리오 유저	START	1716964721500
USER	2번 시나리오 유저	START	1716964721559
USER	2번 시나리오 유저	START	1716964721618
USER	2번 시나리오 유저	START	1716964721676
USER	2번 시나리오 유저	START	1716964721734
USER	2번 시나리오 유저	START	1716964721794
USER	2번 시나리오 유저	START	1716964721853
USER	2번 시나리오 유저	START	1716964721912
USER	2번 시나리오 유저	START	1716964721971
USER	2번 시나리오 유저	START	1716964722031
USER	2번 시나리오 유저	START	1716964722084
USER	2번 시나리오 유저	START	1716964722140
USER	2번 시나리오 유저	START	1716964722195
USER	2번 시나리오 유저	START	1716964722253
USER	2번 시나리오 유저	START	1716964722305
USER	2번 시나리오 유저	START	1716964722361
USER	2번 시나리오 유저	START	1716964722417
REQUEST		1-a. 로그인	1716964717954	1716964722460	OK	 
USER	2번 시나리오 유저	START	1716964722473
USER	2번 시나리오 유저	START	1716964722529
USER	2번 시나리오 유저	START	1716964722584
USER	2번 시나리오 유저	START	1716964722641
REQUEST		1-a. 로그인	1716964718529	1716964722662	OK	 
USER	2번 시나리오 유저	START	1716964722695
USER	2번 시나리오 유저	START	1716964722752
USER	2번 시나리오 유저	START	1716964722806
USER	2번 시나리오 유저	START	1716964722862
USER	2번 시나리오 유저	START	1716964722918
USER	2번 시나리오 유저	START	1716964722973
USER	2번 시나리오 유저	START	1716964723029
USER	2번 시나리오 유저	START	1716964723081
USER	2번 시나리오 유저	START	1716964723134
USER	2번 시나리오 유저	START	1716964723186
USER	2번 시나리오 유저	START	1716964723239
USER	2번 시나리오 유저	START	1716964723293
USER	2번 시나리오 유저	START	1716964723344
USER	2번 시나리오 유저	START	1716964723397
USER	2번 시나리오 유저	START	1716964723451
REQUEST		1-a. 로그인	1716964718386	1716964723462	OK	 
USER	2번 시나리오 유저	START	1716964723503
USER	2번 시나리오 유저	START	1716964723555
USER	2번 시나리오 유저	START	1716964723609
USER	2번 시나리오 유저	START	1716964723662
REQUEST		1-a. 로그인	1716964718600	1716964723665	OK	 
USER	2번 시나리오 유저	START	1716964723715
USER	2번 시나리오 유저	START	1716964723766
USER	2번 시나리오 유저	START	1716964723819
REQUEST		1-b. 비즈니스 로직	1716964722663	1716964723864	OK	 
USER	2번 시나리오 유저	END	1716964723865
USER	2번 시나리오 유저	START	1716964723872
USER	2번 시나리오 유저	START	1716964723924
USER	2번 시나리오 유저	START	1716964723977
USER	2번 시나리오 유저	START	1716964724031
USER	2번 시나리오 유저	START	1716964724078
USER	2번 시나리오 유저	START	1716964724129
REQUEST		1-b. 비즈니스 로직	1716964722460	1716964724170	OK	 
USER	2번 시나리오 유저	END	1716964724170
USER	2번 시나리오 유저	START	1716964724179
USER	2번 시나리오 유저	START	1716964724228
USER	2번 시나리오 유저	START	1716964724279
USER	2번 시나리오 유저	START	1716964724328
REQUEST		1-a. 로그인	1716964718031	1716964724367	OK	 
USER	2번 시나리오 유저	START	1716964724378
USER	2번 시나리오 유저	START	1716964724428
REQUEST		1-a. 로그인	1716964718101	1716964724466	OK	 
USER	2번 시나리오 유저	START	1716964724478
USER	2번 시나리오 유저	START	1716964724528
REQUEST		1-b. 비즈니스 로직	1716964723463	1716964724570	OK	 
USER	2번 시나리오 유저	END	1716964724571
USER	2번 시나리오 유저	START	1716964724578
USER	2번 시나리오 유저	START	1716964724629
USER	2번 시나리오 유저	START	1716964724679
USER	2번 시나리오 유저	START	1716964724728
USER	2번 시나리오 유저	START	1716964724779
USER	2번 시나리오 유저	START	1716964724828
USER	2번 시나리오 유저	START	1716964724879
USER	2번 시나리오 유저	START	1716964724929
USER	2번 시나리오 유저	START	1716964724979
USER	2번 시나리오 유저	START	1716964725029
USER	2번 시나리오 유저	START	1716964725076
USER	2번 시나리오 유저	START	1716964725122
USER	2번 시나리오 유저	START	1716964725169
USER	2번 시나리오 유저	START	1716964725219
USER	2번 시나리오 유저	START	1716964725267
USER	2번 시나리오 유저	START	1716964725314
USER	2번 시나리오 유저	START	1716964725363
USER	2번 시나리오 유저	START	1716964725409
USER	2번 시나리오 유저	START	1716964725458
USER	2번 시나리오 유저	START	1716964725505
USER	2번 시나리오 유저	START	1716964725552
USER	2번 시나리오 유저	START	1716964725600
USER	2번 시나리오 유저	START	1716964725648
USER	2번 시나리오 유저	START	1716964725695
USER	2번 시나리오 유저	START	1716964725743
USER	2번 시나리오 유저	START	1716964725790
USER	2번 시나리오 유저	START	1716964725838
USER	2번 시나리오 유저	START	1716964725886
USER	2번 시나리오 유저	START	1716964725933
REQUEST		1-b. 비즈니스 로직	1716964723666	1716964725962	OK	 
USER	2번 시나리오 유저	END	1716964725963
REQUEST		1-a. 로그인	1716964718244	1716964725965	OK	 
REQUEST		1-a. 로그인	1716964718814	1716964725965	OK	 
REQUEST		1-a. 로그인	1716964719630	1716964725965	OK	 
REQUEST		1-a. 로그인	1716964718959	1716964725965	OK	 
REQUEST		1-a. 로그인	1716964718744	1716964725966	OK	 
REQUEST		1-a. 로그인	1716964719295	1716964725967	OK	 
USER	2번 시나리오 유저	START	1716964725981
USER	2번 시나리오 유저	START	1716964726029
REQUEST		1-a. 로그인	1716964719031	1716964726061	OK	 
USER	2번 시나리오 유저	START	1716964726074
USER	2번 시나리오 유저	START	1716964726120
USER	2번 시나리오 유저	START	1716964726165
REQUEST		1-a. 로그인	1716964719696	1716964726168	OK	 
USER	2번 시나리오 유저	START	1716964726210
USER	2번 시나리오 유저	START	1716964726258
USER	2번 시나리오 유저	START	1716964726301
USER	2번 시나리오 유저	START	1716964726347
REQUEST		1-a. 로그인	1716964718887	1716964726367	OK	 
REQUEST		1-b. 비즈니스 로직	1716964725966	1716964726367	OK	 
USER	2번 시나리오 유저	END	1716964726368
REQUEST		1-b. 비즈니스 로직	1716964724368	1716964726369	OK	 
REQUEST		1-b. 비즈니스 로직	1716964724468	1716964726369	OK	 
USER	2번 시나리오 유저	END	1716964726370
USER	2번 시나리오 유저	END	1716964726370
USER	2번 시나리오 유저	START	1716964726392
USER	2번 시나리오 유저	START	1716964726438
REQUEST		1-b. 비즈니스 로직	1716964726368	1716964726470	OK	 
USER	2번 시나리오 유저	END	1716964726470
USER	2번 시나리오 유저	START	1716964726483
USER	2번 시나리오 유저	START	1716964726529
USER	2번 시나리오 유저	START	1716964726574
USER	2번 시나리오 유저	START	1716964726619
USER	2번 시나리오 유저	START	1716964726665
USER	2번 시나리오 유저	START	1716964726711
USER	2번 시나리오 유저	START	1716964726757
USER	2번 시나리오 유저	START	1716964726801
USER	2번 시나리오 유저	START	1716964726848
USER	2번 시나리오 유저	START	1716964726892
USER	2번 시나리오 유저	START	1716964726938
USER	2번 시나리오 유저	START	1716964726984
USER	2번 시나리오 유저	START	1716964727029
USER	2번 시나리오 유저	START	1716964727071
USER	2번 시나리오 유저	START	1716964727114
USER	2번 시나리오 유저	START	1716964727159
USER	2번 시나리오 유저	START	1716964727202
USER	2번 시나리오 유저	START	1716964727246
USER	2번 시나리오 유저	START	1716964727289
USER	2번 시나리오 유저	START	1716964727333
USER	2번 시나리오 유저	START	1716964727376
USER	2번 시나리오 유저	START	1716964727420
USER	2번 시나리오 유저	START	1716964727463
USER	2번 시나리오 유저	START	1716964727507
USER	2번 시나리오 유저	START	1716964727550
USER	2번 시나리오 유저	START	1716964727594
USER	2번 시나리오 유저	START	1716964727638
USER	2번 시나리오 유저	START	1716964727682
USER	2번 시나리오 유저	START	1716964727725
REQUEST		1-b. 비즈니스 로직	1716964725968	1716964727767	OK	 
USER	2번 시나리오 유저	START	1716964727768
USER	2번 시나리오 유저	END	1716964727768
USER	2번 시나리오 유저	START	1716964727811
USER	2번 시나리오 유저	START	1716964727856
USER	2번 시나리오 유저	START	1716964727899
USER	2번 시나리오 유저	START	1716964727943
USER	2번 시나리오 유저	START	1716964727985
USER	2번 시나리오 유저	START	1716964728030
REQUEST		1-a. 로그인	1716964720592	1716964728063	OK	 
REQUEST		1-a. 로그인	1716964719430	1716964728063	OK	 
REQUEST		1-a. 로그인	1716964718672	1716964728063	OK	 
REQUEST		1-a. 로그인	1716964720531	1716964728066	OK	 
REQUEST		1-a. 로그인	1716964719230	1716964728066	OK	 
REQUEST		1-a. 로그인	1716964718457	1716964728067	OK	 
USER	2번 시나리오 유저	START	1716964728070
USER	2번 시나리오 유저	START	1716964728112
USER	2번 시나리오 유저	START	1716964728154
REQUEST		1-b. 비즈니스 로직	1716964725966	1716964728164	OK	 
USER	2번 시나리오 유저	END	1716964728165
USER	2번 시나리오 유저	START	1716964728195
USER	2번 시나리오 유저	START	1716964728237
USER	2번 시나리오 유저	START	1716964728280
USER	2번 시나리오 유저	START	1716964728320
USER	2번 시나리오 유저	START	1716964728362
USER	2번 시나리오 유저	START	1716964728403
USER	2번 시나리오 유저	START	1716964728445
USER	2번 시나리오 유저	START	1716964728487
USER	2번 시나리오 유저	START	1716964728530
USER	2번 시나리오 유저	START	1716964728571
USER	2번 시나리오 유저	START	1716964728612
USER	2번 시나리오 유저	START	1716964728654
USER	2번 시나리오 유저	START	1716964728694
USER	2번 시나리오 유저	START	1716964728738
USER	2번 시나리오 유저	START	1716964728780
USER	2번 시나리오 유저	START	1716964728821
USER	2번 시나리오 유저	START	1716964728862
USER	2번 시나리오 유저	START	1716964728904
USER	2번 시나리오 유저	START	1716964728946
USER	2번 시나리오 유저	START	1716964728988
USER	2번 시나리오 유저	START	1716964729030
USER	2번 시나리오 유저	START	1716964729069
USER	2번 시나리오 유저	START	1716964729108
USER	2번 시나리오 유저	START	1716964729150
USER	2번 시나리오 유저	START	1716964729189
USER	2번 시나리오 유저	START	1716964729230
USER	2번 시나리오 유저	START	1716964729269
USER	2번 시나리오 유저	START	1716964729310
USER	2번 시나리오 유저	START	1716964729349
USER	2번 시나리오 유저	START	1716964729389
USER	2번 시나리오 유저	START	1716964729430
USER	2번 시나리오 유저	START	1716964729470
USER	2번 시나리오 유저	START	1716964729509
USER	2번 시나리오 유저	START	1716964729551
USER	2번 시나리오 유저	START	1716964729590
USER	2번 시나리오 유저	START	1716964729630
USER	2번 시나리오 유저	START	1716964729670
REQUEST		1-b. 비즈니스 로직	1716964726169	1716964729670	OK	 
USER	2번 시나리오 유저	END	1716964729671
USER	2번 시나리오 유저	START	1716964729710
USER	2번 시나리오 유저	START	1716964729751
USER	2번 시나리오 유저	START	1716964729791
USER	2번 시나리오 유저	START	1716964729830
REQUEST		1-b. 비즈니스 로직	1716964726062	1716964729865	OK	 
REQUEST		1-b. 비즈니스 로직	1716964725967	1716964729865	OK	 
REQUEST		1-a. 로그인	1716964720031	1716964729865	OK	 
REQUEST		1-b. 비즈니스 로직	1716964725966	1716964729865	OK	 
REQUEST		1-a. 로그인	1716964719896	1716964729866	OK	 
REQUEST		1-a. 로그인	1716964719096	1716964729866	OK	 
USER	2번 시나리오 유저	END	1716964729867
REQUEST		1-a. 로그인	1716964719763	1716964729866	OK	 
USER	2번 시나리오 유저	END	1716964729867
USER	2번 시나리오 유저	END	1716964729867
REQUEST		1-a. 로그인	1716964721441	1716964729867	OK	 
USER	2번 시나리오 유저	START	1716964729870
USER	2번 시나리오 유저	START	1716964729911
USER	2번 시나리오 유저	START	1716964729951
REQUEST		1-a. 로그인	1716964720404	1716964729965	OK	 
USER	2번 시나리오 유저	START	1716964729990
REQUEST		1-a. 로그인	1716964719163	1716964731363	OK	 
REQUEST		1-a. 로그인	1716964719963	1716964731363	OK	 
REQUEST		1-a. 로그인	1716964718315	1716964731470	OK	 
REQUEST		1-b. 비즈니스 로직	1716964729867	1716964731560	OK	 
REQUEST		1-b. 비즈니스 로직	1716964728067	1716964731560	OK	 
REQUEST		1-a. 로그인	1716964721030	1716964731560	OK	 
REQUEST		1-a. 로그인	1716964719564	1716964731560	OK	 
USER	2번 시나리오 유저	END	1716964731560
USER	2번 시나리오 유저	END	1716964731560
REQUEST		1-a. 로그인	1716964719496	1716964731561	OK	 
REQUEST		1-b. 비즈니스 로직	1716964728065	1716964731561	OK	 
USER	2번 시나리오 유저	END	1716964731561
REQUEST		1-b. 비즈니스 로직	1716964728065	1716964731561	OK	 
REQUEST		1-a. 로그인	1716964720656	1716964731561	OK	 
USER	2번 시나리오 유저	END	1716964731561
REQUEST		1-a. 로그인	1716964719362	1716964731561	OK	 
REQUEST		1-b. 비즈니스 로직	1716964728067	1716964731666	OK	 
REQUEST		1-b. 비즈니스 로직	1716964729866	1716964731666	OK	 
REQUEST		1-b. 비즈니스 로직	1716964729866	1716964731666	OK	 
REQUEST		1-b. 비즈니스 로직	1716964728065	1716964731666	OK	 
REQUEST		1-b. 비즈니스 로직	1716964729867	1716964731666	OK	 
USER	2번 시나리오 유저	END	1716964731667
USER	2번 시나리오 유저	END	1716964731667
USER	2번 시나리오 유저	END	1716964731667
USER	2번 시나리오 유저	END	1716964731667
USER	2번 시나리오 유저	END	1716964731667
REQUEST		1-a. 로그인	1716964720164	1716964731667	OK	 
REQUEST		1-b. 비즈니스 로직	1716964729966	1716964731667	OK	 
USER	2번 시나리오 유저	END	1716964731668
REQUEST		1-a. 로그인	1716964720341	1716964731763	OK	 
REQUEST		1-b. 비즈니스 로직	1716964729866	1716964731763	OK	 
REQUEST		1-b. 비즈니스 로직	1716964728067	1716964731763	OK	 
REQUEST		1-b. 비즈니스 로직	1716964725966	1716964731765	OK	 
USER	2번 시나리오 유저	END	1716964731765
USER	2번 시나리오 유저	END	1716964731765
USER	2번 시나리오 유저	END	1716964731765
REQUEST		1-a. 로그인	1716964721854	1716964732065	OK	 
REQUEST		1-a. 로그인	1716964721913	1716964732065	OK	 
REQUEST		1-b. 비즈니스 로직	1716964731365	1716964732264	OK	 
USER	2번 시나리오 유저	END	1716964732265
REQUEST		1-b. 비즈니스 로직	1716964731560	1716964732361	OK	 
REQUEST		1-b. 비즈니스 로직	1716964731764	1716964732361	OK	 
REQUEST		1-a. 로그인	1716964719830	1716964732361	OK	 
REQUEST		1-b. 비즈니스 로직	1716964731365	1716964732362	OK	 
REQUEST		1-b. 비즈니스 로직	1716964731471	1716964732362	OK	 
REQUEST		1-a. 로그인	1716964721795	1716964732362	OK	 
REQUEST		1-a. 로그인	1716964720466	1716964732362	OK	 
REQUEST		1-a. 로그인	1716964721265	1716964732362	OK	 
REQUEST		1-b. 비즈니스 로직	1716964732067	1716964732363	OK	 
USER	2번 시나리오 유저	END	1716964732364
USER	2번 시나리오 유저	END	1716964732364
USER	2번 시나리오 유저	END	1716964732364
USER	2번 시나리오 유저	END	1716964732364
USER	2번 시나리오 유저	END	1716964732364
REQUEST		1-a. 로그인	1716964721147	1716964732451	OK	 
REQUEST		1-b. 비즈니스 로직	1716964732067	1716964732451	OK	 
USER	2번 시나리오 유저	END	1716964732452
REQUEST		1-b. 비즈니스 로직	1716964731668	1716964732457	OK	 
USER	2번 시나리오 유저	END	1716964732457
REQUEST		1-b. 비즈니스 로직	1716964732362	1716964732459	OK	 
USER	2번 시나리오 유저	END	1716964732459
REQUEST		1-b. 비즈니스 로직	1716964731562	1716964732460	OK	 
USER	2번 시나리오 유저	END	1716964732460
REQUEST		1-a. 로그인	1716964721619	1716964732559	OK	 
REQUEST		1-a. 로그인	1716964723240	1716964732666	OK	 
REQUEST		1-a. 로그인	1716964721206	1716964732766	OK	 
REQUEST		1-a. 로그인	1716964720091	1716964733064	OK	 
REQUEST		1-a. 로그인	1716964720780	1716964733064	OK	 
REQUEST		1-a. 로그인	1716964722418	1716964733064	OK	 
REQUEST		1-a. 로그인	1716964720216	1716964733160	OK	 
REQUEST		1-a. 로그인	1716964720279	1716964733165	OK	 
REQUEST		1-a. 로그인	1716964721501	1716964733565	OK	 
REQUEST		1-b. 비즈니스 로직	1716964732667	1716964733565	OK	 
USER	2번 시나리오 유저	END	1716964733566
REQUEST		1-b. 비즈니스 로직	1716964731561	1716964733566	OK	 
USER	2번 시나리오 유저	END	1716964733566
REQUEST		1-b. 비즈니스 로직	1716964731560	1716964733567	OK	 
REQUEST		1-a. 로그인	1716964722807	1716964733567	OK	 
USER	2번 시나리오 유저	END	1716964733567
REQUEST		1-a. 로그인	1716964722863	1716964733668	OK	 
REQUEST		1-a. 로그인	1716964723346	1716964733668	OK	 
REQUEST		1-b. 비즈니스 로직	1716964731562	1716964733761	OK	 
REQUEST		1-b. 비즈니스 로직	1716964733066	1716964733761	OK	 
USER	2번 시나리오 유저	END	1716964733762
USER	2번 시나리오 유저	END	1716964733762
REQUEST		1-b. 비즈니스 로직	1716964733161	1716964733765	OK	 
USER	2번 시나리오 유저	END	1716964733766
REQUEST		1-b. 비즈니스 로직	1716964733066	1716964733862	OK	 
USER	2번 시나리오 유저	END	1716964733863
REQUEST		1-b. 비즈니스 로직	1716964733669	1716964734368	OK	 
USER	2번 시나리오 유저	END	1716964734369
REQUEST		1-b. 비즈니스 로직	1716964733669	1716964734468	OK	 
USER	2번 시나리오 유저	END	1716964734469
REQUEST		1-b. 비즈니스 로직	1716964732767	1716964735267	OK	 
USER	2번 시나리오 유저	END	1716964735268
REQUEST		1-a. 로그인	1716964720903	1716964735268	OK	 
REQUEST		1-b. 비즈니스 로직	1716964733568	1716964735365	OK	 
REQUEST		1-a. 로그인	1716964722085	1716964735365	OK	 
USER	2번 시나리오 유저	END	1716964735366
REQUEST		1-a. 로그인	1716964720967	1716964735465	OK	 
REQUEST		1-b. 비즈니스 로직	1716964733566	1716964735859	OK	 
REQUEST		1-a. 로그인	1716964723187	1716964735859	OK	 
USER	2번 시나리오 유저	END	1716964735859
REQUEST		1-a. 로그인	1716964723557	1716964735878	OK	 
REQUEST		1-a. 로그인	1716964720717	1716964735963	OK	 
REQUEST		1-a. 로그인	1716964722473	1716964736169	OK	 
REQUEST		1-b. 비즈니스 로직	1716964735268	1716964736464	OK	 
USER	2번 시나리오 유저	END	1716964736465
REQUEST		1-b. 비즈니스 로직	1716964735366	1716964736963	OK	 
REQUEST		1-a. 로그인	1716964721088	1716964736963	OK	 
REQUEST		1-b. 비즈니스 로직	1716964735859	1716964736964	OK	 
USER	2번 시나리오 유저	END	1716964736964
USER	2번 시나리오 유저	END	1716964736964
REQUEST		1-b. 비즈니스 로직	1716964733166	1716964737065	OK	 
USER	2번 시나리오 유저	END	1716964737066
REQUEST		1-b. 비즈니스 로직	1716964735964	1716964737068	OK	 
USER	2번 시나리오 유저	END	1716964737069
REQUEST		1-b. 비즈니스 로직	1716964735879	1716964737366	OK	 
USER	2번 시나리오 유저	END	1716964737367
REQUEST		1-a. 로그인	1716964721678	1716964737464	OK	 
REQUEST		1-b. 비즈니스 로직	1716964736170	1716964737466	OK	 
USER	2번 시나리오 유저	END	1716964737466
REQUEST		1-b. 비즈니스 로직	1716964733066	1716964737778	OK	 
USER	2번 시나리오 유저	END	1716964737779
REQUEST		1-b. 비즈니스 로직	1716964735466	1716964739265	OK	 
USER	2번 시나리오 유저	END	1716964739266
REQUEST		1-a. 로그인	1716964722641	1716964739573	OK	 
REQUEST		1-a. 로그인	1716964720842	1716964739865	OK	 
REQUEST		1-a. 로그인	1716964722032	1716964739865	OK	 
REQUEST		1-a. 로그인	1716964723505	1716964739968	OK	 
REQUEST		1-a. 로그인	1716964721735	1716964740064	OK	 
REQUEST		1-a. 로그인	1716964721382	1716964740265	OK	 
REQUEST		1-b. 비즈니스 로직	1716964740066	1716964740666	OK	 
USER	2번 시나리오 유저	END	1716964740667
REQUEST		1-b. 비즈니스 로직	1716964739969	1716964740668	OK	 
USER	2번 시나리오 유저	END	1716964740668
REQUEST		1-a. 로그인	1716964722585	1716964740863	OK	 
REQUEST		1-b. 비즈니스 로직	1716964740266	1716964741059	OK	 
REQUEST		1-a. 로그인	1716964723294	1716964741059	OK	 
USER	2번 시나리오 유저	END	1716964741059
REQUEST		1-a. 로그인	1716964721561	1716964741265	OK	 
REQUEST		1-a. 로그인	1716964723083	1716964741364	OK	 
REQUEST		1-b. 비즈니스 로직	1716964741059	1716964741464	OK	 
REQUEST		1-a. 로그인	1716964722196	1716964741464	OK	 
USER	2번 시나리오 유저	END	1716964741465
REQUEST		1-a. 로그인	1716964726712	1716964741664	OK	 
REQUEST		1-b. 비즈니스 로직	1716964741465	1716964741664	OK	 
USER	2번 시나리오 유저	END	1716964741665
REQUEST		1-b. 비즈니스 로직	1716964741366	1716964741763	OK	 
USER	2번 시나리오 유저	END	1716964741763
REQUEST		1-a. 로그인	1716964723610	1716964742169	OK	 
REQUEST		1-a. 로그인	1716964723399	1716964742169	OK	 
REQUEST		1-a. 로그인	1716964725601	1716964742169	OK	 
REQUEST		1-a. 로그인	1716964722919	1716964742560	OK	 
REQUEST		1-a. 로그인	1716964723716	1716964742659	OK	 
REQUEST		1-a. 로그인	1716964722362	1716964742966	OK	 
REQUEST		1-a. 로그인	1716964725506	1716964743463	OK	 
REQUEST		1-a. 로그인	1716964722696	1716964743967	OK	 
REQUEST		1-a. 로그인	1716964724780	1716964743967	OK	 
REQUEST		1-a. 로그인	1716964729231	1716964744466	OK	 
REQUEST		1-a. 로그인	1716964725459	1716964744567	OK	 
REQUEST		1-b. 비즈니스 로직	1716964742967	1716964744666	OK	 
USER	2번 시나리오 유저	END	1716964744667
REQUEST		1-a. 로그인	1716964727203	1716964746961	OK	 
REQUEST		1-a. 로그인	1716964726620	1716964747064	OK	 
REQUEST		1-a. 로그인	1716964729711	1716964747065	OK	 
REQUEST		1-b. 비즈니스 로직	1716964744467	1716964747066	OK	 
USER	2번 시나리오 유저	END	1716964747066
REQUEST		1-a. 로그인	1716964726665	1716964747162	OK	 
REQUEST		1-a. 로그인	1716964727508	1716964747166	OK	 
REQUEST		1-a. 로그인	1716964727683	1716964747166	OK	 
REQUEST		1-a. 로그인	1716964722141	1716964747168	OK	 
REQUEST		1-a. 로그인	1716964722754	1716964747168	OK	 
REQUEST		1-b. 비즈니스 로직	1716964744568	1716964747168	OK	 
USER	2번 시나리오 유저	END	1716964747169
REQUEST		1-a. 로그인	1716964728196	1716964747261	OK	 
REQUEST		1-a. 로그인	1716964723663	1716964747265	OK	 
REQUEST		1-a. 로그인	1716964726121	1716964747265	OK	 
REQUEST		1-a. 로그인	1716964722530	1716964747265	OK	 
REQUEST		1-a. 로그인	1716964722306	1716964747265	OK	 
REQUEST		1-a. 로그인	1716964722974	1716964747362	OK	 
REQUEST		1-a. 로그인	1716964721324	1716964747464	OK	 
REQUEST		1-a. 로그인	1716964728905	1716964747464	OK	 
REQUEST		1-a. 로그인	1716964725934	1716964747464	OK	 
REQUEST		1-a. 로그인	1716964726074	1716964747464	OK	 
REQUEST		1-a. 로그인	1716964723767	1716964747466	OK	 
REQUEST		1-a. 로그인	1716964723453	1716964747466	OK	 
REQUEST		1-a. 로그인	1716964728070	1716964747568	OK	 
REQUEST		1-a. 로그인	1716964727726	1716964747666	OK	 
REQUEST		1-a. 로그인	1716964726211	1716964747666	OK	 
REQUEST		1-b. 비즈니스 로직	1716964747168	1716964747765	OK	 
REQUEST		1-b. 비즈니스 로직	1716964747163	1716964747765	OK	 
USER	2번 시나리오 유저	END	1716964747766
USER	2번 시나리오 유저	END	1716964747766
REQUEST		1-b. 비즈니스 로직	1716964747262	1716964747868	OK	 
USER	2번 시나리오 유저	END	1716964747869
REQUEST		1-a. 로그인	1716964725553	1716964747967	OK	 
REQUEST		1-b. 비즈니스 로직	1716964747266	1716964747967	OK	 
USER	2번 시나리오 유저	END	1716964747968
REQUEST		1-b. 비즈니스 로직	1716964746962	1716964747968	OK	 
REQUEST		1-a. 로그인	1716964727333	1716964747968	OK	 
REQUEST		1-a. 로그인	1716964724630	1716964747968	OK	 
USER	2번 시나리오 유저	END	1716964747969
REQUEST		1-b. 비즈니스 로직	1716964747167	1716964748064	OK	 
REQUEST		1-b. 비즈니스 로직	1716964747266	1716964748064	OK	 
REQUEST		1-b. 비즈니스 로직	1716964747168	1716964748064	OK	 
REQUEST		1-b. 비즈니스 로직	1716964747066	1716964748064	OK	 
USER	2번 시나리오 유저	END	1716964748065
USER	2번 시나리오 유저	END	1716964748065
USER	2번 시나리오 유저	END	1716964748065
USER	2번 시나리오 유저	END	1716964748065
REQUEST		1-b. 비즈니스 로직	1716964747266	1716964748067	OK	 
REQUEST		1-b. 비즈니스 로직	1716964747167	1716964748067	OK	 
USER	2번 시나리오 유저	END	1716964748068
USER	2번 시나리오 유저	END	1716964748068
REQUEST		1-b. 비즈니스 로직	1716964747467	1716964748262	OK	 
REQUEST		1-a. 로그인	1716964724880	1716964748262	OK	 
USER	2번 시나리오 유저	END	1716964748263
REQUEST		1-a. 로그인	1716964723135	1716964748264	OK	 
REQUEST		1-b. 비즈니스 로직	1716964747667	1716964748368	OK	 
REQUEST		1-b. 비즈니스 로직	1716964747466	1716964748368	OK	 
REQUEST		1-b. 비즈니스 로직	1716964747465	1716964748369	OK	 
USER	2번 시나리오 유저	END	1716964748370
USER	2번 시나리오 유저	END	1716964748370
USER	2번 시나리오 유저	END	1716964748370
REQUEST		1-a. 로그인	1716964726575	1716964748468	OK	 
REQUEST		1-b. 비즈니스 로직	1716964747569	1716964748562	OK	 
REQUEST		1-b. 비즈니스 로직	1716964747467	1716964748562	OK	 
REQUEST		1-a. 로그인	1716964723030	1716964748562	OK	 
REQUEST		1-b. 비즈니스 로직	1716964747466	1716964748562	OK	 
USER	2번 시나리오 유저	END	1716964748564
USER	2번 시나리오 유저	END	1716964748564
USER	2번 시나리오 유저	END	1716964748564
REQUEST		1-b. 비즈니스 로직	1716964736964	1716964749815	OK	 
REQUEST		1-b. 비즈니스 로직	1716964747967	1716964749815	OK	 
REQUEST		1-a. 로그인	1716964728572	1716964749815	OK	 
REQUEST		1-a. 로그인	1716964729752	1716964749815	OK	 
REQUEST		1-b. 비즈니스 로직	1716964747968	1716964749816	OK	 
USER	2번 시나리오 유저	END	1716964749816
USER	2번 시나리오 유저	END	1716964749816
USER	2번 시나리오 유저	END	1716964749816
REQUEST		1-b. 비즈니스 로직	1716964743968	1716964749816	OK	 
USER	2번 시나리오 유저	END	1716964749817
REQUEST		1-a. 로그인	1716964727376	1716964749854	OK	 
REQUEST		1-a. 로그인	1716964729311	1716964749962	OK	 
REQUEST		1-a. 로그인	1716964727943	1716964749964	OK	 
REQUEST		1-b. 비즈니스 로직	1716964747667	1716964749964	OK	 
USER	2번 시나리오 유저	END	1716964749965
REQUEST		1-b. 비즈니스 로직	1716964739866	1716964750356	OK	 
REQUEST		1-a. 로그인	1716964724679	1716964750356	OK	 
USER	2번 시나리오 유저	END	1716964750356
REQUEST		1-a. 로그인	1716964729591	1716964751270	OK	 
REQUEST		1-b. 비즈니스 로직	1716964743464	1716964751366	OK	 
REQUEST		1-b. 비즈니스 로직	1716964737465	1716964751366	OK	 
REQUEST		1-b. 비즈니스 로직	1716964741665	1716964751366	OK	 
USER	2번 시나리오 유저	END	1716964751367
USER	2번 시나리오 유저	END	1716964751367
USER	2번 시나리오 유저	END	1716964751367
REQUEST		1-b. 비즈니스 로직	1716964747065	1716964751565	OK	 
REQUEST		1-b. 비즈니스 로직	1716964747466	1716964751565	OK	 
REQUEST		1-b. 비즈니스 로직	1716964742170	1716964751565	OK	 
USER	2번 시나리오 유저	END	1716964751566
USER	2번 시나리오 유저	END	1716964751566
USER	2번 시나리오 유저	END	1716964751566
REQUEST		1-b. 비즈니스 로직	1716964732361	1716964751566	OK	 
REQUEST		1-b. 비즈니스 로직	1716964747266	1716964751566	OK	 
REQUEST		1-a. 로그인	1716964726803	1716964751566	OK	 
REQUEST		1-a. 로그인	1716964725170	1716964751566	OK	 
USER	2번 시나리오 유저	END	1716964751567
USER	2번 시나리오 유저	END	1716964751567
REQUEST		1-b. 비즈니스 로직	1716964748263	1716964751567	OK	 
REQUEST		1-b. 비즈니스 로직	1716964743968	1716964751567	OK	 
REQUEST		1-b. 비즈니스 로직	1716964747364	1716964751567	OK	 
USER	2번 시나리오 유저	END	1716964751567
USER	2번 시나리오 유저	END	1716964751568
USER	2번 시나리오 유저	END	1716964751568
REQUEST		1-a. 로그인	1716964726894	1716964751567	OK	 
REQUEST		1-b. 비즈니스 로직	1716964732560	1716964751661	OK	 
REQUEST		1-b. 비즈니스 로직	1716964748469	1716964751661	OK	 
USER	2번 시나리오 유저	END	1716964751662
USER	2번 시나리오 유저	END	1716964751662
REQUEST		1-b. 비즈니스 로직	1716964749965	1716964751666	OK	 
REQUEST		1-a. 로그인	1716964729070	1716964751666	OK	 
USER	2번 시나리오 유저	END	1716964751666
REQUEST		1-a. 로그인	1716964728031	1716964751765	OK	 
REQUEST		1-a. 로그인	1716964728695	1716964751767	OK	 
REQUEST		1-a. 로그인	1716964727986	1716964751767	OK	 
REQUEST		1-a. 로그인	1716964724930	1716964751767	OK	 
REQUEST		1-a. 로그인	1716964728404	1716964751768	OK	 
REQUEST		1-a. 로그인	1716964726849	1716964751768	OK	 
REQUEST		1-b. 비즈니스 로직	1716964749854	1716964751866	OK	 
REQUEST		1-a. 로그인	1716964723873	1716964751866	OK	 
REQUEST		1-a. 로그인	1716964725792	1716964751866	OK	 
USER	2번 시나리오 유저	END	1716964751868
REQUEST		1-b. 비즈니스 로직	1716964751568	1716964751965	OK	 
REQUEST		1-a. 로그인	1716964725839	1716964751965	OK	 
USER	2번 시나리오 유저	END	1716964751966
REQUEST		1-b. 비즈니스 로직	1716964749816	1716964751966	OK	 
REQUEST		1-b. 비즈니스 로직	1716964732452	1716964751966	OK	 
REQUEST		1-b. 비즈니스 로직	1716964748564	1716964751966	OK	 
REQUEST		1-b. 비즈니스 로직	1716964732363	1716964751966	OK	 
REQUEST		1-a. 로그인	1716964727160	1716964751966	OK	 
REQUEST		1-b. 비즈니스 로직	1716964751567	1716964751966	OK	 
USER	2번 시나리오 유저	END	1716964751967
USER	2번 시나리오 유저	END	1716964751967
USER	2번 시나리오 유저	END	1716964751967
USER	2번 시나리오 유저	END	1716964751967
USER	2번 시나리오 유저	END	1716964751967
REQUEST		1-a. 로그인	1716964727551	1716964752065	OK	 
REQUEST		1-b. 비즈니스 로직	1716964747968	1716964752162	OK	 
REQUEST		1-b. 비즈니스 로직	1716964750356	1716964752163	OK	 
REQUEST		1-a. 로그인	1716964725982	1716964752162	OK	 
USER	2번 시나리오 유저	END	1716964752163
REQUEST		1-b. 비즈니스 로직	1716964751766	1716964752163	OK	 
USER	2번 시나리오 유저	END	1716964752163
USER	2번 시나리오 유저	END	1716964752164
REQUEST		1-b. 비즈니스 로직	1716964751271	1716964752369	OK	 
USER	2번 시나리오 유저	END	1716964752370
REQUEST		1-a. 로그인	1716964727246	1716964752560	OK	 
REQUEST		1-a. 로그인	1716964722255	1716964752667	OK	 
REQUEST		1-b. 비즈니스 로직	1716964732363	1716964752766	OK	 
REQUEST		1-b. 비즈니스 로직	1716964751768	1716964752766	OK	 
USER	2번 시나리오 유저	END	1716964752767
USER	2번 시나리오 유저	END	1716964752767
REQUEST		1-b. 비즈니스 로직	1716964740864	1716964752854	OK	 
USER	2번 시나리오 유저	END	1716964752855
REQUEST		1-a. 로그인	1716964729031	1716964752867	OK	 
REQUEST		1-b. 비즈니스 로직	1716964749816	1716964752966	OK	 
REQUEST		1-b. 비즈니스 로직	1716964751567	1716964752966	OK	 
REQUEST		1-b. 비즈니스 로직	1716964742660	1716964752966	OK	 
USER	2번 시나리오 유저	END	1716964752967
USER	2번 시나리오 유저	END	1716964752967
USER	2번 시나리오 유저	END	1716964752967
REQUEST		1-b. 비즈니스 로직	1716964741266	1716964753264	OK	 
REQUEST		1-b. 비즈니스 로직	1716964748264	1716964753264	OK	 
USER	2번 시나리오 유저	END	1716964753264
USER	2번 시나리오 유저	END	1716964753264
REQUEST		1-a. 로그인	1716964721973	1716964754964	OK	 
REQUEST		1-a. 로그인	1716964726165	1716964754964	OK	 
REQUEST		1-a. 로그인	1716964729912	1716964755067	OK	 
REQUEST		1-b. 비즈니스 로직	1716964751769	1716964755069	OK	 
USER	2번 시나리오 유저	END	1716964755069
REQUEST		1-b. 비즈니스 로직	1716964751769	1716964755170	OK	 
USER	2번 시나리오 유저	END	1716964755173
REQUEST		1-b. 비즈니스 로직	1716964739866	1716964755364	OK	 
REQUEST		1-b. 비즈니스 로직	1716964752163	1716964755364	OK	 
REQUEST		1-b. 비즈니스 로직	1716964751966	1716964755364	OK	 
USER	2번 시나리오 유저	END	1716964755364
USER	2번 시나리오 유저	END	1716964755364
USER	2번 시나리오 유저	END	1716964755365
REQUEST		1-b. 비즈니스 로직	1716964751768	1716964755365	OK	 
USER	2번 시나리오 유저	END	1716964755365
REQUEST		1-b. 비즈니스 로직	1716964751967	1716964755367	OK	 
REQUEST		1-b. 비즈니스 로직	1716964749963	1716964755367	OK	 
REQUEST		1-a. 로그인	1716964729791	1716964755367	OK	 
USER	2번 시나리오 유저	END	1716964755367
REQUEST		1-a. 로그인	1716964729270	1716964755367	OK	 
USER	2번 시나리오 유저	END	1716964755368
REQUEST		1-b. 비즈니스 로직	1716964751768	1716964755368	OK	 
REQUEST		1-a. 로그인	1716964727290	1716964755368	OK	 
USER	2번 시나리오 유저	END	1716964755368
REQUEST		1-a. 로그인	1716964723925	1716964755368	OK	 
REQUEST		1-b. 비즈니스 로직	1716964742561	1716964755368	OK	 
REQUEST		1-a. 로그인	1716964727595	1716964755368	OK	 
USER	2번 시나리오 유저	END	1716964755368
REQUEST		1-a. 로그인	1716964727768	1716964755368	OK	 
REQUEST		1-a. 로그인	1716964725745	1716964755464	OK	 
REQUEST		1-a. 로그인	1716964725364	1716964755464	OK	 
REQUEST		1-a. 로그인	1716964728446	1716964755464	OK	 
REQUEST		1-a. 로그인	1716964729954	1716964755766	OK	 
REQUEST		1-a. 로그인	1716964728238	1716964755766	OK	 
REQUEST		1-a. 로그인	1716964726530	1716964755766	OK	 
REQUEST		1-a. 로그인	1716964728739	1716964755767	OK	 
REQUEST		1-a. 로그인	1716964729350	1716964755767	OK	 
REQUEST		1-a. 로그인	1716964729190	1716964755766	OK	 
REQUEST		1-b. 비즈니스 로직	1716964752066	1716964755768	OK	 
REQUEST		1-a. 로그인	1716964726439	1716964755768	OK	 
USER	2번 시나리오 유저	END	1716964755769
REQUEST		1-a. 로그인	1716964728989	1716964755865	OK	 
REQUEST		1-b. 비즈니스 로직	1716964751867	1716964755867	OK	 
USER	2번 시나리오 유저	END	1716964755867
REQUEST		1-b. 비즈니스 로직	1716964752561	1716964755868	OK	 
USER	2번 시나리오 유저	END	1716964755868
REQUEST		1-b. 비즈니스 로직	1716964755068	1716964756064	OK	 
REQUEST		1-a. 로그인	1716964724979	1716964756064	OK	 
REQUEST		1-a. 로그인	1716964729670	1716964756065	OK	 
USER	2번 시나리오 유저	END	1716964756065
REQUEST		1-b. 비즈니스 로직	1716964752668	1716964756066	OK	 
USER	2번 시나리오 유저	END	1716964756066
REQUEST		1-b. 비즈니스 로직	1716964755368	1716964756163	OK	 
REQUEST		1-b. 비즈니스 로직	1716964755368	1716964756163	OK	 
REQUEST		1-a. 로그인	1716964728531	1716964756163	OK	 
USER	2번 시나리오 유저	END	1716964756163
USER	2번 시나리오 유저	END	1716964756164
REQUEST		1-b. 비즈니스 로직	1716964755368	1716964756567	OK	 
USER	2번 시나리오 유저	END	1716964756568
REQUEST		1-b. 비즈니스 로직	1716964755464	1716964756660	OK	 
USER	2번 시나리오 유저	END	1716964756661
REQUEST		1-b. 비즈니스 로직	1716964755769	1716964756664	OK	 
USER	2번 시나리오 유저	END	1716964756664
REQUEST		1-b. 비즈니스 로직	1716964755464	1716964756760	OK	 
USER	2번 시나리오 유저	END	1716964756760
REQUEST		1-b. 비즈니스 로직	1716964754965	1716964756765	OK	 
REQUEST		1-b. 비즈니스 로직	1716964742170	1716964756765	OK	 
REQUEST		1-a. 로그인	1716964728155	1716964756765	OK	 
REQUEST		1-a. 로그인	1716964729109	1716964756765	OK	 
USER	2번 시나리오 유저	END	1716964756766
USER	2번 시나리오 유저	END	1716964756766
REQUEST		1-b. 비즈니스 로직	1716964755465	1716964756860	OK	 
REQUEST		1-b. 비즈니스 로직	1716964755369	1716964756860	OK	 
REQUEST		1-b. 비즈니스 로직	1716964755767	1716964756861	OK	 
REQUEST		1-b. 비즈니스 로직	1716964755368	1716964756860	OK	 
USER	2번 시나리오 유저	END	1716964756861
REQUEST		1-b. 비즈니스 로직	1716964752868	1716964756861	OK	 
USER	2번 시나리오 유저	END	1716964756861
USER	2번 시나리오 유저	END	1716964756861
USER	2번 시나리오 유저	END	1716964756861
USER	2번 시나리오 유저	END	1716964756861
REQUEST		1-b. 비즈니스 로직	1716964755368	1716964756866	OK	 
REQUEST		1-a. 로그인	1716964725268	1716964756866	OK	 
USER	2번 시나리오 유저	END	1716964756867
REQUEST		1-b. 비즈니스 로직	1716964751666	1716964757465	OK	 
REQUEST		1-b. 비즈니스 로직	1716964755768	1716964757465	OK	 
REQUEST		1-b. 비즈니스 로직	1716964755767	1716964757466	OK	 
USER	2번 시나리오 유저	END	1716964757466
USER	2번 시나리오 유저	END	1716964757466
USER	2번 시나리오 유저	END	1716964757466
REQUEST		1-b. 비즈니스 로직	1716964754965	1716964757467	OK	 
REQUEST		1-b. 비즈니스 로직	1716964755767	1716964757467	OK	 
USER	2번 시나리오 유저	END	1716964757467
USER	2번 시나리오 유저	END	1716964757467
REQUEST		1-b. 비즈니스 로직	1716964742170	1716964757564	OK	 
REQUEST		1-b. 비즈니스 로직	1716964739574	1716964757564	OK	 
USER	2번 시나리오 유저	END	1716964757565
USER	2번 시나리오 유저	END	1716964757565
REQUEST		1-b. 비즈니스 로직	1716964755767	1716964757765	OK	 
USER	2번 시나리오 유저	END	1716964757766
REQUEST		1-b. 비즈니스 로직	1716964751867	1716964757865	OK	 
REQUEST		1-a. 로그인	1716964727857	1716964757865	OK	 
REQUEST		1-a. 로그인	1716964728822	1716964757865	OK	 
REQUEST		1-a. 로그인	1716964729871	1716964757865	OK	 
REQUEST		1-a. 로그인	1716964727464	1716964757865	OK	 
USER	2번 시나리오 유저	END	1716964757866
REQUEST		1-b. 비즈니스 로직	1716964755866	1716964758067	OK	 
REQUEST		1-b. 비즈니스 로직	1716964755768	1716964758067	OK	 
REQUEST		1-b. 비즈니스 로직	1716964756065	1716964758067	OK	 
USER	2번 시나리오 유저	END	1716964758068
USER	2번 시나리오 유저	END	1716964758068
USER	2번 시나리오 유저	END	1716964758068
REQUEST		1-b. 비즈니스 로직	1716964756164	1716964758165	OK	 
REQUEST		1-a. 로그인	1716964727421	1716964758165	OK	 
USER	2번 시나리오 유저	END	1716964758166
REQUEST		1-b. 비즈니스 로직	1716964756065	1716964758263	OK	 
REQUEST		1-a. 로그인	1716964728781	1716964758263	OK	 
USER	2번 시나리오 유저	END	1716964758264
REQUEST		1-b. 비즈니스 로직	1716964757865	1716964758366	OK	 
REQUEST		1-a. 로그인	1716964725649	1716964758366	OK	 
USER	2번 시나리오 유저	END	1716964758367
REQUEST		1-a. 로그인	1716964728947	1716964758967	OK	 
REQUEST		1-a. 로그인	1716964728281	1716964759060	OK	 
REQUEST		1-a. 로그인	1716964729631	1716964759060	OK	 
REQUEST		1-b. 비즈니스 로직	1716964756867	1716964759063	OK	 
REQUEST		1-a. 로그인	1716964725123	1716964759063	OK	 
USER	2번 시나리오 유저	END	1716964759064
REQUEST		1-b. 비즈니스 로직	1716964758166	1716964760372	OK	 
USER	2번 시나리오 유저	END	1716964760373
REQUEST		1-b. 비즈니스 로직	1716964757866	1716964760462	OK	 
USER	2번 시나리오 유저	END	1716964760463
REQUEST		1-b. 비즈니스 로직	1716964757865	1716964760564	OK	 
REQUEST		1-b. 비즈니스 로직	1716964756766	1716964760564	OK	 
USER	2번 시나리오 유저	END	1716964760565
USER	2번 시나리오 유저	END	1716964760565
REQUEST		1-a. 로그인	1716964729431	1716964760566	OK	 
REQUEST		1-a. 로그인	1716964726260	1716964760567	OK	 
REQUEST		1-a. 로그인	1716964724130	1716964760568	OK	 
REQUEST		1-b. 비즈니스 로직	1716964757866	1716964760663	OK	 
REQUEST		1-a. 로그인	1716964724379	1716964760663	OK	 
REQUEST		1-a. 로그인	1716964726030	1716964760664	OK	 
REQUEST		1-a. 로그인	1716964727639	1716964760664	OK	 
REQUEST		1-a. 로그인	1716964727031	1716964760664	OK	 
USER	2번 시나리오 유저	END	1716964760665
REQUEST		1-a. 로그인	1716964729390	1716964760665	OK	 
REQUEST		1-a. 로그인	1716964728321	1716964760666	OK	 
REQUEST		1-a. 로그인	1716964729510	1716964760666	OK	 
REQUEST		1-a. 로그인	1716964724829	1716964760666	OK	 
REQUEST		1-a. 로그인	1716964726940	1716964760765	OK	 
REQUEST		1-a. 로그인	1716964726302	1716964760765	OK	 
REQUEST		1-a. 로그인	1716964726758	1716964760869	OK	 
REQUEST		1-b. 비즈니스 로직	1716964756766	1716964760870	OK	 
USER	2번 시나리오 유저	END	1716964760871
REQUEST		1-b. 비즈니스 로직	1716964758264	1716964761169	OK	 
USER	2번 시나리오 유저	END	1716964761170
REQUEST		1-b. 비즈니스 로직	1716964760567	1716964761269	OK	 
USER	2번 시나리오 유저	END	1716964761270
REQUEST		1-b. 비즈니스 로직	1716964759061	1716964761361	OK	 
REQUEST		1-b. 비즈니스 로직	1716964760568	1716964761361	OK	 
USER	2번 시나리오 유저	END	1716964761361
USER	2번 시나리오 유저	END	1716964761361
REQUEST		1-b. 비즈니스 로직	1716964758367	1716964761362	OK	 
REQUEST		1-b. 비즈니스 로직	1716964760664	1716964761363	OK	 
REQUEST		1-b. 비즈니스 로직	1716964759064	1716964761363	OK	 
USER	2번 시나리오 유저	END	1716964761363
USER	2번 시나리오 유저	END	1716964761363
USER	2번 시나리오 유저	END	1716964761363
REQUEST		1-b. 비즈니스 로직	1716964760665	1716964761363	OK	 
REQUEST		1-b. 비즈니스 로직	1716964760567	1716964761363	OK	 
REQUEST		1-a. 로그인	1716964724079	1716964761363	OK	 
REQUEST		1-b. 비즈니스 로직	1716964759061	1716964761363	OK	 
USER	2번 시나리오 유저	END	1716964761363
USER	2번 시나리오 유저	END	1716964761364
USER	2번 시나리오 유저	END	1716964761364
REQUEST		1-b. 비즈니스 로직	1716964760664	1716964761363	OK	 
USER	2번 시나리오 유저	END	1716964761364
REQUEST		1-b. 비즈니스 로직	1716964760766	1716964761459	OK	 
REQUEST		1-b. 비즈니스 로직	1716964760666	1716964761459	OK	 
REQUEST		1-a. 로그인	1716964728613	1716964761459	OK	 
REQUEST		1-a. 로그인	1716964725696	1716964761459	OK	 
REQUEST		1-b. 비즈니스 로직	1716964760665	1716964761459	OK	 
REQUEST		1-b. 비즈니스 로직	1716964760664	1716964761459	OK	 
USER	2번 시나리오 유저	END	1716964761460
USER	2번 시나리오 유저	END	1716964761460
REQUEST		1-b. 비즈니스 로직	1716964760766	1716964761460	OK	 
USER	2번 시나리오 유저	END	1716964761460
USER	2번 시나리오 유저	END	1716964761460
REQUEST		1-b. 비즈니스 로직	1716964761364	1716964761460	OK	 
REQUEST		1-b. 비즈니스 로직	1716964760666	1716964761460	OK	 
REQUEST		1-a. 로그인	1716964727072	1716964761460	OK	 
REQUEST		1-b. 비즈니스 로직	1716964760870	1716964761460	OK	 
USER	2번 시나리오 유저	END	1716964761461
USER	2번 시나리오 유저	END	1716964761461
USER	2번 시나리오 유저	END	1716964761461
USER	2번 시나리오 유저	END	1716964761461
REQUEST		1-b. 비즈니스 로직	1716964761460	1716964761561	OK	 
USER	2번 시나리오 유저	END	1716964761561
REQUEST		1-b. 비즈니스 로직	1716964761460	1716964761561	OK	 
USER	2번 시나리오 유저	END	1716964761561
REQUEST		1-b. 비즈니스 로직	1716964761461	1716964761665	OK	 
USER	2번 시나리오 유저	END	1716964761666
REQUEST		1-a. 로그인	1716964724280	1716964761767	OK	 
REQUEST		1-a. 로그인	1716964726348	1716964762263	OK	 
REQUEST		1-a. 로그인	1716964729552	1716964762263	OK	 
REQUEST		1-b. 비즈니스 로직	1716964761768	1716964762264	OK	 
USER	2번 시나리오 유저	END	1716964762264
REQUEST		1-a. 로그인	1716964729151	1716964762267	OK	 
REQUEST		1-a. 로그인	1716964724329	1716964762267	OK	 
REQUEST		1-b. 비즈니스 로직	1716964760666	1716964762365	OK	 
USER	2번 시나리오 유저	END	1716964762365
REQUEST		1-a. 로그인	1716964724729	1716964762467	OK	 
REQUEST		1-b. 비즈니스 로직	1716964758968	1716964762569	OK	 
REQUEST		1-a. 로그인	1716964724230	1716964762569	OK	 
REQUEST		1-a. 로그인	1716964725315	1716964762569	OK	 
REQUEST		1-a. 로그인	1716964725076	1716964762569	OK	 
USER	2번 시나리오 유저	END	1716964762570
REQUEST		1-a. 로그인	1716964724530	1716964762570	OK	 
REQUEST		1-a. 로그인	1716964727812	1716964762966	OK	 
REQUEST		1-b. 비즈니스 로직	1716964762263	1716964762967	OK	 
REQUEST		1-b. 비즈니스 로직	1716964762263	1716964762967	OK	 
REQUEST		1-a. 로그인	1716964725219	1716964762967	OK	 
REQUEST		1-b. 비즈니스 로직	1716964762468	1716964762967	OK	 
USER	2번 시나리오 유저	END	1716964762968
USER	2번 시나리오 유저	END	1716964762968
USER	2번 시나리오 유저	END	1716964762968
REQUEST		1-b. 비즈니스 로직	1716964762570	1716964762968	OK	 
USER	2번 시나리오 유저	END	1716964762968
REQUEST		1-b. 비즈니스 로직	1716964762268	1716964762968	OK	 
REQUEST		1-b. 비즈니스 로직	1716964762569	1716964762968	OK	 
USER	2번 시나리오 유저	END	1716964762969
USER	2번 시나리오 유저	END	1716964762969
REQUEST		1-b. 비즈니스 로직	1716964762569	1716964763065	OK	 
USER	2번 시나리오 유저	END	1716964763066
REQUEST		1-b. 비즈니스 로직	1716964762268	1716964763067	OK	 
USER	2번 시나리오 유저	END	1716964763068
REQUEST		1-b. 비즈니스 로직	1716964762966	1716964763163	OK	 
USER	2번 시나리오 유저	END	1716964763163
REQUEST		1-a. 로그인	1716964728863	1716964763167	OK	 
REQUEST		1-b. 비즈니스 로직	1716964762569	1716964763168	OK	 
REQUEST		1-a. 로그인	1716964728362	1716964763168	OK	 
USER	2번 시나리오 유저	END	1716964763168
REQUEST		1-b. 비즈니스 로직	1716964762968	1716964763367	OK	 
REQUEST		1-a. 로그인	1716964729991	1716964763367	OK	 
USER	2번 시나리오 유저	END	1716964763368
REQUEST		1-a. 로그인	1716964728655	1716964763368	OK	 
REQUEST		1-a. 로그인	1716964724430	1716964763368	OK	 
REQUEST		1-b. 비즈니스 로직	1716964763168	1716964763462	OK	 
USER	2번 시나리오 유저	END	1716964763463
REQUEST		1-b. 비즈니스 로직	1716964763167	1716964763466	OK	 
USER	2번 시나리오 유저	END	1716964763467
REQUEST		1-a. 로그인	1716964726985	1716964763566	OK	 
REQUEST		1-b. 비즈니스 로직	1716964763368	1716964763763	OK	 
REQUEST		1-a. 로그인	1716964726393	1716964763763	OK	 
USER	2번 시나리오 유저	END	1716964763763
REQUEST		1-b. 비즈니스 로직	1716964763368	1716964763766	OK	 
REQUEST		1-a. 로그인	1716964724180	1716964763766	OK	 
REQUEST		1-a. 로그인	1716964723821	1716964763766	OK	 
USER	2번 시나리오 유저	END	1716964763767
REQUEST		1-b. 비즈니스 로직	1716964763368	1716964763965	OK	 
REQUEST		1-a. 로그인	1716964724579	1716964763965	OK	 
USER	2번 시나리오 유저	END	1716964763966
REQUEST		1-b. 비즈니스 로직	1716964763767	1716964764065	OK	 
REQUEST		1-a. 로그인	1716964729471	1716964764065	OK	 
USER	2번 시나리오 유저	END	1716964764066
REQUEST		1-a. 로그인	1716964726484	1716964764066	OK	 
REQUEST		1-a. 로그인	1716964727115	1716964764066	OK	 
REQUEST		1-b. 비즈니스 로직	1716964763763	1716964764164	OK	 
REQUEST		1-b. 비즈니스 로직	1716964763767	1716964764164	OK	 
USER	2번 시나리오 유저	END	1716964764165
USER	2번 시나리오 유저	END	1716964764165
REQUEST		1-b. 비즈니스 로직	1716964763966	1716964764264	OK	 
REQUEST		1-b. 비즈니스 로직	1716964763566	1716964764264	OK	 
REQUEST		1-a. 로그인	1716964723978	1716964764264	OK	 
REQUEST		1-a. 로그인	1716964728488	1716964764264	OK	 
USER	2번 시나리오 유저	END	1716964764265
USER	2번 시나리오 유저	END	1716964764265
REQUEST		1-a. 로그인	1716964725030	1716964764264	OK	 
REQUEST		1-a. 로그인	1716964729831	1716964764266	OK	 
REQUEST		1-a. 로그인	1716964724032	1716964764266	OK	 
REQUEST		1-b. 비즈니스 로직	1716964764066	1716964764365	OK	 
REQUEST		1-b. 비즈니스 로직	1716964764066	1716964764365	OK	 
USER	2번 시나리오 유저	END	1716964764366
USER	2번 시나리오 유저	END	1716964764366
REQUEST		1-b. 비즈니스 로직	1716964764264	1716964764461	OK	 
REQUEST		1-a. 로그인	1716964725409	1716964764461	OK	 
REQUEST		1-b. 비즈니스 로직	1716964764266	1716964764462	OK	 
USER	2번 시나리오 유저	END	1716964764462
USER	2번 시나리오 유저	END	1716964764462
REQUEST		1-b. 비즈니스 로직	1716964764066	1716964764462	OK	 
REQUEST		1-a. 로그인	1716964725887	1716964764462	OK	 
USER	2번 시나리오 유저	END	1716964764462
REQUEST		1-a. 로그인	1716964727900	1716964764463	OK	 
REQUEST		1-b. 비즈니스 로직	1716964764264	1716964764466	OK	 
REQUEST		1-a. 로그인	1716964728113	1716964764466	OK	 
REQUEST		1-b. 비즈니스 로직	1716964764265	1716964764466	OK	 
REQUEST		1-b. 비즈니스 로직	1716964764267	1716964764466	OK	 
USER	2번 시나리오 유저	END	1716964764466
USER	2번 시나리오 유저	END	1716964764466
USER	2번 시나리오 유저	END	1716964764466
REQUEST		1-b. 비즈니스 로직	1716964764462	1716964764468	OK	 
USER	2번 시나리오 유저	END	1716964764469
REQUEST		1-b. 비즈니스 로직	1716964764463	1716964764469	OK	 
REQUEST		1-b. 비즈니스 로직	1716964764462	1716964764469	OK	 
USER	2번 시나리오 유저	END	1716964764469
USER	2번 시나리오 유저	END	1716964764469
REQUEST		1-b. 비즈니스 로직	1716964764466	1716964764556	OK	 
USER	2번 시나리오 유저	END	1716964764557
REQUEST		1-a. 로그인	1716964724479	1716964764581	OK	 
REQUEST		1-b. 비즈니스 로직	1716964764582	1716964764585	OK	 
USER	2번 시나리오 유저	END	1716964764586
