RUN	LoginPerformance	loginperformance	1716964431274	 	3.10.5
USER	2번 시나리오 유저	START	1716964431861
REQUEST		1-a. 로그인	1716964431869	1716964432465	OK	 
REQUEST		1-b. 비즈니스 로직	1716964432485	1716964432496	OK	 
USER	2번 시나리오 유저	END	1716964432497
USER	2번 시나리오 유저	START	1716964432858
REQUEST		1-a. 로그인	1716964432860	1716964433047	OK	 
REQUEST		1-b. 비즈니스 로직	1716964433048	1716964433053	OK	 
USER	2번 시나리오 유저	END	1716964433054
USER	2번 시나리오 유저	START	1716964433358
REQUEST		1-a. 로그인	1716964433360	1716964433485	OK	 
REQUEST		1-b. 비즈니스 로직	1716964433486	1716964433491	OK	 
USER	2번 시나리오 유저	END	1716964433491
USER	2번 시나리오 유저	START	1716964433858
REQUEST		1-a. 로그인	1716964433861	1716964433987	OK	 
REQUEST		1-b. 비즈니스 로직	1716964433988	1716964433992	OK	 
USER	2번 시나리오 유저	END	1716964433993
USER	2번 시나리오 유저	START	1716964434189
REQUEST		1-a. 로그인	1716964434191	1716964434313	OK	 
REQUEST		1-b. 비즈니스 로직	1716964434314	1716964434318	OK	 
USER	2번 시나리오 유저	END	1716964434318
USER	2번 시나리오 유저	START	1716964434523
REQUEST		1-a. 로그인	1716964434525	1716964434653	OK	 
REQUEST		1-b. 비즈니스 로직	1716964434655	1716964434659	OK	 
USER	2번 시나리오 유저	END	1716964434659
USER	2번 시나리오 유저	START	1716964434857
REQUEST		1-a. 로그인	1716964434859	1716964434978	OK	 
REQUEST		1-b. 비즈니스 로직	1716964434979	1716964434983	OK	 
USER	2번 시나리오 유저	END	1716964434983
USER	2번 시나리오 유저	START	1716964435106
REQUEST		1-a. 로그인	1716964435108	1716964435205	OK	 
REQUEST		1-b. 비즈니스 로직	1716964435206	1716964435210	OK	 
USER	2번 시나리오 유저	END	1716964435211
USER	2번 시나리오 유저	START	1716964435357
REQUEST		1-a. 로그인	1716964435359	1716964435463	OK	 
REQUEST		1-b. 비즈니스 로직	1716964435465	1716964435468	OK	 
USER	2번 시나리오 유저	END	1716964435469
USER	2번 시나리오 유저	START	1716964435607
REQUEST		1-a. 로그인	1716964435609	1716964435707	OK	 
REQUEST		1-b. 비즈니스 로직	1716964435709	1716964435712	OK	 
USER	2번 시나리오 유저	END	1716964435713
USER	2번 시나리오 유저	START	1716964435858
REQUEST		1-a. 로그인	1716964435859	1716964435961	OK	 
REQUEST		1-b. 비즈니스 로직	1716964435962	1716964435965	OK	 
USER	2번 시나리오 유저	END	1716964435966
USER	2번 시나리오 유저	START	1716964436056
REQUEST		1-a. 로그인	1716964436057	1716964436144	OK	 
REQUEST		1-b. 비즈니스 로직	1716964436146	1716964436149	OK	 
USER	2번 시나리오 유저	END	1716964436150
USER	2번 시나리오 유저	START	1716964436256
REQUEST		1-a. 로그인	1716964436258	1716964436348	OK	 
REQUEST		1-b. 비즈니스 로직	1716964436349	1716964436353	OK	 
USER	2번 시나리오 유저	END	1716964436353
USER	2번 시나리오 유저	START	1716964436456
REQUEST		1-a. 로그인	1716964436458	1716964436546	OK	 
REQUEST		1-b. 비즈니스 로직	1716964436547	1716964436551	OK	 
USER	2번 시나리오 유저	END	1716964436551
USER	2번 시나리오 유저	START	1716964436657
REQUEST		1-a. 로그인	1716964436658	1716964436746	OK	 
REQUEST		1-b. 비즈니스 로직	1716964436747	1716964436750	OK	 
USER	2번 시나리오 유저	END	1716964436751
USER	2번 시나리오 유저	START	1716964436858
REQUEST		1-a. 로그인	1716964436859	1716964436948	OK	 
REQUEST		1-b. 비즈니스 로직	1716964436949	1716964436952	OK	 
USER	2번 시나리오 유저	END	1716964436952
USER	2번 시나리오 유저	START	1716964437022
REQUEST		1-a. 로그인	1716964437022	1716964437103	OK	 
REQUEST		1-b. 비즈니스 로직	1716964437104	1716964437107	OK	 
USER	2번 시나리오 유저	END	1716964437107
USER	2번 시나리오 유저	START	1716964437189
REQUEST		1-a. 로그인	1716964437190	1716964437273	OK	 
REQUEST		1-b. 비즈니스 로직	1716964437274	1716964437277	OK	 
USER	2번 시나리오 유저	END	1716964437277
USER	2번 시나리오 유저	START	1716964437356
REQUEST		1-a. 로그인	1716964437357	1716964437438	OK	 
REQUEST		1-b. 비즈니스 로직	1716964437439	1716964437442	OK	 
USER	2번 시나리오 유저	END	1716964437443
USER	2번 시나리오 유저	START	1716964437522
REQUEST		1-a. 로그인	1716964437523	1716964437606	OK	 
REQUEST		1-b. 비즈니스 로직	1716964437612	1716964437615	OK	 
USER	2번 시나리오 유저	END	1716964437616
USER	2번 시나리오 유저	START	1716964437689
REQUEST		1-a. 로그인	1716964437690	1716964437772	OK	 
REQUEST		1-b. 비즈니스 로직	1716964437773	1716964437777	OK	 
USER	2번 시나리오 유저	END	1716964437777
USER	2번 시나리오 유저	START	1716964437855
REQUEST		1-a. 로그인	1716964437857	1716964437939	OK	 
REQUEST		1-b. 비즈니스 로직	1716964437940	1716964437944	OK	 
USER	2번 시나리오 유저	END	1716964437944
USER	2번 시나리오 유저	START	1716964437997
REQUEST		1-a. 로그인	1716964437998	1716964438076	OK	 
REQUEST		1-b. 비즈니스 로직	1716964438076	1716964438079	OK	 
USER	2번 시나리오 유저	END	1716964438080
USER	2번 시나리오 유저	START	1716964438141
REQUEST		1-a. 로그인	1716964438142	1716964438221	OK	 
REQUEST		1-b. 비즈니스 로직	1716964438222	1716964438224	OK	 
USER	2번 시나리오 유저	END	1716964438225
USER	2번 시나리오 유저	START	1716964438284
REQUEST		1-a. 로그인	1716964438285	1716964438364	OK	 
REQUEST		1-b. 비즈니스 로직	1716964438365	1716964438368	OK	 
USER	2번 시나리오 유저	END	1716964438368
USER	2번 시나리오 유저	START	1716964438427
REQUEST		1-a. 로그인	1716964438428	1716964438506	OK	 
REQUEST		1-b. 비즈니스 로직	1716964438507	1716964438509	OK	 
USER	2번 시나리오 유저	END	1716964438510
USER	2번 시나리오 유저	START	1716964438570
REQUEST		1-a. 로그인	1716964438571	1716964438651	OK	 
REQUEST		1-b. 비즈니스 로직	1716964438652	1716964438654	OK	 
USER	2번 시나리오 유저	END	1716964438655
USER	2번 시나리오 유저	START	1716964438713
REQUEST		1-a. 로그인	1716964438714	1716964438794	OK	 
REQUEST		1-b. 비즈니스 로직	1716964438795	1716964438798	OK	 
USER	2번 시나리오 유저	END	1716964438798
USER	2번 시나리오 유저	START	1716964438857
REQUEST		1-a. 로그인	1716964438858	1716964438937	OK	 
REQUEST		1-b. 비즈니스 로직	1716964438938	1716964438941	OK	 
USER	2번 시나리오 유저	END	1716964438942
USER	2번 시나리오 유저	START	1716964438981
REQUEST		1-a. 로그인	1716964438982	1716964439057	OK	 
REQUEST		1-b. 비즈니스 로직	1716964439058	1716964439060	OK	 
USER	2번 시나리오 유저	END	1716964439061
USER	2번 시나리오 유저	START	1716964439106
REQUEST		1-a. 로그인	1716964439107	1716964439184	OK	 
REQUEST		1-b. 비즈니스 로직	1716964439185	1716964439188	OK	 
USER	2번 시나리오 유저	END	1716964439188
USER	2번 시나리오 유저	START	1716964439230
REQUEST		1-a. 로그인	1716964439231	1716964439309	OK	 
REQUEST		1-b. 비즈니스 로직	1716964439309	1716964439312	OK	 
USER	2번 시나리오 유저	END	1716964439312
USER	2번 시나리오 유저	START	1716964439356
REQUEST		1-a. 로그인	1716964439357	1716964439436	OK	 
REQUEST		1-b. 비즈니스 로직	1716964439437	1716964439439	OK	 
USER	2번 시나리오 유저	END	1716964439439
USER	2번 시나리오 유저	START	1716964439481
REQUEST		1-a. 로그인	1716964439482	1716964439557	OK	 
REQUEST		1-b. 비즈니스 로직	1716964439558	1716964439561	OK	 
USER	2번 시나리오 유저	END	1716964439561
USER	2번 시나리오 유저	START	1716964439606
REQUEST		1-a. 로그인	1716964439607	1716964439684	OK	 
REQUEST		1-b. 비즈니스 로직	1716964439684	1716964439687	OK	 
USER	2번 시나리오 유저	END	1716964439688
USER	2번 시나리오 유저	START	1716964439733
REQUEST		1-a. 로그인	1716964439734	1716964439810	OK	 
REQUEST		1-b. 비즈니스 로직	1716964439811	1716964439814	OK	 
USER	2번 시나리오 유저	END	1716964439815
USER	2번 시나리오 유저	START	1716964439857
REQUEST		1-a. 로그인	1716964439858	1716964439933	OK	 
REQUEST		1-b. 비즈니스 로직	1716964439933	1716964439936	OK	 
USER	2번 시나리오 유저	END	1716964439936
USER	2번 시나리오 유저	START	1716964439966
REQUEST		1-a. 로그인	1716964439967	1716964440042	OK	 
REQUEST		1-b. 비즈니스 로직	1716964440043	1716964440045	OK	 
USER	2번 시나리오 유저	END	1716964440045
USER	2번 시나리오 유저	START	1716964440076
REQUEST		1-a. 로그인	1716964440077	1716964440150	OK	 
REQUEST		1-b. 비즈니스 로직	1716964440152	1716964440154	OK	 
USER	2번 시나리오 유저	END	1716964440155
USER	2번 시나리오 유저	START	1716964440188
REQUEST		1-a. 로그인	1716964440189	1716964440264	OK	 
REQUEST		1-b. 비즈니스 로직	1716964440265	1716964440268	OK	 
USER	2번 시나리오 유저	END	1716964440268
USER	2번 시나리오 유저	START	1716964440299
REQUEST		1-a. 로그인	1716964440300	1716964440376	OK	 
REQUEST		1-b. 비즈니스 로직	1716964440377	1716964440380	OK	 
USER	2번 시나리오 유저	END	1716964440380
USER	2번 시나리오 유저	START	1716964440410
REQUEST		1-a. 로그인	1716964440411	1716964440497	OK	 
USER	2번 시나리오 유저	START	1716964440521
REQUEST		1-b. 비즈니스 로직	1716964440499	1716964440526	OK	 
USER	2번 시나리오 유저	END	1716964440527
REQUEST		1-a. 로그인	1716964440522	1716964440603	OK	 
REQUEST		1-b. 비즈니스 로직	1716964440604	1716964440629	OK	 
USER	2번 시나리오 유저	END	1716964440630
USER	2번 시나리오 유저	START	1716964440633
REQUEST		1-a. 로그인	1716964440633	1716964440708	OK	 
REQUEST		1-b. 비즈니스 로직	1716964440709	1716964440712	OK	 
USER	2번 시나리오 유저	END	1716964440712
USER	2번 시나리오 유저	START	1716964440744
REQUEST		1-a. 로그인	1716964440745	1716964440822	OK	 
REQUEST		1-b. 비즈니스 로직	1716964440823	1716964440825	OK	 
USER	2번 시나리오 유저	END	1716964440826
USER	2번 시나리오 유저	START	1716964440856
REQUEST		1-a. 로그인	1716964440857	1716964440932	OK	 
REQUEST		1-b. 비즈니스 로직	1716964440933	1716964440936	OK	 
USER	2번 시나리오 유저	END	1716964440936
USER	2번 시나리오 유저	START	1716964440955
REQUEST		1-a. 로그인	1716964440956	1716964441035	OK	 
REQUEST		1-b. 비즈니스 로직	1716964441036	1716964441039	OK	 
USER	2번 시나리오 유저	END	1716964441039
USER	2번 시나리오 유저	START	1716964441056
REQUEST		1-a. 로그인	1716964441057	1716964441132	OK	 
REQUEST		1-b. 비즈니스 로직	1716964441133	1716964441136	OK	 
USER	2번 시나리오 유저	END	1716964441136
USER	2번 시나리오 유저	START	1716964441157
REQUEST		1-a. 로그인	1716964441158	1716964441233	OK	 
REQUEST		1-b. 비즈니스 로직	1716964441234	1716964441236	OK	 
USER	2번 시나리오 유저	END	1716964441237
USER	2번 시나리오 유저	START	1716964441256
REQUEST		1-a. 로그인	1716964441257	1716964441333	OK	 
REQUEST		1-b. 비즈니스 로직	1716964441333	1716964441336	OK	 
USER	2번 시나리오 유저	END	1716964441336
USER	2번 시나리오 유저	START	1716964441356
REQUEST		1-a. 로그인	1716964441357	1716964441433	OK	 
REQUEST		1-b. 비즈니스 로직	1716964441433	1716964441436	OK	 
USER	2번 시나리오 유저	END	1716964441437
USER	2번 시나리오 유저	START	1716964441456
REQUEST		1-a. 로그인	1716964441457	1716964441533	OK	 
REQUEST		1-b. 비즈니스 로직	1716964441534	1716964441536	OK	 
USER	2번 시나리오 유저	END	1716964441536
USER	2번 시나리오 유저	START	1716964441556
REQUEST		1-a. 로그인	1716964441556	1716964441631	OK	 
REQUEST		1-b. 비즈니스 로직	1716964441631	1716964441634	OK	 
USER	2번 시나리오 유저	END	1716964441634
USER	2번 시나리오 유저	START	1716964441656
REQUEST		1-a. 로그인	1716964441656	1716964441733	OK	 
REQUEST		1-b. 비즈니스 로직	1716964441733	1716964441736	OK	 
USER	2번 시나리오 유저	END	1716964441736
USER	2번 시나리오 유저	START	1716964441757
REQUEST		1-a. 로그인	1716964441758	1716964441833	OK	 
REQUEST		1-b. 비즈니스 로직	1716964441834	1716964441836	OK	 
USER	2번 시나리오 유저	END	1716964441836
USER	2번 시나리오 유저	START	1716964441857
REQUEST		1-a. 로그인	1716964441857	1716964441932	OK	 
REQUEST		1-b. 비즈니스 로직	1716964441933	1716964441935	OK	 
USER	2번 시나리오 유저	END	1716964441936
USER	2번 시나리오 유저	START	1716964441946
REQUEST		1-a. 로그인	1716964441946	1716964442020	OK	 
REQUEST		1-b. 비즈니스 로직	1716964442021	1716964442023	OK	 
USER	2번 시나리오 유저	END	1716964442023
USER	2번 시나리오 유저	START	1716964442037
REQUEST		1-a. 로그인	1716964442038	1716964442113	OK	 
REQUEST		1-b. 비즈니스 로직	1716964442113	1716964442116	OK	 
USER	2번 시나리오 유저	END	1716964442116
USER	2번 시나리오 유저	START	1716964442128
REQUEST		1-a. 로그인	1716964442129	1716964442204	OK	 
REQUEST		1-b. 비즈니스 로직	1716964442205	1716964442207	OK	 
USER	2번 시나리오 유저	END	1716964442207
USER	2번 시나리오 유저	START	1716964442220
REQUEST		1-a. 로그인	1716964442220	1716964442296	OK	 
REQUEST		1-b. 비즈니스 로직	1716964442297	1716964442299	OK	 
USER	2번 시나리오 유저	END	1716964442300
USER	2번 시나리오 유저	START	1716964442311
REQUEST		1-a. 로그인	1716964442311	1716964442386	OK	 
REQUEST		1-b. 비즈니스 로직	1716964442387	1716964442389	OK	 
USER	2번 시나리오 유저	END	1716964442389
USER	2번 시나리오 유저	START	1716964442401
REQUEST		1-a. 로그인	1716964442402	1716964442476	OK	 
REQUEST		1-b. 비즈니스 로직	1716964442477	1716964442479	OK	 
USER	2번 시나리오 유저	END	1716964442479
USER	2번 시나리오 유저	START	1716964442492
REQUEST		1-a. 로그인	1716964442493	1716964442569	OK	 
REQUEST		1-b. 비즈니스 로직	1716964442569	1716964442572	OK	 
USER	2번 시나리오 유저	END	1716964442572
USER	2번 시나리오 유저	START	1716964442584
REQUEST		1-a. 로그인	1716964442585	1716964442661	OK	 
REQUEST		1-b. 비즈니스 로직	1716964442662	1716964442664	OK	 
USER	2번 시나리오 유저	END	1716964442665
USER	2번 시나리오 유저	START	1716964442674
REQUEST		1-a. 로그인	1716964442675	1716964442750	OK	 
REQUEST		1-b. 비즈니스 로직	1716964442751	1716964442753	OK	 
USER	2번 시나리오 유저	END	1716964442754
USER	2번 시나리오 유저	START	1716964442766
REQUEST		1-a. 로그인	1716964442766	1716964442841	OK	 
REQUEST		1-b. 비즈니스 로직	1716964442842	1716964442844	OK	 
USER	2번 시나리오 유저	END	1716964442844
USER	2번 시나리오 유저	START	1716964442857
USER	2번 시나리오 유저	START	1716964442939
REQUEST		1-a. 로그인	1716964442858	1716964442965	OK	 
REQUEST		1-b. 비즈니스 로직	1716964442966	1716964442968	OK	 
USER	2번 시나리오 유저	END	1716964442968
USER	2번 시나리오 유저	START	1716964443022
REQUEST		1-a. 로그인	1716964442939	1716964443040	OK	 
REQUEST		1-b. 비즈니스 로직	1716964443040	1716964443042	OK	 
USER	2번 시나리오 유저	END	1716964443042
REQUEST		1-a. 로그인	1716964443022	1716964443101	OK	 
REQUEST		1-b. 비즈니스 로직	1716964443102	1716964443104	OK	 
USER	2번 시나리오 유저	END	1716964443104
USER	2번 시나리오 유저	START	1716964443105
USER	2번 시나리오 유저	START	1716964443189
REQUEST		1-a. 로그인	1716964443106	1716964443193	OK	 
REQUEST		1-b. 비즈니스 로직	1716964443193	1716964443195	OK	 
USER	2번 시나리오 유저	END	1716964443196
USER	2번 시나리오 유저	START	1716964443272
REQUEST		1-a. 로그인	1716964443189	1716964443277	OK	 
REQUEST		1-b. 비즈니스 로직	1716964443278	1716964443279	OK	 
USER	2번 시나리오 유저	END	1716964443280
REQUEST		1-a. 로그인	1716964443272	1716964443355	OK	 
USER	2번 시나리오 유저	START	1716964443356
REQUEST		1-b. 비즈니스 로직	1716964443355	1716964443358	OK	 
USER	2번 시나리오 유저	END	1716964443358
USER	2번 시나리오 유저	START	1716964443439
REQUEST		1-a. 로그인	1716964443356	1716964443441	OK	 
REQUEST		1-b. 비즈니스 로직	1716964443442	1716964443444	OK	 
USER	2번 시나리오 유저	END	1716964443444
REQUEST		1-a. 로그인	1716964443439	1716964443513	OK	 
REQUEST		1-b. 비즈니스 로직	1716964443514	1716964443516	OK	 
USER	2번 시나리오 유저	END	1716964443516
USER	2번 시나리오 유저	START	1716964443521
REQUEST		1-a. 로그인	1716964443522	1716964443599	OK	 
REQUEST		1-b. 비즈니스 로직	1716964443600	1716964443602	OK	 
USER	2번 시나리오 유저	END	1716964443602
USER	2번 시나리오 유저	START	1716964443606
REQUEST		1-a. 로그인	1716964443607	1716964443681	OK	 
REQUEST		1-b. 비즈니스 로직	1716964443682	1716964443684	OK	 
USER	2번 시나리오 유저	END	1716964443684
USER	2번 시나리오 유저	START	1716964443689
REQUEST		1-a. 로그인	1716964443690	1716964443764	OK	 
REQUEST		1-b. 비즈니스 로직	1716964443765	1716964443767	OK	 
USER	2번 시나리오 유저	END	1716964443768
USER	2번 시나리오 유저	START	1716964443772
REQUEST		1-a. 로그인	1716964443773	1716964443847	OK	 
REQUEST		1-b. 비즈니스 로직	1716964443848	1716964443851	OK	 
USER	2번 시나리오 유저	END	1716964443851
USER	2번 시나리오 유저	START	1716964443856
USER	2번 시나리오 유저	START	1716964443931
REQUEST		1-a. 로그인	1716964443857	1716964443931	OK	 
REQUEST		1-b. 비즈니스 로직	1716964443932	1716964443934	OK	 
USER	2번 시나리오 유저	END	1716964443935
REQUEST		1-a. 로그인	1716964443932	1716964444005	OK	 
REQUEST		1-b. 비즈니스 로직	1716964444006	1716964444008	OK	 
USER	2번 시나리오 유저	END	1716964444008
USER	2번 시나리오 유저	START	1716964444009
REQUEST		1-a. 로그인	1716964444010	1716964444084	OK	 
USER	2번 시나리오 유저	START	1716964444086
REQUEST		1-b. 비즈니스 로직	1716964444085	1716964444087	OK	 
USER	2번 시나리오 유저	END	1716964444087
USER	2번 시나리오 유저	START	1716964444162
REQUEST		1-a. 로그인	1716964444087	1716964444175	OK	 
REQUEST		1-b. 비즈니스 로직	1716964444176	1716964444179	OK	 
USER	2번 시나리오 유저	END	1716964444180
USER	2번 시나리오 유저	START	1716964444240
REQUEST		1-a. 로그인	1716964444163	1716964444257	OK	 
REQUEST		1-b. 비즈니스 로직	1716964444258	1716964444259	OK	 
USER	2번 시나리오 유저	END	1716964444260
USER	2번 시나리오 유저	START	1716964444317
REQUEST		1-a. 로그인	1716964444241	1716964444343	OK	 
REQUEST		1-b. 비즈니스 로직	1716964444344	1716964444346	OK	 
USER	2번 시나리오 유저	END	1716964444346
USER	2번 시나리오 유저	START	1716964444393
REQUEST		1-a. 로그인	1716964444318	1716964444400	OK	 
REQUEST		1-b. 비즈니스 로직	1716964444401	1716964444430	OK	 
USER	2번 시나리오 유저	END	1716964444431
USER	2번 시나리오 유저	START	1716964444471
REQUEST		1-a. 로그인	1716964444394	1716964444535	OK	 
REQUEST		1-b. 비즈니스 로직	1716964444536	1716964444538	OK	 
USER	2번 시나리오 유저	END	1716964444538
USER	2번 시나리오 유저	START	1716964444548
USER	2번 시나리오 유저	START	1716964444625
REQUEST		1-a. 로그인	1716964444471	1716964444638	OK	 
REQUEST		1-b. 비즈니스 로직	1716964444639	1716964444641	OK	 
USER	2번 시나리오 유저	END	1716964444641
USER	2번 시나리오 유저	START	1716964444703
REQUEST		1-a. 로그인	1716964444549	1716964444747	OK	 
REQUEST		1-b. 비즈니스 로직	1716964444747	1716964444749	OK	 
USER	2번 시나리오 유저	END	1716964444749
USER	2번 시나리오 유저	START	1716964444779
REQUEST		1-a. 로그인	1716964444626	1716964444834	OK	 
REQUEST		1-b. 비즈니스 로직	1716964444835	1716964444837	OK	 
USER	2번 시나리오 유저	END	1716964444837
USER	2번 시나리오 유저	START	1716964444856
USER	2번 시나리오 유저	START	1716964444927
REQUEST		1-a. 로그인	1716964444703	1716964444936	OK	 
REQUEST		1-b. 비즈니스 로직	1716964444937	1716964444941	OK	 
USER	2번 시나리오 유저	END	1716964444941
USER	2번 시나리오 유저	START	1716964444998
REQUEST		1-a. 로그인	1716964444780	1716964445040	OK	 
REQUEST		1-b. 비즈니스 로직	1716964445041	1716964445044	OK	 
USER	2번 시나리오 유저	END	1716964445044
USER	2번 시나리오 유저	START	1716964445069
USER	2번 시나리오 유저	START	1716964445140
USER	2번 시나리오 유저	START	1716964445213
REQUEST		1-a. 로그인	1716964444856	1716964445234	OK	 
REQUEST		1-b. 비즈니스 로직	1716964445235	1716964445242	OK	 
USER	2번 시나리오 유저	END	1716964445242
USER	2번 시나리오 유저	START	1716964445285
REQUEST		1-a. 로그인	1716964444927	1716964445349	OK	 
USER	2번 시나리오 유저	START	1716964445356
USER	2번 시나리오 유저	START	1716964445428
REQUEST		1-b. 비즈니스 로직	1716964445350	1716964445451	OK	 
USER	2번 시나리오 유저	END	1716964445452
USER	2번 시나리오 유저	START	1716964445498
USER	2번 시나리오 유저	START	1716964445571
USER	2번 시나리오 유저	START	1716964445642
USER	2번 시나리오 유저	START	1716964445713
USER	2번 시나리오 유저	START	1716964445785
REQUEST		1-a. 로그인	1716964444999	1716964445850	OK	 
USER	2번 시나리오 유저	START	1716964445857
USER	2번 시나리오 유저	START	1716964445923
USER	2번 시나리오 유저	START	1716964445993
REQUEST		1-b. 비즈니스 로직	1716964445852	1716964446047	OK	 
USER	2번 시나리오 유저	END	1716964446048
USER	2번 시나리오 유저	START	1716964446056
USER	2번 시나리오 유저	START	1716964446122
USER	2번 시나리오 유저	START	1716964446188
USER	2번 시나리오 유저	START	1716964446256
USER	2번 시나리오 유저	START	1716964446323
USER	2번 시나리오 유저	START	1716964446389
USER	2번 시나리오 유저	START	1716964446457
USER	2번 시나리오 유저	START	1716964446523
USER	2번 시나리오 유저	START	1716964446590
USER	2번 시나리오 유저	START	1716964446657
USER	2번 시나리오 유저	START	1716964446723
REQUEST		1-a. 로그인	1716964445214	1716964446750	OK	 
REQUEST		1-a. 로그인	1716964445070	1716964446750	OK	 
REQUEST		1-a. 로그인	1716964445141	1716964446750	OK	 
USER	2번 시나리오 유저	START	1716964446790
USER	2번 시나리오 유저	START	1716964446857
USER	2번 시나리오 유저	START	1716964446918
REQUEST		1-b. 비즈니스 로직	1716964446751	1716964446945	OK	 
USER	2번 시나리오 유저	END	1716964446945
USER	2번 시나리오 유저	START	1716964446981
USER	2번 시나리오 유저	START	1716964447043
REQUEST		1-b. 비즈니스 로직	1716964446751	1716964447047	OK	 
USER	2번 시나리오 유저	END	1716964447047
USER	2번 시나리오 유저	START	1716964447106
USER	2번 시나리오 유저	START	1716964447168
USER	2번 시나리오 유저	START	1716964447233
USER	2번 시나리오 유저	START	1716964447293
REQUEST		1-b. 비즈니스 로직	1716964446751	1716964447342	OK	 
USER	2번 시나리오 유저	END	1716964447342
USER	2번 시나리오 유저	START	1716964447356
USER	2번 시나리오 유저	START	1716964447419
USER	2번 시나리오 유저	START	1716964447481
USER	2번 시나리오 유저	START	1716964447544
USER	2번 시나리오 유저	START	1716964447606
USER	2번 시나리오 유저	START	1716964447669
USER	2번 시나리오 유저	START	1716964447733
REQUEST		1-a. 로그인	1716964445357	1716964447744	OK	 
USER	2번 시나리오 유저	START	1716964447793
USER	2번 시나리오 유저	START	1716964447857
USER	2번 시나리오 유저	START	1716964447914
USER	2번 시나리오 유저	START	1716964447973
USER	2번 시나리오 유저	START	1716964448032
USER	2번 시나리오 유저	START	1716964448091
USER	2번 시나리오 유저	START	1716964448150
USER	2번 시나리오 유저	START	1716964448208
USER	2번 시나리오 유저	START	1716964448267
USER	2번 시나리오 유저	START	1716964448326
REQUEST		1-a. 로그인	1716964445286	1716964448343	OK	 
REQUEST		1-a. 로그인	1716964445500	1716964448345	OK	 
REQUEST		1-a. 로그인	1716964446189	1716964448347	OK	 
USER	2번 시나리오 유저	START	1716964448386
USER	2번 시나리오 유저	START	1716964448444
REQUEST		1-b. 비즈니스 로직	1716964447746	1716964448447	OK	 
USER	2번 시나리오 유저	END	1716964448448
USER	2번 시나리오 유저	START	1716964448504
USER	2번 시나리오 유저	START	1716964448562
USER	2번 시나리오 유저	START	1716964448621
USER	2번 시나리오 유저	START	1716964448680
USER	2번 시나리오 유저	START	1716964448739
REQUEST		1-b. 비즈니스 로직	1716964448344	1716964448743	OK	 
USER	2번 시나리오 유저	END	1716964448744
USER	2번 시나리오 유저	START	1716964448798
USER	2번 시나리오 유저	START	1716964448857
USER	2번 시나리오 유저	START	1716964448911
USER	2번 시나리오 유저	START	1716964448967
USER	2번 시나리오 유저	START	1716964449022
USER	2번 시나리오 유저	START	1716964449078
USER	2번 시나리오 유저	START	1716964449134
USER	2번 시나리오 유저	START	1716964449189
REQUEST		1-b. 비즈니스 로직	1716964448345	1716964449244	OK	 
REQUEST		1-a. 로그인	1716964445572	1716964449244	OK	 
USER	2번 시나리오 유저	START	1716964449244
USER	2번 시나리오 유저	END	1716964449245
USER	2번 시나리오 유저	START	1716964449301
REQUEST		1-a. 로그인	1716964445429	1716964449346	OK	 
USER	2번 시나리오 유저	START	1716964449356
USER	2번 시나리오 유저	START	1716964449412
USER	2번 시나리오 유저	START	1716964449467
USER	2번 시나리오 유저	START	1716964449522
USER	2번 시나리오 유저	START	1716964449579
USER	2번 시나리오 유저	START	1716964449637
USER	2번 시나리오 유저	START	1716964449690
USER	2번 시나리오 유저	START	1716964449745
USER	2번 시나리오 유저	START	1716964449801
USER	2번 시나리오 유저	START	1716964449857
USER	2번 시나리오 유저	START	1716964449907
USER	2번 시나리오 유저	START	1716964449959
USER	2번 시나리오 유저	START	1716964450012
REQUEST		1-b. 비즈니스 로직	1716964449245	1716964450047	OK	 
USER	2번 시나리오 유저	END	1716964450047
USER	2번 시나리오 유저	START	1716964450065
USER	2번 시나리오 유저	START	1716964450118
USER	2번 시나리오 유저	START	1716964450171
USER	2번 시나리오 유저	START	1716964450223
REQUEST		1-a. 로그인	1716964446257	1716964450247	OK	 
USER	2번 시나리오 유저	START	1716964450276
USER	2번 시나리오 유저	START	1716964450328
USER	2번 시나리오 유저	START	1716964450381
USER	2번 시나리오 유저	START	1716964450435
REQUEST		1-a. 로그인	1716964445786	1716964450448	OK	 
USER	2번 시나리오 유저	START	1716964450487
USER	2번 시나리오 유저	START	1716964450540
USER	2번 시나리오 유저	START	1716964450590
USER	2번 시나리오 유저	START	1716964450645
USER	2번 시나리오 유저	START	1716964450698
USER	2번 시나리오 유저	START	1716964450750
USER	2번 시나리오 유저	START	1716964450803
USER	2번 시나리오 유저	START	1716964450856
USER	2번 시나리오 유저	START	1716964450905
USER	2번 시나리오 유저	START	1716964450956
USER	2번 시나리오 유저	START	1716964451005
USER	2번 시나리오 유저	START	1716964451055
USER	2번 시나리오 유저	START	1716964451106
USER	2번 시나리오 유저	START	1716964451155
USER	2번 시나리오 유저	START	1716964451205
REQUEST		1-a. 로그인	1716964446918	1716964451255	OK	 
USER	2번 시나리오 유저	START	1716964451256
USER	2번 시나리오 유저	START	1716964451306
REQUEST		1-b. 비즈니스 로직	1716964450248	1716964451339	OK	 
REQUEST		1-b. 비즈니스 로직	1716964450449	1716964451340	OK	 
USER	2번 시나리오 유저	END	1716964451341
USER	2번 시나리오 유저	END	1716964451341
USER	2번 시나리오 유저	START	1716964451356
USER	2번 시나리오 유저	START	1716964451406
REQUEST		1-b. 비즈니스 로직	1716964448348	1716964451448	OK	 
USER	2번 시나리오 유저	END	1716964451449
USER	2번 시나리오 유저	START	1716964451456
USER	2번 시나리오 유저	START	1716964451506
USER	2번 시나리오 유저	START	1716964451556
USER	2번 시나리오 유저	START	1716964451606
USER	2번 시나리오 유저	START	1716964451656
USER	2번 시나리오 유저	START	1716964451706
REQUEST		1-a. 로그인	1716964445714	1716964451744	OK	 
USER	2번 시나리오 유저	START	1716964451756
USER	2번 시나리오 유저	START	1716964451806
USER	2번 시나리오 유저	START	1716964451856
USER	2번 시나리오 유저	START	1716964451903
REQUEST		1-a. 로그인	1716964445924	1716964451943	OK	 
USER	2번 시나리오 유저	START	1716964451949
USER	2번 시나리오 유저	START	1716964451997
USER	2번 시나리오 유저	START	1716964452045
USER	2번 시나리오 유저	START	1716964452093
USER	2번 시나리오 유저	START	1716964452143
USER	2번 시나리오 유저	START	1716964452187
USER	2번 시나리오 유저	START	1716964452237
REQUEST		1-b. 비즈니스 로직	1716964451255	1716964452248	OK	 
USER	2번 시나리오 유저	END	1716964452249
REQUEST		1-a. 로그인	1716964446592	1716964452250	OK	 
USER	2번 시나리오 유저	START	1716964452284
USER	2번 시나리오 유저	START	1716964452332
REQUEST		1-b. 비즈니스 로직	1716964451944	1716964452352	OK	 
USER	2번 시나리오 유저	END	1716964452353
USER	2번 시나리오 유저	START	1716964452378
USER	2번 시나리오 유저	START	1716964452426
REQUEST		1-a. 로그인	1716964445993	1716964452443	OK	 
USER	2번 시나리오 유저	START	1716964452475
USER	2번 시나리오 유저	START	1716964452522
REQUEST		1-a. 로그인	1716964446057	1716964452548	OK	 
REQUEST		1-b. 비즈니스 로직	1716964452251	1716964452549	OK	 
USER	2번 시나리오 유저	END	1716964452550
USER	2번 시나리오 유저	START	1716964452570
USER	2번 시나리오 유저	START	1716964452617
USER	2번 시나리오 유저	START	1716964452664
USER	2번 시나리오 유저	START	1716964452713
REQUEST		1-b. 비즈니스 로직	1716964451746	1716964452746	OK	 
USER	2번 시나리오 유저	END	1716964452746
USER	2번 시나리오 유저	START	1716964452760
USER	2번 시나리오 유저	START	1716964452809
REQUEST		1-a. 로그인	1716964447169	1716964452844	OK	 
REQUEST		1-b. 비즈니스 로직	1716964449347	1716964452850	OK	 
REQUEST		1-b. 비즈니스 로직	1716964452549	1716964452849	OK	 
REQUEST		1-a. 로그인	1716964446123	1716964452849	OK	 
USER	2번 시나리오 유저	END	1716964452850
USER	2번 시나리오 유저	END	1716964452850
USER	2번 시나리오 유저	START	1716964452856
USER	2번 시나리오 유저	START	1716964452901
USER	2번 시나리오 유저	START	1716964452945
REQUEST		1-a. 로그인	1716964446524	1716964452945	OK	 
USER	2번 시나리오 유저	START	1716964452992
USER	2번 시나리오 유저	START	1716964453037
USER	2번 시나리오 유저	START	1716964453083
USER	2번 시나리오 유저	START	1716964453128
USER	2번 시나리오 유저	START	1716964453174
USER	2번 시나리오 유저	START	1716964453219
USER	2번 시나리오 유저	START	1716964453265
USER	2번 시나리오 유저	START	1716964453310
USER	2번 시나리오 유저	START	1716964453356
USER	2번 시나리오 유저	START	1716964453402
USER	2번 시나리오 유저	START	1716964453447
USER	2번 시나리오 유저	START	1716964453492
USER	2번 시나리오 유저	START	1716964453538
USER	2번 시나리오 유저	START	1716964453584
USER	2번 시나리오 유저	START	1716964453631
USER	2번 시나리오 유저	START	1716964453674
USER	2번 시나리오 유저	START	1716964453719
USER	2번 시나리오 유저	START	1716964453765
USER	2번 시나리오 유저	START	1716964453811
USER	2번 시나리오 유저	START	1716964453857
USER	2번 시나리오 유저	START	1716964453899
USER	2번 시나리오 유저	START	1716964453942
USER	2번 시나리오 유저	START	1716964453986
USER	2번 시나리오 유저	START	1716964454028
USER	2번 시나리오 유저	START	1716964454072
USER	2번 시나리오 유저	START	1716964454116
USER	2번 시나리오 유저	START	1716964454159
USER	2번 시나리오 유저	START	1716964454202
USER	2번 시나리오 유저	START	1716964454246
USER	2번 시나리오 유저	START	1716964454290
USER	2번 시나리오 유저	START	1716964454335
USER	2번 시나리오 유저	START	1716964454377
USER	2번 시나리오 유저	START	1716964454421
REQUEST		1-b. 비즈니스 로직	1716964452845	1716964454446	OK	 
REQUEST		1-a. 로그인	1716964447357	1716964454446	OK	 
REQUEST		1-a. 로그인	1716964447974	1716964454447	OK	 
REQUEST		1-a. 로그인	1716964446858	1716964454447	OK	 
REQUEST		1-a. 로그인	1716964447419	1716964454447	OK	 
REQUEST		1-a. 로그인	1716964446658	1716964454447	OK	 
REQUEST		1-a. 로그인	1716964447544	1716964454448	OK	 
REQUEST		1-a. 로그인	1716964447482	1716964454448	OK	 
REQUEST		1-a. 로그인	1716964447734	1716964454446	OK	 
REQUEST		1-a. 로그인	1716964448386	1716964454448	OK	 
REQUEST		1-a. 로그인	1716964446725	1716964454449	OK	 
USER	2번 시나리오 유저	END	1716964454449
REQUEST		1-a. 로그인	1716964446325	1716964454449	OK	 
USER	2번 시나리오 유저	START	1716964454464
USER	2번 시나리오 유저	START	1716964454508
REQUEST		1-b. 비즈니스 로직	1716964452444	1716964454544	OK	 
USER	2번 시나리오 유저	END	1716964454544
USER	2번 시나리오 유저	START	1716964454550
USER	2번 시나리오 유저	START	1716964454595
USER	2번 시나리오 유저	START	1716964454639
REQUEST		1-a. 로그인	1716964448151	1716964454644	OK	 
USER	2번 시나리오 유저	START	1716964454682
USER	2번 시나리오 유저	START	1716964454726
USER	2번 시나리오 유저	START	1716964454770
USER	2번 시나리오 유저	START	1716964454812
REQUEST		1-a. 로그인	1716964447294	1716964454846	OK	 
USER	2번 시나리오 유저	START	1716964454855
USER	2번 시나리오 유저	START	1716964454897
USER	2번 시나리오 유저	START	1716964454940
USER	2번 시나리오 유저	START	1716964454981
USER	2번 시나리오 유저	START	1716964455022
USER	2번 시나리오 유저	START	1716964455064
USER	2번 시나리오 유저	START	1716964455107
USER	2번 시나리오 유저	START	1716964455147
USER	2번 시나리오 유저	START	1716964455189
USER	2번 시나리오 유저	START	1716964455231
USER	2번 시나리오 유저	START	1716964455272
USER	2번 시나리오 유저	START	1716964455314
USER	2번 시나리오 유저	START	1716964455357
USER	2번 시나리오 유저	START	1716964455398
USER	2번 시나리오 유저	START	1716964455440
USER	2번 시나리오 유저	START	1716964455482
USER	2번 시나리오 유저	START	1716964455523
USER	2번 시나리오 유저	START	1716964455564
USER	2번 시나리오 유저	START	1716964455607
USER	2번 시나리오 유저	START	1716964455648
USER	2번 시나리오 유저	START	1716964455690
USER	2번 시나리오 유저	START	1716964455732
USER	2번 시나리오 유저	START	1716964455773
USER	2번 시나리오 유저	START	1716964455815
USER	2번 시나리오 유저	START	1716964455857
USER	2번 시나리오 유저	START	1716964455894
USER	2번 시나리오 유저	START	1716964455935
USER	2번 시나리오 유저	START	1716964455975
USER	2번 시나리오 유저	START	1716964456016
USER	2번 시나리오 유저	START	1716964456056
USER	2번 시나리오 유저	START	1716964456095
USER	2번 시나리오 유저	START	1716964456138
USER	2번 시나리오 유저	START	1716964456175
USER	2번 시나리오 유저	START	1716964456216
USER	2번 시나리오 유저	START	1716964456256
USER	2번 시나리오 유저	START	1716964456296
USER	2번 시나리오 유저	START	1716964456338
USER	2번 시나리오 유저	START	1716964456376
USER	2번 시나리오 유저	START	1716964456416
USER	2번 시나리오 유저	START	1716964456456
USER	2번 시나리오 유저	START	1716964456496
USER	2번 시나리오 유저	START	1716964456536
REQUEST		1-b. 비즈니스 로직	1716964452850	1716964456554	OK	 
USER	2번 시나리오 유저	END	1716964456556
USER	2번 시나리오 유저	START	1716964456577
USER	2번 시나리오 유저	START	1716964456616
USER	2번 시나리오 유저	START	1716964456656
USER	2번 시나리오 유저	START	1716964456696
USER	2번 시나리오 유저	START	1716964456736
REQUEST		1-a. 로그인	1716964445857	1716964456748	OK	 
REQUEST		1-a. 로그인	1716964447043	1716964456748	OK	 
REQUEST		1-b. 비즈니스 로직	1716964452946	1716964456749	OK	 
USER	2번 시나리오 유저	END	1716964456749
REQUEST		1-a. 로그인	1716964446458	1716964456748	OK	 
REQUEST		1-a. 로그인	1716964448505	1716964456750	OK	 
REQUEST		1-b. 비즈니스 로직	1716964454448	1716964456752	OK	 
REQUEST		1-a. 로그인	1716964449960	1716964456752	OK	 
USER	2번 시나리오 유저	END	1716964456752
USER	2번 시나리오 유저	START	1716964456776
USER	2번 시나리오 유저	START	1716964456816
REQUEST		1-a. 로그인	1716964445642	1716964456840	OK	 
REQUEST		1-a. 로그인	1716964446981	1716964456840	OK	 
REQUEST		1-b. 비즈니스 로직	1716964454449	1716964456946	OK	 
REQUEST		1-b. 비즈니스 로직	1716964454447	1716964456946	OK	 
USER	2번 시나리오 유저	END	1716964456947
USER	2번 시나리오 유저	END	1716964456947
REQUEST		1-b. 비즈니스 로직	1716964454448	1716964457147	OK	 
REQUEST		1-b. 비즈니스 로직	1716964454447	1716964457147	OK	 
USER	2번 시나리오 유저	END	1716964457148
USER	2번 시나리오 유저	END	1716964457148
REQUEST		1-b. 비즈니스 로직	1716964454644	1716964457150	OK	 
REQUEST		1-b. 비즈니스 로직	1716964454448	1716964457150	OK	 
USER	2번 시나리오 유저	END	1716964457151
USER	2번 시나리오 유저	END	1716964457151
REQUEST		1-b. 비즈니스 로직	1716964454448	1716964457247	OK	 
USER	2번 시나리오 유저	END	1716964457248
REQUEST		1-b. 비즈니스 로직	1716964454447	1716964457346	OK	 
REQUEST		1-b. 비즈니스 로직	1716964454448	1716964457346	OK	 
REQUEST		1-b. 비즈니스 로직	1716964454449	1716964457346	OK	 
USER	2번 시나리오 유저	END	1716964457347
USER	2번 시나리오 유저	END	1716964457347
USER	2번 시나리오 유저	END	1716964457347
REQUEST		1-b. 비즈니스 로직	1716964456752	1716964457347	OK	 
USER	2번 시나리오 유저	END	1716964457347
REQUEST		1-b. 비즈니스 로직	1716964456749	1716964457448	OK	 
USER	2번 시나리오 유저	END	1716964457449
REQUEST		1-a. 로그인	1716964447234	1716964457743	OK	 
REQUEST		1-a. 로그인	1716964447670	1716964457844	OK	 
REQUEST		1-b. 비즈니스 로직	1716964456841	1716964457847	OK	 
USER	2번 시나리오 유저	END	1716964457847
REQUEST		1-b. 비즈니스 로직	1716964456841	1716964457948	OK	 
USER	2번 시나리오 유저	END	1716964457949
REQUEST		1-a. 로그인	1716964446791	1716964457950	OK	 
REQUEST		1-b. 비즈니스 로직	1716964454847	1716964459542	OK	 
USER	2번 시나리오 유저	END	1716964459543
REQUEST		1-b. 비즈니스 로직	1716964456750	1716964459647	OK	 
USER	2번 시나리오 유저	END	1716964459647
REQUEST		1-a. 로그인	1716964449858	1716964459742	OK	 
REQUEST		1-a. 로그인	1716964446391	1716964459742	OK	 
REQUEST		1-a. 로그인	1716964447106	1716964459742	OK	 
REQUEST		1-b. 비즈니스 로직	1716964457745	1716964462045	OK	 
REQUEST		1-b. 비즈니스 로직	1716964454448	1716964462045	OK	 
USER	2번 시나리오 유저	END	1716964462046
USER	2번 시나리오 유저	END	1716964462046
REQUEST		1-a. 로그인	1716964447915	1716964462046	OK	 
REQUEST		1-a. 로그인	1716964448622	1716964462143	OK	 
REQUEST		1-a. 로그인	1716964449023	1716964462447	OK	 
REQUEST		1-b. 비즈니스 로직	1716964457951	1716964462448	OK	 
USER	2번 시나리오 유저	END	1716964462449
REQUEST		1-a. 로그인	1716964451407	1716964462951	OK	 
REQUEST		1-b. 비즈니스 로직	1716964459743	1716964463045	OK	 
USER	2번 시나리오 유저	END	1716964463046
REQUEST		1-b. 비즈니스 로직	1716964462144	1716964463142	OK	 
USER	2번 시나리오 유저	END	1716964463143
REQUEST		1-b. 비즈니스 로직	1716964462047	1716964463241	OK	 
REQUEST		1-a. 로그인	1716964449468	1716964463241	OK	 
REQUEST		1-a. 로그인	1716964453175	1716964463240	OK	 
REQUEST		1-b. 비즈니스 로직	1716964459743	1716964463241	OK	 
USER	2번 시나리오 유저	END	1716964463242
USER	2번 시나리오 유저	END	1716964463242
REQUEST		1-b. 비즈니스 로직	1716964462448	1716964463244	OK	 
USER	2번 시나리오 유저	END	1716964463244
REQUEST		1-a. 로그인	1716964450277	1716964463246	OK	 
REQUEST		1-b. 비즈니스 로직	1716964462952	1716964463347	OK	 
REQUEST		1-b. 비즈니스 로직	1716964457846	1716964463347	OK	 
USER	2번 시나리오 유저	END	1716964463347
USER	2번 시나리오 유저	END	1716964463347
REQUEST		1-a. 로그인	1716964447795	1716964463449	OK	 
REQUEST		1-b. 비즈니스 로직	1716964459743	1716964463743	OK	 
USER	2번 시나리오 유저	END	1716964463744
REQUEST		1-a. 로그인	1716964453987	1716964464049	OK	 
REQUEST		1-a. 로그인	1716964448563	1716964465642	OK	 
REQUEST		1-a. 로그인	1716964449413	1716964465648	OK	 
REQUEST		1-a. 로그인	1716964447607	1716964465648	OK	 
REQUEST		1-a. 로그인	1716964448799	1716964465648	OK	 
REQUEST		1-a. 로그인	1716964450013	1716964465648	OK	 
REQUEST		1-a. 로그인	1716964451106	1716964465649	OK	 
REQUEST		1-b. 비즈니스 로직	1716964463246	1716964465753	OK	 
REQUEST		1-a. 로그인	1716964448859	1716964465753	OK	 
REQUEST		1-a. 로그인	1716964448913	1716964465753	OK	 
REQUEST		1-a. 로그인	1716964454291	1716964465753	OK	 
USER	2번 시나리오 유저	END	1716964465754
REQUEST		1-a. 로그인	1716964449079	1716964466145	OK	 
REQUEST		1-a. 로그인	1716964455189	1716964466145	OK	 
REQUEST		1-a. 로그인	1716964451507	1716964466153	OK	 
REQUEST		1-b. 비즈니스 로직	1716964463450	1716964466155	OK	 
USER	2번 시나리오 유저	END	1716964466156
REQUEST		1-b. 비즈니스 로직	1716964465648	1716964466552	OK	 
USER	2번 시나리오 유저	END	1716964466553
REQUEST		1-a. 로그인	1716964447858	1716964466655	OK	 
REQUEST		1-a. 로그인	1716964454029	1716964466656	OK	 
REQUEST		1-a. 로그인	1716964450329	1716964466752	OK	 
REQUEST		1-b. 비즈니스 로직	1716964465649	1716964466847	OK	 
USER	2번 시나리오 유저	END	1716964466848
REQUEST		1-b. 비즈니스 로직	1716964465753	1716964466850	OK	 
REQUEST		1-b. 비즈니스 로직	1716964465753	1716964466850	OK	 
USER	2번 시나리오 유저	END	1716964466850
USER	2번 시나리오 유저	END	1716964466850
REQUEST		1-b. 비즈니스 로직	1716964465648	1716964466949	OK	 
USER	2번 시나리오 유저	END	1716964466949
REQUEST		1-a. 로그인	1716964450171	1716964467250	OK	 
REQUEST		1-b. 비즈니스 로직	1716964466146	1716964467250	OK	 
REQUEST		1-b. 비즈니스 로직	1716964466146	1716964467250	OK	 
USER	2번 시나리오 유저	END	1716964467252
USER	2번 시나리오 유저	END	1716964467252
REQUEST		1-a. 로그인	1716964448969	1716964467343	OK	 
REQUEST		1-b. 비즈니스 로직	1716964466155	1716964467444	OK	 
USER	2번 시나리오 유저	END	1716964467445
REQUEST		1-a. 로그인	1716964451998	1716964467539	OK	 
REQUEST		1-b. 비즈니스 로직	1716964466657	1716964467543	OK	 
USER	2번 시나리오 유저	END	1716964467543
REQUEST		1-b. 비즈니스 로직	1716964466656	1716964469449	OK	 
USER	2번 시나리오 유저	END	1716964469450
REQUEST		1-b. 비즈니스 로직	1716964465753	1716964469846	OK	 
REQUEST		1-a. 로그인	1716964452856	1716964469846	OK	 
USER	2번 시나리오 유저	END	1716964469847
REQUEST		1-a. 로그인	1716964450699	1716964469848	OK	 
REQUEST		1-a. 로그인	1716964449746	1716964469848	OK	 
REQUEST		1-a. 로그인	1716964450591	1716964469849	OK	 
REQUEST		1-a. 로그인	1716964448092	1716964469947	OK	 
REQUEST		1-a. 로그인	1716964449523	1716964469947	OK	 
REQUEST		1-a. 로그인	1716964453812	1716964469948	OK	 
REQUEST		1-a. 로그인	1716964450804	1716964469952	OK	 
REQUEST		1-a. 로그인	1716964450751	1716964470043	OK	 
REQUEST		1-a. 로그인	1716964449245	1716964470443	OK	 
REQUEST		1-a. 로그인	1716964454378	1716964470446	OK	 
REQUEST		1-a. 로그인	1716964453632	1716964470446	OK	 
REQUEST		1-b. 비즈니스 로직	1716964466753	1716964470448	OK	 
REQUEST		1-a. 로그인	1716964453900	1716964470448	OK	 
REQUEST		1-a. 로그인	1716964448328	1716964470448	OK	 
USER	2번 시나리오 유저	END	1716964470449
REQUEST		1-b. 비즈니스 로직	1716964465648	1716964470449	OK	 
USER	2번 시나리오 유저	END	1716964470449
REQUEST		1-a. 로그인	1716964449691	1716964470640	OK	 
REQUEST		1-a. 로그인	1716964453039	1716964470642	OK	 
REQUEST		1-a. 로그인	1716964449357	1716964470642	OK	 
REQUEST		1-a. 로그인	1716964452093	1716964470746	OK	 
REQUEST		1-a. 로그인	1716964451056	1716964470847	OK	 
REQUEST		1-a. 로그인	1716964455023	1716964470944	OK	 
REQUEST		1-a. 로그인	1716964449580	1716964471237	OK	 
REQUEST		1-a. 로그인	1716964449908	1716964471746	OK	 
REQUEST		1-b. 비즈니스 로직	1716964467251	1716964471746	OK	 
USER	2번 시나리오 유저	END	1716964471747
REQUEST		1-b. 비즈니스 로직	1716964467540	1716964471747	OK	 
REQUEST		1-a. 로그인	1716964449190	1716964471747	OK	 
USER	2번 시나리오 유저	END	1716964471747
REQUEST		1-a. 로그인	1716964454508	1716964471747	OK	 
REQUEST		1-b. 비즈니스 로직	1716964467345	1716964471749	OK	 
USER	2번 시나리오 유저	END	1716964471749
REQUEST		1-b. 비즈니스 로직	1716964469947	1716964471840	OK	 
REQUEST		1-a. 로그인	1716964449802	1716964471840	OK	 
USER	2번 시나리오 유저	END	1716964471841
REQUEST		1-a. 로그인	1716964448268	1716964471842	OK	 
REQUEST		1-b. 비즈니스 로직	1716964470643	1716964471846	OK	 
REQUEST		1-b. 비즈니스 로직	1716964470446	1716964471846	OK	 
REQUEST		1-b. 비즈니스 로직	1716964471238	1716964471846	OK	 
REQUEST		1-a. 로그인	1716964455108	1716964471846	OK	 
USER	2번 시나리오 유저	END	1716964471847
USER	2번 시나리오 유저	END	1716964471847
USER	2번 시나리오 유저	END	1716964471847
REQUEST		1-a. 로그인	1716964450646	1716964471944	OK	 
REQUEST		1-b. 비즈니스 로직	1716964470747	1716964472245	OK	 
REQUEST		1-b. 비즈니스 로직	1716964470641	1716964472245	OK	 
USER	2번 시나리오 유저	END	1716964472246
USER	2번 시나리오 유저	END	1716964472246
REQUEST		1-b. 비즈니스 로직	1716964469952	1716964472345	OK	 
REQUEST		1-b. 비즈니스 로직	1716964469847	1716964472345	OK	 
REQUEST		1-a. 로그인	1716964450541	1716964472345	OK	 
REQUEST		1-b. 비즈니스 로직	1716964470848	1716964472345	OK	 
REQUEST		1-b. 비즈니스 로직	1716964470448	1716964472346	OK	 
USER	2번 시나리오 유저	END	1716964472348
USER	2번 시나리오 유저	END	1716964472348
USER	2번 시나리오 유저	END	1716964472348
USER	2번 시나리오 유저	END	1716964472348
REQUEST		1-b. 비즈니스 로직	1716964469849	1716964472349	OK	 
USER	2번 시나리오 유저	END	1716964472350
REQUEST		1-a. 로그인	1716964450488	1716964472442	OK	 
REQUEST		1-b. 비즈니스 로직	1716964471747	1716964472548	OK	 
REQUEST		1-b. 비즈니스 로직	1716964469849	1716964472548	OK	 
REQUEST		1-a. 로그인	1716964448209	1716964472548	OK	 
USER	2번 시나리오 유저	END	1716964472549
USER	2번 시나리오 유저	END	1716964472549
REQUEST		1-b. 비즈니스 로직	1716964471945	1716964472647	OK	 
REQUEST		1-a. 로그인	1716964452144	1716964472647	OK	 
REQUEST		1-a. 로그인	1716964449136	1716964472647	OK	 
USER	2번 시나리오 유저	END	1716964472648
REQUEST		1-a. 로그인	1716964452046	1716964472747	OK	 
REQUEST		1-a. 로그인	1716964454813	1716964472749	OK	 
REQUEST		1-b. 비즈니스 로직	1716964469951	1716964472848	OK	 
REQUEST		1-b. 비즈니스 로직	1716964470643	1716964472848	OK	 
REQUEST		1-b. 비즈니스 로직	1716964470448	1716964472848	OK	 
USER	2번 시나리오 유저	END	1716964472849
USER	2번 시나리오 유저	END	1716964472849
USER	2번 시나리오 유저	END	1716964472849
REQUEST		1-b. 비즈니스 로직	1716964469849	1716964473351	OK	 
USER	2번 시나리오 유저	END	1716964473352
REQUEST		1-b. 비즈니스 로직	1716964470446	1716964473353	OK	 
USER	2번 시나리오 유저	END	1716964473353
REQUEST		1-b. 비즈니스 로직	1716964469947	1716964473435	OK	 
REQUEST		1-b. 비즈니스 로직	1716964471847	1716964473435	OK	 
USER	2번 시나리오 유저	END	1716964473435
USER	2번 시나리오 유저	END	1716964473435
REQUEST		1-b. 비즈니스 로직	1716964470945	1716964473442	OK	 
USER	2번 시나리오 유저	END	1716964473442
REQUEST		1-b. 비즈니스 로직	1716964472346	1716964473547	OK	 
REQUEST		1-a. 로그인	1716964448444	1716964473547	OK	 
USER	2번 시나리오 유저	END	1716964473548
REQUEST		1-b. 비즈니스 로직	1716964470445	1716964473644	OK	 
REQUEST		1-b. 비즈니스 로직	1716964472549	1716964473644	OK	 
USER	2번 시나리오 유저	END	1716964473645
USER	2번 시나리오 유저	END	1716964473645
REQUEST		1-b. 비즈니스 로직	1716964472444	1716964473646	OK	 
USER	2번 시나리오 유저	END	1716964473646
REQUEST		1-b. 비즈니스 로직	1716964472750	1716964473750	OK	 
REQUEST		1-a. 로그인	1716964454982	1716964473750	OK	 
REQUEST		1-a. 로그인	1716964450382	1716964473750	OK	 
REQUEST		1-b. 비즈니스 로직	1716964472648	1716964473751	OK	 
REQUEST		1-b. 비즈니스 로직	1716964472748	1716964473751	OK	 
REQUEST		1-a. 로그인	1716964455065	1716964473752	OK	 
REQUEST		1-b. 비즈니스 로직	1716964472648	1716964473752	OK	 
USER	2번 시나리오 유저	END	1716964473753
USER	2번 시나리오 유저	END	1716964473753
USER	2번 시나리오 유저	END	1716964473753
USER	2번 시나리오 유저	END	1716964473753
REQUEST		1-a. 로그인	1716964451607	1716964473843	OK	 
REQUEST		1-a. 로그인	1716964455233	1716964474144	OK	 
REQUEST		1-a. 로그인	1716964450225	1716964474346	OK	 
REQUEST		1-a. 로그인	1716964452946	1716964474541	OK	 
REQUEST		1-a. 로그인	1716964448681	1716964474542	OK	 
REQUEST		1-a. 로그인	1716964454682	1716964474543	OK	 
REQUEST		1-b. 비즈니스 로직	1716964473548	1716964474543	OK	 
USER	2번 시나리오 유저	END	1716964474544
REQUEST		1-b. 비즈니스 로직	1716964473751	1716964474552	OK	 
USER	2번 시나리오 유저	END	1716964474553
REQUEST		1-a. 로그인	1716964454465	1716964475349	OK	 
REQUEST		1-b. 비즈니스 로직	1716964473845	1716964475446	OK	 
REQUEST		1-b. 비즈니스 로직	1716964473751	1716964475446	OK	 
REQUEST		1-a. 로그인	1716964450066	1716964475447	OK	 
USER	2번 시나리오 유저	END	1716964475447
USER	2번 시나리오 유저	END	1716964475447
REQUEST		1-a. 로그인	1716964449638	1716964475747	OK	 
REQUEST		1-b. 비즈니스 로직	1716964470045	1716964475843	OK	 
REQUEST		1-b. 비즈니스 로직	1716964473752	1716964475843	OK	 
REQUEST		1-b. 비즈니스 로직	1716964474145	1716964475843	OK	 
USER	2번 시나리오 유저	END	1716964475844
USER	2번 시나리오 유저	END	1716964475844
USER	2번 시나리오 유저	END	1716964475844
REQUEST		1-b. 비즈니스 로직	1716964456750	1716964475844	OK	 
USER	2번 시나리오 유저	END	1716964475844
REQUEST		1-b. 비즈니스 로직	1716964463242	1716964475945	OK	 
REQUEST		1-b. 비즈니스 로직	1716964464050	1716964475945	OK	 
USER	2번 시나리오 유저	END	1716964475945
USER	2번 시나리오 유저	END	1716964475945
REQUEST		1-b. 비즈니스 로직	1716964471747	1716964475945	OK	 
USER	2번 시나리오 유저	END	1716964475946
REQUEST		1-b. 비즈니스 로직	1716964474347	1716964476043	OK	 
REQUEST		1-b. 비즈니스 로직	1716964465648	1716964476043	OK	 
USER	2번 시나리오 유저	END	1716964476044
USER	2번 시나리오 유저	END	1716964476044
REQUEST		1-b. 비즈니스 로직	1716964474542	1716964476044	OK	 
USER	2번 시나리오 유저	END	1716964476045
REQUEST		1-b. 비즈니스 로직	1716964471843	1716964476254	OK	 
USER	2번 시나리오 유저	END	1716964476255
REQUEST		1-b. 비즈니스 로직	1716964465642	1716964476445	OK	 
USER	2번 시나리오 유저	END	1716964476445
REQUEST		1-b. 비즈니스 로직	1716964471747	1716964476542	OK	 
REQUEST		1-a. 로그인	1716964448037	1716964476542	OK	 
USER	2번 시나리오 유저	END	1716964476542
REQUEST		1-b. 비즈니스 로직	1716964474543	1716964476543	OK	 
USER	2번 시나리오 유저	END	1716964476543
REQUEST		1-a. 로그인	1716964454074	1716964476750	OK	 
REQUEST		1-a. 로그인	1716964451457	1716964476842	OK	 
REQUEST		1-b. 비즈니스 로직	1716964475748	1716964476945	OK	 
REQUEST		1-b. 비즈니스 로직	1716964475350	1716964476945	OK	 
REQUEST		1-b. 비즈니스 로직	1716964456750	1716964476945	OK	 
USER	2번 시나리오 유저	END	1716964476945
USER	2번 시나리오 유저	END	1716964476945
USER	2번 시나리오 유저	END	1716964476945
REQUEST		1-b. 비즈니스 로직	1716964463242	1716964477044	OK	 
USER	2번 시나리오 유저	END	1716964477044
REQUEST		1-a. 로그인	1716964453676	1716964477142	OK	 
REQUEST		1-b. 비즈니스 로직	1716964474543	1716964477244	OK	 
USER	2번 시나리오 유저	END	1716964477245
REQUEST		1-a. 로그인	1716964449301	1716964477245	OK	 
REQUEST		1-a. 로그인	1716964450436	1716964477347	OK	 
REQUEST		1-b. 비즈니스 로직	1716964476542	1716964477543	OK	 
USER	2번 시나리오 유저	END	1716964477544
REQUEST		1-a. 로그인	1716964451807	1716964477546	OK	 
REQUEST		1-b. 비즈니스 로직	1716964471841	1716964477852	OK	 
USER	2번 시나리오 유저	END	1716964477853
REQUEST		1-a. 로그인	1716964453540	1716964477945	OK	 
REQUEST		1-b. 비즈니스 로직	1716964476751	1716964477948	OK	 
REQUEST		1-a. 로그인	1716964451005	1716964477948	OK	 
USER	2번 시나리오 유저	END	1716964477949
REQUEST		1-b. 비즈니스 로직	1716964475447	1716964478053	OK	 
USER	2번 시나리오 유저	END	1716964478054
REQUEST		1-a. 로그인	1716964451256	1716964478745	OK	 
REQUEST		1-a. 로그인	1716964450857	1716964478745	OK	 
REQUEST		1-a. 로그인	1716964454940	1716964478843	OK	 
REQUEST		1-b. 비즈니스 로직	1716964477246	1716964478845	OK	 
USER	2번 시나리오 유저	END	1716964478846
REQUEST		1-b. 비즈니스 로직	1716964477547	1716964478846	OK	 
USER	2번 시나리오 유저	END	1716964478846
REQUEST		1-b. 비즈니스 로직	1716964477348	1716964478947	OK	 
USER	2번 시나리오 유저	END	1716964478948
REQUEST		1-a. 로그인	1716964451708	1716964479145	OK	 
REQUEST		1-b. 비즈니스 로직	1716964477949	1716964479150	OK	 
USER	2번 시나리오 유저	END	1716964479152
REQUEST		1-b. 비즈니스 로직	1716964478746	1716964479249	OK	 
REQUEST		1-b. 비즈니스 로직	1716964477946	1716964479249	OK	 
USER	2번 시나리오 유저	END	1716964479250
USER	2번 시나리오 유저	END	1716964479250
REQUEST		1-a. 로그인	1716964451903	1716964479250	OK	 
REQUEST		1-a. 로그인	1716964453084	1716964479349	OK	 
REQUEST		1-a. 로그인	1716964451657	1716964479561	OK	 
REQUEST		1-a. 로그인	1716964450957	1716964479647	OK	 
REQUEST		1-b. 비즈니스 로직	1716964476843	1716964479648	OK	 
USER	2번 시나리오 유저	END	1716964479648
REQUEST		1-b. 비즈니스 로직	1716964479146	1716964479748	OK	 
USER	2번 시나리오 유저	END	1716964479748
REQUEST		1-b. 비즈니스 로직	1716964478843	1716964479846	OK	 
USER	2번 시나리오 유저	END	1716964479846
REQUEST		1-b. 비즈니스 로직	1716964478746	1716964479948	OK	 
REQUEST		1-b. 비즈니스 로직	1716964479351	1716964479948	OK	 
USER	2번 시나리오 유저	END	1716964479948
USER	2번 시나리오 유저	END	1716964479948
REQUEST		1-b. 비즈니스 로직	1716964479251	1716964480042	OK	 
REQUEST		1-a. 로그인	1716964450906	1716964480042	OK	 
USER	2번 시나리오 유저	END	1716964480042
REQUEST		1-a. 로그인	1716964453128	1716964480043	OK	 
REQUEST		1-b. 비즈니스 로직	1716964479647	1716964481542	OK	 
USER	2번 시나리오 유저	END	1716964481543
REQUEST		1-a. 로그인	1716964451950	1716964481741	OK	 
REQUEST		1-b. 비즈니스 로직	1716964479561	1716964481743	OK	 
USER	2번 시나리오 유저	END	1716964481744
REQUEST		1-a. 로그인	1716964452475	1716964481746	OK	 
REQUEST		1-a. 로그인	1716964453585	1716964481847	OK	 
REQUEST		1-a. 로그인	1716964452665	1716964481849	OK	 
REQUEST		1-a. 로그인	1716964452188	1716964481849	OK	 
REQUEST		1-a. 로그인	1716964454247	1716964481849	OK	 
REQUEST		1-a. 로그인	1716964451857	1716964485642	OK	 
REQUEST		1-a. 로그인	1716964451756	1716964485642	OK	 
REQUEST		1-b. 비즈니스 로직	1716964480042	1716964485647	OK	 
REQUEST		1-a. 로그인	1716964453859	1716964485647	OK	 
USER	2번 시나리오 유저	END	1716964485648
REQUEST		1-a. 로그인	1716964450119	1716964485648	OK	 
REQUEST		1-a. 로그인	1716964452715	1716964485648	OK	 
REQUEST		1-b. 비즈니스 로직	1716964480043	1716964485742	OK	 
REQUEST		1-a. 로그인	1716964452992	1716964485742	OK	 
REQUEST		1-a. 로그인	1716964452285	1716964485742	OK	 
REQUEST		1-a. 로그인	1716964453312	1716964485742	OK	 
REQUEST		1-b. 비즈니스 로직	1716964477143	1716964485743	OK	 
REQUEST		1-a. 로그인	1716964452618	1716964485743	OK	 
REQUEST		1-a. 로그인	1716964456657	1716964485743	OK	 
REQUEST		1-a. 로그인	1716964455524	1716964485742	OK	 
USER	2번 시나리오 유저	END	1716964485744
USER	2번 시나리오 유저	END	1716964485744
REQUEST		1-a. 로그인	1716964448740	1716964485750	OK	 
REQUEST		1-a. 로그인	1716964455441	1716964485750	OK	 
REQUEST		1-a. 로그인	1716964454422	1716964485750	OK	 
REQUEST		1-a. 로그인	1716964455315	1716964485750	OK	 
REQUEST		1-a. 로그인	1716964452901	1716964485750	OK	 
REQUEST		1-a. 로그인	1716964454203	1716964485843	OK	 
REQUEST		1-a. 로그인	1716964454770	1716964485843	OK	 
REQUEST		1-a. 로그인	1716964453403	1716964485843	OK	 
REQUEST		1-a. 로그인	1716964453448	1716964485945	OK	 
REQUEST		1-a. 로그인	1716964455483	1716964485945	OK	 
REQUEST		1-a. 로그인	1716964452427	1716964485948	OK	 
REQUEST		1-a. 로그인	1716964456697	1716964486045	OK	 
REQUEST		1-a. 로그인	1716964454727	1716964486146	OK	 
REQUEST		1-a. 로그인	1716964456257	1716964486146	OK	 
REQUEST		1-a. 로그인	1716964454856	1716964486146	OK	 
REQUEST		1-a. 로그인	1716964454640	1716964486146	OK	 
REQUEST		1-a. 로그인	1716964451306	1716964486147	OK	 
REQUEST		1-a. 로그인	1716964456016	1716964486147	OK	 
REQUEST		1-a. 로그인	1716964453943	1716964486147	OK	 
REQUEST		1-a. 로그인	1716964452760	1716964486146	OK	 
REQUEST		1-a. 로그인	1716964456217	1716964486148	OK	 
REQUEST		1-a. 로그인	1716964451207	1716964486149	OK	 
REQUEST		1-a. 로그인	1716964454596	1716964486151	OK	 
REQUEST		1-a. 로그인	1716964452238	1716964486151	OK	 
REQUEST		1-a. 로그인	1716964455975	1716964486151	OK	 
REQUEST		1-a. 로그인	1716964454336	1716964486151	OK	 
REQUEST		1-a. 로그인	1716964456297	1716964486151	OK	 
REQUEST		1-a. 로그인	1716964453493	1716964486249	OK	 
REQUEST		1-a. 로그인	1716964453766	1716964486252	OK	 
REQUEST		1-a. 로그인	1716964452810	1716964486344	OK	 
REQUEST		1-b. 비즈니스 로직	1716964481742	1716964486448	OK	 
REQUEST		1-a. 로그인	1716964453357	1716964486448	OK	 
USER	2번 시나리오 유저	END	1716964486448
REQUEST		1-b. 비즈니스 로직	1716964481850	1716964486449	OK	 
REQUEST		1-b. 비즈니스 로직	1716964481848	1716964486449	OK	 
USER	2번 시나리오 유저	END	1716964486449
USER	2번 시나리오 유저	END	1716964486449
REQUEST		1-b. 비즈니스 로직	1716964481850	1716964486546	OK	 
USER	2번 시나리오 유저	END	1716964486547
REQUEST		1-b. 비즈니스 로직	1716964485643	1716964486745	OK	 
REQUEST		1-b. 비즈니스 로직	1716964485643	1716964486745	OK	 
USER	2번 시나리오 유저	END	1716964486746
USER	2번 시나리오 유저	END	1716964486746
REQUEST		1-a. 로그인	1716964455816	1716964486746	OK	 
REQUEST		1-a. 로그인	1716964452571	1716964486746	OK	 
REQUEST		1-b. 비즈니스 로직	1716964481850	1716964486945	OK	 
USER	2번 시나리오 유저	END	1716964486946
REQUEST		1-b. 비즈니스 로직	1716964485649	1716964486948	OK	 
REQUEST		1-b. 비즈니스 로직	1716964485744	1716964486948	OK	 
USER	2번 시나리오 유저	END	1716964486948
USER	2번 시나리오 유저	END	1716964486948
REQUEST		1-b. 비즈니스 로직	1716964485648	1716964487147	OK	 
REQUEST		1-b. 비즈니스 로직	1716964486147	1716964487147	OK	 
REQUEST		1-a. 로그인	1716964451357	1716964487147	OK	 
USER	2번 시나리오 유저	END	1716964487148
USER	2번 시나리오 유저	END	1716964487148
REQUEST		1-b. 비즈니스 로직	1716964485648	1716964487245	OK	 
USER	2번 시나리오 유저	END	1716964487246
REQUEST		1-b. 비즈니스 로직	1716964485949	1716964487348	OK	 
REQUEST		1-b. 비즈니스 로직	1716964485743	1716964487348	OK	 
REQUEST		1-a. 로그인	1716964452523	1716964487349	OK	 
REQUEST		1-a. 로그인	1716964456776	1716964487349	OK	 
REQUEST		1-a. 로그인	1716964453221	1716964487350	OK	 
USER	2번 시나리오 유저	END	1716964487350
USER	2번 시나리오 유저	END	1716964487350
REQUEST		1-b. 비즈니스 로직	1716964486151	1716964487350	OK	 
USER	2번 시나리오 유저	END	1716964487351
REQUEST		1-b. 비즈니스 로직	1716964486046	1716964487442	OK	 
REQUEST		1-a. 로그인	1716964454160	1716964487442	OK	 
REQUEST		1-b. 비즈니스 로직	1716964485743	1716964487442	OK	 
USER	2번 시나리오 유저	END	1716964487443
USER	2번 시나리오 유저	END	1716964487443
REQUEST		1-b. 비즈니스 로직	1716964485946	1716964487443	OK	 
REQUEST		1-b. 비즈니스 로직	1716964486146	1716964487443	OK	 
USER	2번 시나리오 유저	END	1716964487444
REQUEST		1-b. 비즈니스 로직	1716964486448	1716964487444	OK	 
USER	2번 시나리오 유저	END	1716964487444
USER	2번 시나리오 유저	END	1716964487444
REQUEST		1-b. 비즈니스 로직	1716964486147	1716964487444	OK	 
REQUEST		1-a. 로그인	1716964452379	1716964487444	OK	 
USER	2번 시나리오 유저	END	1716964487445
REQUEST		1-b. 비즈니스 로직	1716964486250	1716964487445	OK	 
REQUEST		1-a. 로그인	1716964451557	1716964487445	OK	 
REQUEST		1-b. 비즈니스 로직	1716964486252	1716964487446	OK	 
USER	2번 시나리오 유저	END	1716964487446
USER	2번 시나리오 유저	END	1716964487446
REQUEST		1-b. 비즈니스 로직	1716964485743	1716964487533	OK	 
USER	2번 시나리오 유저	END	1716964487535
REQUEST		1-b. 비즈니스 로직	1716964486345	1716964487649	OK	 
USER	2번 시나리오 유저	END	1716964487650
REQUEST		1-a. 로그인	1716964455607	1716964487651	OK	 
REQUEST		1-a. 로그인	1716964453266	1716964487851	OK	 
REQUEST		1-a. 로그인	1716964456737	1716964487851	OK	 
REQUEST		1-a. 로그인	1716964455358	1716964487852	OK	 
REQUEST		1-a. 로그인	1716964454550	1716964487854	OK	 
REQUEST		1-b. 비즈니스 로직	1716964486148	1716964487943	OK	 
REQUEST		1-a. 로그인	1716964455273	1716964487943	OK	 
USER	2번 시나리오 유저	END	1716964487945
REQUEST		1-a. 로그인	1716964453721	1716964488036	OK	 
REQUEST		1-a. 로그인	1716964452333	1716964488043	OK	 
REQUEST		1-a. 로그인	1716964455692	1716964488043	OK	 
REQUEST		1-b. 비즈니스 로직	1716964486747	1716964488151	OK	 
REQUEST		1-a. 로그인	1716964454898	1716964488151	OK	 
REQUEST		1-b. 비즈니스 로직	1716964485751	1716964488151	OK	 
REQUEST		1-a. 로그인	1716964456176	1716964488151	OK	 
REQUEST		1-a. 로그인	1716964456496	1716964488151	OK	 
REQUEST		1-a. 로그인	1716964456339	1716964488151	OK	 
USER	2번 시나리오 유저	END	1716964488152
USER	2번 시나리오 유저	END	1716964488152
REQUEST		1-b. 비즈니스 로직	1716964486151	1716964488244	OK	 
REQUEST		1-b. 비즈니스 로직	1716964485751	1716964488244	OK	 
REQUEST		1-b. 비즈니스 로직	1716964485843	1716964488244	OK	 
USER	2번 시나리오 유저	END	1716964488245
USER	2번 시나리오 유저	END	1716964488245
USER	2번 시나리오 유저	END	1716964488245
REQUEST		1-b. 비즈니스 로직	1716964487443	1716964488248	OK	 
USER	2번 시나리오 유저	END	1716964488249
REQUEST		1-a. 로그인	1716964455399	1716964488249	OK	 
REQUEST		1-b. 비즈니스 로직	1716964485751	1716964488445	OK	 
REQUEST		1-b. 비즈니스 로직	1716964481746	1716964488445	OK	 
USER	2번 시나리오 유저	END	1716964488446
USER	2번 시나리오 유저	END	1716964488446
REQUEST		1-b. 비즈니스 로직	1716964486146	1716964488448	OK	 
REQUEST		1-b. 비즈니스 로직	1716964487350	1716964488448	OK	 
USER	2번 시나리오 유저	END	1716964488448
USER	2번 시나리오 유저	END	1716964488448
REQUEST		1-a. 로그인	1716964451156	1716964488448	OK	 
REQUEST		1-b. 비즈니스 로직	1716964487446	1716964488548	OK	 
REQUEST		1-b. 비즈니스 로직	1716964487148	1716964488548	OK	 
REQUEST		1-b. 비즈니스 로직	1716964486747	1716964488548	OK	 
USER	2번 시나리오 유저	END	1716964488549
USER	2번 시나리오 유저	END	1716964488549
USER	2번 시나리오 유저	END	1716964488549
REQUEST		1-a. 로그인	1716964455733	1716964488549	OK	 
REQUEST		1-b. 비즈니스 로직	1716964487445	1716964488740	OK	 
REQUEST		1-b. 비즈니스 로직	1716964486146	1716964488740	OK	 
REQUEST		1-b. 비즈니스 로직	1716964487350	1716964488740	OK	 
REQUEST		1-b. 비즈니스 로직	1716964486152	1716964488740	OK	 
USER	2번 시나리오 유저	END	1716964488741
USER	2번 시나리오 유저	END	1716964488741
USER	2번 시나리오 유저	END	1716964488741
USER	2번 시나리오 유저	END	1716964488741
REQUEST		1-b. 비즈니스 로직	1716964485744	1716964488744	OK	 
USER	2번 시나리오 유저	END	1716964488744
REQUEST		1-b. 비즈니스 로직	1716964485751	1716964488745	OK	 
REQUEST		1-b. 비즈니스 로직	1716964487855	1716964488745	OK	 
REQUEST		1-a. 로그인	1716964455566	1716964488745	OK	 
REQUEST		1-a. 로그인	1716964456577	1716964488745	OK	 
REQUEST		1-b. 비즈니스 로직	1716964487350	1716964488745	OK	 
REQUEST		1-a. 로그인	1716964455859	1716964488745	OK	 
REQUEST		1-a. 로그인	1716964456139	1716964488745	OK	 
REQUEST		1-b. 비즈니스 로직	1716964487945	1716964488745	OK	 
USER	2번 시나리오 유저	END	1716964488745
USER	2번 시나리오 유저	END	1716964488746
USER	2번 시나리오 유저	END	1716964488746
USER	2번 시나리오 유저	END	1716964488746
REQUEST		1-b. 비즈니스 로직	1716964487852	1716964488844	OK	 
REQUEST		1-a. 로그인	1716964455935	1716964488844	OK	 
USER	2번 시나리오 유저	END	1716964488845
REQUEST		1-b. 비즈니스 로직	1716964486149	1716964488853	OK	 
USER	2번 시나리오 유저	END	1716964488853
REQUEST		1-a. 로그인	1716964456617	1716964488941	OK	 
REQUEST		1-b. 비즈니스 로직	1716964487651	1716964488941	OK	 
USER	2번 시나리오 유저	END	1716964488941
REQUEST		1-b. 비즈니스 로직	1716964485946	1716964488942	OK	 
USER	2번 시나리오 유저	END	1716964488942
REQUEST		1-b. 비즈니스 로직	1716964487852	1716964488942	OK	 
USER	2번 시나리오 유저	END	1716964488943
REQUEST		1-b. 비즈니스 로직	1716964488152	1716964488943	OK	 
USER	2번 시나리오 유저	END	1716964488943
REQUEST		1-b. 비즈니스 로직	1716964488044	1716964488944	OK	 
REQUEST		1-b. 비즈니스 로직	1716964487852	1716964488944	OK	 
USER	2번 시나리오 유저	END	1716964488944
USER	2번 시나리오 유저	END	1716964488944
REQUEST		1-b. 비즈니스 로직	1716964488038	1716964489040	OK	 
REQUEST		1-b. 비즈니스 로직	1716964488152	1716964489040	OK	 
REQUEST		1-a. 로그인	1716964454117	1716964489040	OK	 
USER	2번 시나리오 유저	END	1716964489041
USER	2번 시나리오 유저	END	1716964489041
REQUEST		1-b. 비즈니스 로직	1716964488153	1716964489042	OK	 
USER	2번 시나리오 유저	END	1716964489042
REQUEST		1-b. 비즈니스 로직	1716964488250	1716964489043	OK	 
USER	2번 시나리오 유저	END	1716964489043
REQUEST		1-b. 비즈니스 로직	1716964488550	1716964489044	OK	 
REQUEST		1-a. 로그인	1716964456096	1716964489044	OK	 
USER	2번 시나리오 유저	END	1716964489045
REQUEST		1-a. 로그인	1716964456456	1716964489047	OK	 
REQUEST		1-b. 비즈니스 로직	1716964488045	1716964489047	OK	 
USER	2번 시나리오 유저	END	1716964489047
REQUEST		1-a. 로그인	1716964456817	1716964489047	OK	 
REQUEST		1-a. 로그인	1716964456056	1716964489047	OK	 
REQUEST		1-a. 로그인	1716964455895	1716964489047	OK	 
REQUEST		1-b. 비즈니스 로직	1716964488152	1716964489048	OK	 
REQUEST		1-a. 로그인	1716964455774	1716964489048	OK	 
USER	2번 시나리오 유저	END	1716964489048
REQUEST		1-b. 비즈니스 로직	1716964486148	1716964489049	OK	 
REQUEST		1-a. 로그인	1716964455148	1716964489049	OK	 
USER	2번 시나리오 유저	END	1716964489050
REQUEST		1-b. 비즈니스 로직	1716964486152	1716964489050	OK	 
REQUEST		1-a. 로그인	1716964456417	1716964489050	OK	 
REQUEST		1-b. 비즈니스 로직	1716964485744	1716964489050	OK	 
USER	2번 시나리오 유저	END	1716964489050
USER	2번 시나리오 유저	END	1716964489050
REQUEST		1-b. 비즈니스 로직	1716964485750	1716964489050	OK	 
REQUEST		1-b. 비즈니스 로직	1716964488449	1716964489050	OK	 
USER	2번 시나리오 유저	END	1716964489051
USER	2번 시나리오 유저	END	1716964489051
REQUEST		1-b. 비즈니스 로직	1716964486147	1716964489052	OK	 
REQUEST		1-b. 비즈니스 로직	1716964485843	1716964489052	OK	 
USER	2번 시나리오 유저	END	1716964489052
USER	2번 시나리오 유저	END	1716964489052
REQUEST		1-b. 비즈니스 로직	1716964486151	1716964489053	OK	 
USER	2번 시나리오 유저	END	1716964489053
REQUEST		1-b. 비즈니스 로직	1716964485843	1716964489139	OK	 
REQUEST		1-a. 로그인	1716964455649	1716964489139	OK	 
USER	2번 시나리오 유저	END	1716964489139
REQUEST		1-b. 비즈니스 로직	1716964486147	1716964489139	OK	 
USER	2번 시나리오 유저	END	1716964489139
REQUEST		1-b. 비즈니스 로직	1716964488745	1716964489140	OK	 
REQUEST		1-a. 로그인	1716964456377	1716964489140	OK	 
REQUEST		1-a. 로그인	1716964456538	1716964489140	OK	 
USER	2번 시나리오 유저	END	1716964489140
REQUEST		1-b. 비즈니스 로직	1716964488941	1716964489146	OK	 
USER	2번 시나리오 유저	END	1716964489147
REQUEST		1-b. 비즈니스 로직	1716964488745	1716964489147	OK	 
USER	2번 시나리오 유저	END	1716964489147
REQUEST		1-b. 비즈니스 로직	1716964489045	1716964489149	OK	 
REQUEST		1-b. 비즈니스 로직	1716964488745	1716964489149	OK	 
USER	2번 시나리오 유저	END	1716964489149
USER	2번 시나리오 유저	END	1716964489149
REQUEST		1-b. 비즈니스 로직	1716964488845	1716964489149	OK	 
REQUEST		1-b. 비즈니스 로직	1716964489048	1716964489149	OK	 
USER	2번 시나리오 유저	END	1716964489149
USER	2번 시나리오 유저	END	1716964489149
REQUEST		1-b. 비즈니스 로직	1716964489041	1716964489149	OK	 
REQUEST		1-b. 비즈니스 로직	1716964489048	1716964489149	OK	 
USER	2번 시나리오 유저	END	1716964489149
USER	2번 시나리오 유저	END	1716964489150
REQUEST		1-b. 비즈니스 로직	1716964489050	1716964489150	OK	 
REQUEST		1-b. 비즈니스 로직	1716964488745	1716964489150	OK	 
USER	2번 시나리오 유저	END	1716964489150
USER	2번 시나리오 유저	END	1716964489150
REQUEST		1-b. 비즈니스 로직	1716964489047	1716964489151	OK	 
USER	2번 시나리오 유저	END	1716964489151
REQUEST		1-b. 비즈니스 로직	1716964489139	1716964489151	OK	 
USER	2번 시나리오 유저	END	1716964489151
REQUEST		1-b. 비즈니스 로직	1716964489047	1716964489151	OK	 
REQUEST		1-b. 비즈니스 로직	1716964489047	1716964489151	OK	 
USER	2번 시나리오 유저	END	1716964489152
USER	2번 시나리오 유저	END	1716964489152
REQUEST		1-b. 비즈니스 로직	1716964489050	1716964489152	OK	 
REQUEST		1-b. 비즈니스 로직	1716964489140	1716964489152	OK	 
USER	2번 시나리오 유저	END	1716964489152
USER	2번 시나리오 유저	END	1716964489152
REQUEST		1-b. 비즈니스 로직	1716964489140	1716964489152	OK	 
USER	2번 시나리오 유저	END	1716964489152
