RUN	LoginPerformance	loginperformance	1716964850205	 	3.10.5
USER	2번 시나리오 유저	START	1716964850848
REQUEST		1-a. 로그인	1716964850855	1716964851617	OK	 
REQUEST		1-b. 비즈니스 로직	1716964851634	1716964851644	OK	 
USER	2번 시나리오 유저	END	1716964851645
USER	2번 시나리오 유저	START	1716964851846
REQUEST		1-a. 로그인	1716964851848	1716964851967	OK	 
REQUEST		1-b. 비즈니스 로직	1716964851968	1716964851973	OK	 
USER	2번 시나리오 유저	END	1716964851973
USER	2번 시나리오 유저	START	1716964852346
REQUEST		1-a. 로그인	1716964852348	1716964852473	OK	 
REQUEST		1-b. 비즈니스 로직	1716964852475	1716964852479	OK	 
USER	2번 시나리오 유저	END	1716964852479
USER	2번 시나리오 유저	START	1716964852846
REQUEST		1-a. 로그인	1716964852848	1716964852972	OK	 
REQUEST		1-b. 비즈니스 로직	1716964852973	1716964852977	OK	 
USER	2번 시나리오 유저	END	1716964852977
USER	2번 시나리오 유저	START	1716964853178
REQUEST		1-a. 로그인	1716964853180	1716964853301	OK	 
REQUEST		1-b. 비즈니스 로직	1716964853303	1716964853307	OK	 
USER	2번 시나리오 유저	END	1716964853307
USER	2번 시나리오 유저	START	1716964853511
REQUEST		1-a. 로그인	1716964853513	1716964853633	OK	 
REQUEST		1-b. 비즈니스 로직	1716964853634	1716964853637	OK	 
USER	2번 시나리오 유저	END	1716964853638
USER	2번 시나리오 유저	START	1716964853845
REQUEST		1-a. 로그인	1716964853847	1716964853967	OK	 
REQUEST		1-b. 비즈니스 로직	1716964853969	1716964853973	OK	 
USER	2번 시나리오 유저	END	1716964853973
USER	2번 시나리오 유저	START	1716964854094
REQUEST		1-a. 로그인	1716964854096	1716964854191	OK	 
REQUEST		1-b. 비즈니스 로직	1716964854192	1716964854197	OK	 
USER	2번 시나리오 유저	END	1716964854197
USER	2번 시나리오 유저	START	1716964854345
REQUEST		1-a. 로그인	1716964854346	1716964854448	OK	 
REQUEST		1-b. 비즈니스 로직	1716964854449	1716964854453	OK	 
USER	2번 시나리오 유저	END	1716964854453
USER	2번 시나리오 유저	START	1716964854595
REQUEST		1-a. 로그인	1716964854597	1716964854696	OK	 
REQUEST		1-b. 비즈니스 로직	1716964854697	1716964854701	OK	 
USER	2번 시나리오 유저	END	1716964854701
USER	2번 시나리오 유저	START	1716964854845
REQUEST		1-a. 로그인	1716964854845	1716964854936	OK	 
REQUEST		1-b. 비즈니스 로직	1716964854937	1716964854941	OK	 
USER	2번 시나리오 유저	END	1716964854941
USER	2번 시나리오 유저	START	1716964855044
REQUEST		1-a. 로그인	1716964855045	1716964855134	OK	 
REQUEST		1-b. 비즈니스 로직	1716964855135	1716964855139	OK	 
USER	2번 시나리오 유저	END	1716964855140
USER	2번 시나리오 유저	START	1716964855244
REQUEST		1-a. 로그인	1716964855245	1716964855344	OK	 
REQUEST		1-b. 비즈니스 로직	1716964855345	1716964855348	OK	 
USER	2번 시나리오 유저	END	1716964855349
USER	2번 시나리오 유저	START	1716964855444
REQUEST		1-a. 로그인	1716964855446	1716964855533	OK	 
REQUEST		1-b. 비즈니스 로직	1716964855534	1716964855537	OK	 
USER	2번 시나리오 유저	END	1716964855537
USER	2번 시나리오 유저	START	1716964855644
REQUEST		1-a. 로그인	1716964855646	1716964855739	OK	 
REQUEST		1-b. 비즈니스 로직	1716964855740	1716964855743	OK	 
USER	2번 시나리오 유저	END	1716964855744
USER	2번 시나리오 유저	START	1716964855845
REQUEST		1-a. 로그인	1716964855846	1716964855932	OK	 
REQUEST		1-b. 비즈니스 로직	1716964855934	1716964855937	OK	 
USER	2번 시나리오 유저	END	1716964855937
USER	2번 시나리오 유저	START	1716964856010
REQUEST		1-a. 로그인	1716964856011	1716964856088	OK	 
REQUEST		1-b. 비즈니스 로직	1716964856089	1716964856092	OK	 
USER	2번 시나리오 유저	END	1716964856093
USER	2번 시나리오 유저	START	1716964856177
REQUEST		1-a. 로그인	1716964856178	1716964856261	OK	 
REQUEST		1-b. 비즈니스 로직	1716964856262	1716964856265	OK	 
USER	2번 시나리오 유저	END	1716964856266
USER	2번 시나리오 유저	START	1716964856344
REQUEST		1-a. 로그인	1716964856346	1716964856429	OK	 
REQUEST		1-b. 비즈니스 로직	1716964856430	1716964856433	OK	 
USER	2번 시나리오 유저	END	1716964856433
USER	2번 시나리오 유저	START	1716964856511
REQUEST		1-a. 로그인	1716964856512	1716964856593	OK	 
REQUEST		1-b. 비즈니스 로직	1716964856594	1716964856597	OK	 
USER	2번 시나리오 유저	END	1716964856598
USER	2번 시나리오 유저	START	1716964856677
REQUEST		1-a. 로그인	1716964856678	1716964856763	OK	 
REQUEST		1-b. 비즈니스 로직	1716964856764	1716964856767	OK	 
USER	2번 시나리오 유저	END	1716964856767
USER	2번 시나리오 유저	START	1716964856845
REQUEST		1-a. 로그인	1716964856846	1716964856927	OK	 
REQUEST		1-b. 비즈니스 로직	1716964856928	1716964856931	OK	 
USER	2번 시나리오 유저	END	1716964856932
USER	2번 시나리오 유저	START	1716964856986
REQUEST		1-a. 로그인	1716964856987	1716964857065	OK	 
REQUEST		1-b. 비즈니스 로직	1716964857066	1716964857069	OK	 
USER	2번 시나리오 유저	END	1716964857070
USER	2번 시나리오 유저	START	1716964857129
REQUEST		1-a. 로그인	1716964857130	1716964857208	OK	 
REQUEST		1-b. 비즈니스 로직	1716964857209	1716964857212	OK	 
USER	2번 시나리오 유저	END	1716964857212
USER	2번 시나리오 유저	START	1716964857272
REQUEST		1-a. 로그인	1716964857273	1716964857353	OK	 
REQUEST		1-b. 비즈니스 로직	1716964857354	1716964857357	OK	 
USER	2번 시나리오 유저	END	1716964857357
USER	2번 시나리오 유저	START	1716964857415
REQUEST		1-a. 로그인	1716964857416	1716964857493	OK	 
REQUEST		1-b. 비즈니스 로직	1716964857494	1716964857497	OK	 
USER	2번 시나리오 유저	END	1716964857498
USER	2번 시나리오 유저	START	1716964857558
REQUEST		1-a. 로그인	1716964857559	1716964857639	OK	 
REQUEST		1-b. 비즈니스 로직	1716964857640	1716964857643	OK	 
USER	2번 시나리오 유저	END	1716964857643
USER	2번 시나리오 유저	START	1716964857701
REQUEST		1-a. 로그인	1716964857702	1716964857782	OK	 
REQUEST		1-b. 비즈니스 로직	1716964857783	1716964857786	OK	 
USER	2번 시나리오 유저	END	1716964857786
USER	2번 시나리오 유저	START	1716964857844
REQUEST		1-a. 로그인	1716964857845	1716964857923	OK	 
REQUEST		1-b. 비즈니스 로직	1716964857924	1716964857927	OK	 
USER	2번 시나리오 유저	END	1716964857927
USER	2번 시나리오 유저	START	1716964857969
REQUEST		1-a. 로그인	1716964857970	1716964858046	OK	 
REQUEST		1-b. 비즈니스 로직	1716964858047	1716964858050	OK	 
USER	2번 시나리오 유저	END	1716964858050
USER	2번 시나리오 유저	START	1716964858093
REQUEST		1-a. 로그인	1716964858094	1716964858172	OK	 
REQUEST		1-b. 비즈니스 로직	1716964858173	1716964858175	OK	 
USER	2번 시나리오 유저	END	1716964858176
USER	2번 시나리오 유저	START	1716964858219
REQUEST		1-a. 로그인	1716964858220	1716964858298	OK	 
REQUEST		1-b. 비즈니스 로직	1716964858299	1716964858302	OK	 
USER	2번 시나리오 유저	END	1716964858302
USER	2번 시나리오 유저	START	1716964858344
REQUEST		1-a. 로그인	1716964858345	1716964858423	OK	 
REQUEST		1-b. 비즈니스 로직	1716964858423	1716964858427	OK	 
USER	2번 시나리오 유저	END	1716964858427
USER	2번 시나리오 유저	START	1716964858469
REQUEST		1-a. 로그인	1716964858470	1716964858545	OK	 
REQUEST		1-b. 비즈니스 로직	1716964858546	1716964858549	OK	 
USER	2번 시나리오 유저	END	1716964858549
USER	2번 시나리오 유저	START	1716964858594
REQUEST		1-a. 로그인	1716964858595	1716964858673	OK	 
REQUEST		1-b. 비즈니스 로직	1716964858674	1716964858676	OK	 
USER	2번 시나리오 유저	END	1716964858677
USER	2번 시나리오 유저	START	1716964858719
REQUEST		1-a. 로그인	1716964858720	1716964858801	OK	 
REQUEST		1-b. 비즈니스 로직	1716964858802	1716964858804	OK	 
USER	2번 시나리오 유저	END	1716964858805
USER	2번 시나리오 유저	START	1716964858844
REQUEST		1-a. 로그인	1716964858845	1716964858922	OK	 
REQUEST		1-b. 비즈니스 로직	1716964858923	1716964858926	OK	 
USER	2번 시나리오 유저	END	1716964858926
USER	2번 시나리오 유저	START	1716964858955
REQUEST		1-a. 로그인	1716964858956	1716964859031	OK	 
REQUEST		1-b. 비즈니스 로직	1716964859032	1716964859034	OK	 
USER	2번 시나리오 유저	END	1716964859035
USER	2번 시나리오 유저	START	1716964859066
REQUEST		1-a. 로그인	1716964859067	1716964859143	OK	 
REQUEST		1-b. 비즈니스 로직	1716964859144	1716964859147	OK	 
USER	2번 시나리오 유저	END	1716964859148
USER	2번 시나리오 유저	START	1716964859177
REQUEST		1-a. 로그인	1716964859177	1716964859254	OK	 
REQUEST		1-b. 비즈니스 로직	1716964859255	1716964859257	OK	 
USER	2번 시나리오 유저	END	1716964859258
USER	2번 시나리오 유저	START	1716964859288
REQUEST		1-a. 로그인	1716964859289	1716964859366	OK	 
REQUEST		1-b. 비즈니스 로직	1716964859367	1716964859370	OK	 
USER	2번 시나리오 유저	END	1716964859370
USER	2번 시나리오 유저	START	1716964859399
REQUEST		1-a. 로그인	1716964859400	1716964859477	OK	 
REQUEST		1-b. 비즈니스 로직	1716964859478	1716964859481	OK	 
USER	2번 시나리오 유저	END	1716964859481
USER	2번 시나리오 유저	START	1716964859510
REQUEST		1-a. 로그인	1716964859511	1716964859587	OK	 
REQUEST		1-b. 비즈니스 로직	1716964859588	1716964859590	OK	 
USER	2번 시나리오 유저	END	1716964859591
USER	2번 시나리오 유저	START	1716964859622
REQUEST		1-a. 로그인	1716964859623	1716964859700	OK	 
REQUEST		1-b. 비즈니스 로직	1716964859701	1716964859704	OK	 
USER	2번 시나리오 유저	END	1716964859704
USER	2번 시나리오 유저	START	1716964859733
REQUEST		1-a. 로그인	1716964859733	1716964859811	OK	 
REQUEST		1-b. 비즈니스 로직	1716964859812	1716964859814	OK	 
USER	2번 시나리오 유저	END	1716964859815
USER	2번 시나리오 유저	START	1716964859845
REQUEST		1-a. 로그인	1716964859846	1716964859922	OK	 
REQUEST		1-b. 비즈니스 로직	1716964859923	1716964859925	OK	 
USER	2번 시나리오 유저	END	1716964859925
USER	2번 시나리오 유저	START	1716964859943
REQUEST		1-a. 로그인	1716964859944	1716964860018	OK	 
REQUEST		1-b. 비즈니스 로직	1716964860019	1716964860022	OK	 
USER	2번 시나리오 유저	END	1716964860022
USER	2번 시나리오 유저	START	1716964860043
REQUEST		1-a. 로그인	1716964860044	1716964860118	OK	 
REQUEST		1-b. 비즈니스 로직	1716964860119	1716964860122	OK	 
USER	2번 시나리오 유저	END	1716964860122
USER	2번 시나리오 유저	START	1716964860144
REQUEST		1-a. 로그인	1716964860144	1716964860219	OK	 
REQUEST		1-b. 비즈니스 로직	1716964860220	1716964860222	OK	 
USER	2번 시나리오 유저	END	1716964860222
USER	2번 시나리오 유저	START	1716964860244
REQUEST		1-a. 로그인	1716964860244	1716964860320	OK	 
REQUEST		1-b. 비즈니스 로직	1716964860321	1716964860323	OK	 
USER	2번 시나리오 유저	END	1716964860323
USER	2번 시나리오 유저	START	1716964860343
REQUEST		1-a. 로그인	1716964860344	1716964860419	OK	 
REQUEST		1-b. 비즈니스 로직	1716964860420	1716964860422	OK	 
USER	2번 시나리오 유저	END	1716964860422
USER	2번 시나리오 유저	START	1716964860444
REQUEST		1-a. 로그인	1716964860445	1716964860520	OK	 
REQUEST		1-b. 비즈니스 로직	1716964860521	1716964860524	OK	 
USER	2번 시나리오 유저	END	1716964860524
USER	2번 시나리오 유저	START	1716964860544
REQUEST		1-a. 로그인	1716964860544	1716964860618	OK	 
REQUEST		1-b. 비즈니스 로직	1716964860619	1716964860622	OK	 
USER	2번 시나리오 유저	END	1716964860622
USER	2번 시나리오 유저	START	1716964860644
REQUEST		1-a. 로그인	1716964860645	1716964860720	OK	 
REQUEST		1-b. 비즈니스 로직	1716964860721	1716964860723	OK	 
USER	2번 시나리오 유저	END	1716964860723
USER	2번 시나리오 유저	START	1716964860744
REQUEST		1-a. 로그인	1716964860745	1716964860821	OK	 
REQUEST		1-b. 비즈니스 로직	1716964860822	1716964860824	OK	 
USER	2번 시나리오 유저	END	1716964860825
USER	2번 시나리오 유저	START	1716964860844
REQUEST		1-a. 로그인	1716964860845	1716964860920	OK	 
REQUEST		1-b. 비즈니스 로직	1716964860920	1716964860923	OK	 
USER	2번 시나리오 유저	END	1716964860923
USER	2번 시나리오 유저	START	1716964860933
REQUEST		1-a. 로그인	1716964860934	1716964861008	OK	 
REQUEST		1-b. 비즈니스 로직	1716964861009	1716964861011	OK	 
USER	2번 시나리오 유저	END	1716964861012
USER	2번 시나리오 유저	START	1716964861024
REQUEST		1-a. 로그인	1716964861025	1716964861100	OK	 
REQUEST		1-b. 비즈니스 로직	1716964861100	1716964861103	OK	 
USER	2번 시나리오 유저	END	1716964861103
USER	2번 시나리오 유저	START	1716964861115
REQUEST		1-a. 로그인	1716964861116	1716964861193	OK	 
REQUEST		1-b. 비즈니스 로직	1716964861194	1716964861197	OK	 
USER	2번 시나리오 유저	END	1716964861197
USER	2번 시나리오 유저	START	1716964861206
REQUEST		1-a. 로그인	1716964861207	1716964861282	OK	 
REQUEST		1-b. 비즈니스 로직	1716964861284	1716964861286	OK	 
USER	2번 시나리오 유저	END	1716964861286
USER	2번 시나리오 유저	START	1716964861298
REQUEST		1-a. 로그인	1716964861299	1716964861374	OK	 
REQUEST		1-b. 비즈니스 로직	1716964861374	1716964861377	OK	 
USER	2번 시나리오 유저	END	1716964861377
USER	2번 시나리오 유저	START	1716964861389
REQUEST		1-a. 로그인	1716964861389	1716964861463	OK	 
REQUEST		1-b. 비즈니스 로직	1716964861464	1716964861466	OK	 
USER	2번 시나리오 유저	END	1716964861467
USER	2번 시나리오 유저	START	1716964861480
REQUEST		1-a. 로그인	1716964861480	1716964861555	OK	 
REQUEST		1-b. 비즈니스 로직	1716964861556	1716964861559	OK	 
USER	2번 시나리오 유저	END	1716964861559
USER	2번 시나리오 유저	START	1716964861571
REQUEST		1-a. 로그인	1716964861572	1716964861647	OK	 
REQUEST		1-b. 비즈니스 로직	1716964861648	1716964861651	OK	 
USER	2번 시나리오 유저	END	1716964861651
USER	2번 시나리오 유저	START	1716964861662
REQUEST		1-a. 로그인	1716964861663	1716964861739	OK	 
REQUEST		1-b. 비즈니스 로직	1716964861740	1716964861742	OK	 
USER	2번 시나리오 유저	END	1716964861742
USER	2번 시나리오 유저	START	1716964861753
REQUEST		1-a. 로그인	1716964861754	1716964861828	OK	 
REQUEST		1-b. 비즈니스 로직	1716964861829	1716964861831	OK	 
USER	2번 시나리오 유저	END	1716964861831
USER	2번 시나리오 유저	START	1716964861844
REQUEST		1-a. 로그인	1716964861845	1716964861919	OK	 
REQUEST		1-b. 비즈니스 로직	1716964861920	1716964861922	OK	 
USER	2번 시나리오 유저	END	1716964861922
USER	2번 시나리오 유저	START	1716964861926
USER	2번 시나리오 유저	START	1716964862008
REQUEST		1-a. 로그인	1716964861927	1716964862032	OK	 
REQUEST		1-b. 비즈니스 로직	1716964862033	1716964862035	OK	 
USER	2번 시나리오 유저	END	1716964862035
USER	2번 시나리오 유저	START	1716964862093
REQUEST		1-a. 로그인	1716964862009	1716964862111	OK	 
REQUEST		1-b. 비즈니스 로직	1716964862112	1716964862114	OK	 
USER	2번 시나리오 유저	END	1716964862114
REQUEST		1-a. 로그인	1716964862094	1716964862171	OK	 
REQUEST		1-b. 비즈니스 로직	1716964862172	1716964862174	OK	 
USER	2번 시나리오 유저	END	1716964862174
USER	2번 시나리오 유저	START	1716964862175
USER	2번 시나리오 유저	START	1716964862259
REQUEST		1-a. 로그인	1716964862176	1716964862268	OK	 
REQUEST		1-b. 비즈니스 로직	1716964862269	1716964862272	OK	 
USER	2번 시나리오 유저	END	1716964862272
USER	2번 시나리오 유저	START	1716964862343
REQUEST		1-a. 로그인	1716964862260	1716964862346	OK	 
REQUEST		1-b. 비즈니스 로직	1716964862347	1716964862348	OK	 
USER	2번 시나리오 유저	END	1716964862349
USER	2번 시나리오 유저	START	1716964862426
REQUEST		1-a. 로그인	1716964862344	1716964862435	OK	 
REQUEST		1-b. 비즈니스 로직	1716964862436	1716964862438	OK	 
USER	2번 시나리오 유저	END	1716964862438
REQUEST		1-a. 로그인	1716964862427	1716964862508	OK	 
USER	2번 시나리오 유저	START	1716964862509
REQUEST		1-b. 비즈니스 로직	1716964862508	1716964862511	OK	 
USER	2번 시나리오 유저	END	1716964862511
REQUEST		1-a. 로그인	1716964862510	1716964862585	OK	 
REQUEST		1-b. 비즈니스 로직	1716964862586	1716964862588	OK	 
USER	2번 시나리오 유저	END	1716964862588
USER	2번 시나리오 유저	START	1716964862594
REQUEST		1-a. 로그인	1716964862594	1716964862668	OK	 
REQUEST		1-b. 비즈니스 로직	1716964862669	1716964862671	OK	 
USER	2번 시나리오 유저	END	1716964862671
USER	2번 시나리오 유저	START	1716964862677
REQUEST		1-a. 로그인	1716964862677	1716964862751	OK	 
REQUEST		1-b. 비즈니스 로직	1716964862752	1716964862754	OK	 
USER	2번 시나리오 유저	END	1716964862754
USER	2번 시나리오 유저	START	1716964862760
REQUEST		1-a. 로그인	1716964862760	1716964862835	OK	 
REQUEST		1-b. 비즈니스 로직	1716964862836	1716964862838	OK	 
USER	2번 시나리오 유저	END	1716964862838
USER	2번 시나리오 유저	START	1716964862844
USER	2번 시나리오 유저	START	1716964862919
REQUEST		1-a. 로그인	1716964862845	1716964862928	OK	 
REQUEST		1-b. 비즈니스 로직	1716964862928	1716964862930	OK	 
USER	2번 시나리오 유저	END	1716964862931
USER	2번 시나리오 유저	START	1716964862997
REQUEST		1-a. 로그인	1716964862920	1716964863005	OK	 
REQUEST		1-b. 비즈니스 로직	1716964863006	1716964863008	OK	 
USER	2번 시나리오 유저	END	1716964863008
REQUEST		1-a. 로그인	1716964862998	1716964863072	OK	 
USER	2번 시나리오 유저	START	1716964863073
REQUEST		1-b. 비즈니스 로직	1716964863072	1716964863074	OK	 
USER	2번 시나리오 유저	END	1716964863075
USER	2번 시나리오 유저	START	1716964863150
REQUEST		1-a. 로그인	1716964863073	1716964863160	OK	 
REQUEST		1-b. 비즈니스 로직	1716964863160	1716964863162	OK	 
USER	2번 시나리오 유저	END	1716964863162
USER	2번 시나리오 유저	START	1716964863228
REQUEST		1-a. 로그인	1716964863150	1716964863240	OK	 
REQUEST		1-b. 비즈니스 로직	1716964863241	1716964863244	OK	 
USER	2번 시나리오 유저	END	1716964863245
USER	2번 시나리오 유저	START	1716964863305
REQUEST		1-a. 로그인	1716964863229	1716964863332	OK	 
REQUEST		1-b. 비즈니스 로직	1716964863333	1716964863336	OK	 
USER	2번 시나리오 유저	END	1716964863337
USER	2번 시나리오 유저	START	1716964863381
REQUEST		1-a. 로그인	1716964863306	1716964863420	OK	 
REQUEST		1-b. 비즈니스 로직	1716964863421	1716964863423	OK	 
USER	2번 시나리오 유저	END	1716964863423
USER	2번 시나리오 유저	START	1716964863459
REQUEST		1-a. 로그인	1716964863382	1716964863499	OK	 
REQUEST		1-b. 비즈니스 로직	1716964863500	1716964863502	OK	 
USER	2번 시나리오 유저	END	1716964863502
USER	2번 시나리오 유저	START	1716964863535
REQUEST		1-a. 로그인	1716964863459	1716964863605	OK	 
REQUEST		1-b. 비즈니스 로직	1716964863605	1716964863607	OK	 
USER	2번 시나리오 유저	END	1716964863607
USER	2번 시나리오 유저	START	1716964863612
USER	2번 시나리오 유저	START	1716964863690
REQUEST		1-a. 로그인	1716964863535	1716964863698	OK	 
REQUEST		1-b. 비즈니스 로직	1716964863698	1716964863700	OK	 
USER	2번 시나리오 유저	END	1716964863701
REQUEST		1-a. 로그인	1716964863613	1716964863741	OK	 
REQUEST		1-b. 비즈니스 로직	1716964863742	1716964863744	OK	 
USER	2번 시나리오 유저	END	1716964863744
USER	2번 시나리오 유저	START	1716964863766
REQUEST		1-a. 로그인	1716964863691	1716964863834	OK	 
REQUEST		1-b. 비즈니스 로직	1716964863834	1716964863836	OK	 
USER	2번 시나리오 유저	END	1716964863836
USER	2번 시나리오 유저	START	1716964863844
USER	2번 시나리오 유저	START	1716964863914
REQUEST		1-a. 로그인	1716964863767	1716964863921	OK	 
REQUEST		1-b. 비즈니스 로직	1716964863922	1716964863924	OK	 
USER	2번 시나리오 유저	END	1716964863924
USER	2번 시나리오 유저	START	1716964863985
REQUEST		1-a. 로그인	1716964863844	1716964864028	OK	 
USER	2번 시나리오 유저	START	1716964864057
REQUEST		1-b. 비즈니스 로직	1716964864029	1716964864100	OK	 
USER	2번 시나리오 유저	END	1716964864100
REQUEST		1-a. 로그인	1716964863915	1716964864119	OK	 
REQUEST		1-b. 비즈니스 로직	1716964864120	1716964864122	OK	 
USER	2번 시나리오 유저	END	1716964864122
USER	2번 시나리오 유저	START	1716964864128
USER	2번 시나리오 유저	START	1716964864201
REQUEST		1-a. 로그인	1716964863986	1716964864217	OK	 
USER	2번 시나리오 유저	START	1716964864272
REQUEST		1-b. 비즈니스 로직	1716964864218	1716964864300	OK	 
USER	2번 시나리오 유저	END	1716964864300
USER	2번 시나리오 유저	START	1716964864343
REQUEST		1-a. 로그인	1716964864058	1716964864409	OK	 
REQUEST		1-b. 비즈니스 로직	1716964864409	1716964864414	OK	 
USER	2번 시나리오 유저	END	1716964864414
USER	2번 시나리오 유저	START	1716964864415
USER	2번 시나리오 유저	START	1716964864486
USER	2번 시나리오 유저	START	1716964864558
USER	2번 시나리오 유저	START	1716964864629
USER	2번 시나리오 유저	START	1716964864701
USER	2번 시나리오 유저	START	1716964864772
REQUEST		1-a. 로그인	1716964864129	1716964864815	OK	 
USER	2번 시나리오 유저	START	1716964864844
USER	2번 시나리오 유저	START	1716964864909
USER	2번 시나리오 유저	START	1716964864976
REQUEST		1-a. 로그인	1716964864202	1716964865011	OK	 
USER	2번 시나리오 유저	START	1716964865043
USER	2번 시나리오 유저	START	1716964865110
REQUEST		1-b. 비즈니스 로직	1716964864817	1716964865112	OK	 
USER	2번 시나리오 유저	END	1716964865113
USER	2번 시나리오 유저	START	1716964865177
USER	2번 시나리오 유저	START	1716964865244
USER	2번 시나리오 유저	START	1716964865309
USER	2번 시나리오 유저	START	1716964865378
REQUEST		1-b. 비즈니스 로직	1716964865012	1716964865413	OK	 
REQUEST		1-a. 로그인	1716964864273	1716964865413	OK	 
USER	2번 시나리오 유저	END	1716964865414
USER	2번 시나리오 유저	START	1716964865444
USER	2번 시나리오 유저	START	1716964865511
USER	2번 시나리오 유저	START	1716964865577
USER	2번 시나리오 유저	START	1716964865644
USER	2번 시나리오 유저	START	1716964865711
USER	2번 시나리오 유저	START	1716964865777
REQUEST		1-b. 비즈니스 로직	1716964865414	1716964865813	OK	 
USER	2번 시나리오 유저	END	1716964865814
USER	2번 시나리오 유저	START	1716964865844
USER	2번 시나리오 유저	START	1716964865906
USER	2번 시나리오 유저	START	1716964865968
USER	2번 시나리오 유저	START	1716964866030
USER	2번 시나리오 유저	START	1716964866093
REQUEST		1-a. 로그인	1716964864344	1716964866117	OK	 
USER	2번 시나리오 유저	START	1716964866156
USER	2번 시나리오 유저	START	1716964866218
USER	2번 시나리오 유저	START	1716964866280
USER	2번 시나리오 유저	START	1716964866344
USER	2번 시나리오 유저	START	1716964866406
USER	2번 시나리오 유저	START	1716964866469
USER	2번 시나리오 유저	START	1716964866531
USER	2번 시나리오 유저	START	1716964866594
USER	2번 시나리오 유저	START	1716964866656
USER	2번 시나리오 유저	START	1716964866719
USER	2번 시나리오 유저	START	1716964866781
USER	2번 시나리오 유저	START	1716964866844
USER	2번 시나리오 유저	START	1716964866902
REQUEST		1-a. 로그인	1716964864415	1716964866911	OK	 
USER	2번 시나리오 유저	START	1716964866961
REQUEST		1-b. 비즈니스 로직	1716964866119	1716964867013	OK	 
USER	2번 시나리오 유저	END	1716964867013
USER	2번 시나리오 유저	START	1716964867019
USER	2번 시나리오 유저	START	1716964867079
USER	2번 시나리오 유저	START	1716964867138
USER	2번 시나리오 유저	START	1716964867195
USER	2번 시나리오 유저	START	1716964867254
REQUEST		1-b. 비즈니스 로직	1716964866912	1716964867313	OK	 
USER	2번 시나리오 유저	END	1716964867314
USER	2번 시나리오 유저	START	1716964867314
USER	2번 시나리오 유저	START	1716964867373
USER	2번 시나리오 유저	START	1716964867432
USER	2번 시나리오 유저	START	1716964867492
USER	2번 시나리오 유저	START	1716964867549
USER	2번 시나리오 유저	START	1716964867609
USER	2번 시나리오 유저	START	1716964867667
REQUEST		1-a. 로그인	1716964864487	1716964867714	OK	 
USER	2번 시나리오 유저	START	1716964867727
USER	2번 시나리오 유저	START	1716964867786
REQUEST		1-a. 로그인	1716964864703	1716964867812	OK	 
USER	2번 시나리오 유저	START	1716964867845
USER	2번 시나리오 유저	START	1716964867899
USER	2번 시나리오 유저	START	1716964867954
USER	2번 시나리오 유저	START	1716964868009
REQUEST		1-b. 비즈니스 로직	1716964867716	1716964868012	OK	 
USER	2번 시나리오 유저	END	1716964868012
REQUEST		1-b. 비즈니스 로직	1716964867814	1716964868013	OK	 
USER	2번 시나리오 유저	END	1716964868013
USER	2번 시나리오 유저	START	1716964868065
USER	2번 시나리오 유저	START	1716964868120
USER	2번 시나리오 유저	START	1716964868176
USER	2번 시나리오 유저	START	1716964868232
USER	2번 시나리오 유저	START	1716964868288
USER	2번 시나리오 유저	START	1716964868344
USER	2번 시나리오 유저	START	1716964868400
USER	2번 시나리오 유저	START	1716964868455
USER	2번 시나리오 유저	START	1716964868510
REQUEST		1-a. 로그인	1716964864559	1716964868514	OK	 
USER	2번 시나리오 유저	START	1716964868566
USER	2번 시나리오 유저	START	1716964868621
USER	2번 시나리오 유저	START	1716964868677
USER	2번 시나리오 유저	START	1716964868733
USER	2번 시나리오 유저	START	1716964868789
USER	2번 시나리오 유저	START	1716964868845
USER	2번 시나리오 유저	START	1716964868896
USER	2번 시나리오 유저	START	1716964868949
USER	2번 시나리오 유저	START	1716964869001
REQUEST		1-a. 로그인	1716964864774	1716964869014	OK	 
USER	2번 시나리오 유저	START	1716964869054
USER	2번 시나리오 유저	START	1716964869107
REQUEST		1-b. 비즈니스 로직	1716964868515	1716964869122	OK	 
USER	2번 시나리오 유저	END	1716964869123
USER	2번 시나리오 유저	START	1716964869159
USER	2번 시나리오 유저	START	1716964869212
USER	2번 시나리오 유저	START	1716964869265
REQUEST		1-a. 로그인	1716964864977	1716964869313	OK	 
USER	2번 시나리오 유저	START	1716964869318
USER	2번 시나리오 유저	START	1716964869370
USER	2번 시나리오 유저	START	1716964869423
USER	2번 시나리오 유저	START	1716964869476
USER	2번 시나리오 유저	START	1716964869528
USER	2번 시나리오 유저	START	1716964869580
USER	2번 시나리오 유저	START	1716964869633
USER	2번 시나리오 유저	START	1716964869685
USER	2번 시나리오 유저	START	1716964869738
USER	2번 시나리오 유저	START	1716964869791
USER	2번 시나리오 유저	START	1716964869844
USER	2번 시나리오 유저	START	1716964869893
USER	2번 시나리오 유저	START	1716964869944
USER	2번 시나리오 유저	START	1716964869994
USER	2번 시나리오 유저	START	1716964870043
USER	2번 시나리오 유저	START	1716964870094
USER	2번 시나리오 유저	START	1716964870143
USER	2번 시나리오 유저	START	1716964870193
USER	2번 시나리오 유저	START	1716964870243
USER	2번 시나리오 유저	START	1716964870293
USER	2번 시나리오 유저	START	1716964870343
USER	2번 시나리오 유저	START	1716964870393
USER	2번 시나리오 유저	START	1716964870443
USER	2번 시나리오 유저	START	1716964870494
USER	2번 시나리오 유저	START	1716964870544
USER	2번 시나리오 유저	START	1716964870593
REQUEST		1-a. 로그인	1716964864845	1716964870614	OK	 
REQUEST		1-b. 비즈니스 로직	1716964869015	1716964870614	OK	 
USER	2번 시나리오 유저	END	1716964870615
USER	2번 시나리오 유저	START	1716964870643
USER	2번 시나리오 유저	START	1716964870694
USER	2번 시나리오 유저	START	1716964870744
USER	2번 시나리오 유저	START	1716964870794
USER	2번 시나리오 유저	START	1716964870844
USER	2번 시나리오 유저	START	1716964870890
REQUEST		1-a. 로그인	1716964865310	1716964870918	OK	 
REQUEST		1-a. 로그인	1716964865577	1716964870918	OK	 
REQUEST		1-a. 로그인	1716964864630	1716964870919	OK	 
USER	2번 시나리오 유저	START	1716964870939
USER	2번 시나리오 유저	START	1716964870985
REQUEST		1-a. 로그인	1716964865446	1716964871008	OK	 
USER	2번 시나리오 유저	START	1716964871033
USER	2번 시나리오 유저	START	1716964871081
REQUEST		1-a. 로그인	1716964865645	1716964871118	OK	 
USER	2번 시나리오 유저	START	1716964871128
USER	2번 시나리오 유저	START	1716964871175
REQUEST		1-a. 로그인	1716964865045	1716964871213	OK	 
REQUEST		1-b. 비즈니스 로직	1716964870615	1716964871217	OK	 
REQUEST		1-a. 로그인	1716964865244	1716964871217	OK	 
REQUEST		1-a. 로그인	1716964866094	1716964871217	OK	 
USER	2번 시나리오 유저	END	1716964871218
USER	2번 시나리오 유저	START	1716964871223
USER	2번 시나리오 유저	START	1716964871272
REQUEST		1-b. 비즈니스 로직	1716964870919	1716964871313	OK	 
REQUEST		1-b. 비즈니스 로직	1716964870919	1716964871313	OK	 
REQUEST		1-b. 비즈니스 로직	1716964871009	1716964871313	OK	 
REQUEST		1-b. 비즈니스 로직	1716964870920	1716964871313	OK	 
REQUEST		1-a. 로그인	1716964864910	1716964871314	OK	 
USER	2번 시나리오 유저	END	1716964871315
USER	2번 시나리오 유저	END	1716964871315
USER	2번 시나리오 유저	END	1716964871315
USER	2번 시나리오 유저	END	1716964871315
USER	2번 시나리오 유저	START	1716964871319
USER	2번 시나리오 유저	START	1716964871366
USER	2번 시나리오 유저	START	1716964871415
USER	2번 시나리오 유저	START	1716964871462
USER	2번 시나리오 유저	START	1716964871510
USER	2번 시나리오 유저	START	1716964871558
USER	2번 시나리오 유저	START	1716964871606
USER	2번 시나리오 유저	START	1716964871653
USER	2번 시나리오 유저	START	1716964871702
USER	2번 시나리오 유저	START	1716964871749
USER	2번 시나리오 유저	START	1716964871797
USER	2번 시나리오 유저	START	1716964871844
USER	2번 시나리오 유저	START	1716964871889
REQUEST		1-b. 비즈니스 로직	1716964871119	1716964871913	OK	 
REQUEST		1-a. 로그인	1716964865778	1716964871913	OK	 
USER	2번 시나리오 유저	END	1716964871914
REQUEST		1-b. 비즈니스 로직	1716964871315	1716964871916	OK	 
USER	2번 시나리오 유저	END	1716964871916
USER	2번 시나리오 유저	START	1716964871934
USER	2번 시나리오 유저	START	1716964871980
USER	2번 시나리오 유저	START	1716964872025
USER	2번 시나리오 유저	START	1716964872070
USER	2번 시나리오 유저	START	1716964872116
USER	2번 시나리오 유저	START	1716964872162
USER	2번 시나리오 유저	START	1716964872208
USER	2번 시나리오 유저	START	1716964872253
USER	2번 시나리오 유저	START	1716964872299
USER	2번 시나리오 유저	START	1716964872343
USER	2번 시나리오 유저	START	1716964872390
USER	2번 시나리오 유저	START	1716964872435
USER	2번 시나리오 유저	START	1716964872480
USER	2번 시나리오 유저	START	1716964872525
USER	2번 시나리오 유저	START	1716964872571
USER	2번 시나리오 유저	START	1716964872617
USER	2번 시나리오 유저	START	1716964872662
USER	2번 시나리오 유저	START	1716964872708
USER	2번 시나리오 유저	START	1716964872754
USER	2번 시나리오 유저	START	1716964872801
USER	2번 시나리오 유저	START	1716964872845
USER	2번 시나리오 유저	START	1716964872886
USER	2번 시나리오 유저	START	1716964872930
USER	2번 시나리오 유저	START	1716964872974
USER	2번 시나리오 유저	START	1716964873017
USER	2번 시나리오 유저	START	1716964873060
USER	2번 시나리오 유저	START	1716964873104
REQUEST		1-a. 로그인	1716964865177	1716964873113	OK	 
REQUEST		1-a. 로그인	1716964865111	1716964873115	OK	 
USER	2번 시나리오 유저	START	1716964873147
USER	2번 시나리오 유저	START	1716964873190
REQUEST		1-b. 비즈니스 로직	1716964873115	1716964873213	OK	 
USER	2번 시나리오 유저	END	1716964873213
USER	2번 시나리오 유저	START	1716964873235
USER	2번 시나리오 유저	START	1716964873278
REQUEST		1-b. 비즈니스 로직	1716964873114	1716964873318	OK	 
USER	2번 시나리오 유저	END	1716964873318
USER	2번 시나리오 유저	START	1716964873322
USER	2번 시나리오 유저	START	1716964873365
USER	2번 시나리오 유저	START	1716964873410
USER	2번 시나리오 유저	START	1716964873452
USER	2번 시나리오 유저	START	1716964873496
USER	2번 시나리오 유저	START	1716964873539
USER	2번 시나리오 유저	START	1716964873582
USER	2번 시나리오 유저	START	1716964873626
USER	2번 시나리오 유저	START	1716964873670
USER	2번 시나리오 유저	START	1716964873713
USER	2번 시나리오 유저	START	1716964873757
USER	2번 시나리오 유저	START	1716964873801
USER	2번 시나리오 유저	START	1716964873845
USER	2번 시나리오 유저	START	1716964873885
USER	2번 시나리오 유저	START	1716964873928
USER	2번 시나리오 유저	START	1716964873969
USER	2번 시나리오 유저	START	1716964874010
USER	2번 시나리오 유저	START	1716964874052
USER	2번 시나리오 유저	START	1716964874094
USER	2번 시나리오 유저	START	1716964874136
USER	2번 시나리오 유저	START	1716964874177
USER	2번 시나리오 유저	START	1716964874219
USER	2번 시나리오 유저	START	1716964874260
USER	2번 시나리오 유저	START	1716964874303
USER	2번 시나리오 유저	START	1716964874344
USER	2번 시나리오 유저	START	1716964874386
USER	2번 시나리오 유저	START	1716964874427
USER	2번 시나리오 유저	START	1716964874469
USER	2번 시나리오 유저	START	1716964874510
USER	2번 시나리오 유저	START	1716964874552
USER	2번 시나리오 유저	START	1716964874595
USER	2번 시나리오 유저	START	1716964874636
USER	2번 시나리오 유저	START	1716964874678
USER	2번 시나리오 유저	START	1716964874720
USER	2번 시나리오 유저	START	1716964874761
USER	2번 시나리오 유저	START	1716964874803
USER	2번 시나리오 유저	START	1716964874845
USER	2번 시나리오 유저	START	1716964874883
USER	2번 시나리오 유저	START	1716964874923
USER	2번 시나리오 유저	START	1716964874963
USER	2번 시나리오 유저	START	1716964875004
USER	2번 시나리오 유저	START	1716964875044
USER	2번 시나리오 유저	START	1716964875083
USER	2번 시나리오 유저	START	1716964875123
USER	2번 시나리오 유저	START	1716964875164
USER	2번 시나리오 유저	START	1716964875203
USER	2번 시나리오 유저	START	1716964875244
USER	2번 시나리오 유저	START	1716964875284
USER	2번 시나리오 유저	START	1716964875323
USER	2번 시나리오 유저	START	1716964875363
USER	2번 시나리오 유저	START	1716964875404
REQUEST		1-b. 비즈니스 로직	1716964869314	1716964875416	OK	 
USER	2번 시나리오 유저	END	1716964875417
USER	2번 시나리오 유저	START	1716964875444
USER	2번 시나리오 유저	START	1716964875484
USER	2번 시나리오 유저	START	1716964875524
USER	2번 시나리오 유저	START	1716964875564
USER	2번 시나리오 유저	START	1716964875605
USER	2번 시나리오 유저	START	1716964875645
USER	2번 시나리오 유저	START	1716964875684
USER	2번 시나리오 유저	START	1716964875724
USER	2번 시나리오 유저	START	1716964875764
USER	2번 시나리오 유저	START	1716964875804
REQUEST		1-a. 로그인	1716964865513	1716964877010	OK	 
REQUEST		1-a. 로그인	1716964867955	1716964877010	OK	 
REQUEST		1-a. 로그인	1716964865379	1716964877010	OK	 
REQUEST		1-a. 로그인	1716964867139	1716964877010	OK	 
REQUEST		1-a. 로그인	1716964868402	1716964877109	OK	 
REQUEST		1-a. 로그인	1716964867196	1716964877109	OK	 
REQUEST		1-a. 로그인	1716964867728	1716964877109	OK	 
REQUEST		1-a. 로그인	1716964866657	1716964877113	OK	 
REQUEST		1-a. 로그인	1716964866408	1716964877113	OK	 
REQUEST		1-a. 로그인	1716964866170	1716964877114	OK	 
REQUEST		1-a. 로그인	1716964866531	1716964877114	OK	 
REQUEST		1-b. 비즈니스 로직	1716964871914	1716964879228	OK	 
REQUEST		1-a. 로그인	1716964867315	1716964879228	OK	 
USER	2번 시나리오 유저	END	1716964879229
REQUEST		1-a. 로그인	1716964866031	1716964879308	OK	 
REQUEST		1-a. 로그인	1716964867256	1716964879308	OK	 
REQUEST		1-b. 비즈니스 로직	1716964877012	1716964879415	OK	 
REQUEST		1-a. 로그인	1716964866720	1716964879415	OK	 
REQUEST		1-a. 로그인	1716964866963	1716964879415	OK	 
REQUEST		1-a. 로그인	1716964866219	1716964879415	OK	 
REQUEST		1-a. 로그인	1716964868010	1716964879416	OK	 
USER	2번 시나리오 유저	END	1716964879417
REQUEST		1-b. 비즈니스 로직	1716964877110	1716964879417	OK	 
REQUEST		1-a. 로그인	1716964866904	1716964879417	OK	 
REQUEST		1-a. 로그인	1716964866282	1716964879418	OK	 
USER	2번 시나리오 유저	END	1716964879418
REQUEST		1-b. 비즈니스 로직	1716964871218	1716964879515	OK	 
USER	2번 시나리오 유저	END	1716964879516
REQUEST		1-a. 로그인	1716964866845	1716964879611	OK	 
REQUEST		1-b. 비즈니스 로직	1716964877110	1716964879707	OK	 
REQUEST		1-b. 비즈니스 로직	1716964877110	1716964879707	OK	 
USER	2번 시나리오 유저	END	1716964879708
USER	2번 시나리오 유저	END	1716964879708
REQUEST		1-b. 비즈니스 로직	1716964877114	1716964879709	OK	 
USER	2번 시나리오 유저	END	1716964879709
REQUEST		1-b. 비즈니스 로직	1716964877114	1716964879811	OK	 
REQUEST		1-b. 비즈니스 로직	1716964877012	1716964879812	OK	 
REQUEST		1-a. 로그인	1716964867788	1716964879812	OK	 
REQUEST		1-b. 비즈니스 로직	1716964879416	1716964879811	OK	 
REQUEST		1-b. 비즈니스 로직	1716964877012	1716964879811	OK	 
USER	2번 시나리오 유저	END	1716964879812
USER	2번 시나리오 유저	END	1716964879812
USER	2번 시나리오 유저	END	1716964879812
USER	2번 시나리오 유저	END	1716964879812
REQUEST		1-b. 비즈니스 로직	1716964879309	1716964879910	OK	 
REQUEST		1-b. 비즈니스 로직	1716964879309	1716964879910	OK	 
REQUEST		1-b. 비즈니스 로직	1716964879229	1716964879910	OK	 
REQUEST		1-b. 비즈니스 로직	1716964879418	1716964879911	OK	 
USER	2번 시나리오 유저	END	1716964879911
USER	2번 시나리오 유저	END	1716964879911
USER	2번 시나리오 유저	END	1716964879911
USER	2번 시나리오 유저	END	1716964879911
REQUEST		1-b. 비즈니스 로직	1716964879612	1716964879911	OK	 
REQUEST		1-b. 비즈니스 로직	1716964879418	1716964879911	OK	 
REQUEST		1-b. 비즈니스 로직	1716964879417	1716964879911	OK	 
REQUEST		1-b. 비즈니스 로직	1716964879416	1716964879912	OK	 
REQUEST		1-a. 로그인	1716964865969	1716964879911	OK	 
USER	2번 시나리오 유저	END	1716964879913
USER	2번 시나리오 유저	END	1716964879913
USER	2번 시나리오 유저	END	1716964879913
USER	2번 시나리오 유저	END	1716964879913
REQUEST		1-b. 비즈니스 로직	1716964879416	1716964880011	OK	 
USER	2번 시나리오 유저	END	1716964880011
REQUEST		1-a. 로그인	1716964867846	1716964880624	OK	 
REQUEST		1-a. 로그인	1716964867080	1716964880813	OK	 
REQUEST		1-a. 로그인	1716964867669	1716964881513	OK	 
REQUEST		1-a. 로그인	1716964868950	1716964882109	OK	 
REQUEST		1-a. 로그인	1716964865712	1716964882109	OK	 
REQUEST		1-a. 로그인	1716964866470	1716964882109	OK	 
REQUEST		1-b. 비즈니스 로직	1716964877012	1716964882114	OK	 
REQUEST		1-a. 로그인	1716964865845	1716964882114	OK	 
REQUEST		1-a. 로그인	1716964869845	1716964882114	OK	 
REQUEST		1-a. 로그인	1716964867550	1716964882114	OK	 
USER	2번 시나리오 유저	END	1716964882115
REQUEST		1-a. 로그인	1716964865907	1716964882214	OK	 
REQUEST		1-b. 비즈니스 로직	1716964871218	1716964882413	OK	 
USER	2번 시나리오 유저	END	1716964882414
REQUEST		1-b. 비즈니스 로직	1716964880815	1716964882613	OK	 
REQUEST		1-b. 비즈니스 로직	1716964880625	1716964882613	OK	 
REQUEST		1-a. 로그인	1716964867020	1716964882613	OK	 
USER	2번 시나리오 유저	END	1716964882614
USER	2번 시나리오 유저	END	1716964882614
REQUEST		1-b. 비즈니스 로직	1716964879812	1716964882614	OK	 
USER	2번 시나리오 유저	END	1716964882614
REQUEST		1-b. 비즈니스 로직	1716964879913	1716964882908	OK	 
USER	2번 시나리오 유저	END	1716964882909
REQUEST		1-b. 비즈니스 로직	1716964882110	1716964882910	OK	 
USER	2번 시나리오 유저	END	1716964882910
REQUEST		1-b. 비즈니스 로직	1716964882115	1716964882914	OK	 
REQUEST		1-b. 비즈니스 로직	1716964882215	1716964882914	OK	 
REQUEST		1-b. 비즈니스 로직	1716964882114	1716964882914	OK	 
REQUEST		1-b. 비즈니스 로직	1716964881514	1716964882914	OK	 
REQUEST		1-b. 비즈니스 로직	1716964882114	1716964882914	OK	 
USER	2번 시나리오 유저	END	1716964882914
USER	2번 시나리오 유저	END	1716964882914
USER	2번 시나리오 유저	END	1716964882914
USER	2번 시나리오 유저	END	1716964882914
USER	2번 시나리오 유저	END	1716964882914
REQUEST		1-b. 비즈니스 로직	1716964882110	1716964883014	OK	 
USER	2번 시나리오 유저	END	1716964883015
REQUEST		1-a. 로그인	1716964867433	1716964883207	OK	 
REQUEST		1-b. 비즈니스 로직	1716964882110	1716964883212	OK	 
REQUEST		1-a. 로그인	1716964868734	1716964883212	OK	 
USER	2번 시나리오 유저	END	1716964883213
REQUEST		1-a. 로그인	1716964868234	1716964883315	OK	 
REQUEST		1-b. 비즈니스 로직	1716964882614	1716964883414	OK	 
USER	2번 시나리오 유저	END	1716964883415
REQUEST		1-b. 비즈니스 로직	1716964883317	1716964883913	OK	 
USER	2번 시나리오 유저	END	1716964883914
REQUEST		1-b. 비즈니스 로직	1716964883208	1716964883915	OK	 
USER	2번 시나리오 유저	END	1716964883915
REQUEST		1-a. 로그인	1716964869581	1716964884008	OK	 
REQUEST		1-a. 로그인	1716964867610	1716964886413	OK	 
REQUEST		1-a. 로그인	1716964868067	1716964886413	OK	 
REQUEST		1-b. 비즈니스 로직	1716964883213	1716964886514	OK	 
USER	2번 시나리오 유저	END	1716964886514
REQUEST		1-a. 로그인	1716964870044	1716964886516	OK	 
REQUEST		1-a. 로그인	1716964868121	1716964886516	OK	 
REQUEST		1-a. 로그인	1716964869371	1716964886516	OK	 
REQUEST		1-a. 로그인	1716964866345	1716964886518	OK	 
REQUEST		1-a. 로그인	1716964869109	1716964886614	OK	 
REQUEST		1-b. 비즈니스 로직	1716964886414	1716964886711	OK	 
REQUEST		1-b. 비즈니스 로직	1716964871214	1716964886711	OK	 
USER	2번 시나리오 유저	END	1716964886712
USER	2번 시나리오 유저	END	1716964886712
REQUEST		1-b. 비즈니스 로직	1716964886517	1716964887016	OK	 
REQUEST		1-a. 로그인	1716964869739	1716964887016	OK	 
REQUEST		1-b. 비즈니스 로직	1716964884009	1716964887016	OK	 
USER	2번 시나리오 유저	END	1716964887017
USER	2번 시나리오 유저	END	1716964887017
REQUEST		1-b. 비즈니스 로직	1716964886517	1716964891915	OK	 
REQUEST		1-b. 비즈니스 로직	1716964886517	1716964891915	OK	 
USER	2번 시나리오 유저	END	1716964891916
USER	2번 시나리오 유저	END	1716964891916
REQUEST		1-a. 로그인	1716964869995	1716964892910	OK	 
REQUEST		1-a. 로그인	1716964867493	1716964892910	OK	 
REQUEST		1-a. 로그인	1716964870344	1716964892910	OK	 
REQUEST		1-a. 로그인	1716964870095	1716964892911	OK	 
REQUEST		1-a. 로그인	1716964869160	1716964893114	OK	 
REQUEST		1-a. 로그인	1716964875324	1716964893114	OK	 
REQUEST		1-a. 로그인	1716964872210	1716964893114	OK	 
REQUEST		1-b. 비즈니스 로직	1716964886414	1716964893114	OK	 
REQUEST		1-a. 로그인	1716964872390	1716964893114	OK	 
REQUEST		1-b. 비즈니스 로직	1716964886615	1716964893114	OK	 
REQUEST		1-a. 로그인	1716964871463	1716964893115	OK	 
USER	2번 시나리오 유저	END	1716964893116
USER	2번 시나리오 유저	END	1716964893116
REQUEST		1-b. 비즈니스 로직	1716964877114	1716964893116	OK	 
USER	2번 시나리오 유저	END	1716964893116
REQUEST		1-a. 로그인	1716964868897	1716964893208	OK	 
REQUEST		1-a. 로그인	1716964868790	1716964893208	OK	 
REQUEST		1-a. 로그인	1716964867899	1716964893210	OK	 
REQUEST		1-a. 로그인	1716964872526	1716964893213	OK	 
REQUEST		1-a. 로그인	1716964869792	1716964893412	OK	 
REQUEST		1-a. 로그인	1716964871511	1716964893512	OK	 
REQUEST		1-a. 로그인	1716964874846	1716964893512	OK	 
REQUEST		1-a. 로그인	1716964867374	1716964893715	OK	 
REQUEST		1-a. 로그인	1716964869424	1716964894013	OK	 
REQUEST		1-a. 로그인	1716964873148	1716964894013	OK	 
REQUEST		1-a. 로그인	1716964872300	1716964894013	OK	 
REQUEST		1-a. 로그인	1716964869686	1716964894114	OK	 
REQUEST		1-a. 로그인	1716964869055	1716964894114	OK	 
REQUEST		1-b. 비즈니스 로직	1716964886518	1716964894114	OK	 
REQUEST		1-a. 로그인	1716964868456	1716964894115	OK	 
REQUEST		1-a. 로그인	1716964872932	1716964894115	OK	 
REQUEST		1-a. 로그인	1716964869634	1716964894116	OK	 
REQUEST		1-a. 로그인	1716964873019	1716964894117	OK	 
USER	2번 시나리오 유저	END	1716964894118
REQUEST		1-a. 로그인	1716964873497	1716964894310	OK	 
REQUEST		1-b. 비즈니스 로직	1716964887017	1716964894612	OK	 
REQUEST		1-a. 로그인	1716964868511	1716964894612	OK	 
USER	2번 시나리오 유저	END	1716964894613
REQUEST		1-a. 로그인	1716964870644	1716964894818	OK	 
REQUEST		1-a. 로그인	1716964869318	1716964895323	OK	 
REQUEST		1-a. 로그인	1716964869945	1716964898215	OK	 
REQUEST		1-b. 비즈니스 로직	1716964892911	1716964898311	OK	 
USER	2번 시나리오 유저	END	1716964898312
REQUEST		1-b. 비즈니스 로직	1716964893512	1716964898512	OK	 
REQUEST		1-b. 비즈니스 로직	1716964892910	1716964898512	OK	 
REQUEST		1-b. 비즈니스 로직	1716964893115	1716964898512	OK	 
USER	2번 시나리오 유저	END	1716964898513
USER	2번 시나리오 유저	END	1716964898513
USER	2번 시나리오 유저	END	1716964898513
REQUEST		1-b. 비즈니스 로직	1716964893512	1716964898513	OK	 
REQUEST		1-b. 비즈니스 로직	1716964893716	1716964898513	OK	 
REQUEST		1-a. 로그인	1716964875765	1716964898513	OK	 
REQUEST		1-a. 로그인	1716964873454	1716964898513	OK	 
REQUEST		1-b. 비즈니스 로직	1716964892910	1716964898514	OK	 
USER	2번 시나리오 유저	END	1716964898514
USER	2번 시나리오 유저	END	1716964898514
REQUEST		1-a. 로그인	1716964874178	1716964898514	OK	 
USER	2번 시나리오 유저	END	1716964898514
REQUEST		1-a. 로그인	1716964873366	1716964898514	OK	 
REQUEST		1-a. 로그인	1716964875204	1716964898514	OK	 
REQUEST		1-b. 비즈니스 로직	1716964893210	1716964898514	OK	 
REQUEST		1-b. 비즈니스 로직	1716964892911	1716964898514	OK	 
REQUEST		1-b. 비즈니스 로직	1716964893116	1716964898514	OK	 
USER	2번 시나리오 유저	END	1716964898515
REQUEST		1-a. 로그인	1716964873279	1716964898515	OK	 
USER	2번 시나리오 유저	END	1716964898515
USER	2번 시나리오 유저	END	1716964898515
REQUEST		1-b. 비즈니스 로직	1716964893413	1716964898609	OK	 
REQUEST		1-b. 비즈니스 로직	1716964893116	1716964898609	OK	 
REQUEST		1-b. 비즈니스 로직	1716964877114	1716964898609	OK	 
USER	2번 시나리오 유저	END	1716964898610
USER	2번 시나리오 유저	END	1716964898610
USER	2번 시나리오 유저	END	1716964898610
REQUEST		1-a. 로그인	1716964871749	1716964898610	OK	 
REQUEST		1-a. 로그인	1716964871654	1716964898610	OK	 
REQUEST		1-b. 비즈니스 로직	1716964893115	1716964898611	OK	 
USER	2번 시나리오 유저	END	1716964898611
REQUEST		1-b. 비즈니스 로직	1716964894014	1716964898614	OK	 
REQUEST		1-a. 로그인	1716964874553	1716964898614	OK	 
REQUEST		1-a. 로그인	1716964874762	1716964898614	OK	 
USER	2번 시나리오 유저	END	1716964898614
REQUEST		1-a. 로그인	1716964874010	1716964898614	OK	 
REQUEST		1-a. 로그인	1716964871934	1716964898615	OK	 
REQUEST		1-a. 로그인	1716964872117	1716964898615	OK	 
REQUEST		1-a. 로그인	1716964870144	1716964898615	OK	 
REQUEST		1-a. 로그인	1716964869894	1716964898616	OK	 
REQUEST		1-a. 로그인	1716964868289	1716964898715	OK	 
REQUEST		1-b. 비즈니스 로직	1716964894014	1716964898715	OK	 
REQUEST		1-a. 로그인	1716964870294	1716964898716	OK	 
REQUEST		1-a. 로그인	1716964873627	1716964898716	OK	 
REQUEST		1-a. 로그인	1716964866595	1716964898716	OK	 
REQUEST		1-a. 로그인	1716964870195	1716964898717	OK	 
REQUEST		1-a. 로그인	1716964870444	1716964898717	OK	 
REQUEST		1-b. 비즈니스 로직	1716964894115	1716964898717	OK	 
REQUEST		1-b. 비즈니스 로직	1716964893210	1716964898717	OK	 
REQUEST		1-b. 비즈니스 로직	1716964893214	1716964898716	OK	 
USER	2번 시나리오 유저	END	1716964898718
USER	2번 시나리오 유저	END	1716964898718
USER	2번 시나리오 유저	END	1716964898718
USER	2번 시나리오 유저	END	1716964898718
REQUEST		1-a. 로그인	1716964866782	1716964898719	OK	 
REQUEST		1-b. 비즈니스 로직	1716964893116	1716964898815	OK	 
REQUEST		1-b. 비즈니스 로직	1716964894116	1716964898815	OK	 
USER	2번 시나리오 유저	END	1716964898816
USER	2번 시나리오 유저	END	1716964898816
REQUEST		1-b. 비즈니스 로직	1716964894115	1716964899208	OK	 
REQUEST		1-b. 비즈니스 로직	1716964894311	1716964899208	OK	 
USER	2번 시나리오 유저	END	1716964899209
USER	2번 시나리오 유저	END	1716964899209
REQUEST		1-a. 로그인	1716964875005	1716964899211	OK	 
REQUEST		1-a. 로그인	1716964872664	1716964899211	OK	 
REQUEST		1-b. 비즈니스 로직	1716964894117	1716964899313	OK	 
REQUEST		1-a. 로그인	1716964869477	1716964899313	OK	 
REQUEST		1-b. 비즈니스 로직	1716964894117	1716964899313	OK	 
USER	2번 시나리오 유저	END	1716964899314
USER	2번 시나리오 유저	END	1716964899314
REQUEST		1-b. 비즈니스 로직	1716964894819	1716964899408	OK	 
USER	2번 시나리오 유저	END	1716964899409
REQUEST		1-a. 로그인	1716964872975	1716964899410	OK	 
REQUEST		1-b. 비즈니스 로직	1716964893211	1716964899411	OK	 
USER	2번 시나리오 유저	END	1716964899411
REQUEST		1-b. 비즈니스 로직	1716964894014	1716964899413	OK	 
REQUEST		1-a. 로그인	1716964868345	1716964899413	OK	 
USER	2번 시나리오 유저	END	1716964899413
REQUEST		1-a. 로그인	1716964872802	1716964899711	OK	 
REQUEST		1-b. 비즈니스 로직	1716964894613	1716964899711	OK	 
USER	2번 시나리오 유저	END	1716964899711
REQUEST		1-b. 비즈니스 로직	1716964895325	1716964900114	OK	 
USER	2번 시나리오 유저	END	1716964900115
REQUEST		1-a. 로그인	1716964871798	1716964900215	OK	 
REQUEST		1-b. 비즈니스 로직	1716964898514	1716964900215	OK	 
REQUEST		1-a. 로그인	1716964874387	1716964900215	OK	 
REQUEST		1-a. 로그인	1716964872755	1716964900215	OK	 
REQUEST		1-b. 비즈니스 로직	1716964898515	1716964900215	OK	 
USER	2번 시나리오 유저	END	1716964900216
USER	2번 시나리오 유저	END	1716964900217
REQUEST		1-b. 비즈니스 로직	1716964898514	1716964900217	OK	 
REQUEST		1-a. 로그인	1716964872071	1716964900217	OK	 
USER	2번 시나리오 유저	END	1716964900218
REQUEST		1-b. 비즈니스 로직	1716964898615	1716964900310	OK	 
USER	2번 시나리오 유저	END	1716964900311
REQUEST		1-b. 비즈니스 로직	1716964898616	1716964900313	OK	 
REQUEST		1-b. 비즈니스 로직	1716964898515	1716964900313	OK	 
REQUEST		1-b. 비즈니스 로직	1716964898514	1716964900313	OK	 
USER	2번 시나리오 유저	END	1716964900313
USER	2번 시나리오 유저	END	1716964900313
USER	2번 시나리오 유저	END	1716964900313
REQUEST		1-b. 비즈니스 로직	1716964898216	1716964900314	OK	 
REQUEST		1-b. 비즈니스 로직	1716964898616	1716964900314	OK	 
USER	2번 시나리오 유저	END	1716964900314
USER	2번 시나리오 유저	END	1716964900314
REQUEST		1-a. 로그인	1716964874137	1716964900412	OK	 
REQUEST		1-b. 비즈니스 로직	1716964898514	1716964900414	OK	 
REQUEST		1-b. 비즈니스 로직	1716964898611	1716964900414	OK	 
USER	2번 시나리오 유저	END	1716964900414
USER	2번 시나리오 유저	END	1716964900414
REQUEST		1-b. 비즈니스 로직	1716964898717	1716964900415	OK	 
USER	2번 시나리오 유저	END	1716964900415
REQUEST		1-b. 비즈니스 로직	1716964898716	1716964900613	OK	 
REQUEST		1-b. 비즈니스 로직	1716964894115	1716964900613	OK	 
REQUEST		1-a. 로그인	1716964868567	1716964900613	OK	 
USER	2번 시나리오 유저	END	1716964900614
USER	2번 시나리오 유저	END	1716964900615
REQUEST		1-b. 비즈니스 로직	1716964898717	1716964900712	OK	 
REQUEST		1-a. 로그인	1716964869266	1716964900712	OK	 
REQUEST		1-a. 로그인	1716964872481	1716964900712	OK	 
USER	2번 시나리오 유저	END	1716964900713
REQUEST		1-b. 비즈니스 로직	1716964898716	1716964900714	OK	 
USER	2번 시나리오 유저	END	1716964900714
REQUEST		1-a. 로그인	1716964870795	1716964900816	OK	 
REQUEST		1-b. 비즈니스 로직	1716964898615	1716964900817	OK	 
USER	2번 시나리오 유저	END	1716964900817
REQUEST		1-b. 비즈니스 로직	1716964898616	1716964900908	OK	 
REQUEST		1-b. 비즈니스 로직	1716964899212	1716964900909	OK	 
REQUEST		1-b. 비즈니스 로직	1716964898719	1716964900909	OK	 
USER	2번 시나리오 유저	END	1716964900909
USER	2번 시나리오 유저	END	1716964900909
USER	2번 시나리오 유저	END	1716964900909
REQUEST		1-b. 비즈니스 로직	1716964899213	1716964901007	OK	 
REQUEST		1-b. 비즈니스 로직	1716964898614	1716964901007	OK	 
USER	2번 시나리오 유저	END	1716964901007
USER	2번 시나리오 유저	END	1716964901007
REQUEST		1-b. 비즈니스 로직	1716964898615	1716964901007	OK	 
REQUEST		1-b. 비즈니스 로직	1716964898717	1716964901007	OK	 
USER	2번 시나리오 유저	END	1716964901008
USER	2번 시나리오 유저	END	1716964901008
REQUEST		1-b. 비즈니스 로직	1716964898716	1716964901108	OK	 
USER	2번 시나리오 유저	END	1716964901108
REQUEST		1-b. 비즈니스 로직	1716964898611	1716964901109	OK	 
USER	2번 시나리오 유저	END	1716964901110
REQUEST		1-a. 로그인	1716964870545	1716964902115	OK	 
REQUEST		1-a. 로그인	1716964874220	1716964902215	OK	 
REQUEST		1-a. 로그인	1716964869530	1716964902217	OK	 
REQUEST		1-a. 로그인	1716964875607	1716964902414	OK	 
REQUEST		1-a. 로그인	1716964871034	1716964902414	OK	 
REQUEST		1-a. 로그인	1716964872254	1716964902415	OK	 
REQUEST		1-b. 비즈니스 로직	1716964899411	1716964902415	OK	 
REQUEST		1-a. 로그인	1716964870245	1716964902415	OK	 
USER	2번 시나리오 유저	END	1716964902417
REQUEST		1-a. 로그인	1716964871129	1716964902515	OK	 
REQUEST		1-a. 로그인	1716964868846	1716964902515	OK	 
REQUEST		1-b. 비즈니스 로직	1716964899314	1716964902615	OK	 
REQUEST		1-a. 로그인	1716964873235	1716964902615	OK	 
USER	2번 시나리오 유저	END	1716964902615
REQUEST		1-b. 비즈니스 로직	1716964899711	1716964902617	OK	 
USER	2번 시나리오 유저	END	1716964902617
REQUEST		1-a. 로그인	1716964872344	1716964902715	OK	 
REQUEST		1-a. 로그인	1716964871415	1716964902716	OK	 
REQUEST		1-a. 로그인	1716964872709	1716964902719	OK	 
REQUEST		1-b. 비즈니스 로직	1716964900217	1716964902815	OK	 
USER	2번 시나리오 유저	END	1716964902816
REQUEST		1-b. 비즈니스 로직	1716964900216	1716964902817	OK	 
REQUEST		1-b. 비즈니스 로직	1716964899414	1716964902817	OK	 
REQUEST		1-a. 로그인	1716964871703	1716964902817	OK	 
USER	2번 시나리오 유저	END	1716964902817
USER	2번 시나리오 유저	END	1716964902817
REQUEST		1-b. 비즈니스 로직	1716964900216	1716964902819	OK	 
USER	2번 시나리오 유저	END	1716964902819
REQUEST		1-b. 비즈니스 로직	1716964900817	1716964902916	OK	 
REQUEST		1-b. 비즈니스 로직	1716964900713	1716964902916	OK	 
REQUEST		1-b. 비즈니스 로직	1716964900218	1716964902916	OK	 
REQUEST		1-b. 비즈니스 로직	1716964900614	1716964902916	OK	 
USER	2번 시나리오 유저	END	1716964902917
USER	2번 시나리오 유저	END	1716964902918
USER	2번 시나리오 유저	END	1716964902918
USER	2번 시나리오 유저	END	1716964902918
REQUEST		1-a. 로그인	1716964870595	1716964903117	OK	 
REQUEST		1-a. 로그인	1716964872026	1716964903211	OK	 
REQUEST		1-a. 로그인	1716964868623	1716964903211	OK	 
REQUEST		1-b. 비즈니스 로직	1716964900413	1716964903312	OK	 
REQUEST		1-b. 비즈니스 로직	1716964900713	1716964903312	OK	 
REQUEST		1-a. 로그인	1716964868679	1716964903312	OK	 
USER	2번 시나리오 유저	END	1716964903313
USER	2번 시나리오 유저	END	1716964903313
REQUEST		1-a. 로그인	1716964874637	1716964903812	OK	 
REQUEST		1-a. 로그인	1716964875364	1716964903913	OK	 
REQUEST		1-a. 로그인	1716964870495	1716964903913	OK	 
REQUEST		1-a. 로그인	1716964875525	1716964903913	OK	 
REQUEST		1-b. 비즈니스 로직	1716964902216	1716964903914	OK	 
USER	2번 시나리오 유저	END	1716964903915
REQUEST		1-b. 비즈니스 로직	1716964903118	1716964903918	OK	 
REQUEST		1-b. 비즈니스 로직	1716964902720	1716964903918	OK	 
REQUEST		1-a. 로그인	1716964871320	1716964903918	OK	 
REQUEST		1-b. 비즈니스 로직	1716964902415	1716964903919	OK	 
REQUEST		1-b. 비즈니스 로직	1716964902415	1716964903918	OK	 
REQUEST		1-a. 로그인	1716964871273	1716964903918	OK	 
REQUEST		1-b. 비즈니스 로직	1716964902117	1716964903919	OK	 
USER	2번 시나리오 유저	END	1716964903920
USER	2번 시나리오 유저	END	1716964903920
USER	2번 시나리오 유저	END	1716964903920
USER	2번 시나리오 유저	END	1716964903920
USER	2번 시나리오 유저	END	1716964903920
REQUEST		1-b. 비즈니스 로직	1716964902615	1716964904009	OK	 
REQUEST		1-b. 비즈니스 로직	1716964902716	1716964904009	OK	 
USER	2번 시나리오 유저	END	1716964904009
USER	2번 시나리오 유저	END	1716964904009
REQUEST		1-b. 비즈니스 로직	1716964902416	1716964904009	OK	 
USER	2번 시나리오 유저	END	1716964904010
REQUEST		1-b. 비즈니스 로직	1716964902516	1716964904010	OK	 
USER	2번 시나리오 유저	END	1716964904011
REQUEST		1-b. 비즈니스 로직	1716964902415	1716964904012	OK	 
USER	2번 시나리오 유저	END	1716964904012
REQUEST		1-b. 비즈니스 로직	1716964902818	1716964904112	OK	 
USER	2번 시나리오 유저	END	1716964904113
REQUEST		1-a. 로그인	1716964871367	1716964904113	OK	 
REQUEST		1-a. 로그인	1716964873061	1716964904213	OK	 
REQUEST		1-b. 비즈니스 로직	1716964903212	1716964904313	OK	 
REQUEST		1-b. 비즈니스 로직	1716964902217	1716964904313	OK	 
REQUEST		1-b. 비즈니스 로직	1716964903212	1716964904313	OK	 
USER	2번 시나리오 유저	END	1716964904313
USER	2번 시나리오 유저	END	1716964904313
USER	2번 시나리오 유저	END	1716964904313
REQUEST		1-b. 비즈니스 로직	1716964903313	1716964904320	OK	 
USER	2번 시나리오 유저	END	1716964904320
REQUEST		1-a. 로그인	1716964873106	1716964904512	OK	 
REQUEST		1-a. 로그인	1716964875084	1716964904609	OK	 
REQUEST		1-a. 로그인	1716964869002	1716964904608	OK	 
REQUEST		1-b. 비즈니스 로직	1716964903914	1716964904710	OK	 
USER	2번 시나리오 유저	END	1716964904710
REQUEST		1-b. 비즈니스 로직	1716964902516	1716964904710	OK	 
USER	2번 시나리오 유저	END	1716964904711
REQUEST		1-b. 비즈니스 로직	1716964903813	1716964904715	OK	 
REQUEST		1-a. 로그인	1716964873411	1716964904715	OK	 
REQUEST		1-a. 로그인	1716964870891	1716964904715	OK	 
USER	2번 시나리오 유저	END	1716964904716
REQUEST		1-a. 로그인	1716964872163	1716964904716	OK	 
REQUEST		1-a. 로그인	1716964870394	1716964904813	OK	 
REQUEST		1-a. 로그인	1716964873540	1716964904914	OK	 
REQUEST		1-a. 로그인	1716964875724	1716964904914	OK	 
REQUEST		1-a. 로그인	1716964871560	1716964904914	OK	 
REQUEST		1-b. 비즈니스 로직	1716964903914	1716964905010	OK	 
REQUEST		1-a. 로그인	1716964871224	1716964905010	OK	 
REQUEST		1-b. 비즈니스 로직	1716964903919	1716964905010	OK	 
USER	2번 시나리오 유저	END	1716964905011
USER	2번 시나리오 유저	END	1716964905011
REQUEST		1-b. 비즈니스 로직	1716964902716	1716964905013	OK	 
USER	2번 시나리오 유저	END	1716964905013
REQUEST		1-a. 로그인	1716964874261	1716964905313	OK	 
REQUEST		1-b. 비즈니스 로직	1716964903920	1716964905314	OK	 
USER	2번 시나리오 유저	END	1716964905314
REQUEST		1-b. 비즈니스 로직	1716964904513	1716964905409	OK	 
USER	2번 시나리오 유저	END	1716964905410
REQUEST		1-b. 비즈니스 로직	1716964904610	1716964905411	OK	 
USER	2번 시나리오 유저	END	1716964905412
REQUEST		1-b. 비즈니스 로직	1716964904717	1716964905413	OK	 
USER	2번 시나리오 유저	END	1716964905413
REQUEST		1-b. 비즈니스 로직	1716964904114	1716964905413	OK	 
REQUEST		1-a. 로그인	1716964869212	1716964905413	OK	 
USER	2번 시나리오 유저	END	1716964905414
REQUEST		1-b. 비즈니스 로직	1716964904610	1716964905512	OK	 
REQUEST		1-b. 비즈니스 로직	1716964904716	1716964905512	OK	 
USER	2번 시나리오 유저	END	1716964905513
USER	2번 시나리오 유저	END	1716964905513
REQUEST		1-a. 로그인	1716964874679	1716964905609	OK	 
REQUEST		1-a. 로그인	1716964873970	1716964905613	OK	 
REQUEST		1-a. 로그인	1716964873322	1716964905613	OK	 
REQUEST		1-a. 로그인	1716964870695	1716964905613	OK	 
REQUEST		1-b. 비즈니스 로직	1716964904814	1716964905718	OK	 
REQUEST		1-a. 로그인	1716964870986	1716964905718	OK	 
REQUEST		1-a. 로그인	1716964874883	1716964905718	OK	 
USER	2번 시나리오 유저	END	1716964905719
REQUEST		1-b. 비즈니스 로직	1716964904915	1716964905719	OK	 
REQUEST		1-a. 로그인	1716964874304	1716964905719	OK	 
USER	2번 시나리오 유저	END	1716964905719
REQUEST		1-b. 비즈니스 로직	1716964903914	1716964905719	OK	 
REQUEST		1-b. 비즈니스 로직	1716964904716	1716964905719	OK	 
REQUEST		1-a. 로그인	1716964868177	1716964905719	OK	 
USER	2번 시나리오 유저	END	1716964905719
USER	2번 시나리오 유저	END	1716964905719
REQUEST		1-a. 로그인	1716964872846	1716964905720	OK	 
REQUEST		1-a. 로그인	1716964875284	1716964905720	OK	 
REQUEST		1-b. 비즈니스 로직	1716964905011	1716964905901	OK	 
USER	2번 시나리오 유저	END	1716964905902
REQUEST		1-b. 비즈니스 로직	1716964904915	1716964905917	OK	 
USER	2번 시나리오 유저	END	1716964905917
REQUEST		1-b. 비즈니스 로직	1716964904915	1716964906006	OK	 
REQUEST		1-b. 비즈니스 로직	1716964904213	1716964906006	OK	 
REQUEST		1-a. 로그인	1716964874470	1716964906006	OK	 
REQUEST		1-a. 로그인	1716964875245	1716964906007	OK	 
USER	2번 시나리오 유저	END	1716964906007
USER	2번 시나리오 유저	END	1716964906007
REQUEST		1-a. 로그인	1716964875685	1716964906007	OK	 
REQUEST		1-b. 비즈니스 로직	1716964905314	1716964906008	OK	 
USER	2번 시나리오 유저	END	1716964906008
REQUEST		1-a. 로그인	1716964873583	1716964906008	OK	 
REQUEST		1-a. 로그인	1716964874924	1716964906097	OK	 
REQUEST		1-b. 비즈니스 로직	1716964905719	1716964906099	OK	 
USER	2번 시나리오 유저	END	1716964906100
REQUEST		1-b. 비즈니스 로직	1716964905613	1716964906102	OK	 
USER	2번 시나리오 유저	END	1716964906102
REQUEST		1-b. 비즈니스 로직	1716964905720	1716964906103	OK	 
REQUEST		1-b. 비즈니스 로직	1716964905720	1716964906103	OK	 
USER	2번 시나리오 유저	END	1716964906104
USER	2번 시나리오 유저	END	1716964906104
REQUEST		1-b. 비즈니스 로직	1716964905613	1716964906104	OK	 
USER	2번 시나리오 유저	END	1716964906104
REQUEST		1-b. 비즈니스 로직	1716964905613	1716964906106	OK	 
REQUEST		1-b. 비즈니스 로직	1716964905414	1716964906106	OK	 
REQUEST		1-b. 비즈니스 로직	1716964905719	1716964906106	OK	 
USER	2번 시나리오 유저	END	1716964906107
USER	2번 시나리오 유저	END	1716964906107
USER	2번 시나리오 유저	END	1716964906107
REQUEST		1-a. 로그인	1716964875405	1716964906107	OK	 
REQUEST		1-a. 로그인	1716964874804	1716964906107	OK	 
REQUEST		1-a. 로그인	1716964875485	1716964906108	OK	 
REQUEST		1-a. 로그인	1716964875164	1716964906214	OK	 
REQUEST		1-a. 로그인	1716964873885	1716964906214	OK	 
REQUEST		1-b. 비즈니스 로직	1716964906007	1716964906313	OK	 
REQUEST		1-b. 비즈니스 로직	1716964905719	1716964906313	OK	 
USER	2번 시나리오 유저	END	1716964906314
USER	2번 시나리오 유저	END	1716964906314
REQUEST		1-b. 비즈니스 로직	1716964905719	1716964906314	OK	 
REQUEST		1-a. 로그인	1716964871176	1716964906314	OK	 
REQUEST		1-a. 로그인	1716964874511	1716964906314	OK	 
USER	2번 시나리오 유저	END	1716964906314
REQUEST		1-b. 비즈니스 로직	1716964906007	1716964906412	OK	 
REQUEST		1-a. 로그인	1716964872887	1716964906412	OK	 
REQUEST		1-a. 로그인	1716964873802	1716964906412	OK	 
USER	2번 시나리오 유저	END	1716964906413
REQUEST		1-a. 로그인	1716964872618	1716964906415	OK	 
REQUEST		1-b. 비즈니스 로직	1716964906107	1716964906513	OK	 
USER	2번 시나리오 유저	END	1716964906514
REQUEST		1-a. 로그인	1716964874095	1716964906516	OK	 
REQUEST		1-b. 비즈니스 로직	1716964906008	1716964906612	OK	 
REQUEST		1-b. 비즈니스 로직	1716964906108	1716964906612	OK	 
USER	2번 시나리오 유저	END	1716964906613
USER	2번 시나리오 유저	END	1716964906613
REQUEST		1-a. 로그인	1716964873758	1716964906710	OK	 
REQUEST		1-a. 로그인	1716964874345	1716964906710	OK	 
REQUEST		1-b. 비즈니스 로직	1716964905610	1716964906714	OK	 
REQUEST		1-a. 로그인	1716964871981	1716964906714	OK	 
USER	2번 시나리오 유저	END	1716964906715
REQUEST		1-b. 비즈니스 로직	1716964906007	1716964906811	OK	 
REQUEST		1-b. 비즈니스 로직	1716964906215	1716964906811	OK	 
REQUEST		1-a. 로그인	1716964873671	1716964906811	OK	 
USER	2번 시나리오 유저	END	1716964906812
USER	2번 시나리오 유저	END	1716964906812
REQUEST		1-a. 로그인	1716964873714	1716964906812	OK	 
REQUEST		1-b. 비즈니스 로직	1716964906215	1716964906913	OK	 
REQUEST		1-b. 비즈니스 로직	1716964906413	1716964906913	OK	 
REQUEST		1-a. 로그인	1716964875806	1716964906913	OK	 
REQUEST		1-a. 로그인	1716964871889	1716964906913	OK	 
REQUEST		1-b. 비즈니스 로직	1716964906413	1716964906914	OK	 
REQUEST		1-b. 비즈니스 로직	1716964906314	1716964906914	OK	 
REQUEST		1-b. 비즈니스 로직	1716964906314	1716964906914	OK	 
REQUEST		1-a. 로그인	1716964870744	1716964906914	OK	 
USER	2번 시나리오 유저	END	1716964906914
USER	2번 시나리오 유저	END	1716964906914
USER	2번 시나리오 유저	END	1716964906914
USER	2번 시나리오 유저	END	1716964906914
USER	2번 시나리오 유저	END	1716964906914
REQUEST		1-b. 비즈니스 로직	1716964906098	1716964907002	OK	 
REQUEST		1-a. 로그인	1716964871845	1716964907002	OK	 
REQUEST		1-a. 로그인	1716964873190	1716964907002	OK	 
USER	2번 시나리오 유저	END	1716964907003
REQUEST		1-a. 로그인	1716964873929	1716964907023	OK	 
REQUEST		1-a. 로그인	1716964874721	1716964907023	OK	 
REQUEST		1-a. 로그인	1716964872572	1716964907024	OK	 
REQUEST		1-a. 로그인	1716964874596	1716964907024	OK	 
REQUEST		1-a. 로그인	1716964875445	1716964907024	OK	 
REQUEST		1-b. 비즈니스 로직	1716964906107	1716964907025	OK	 
REQUEST		1-b. 비즈니스 로직	1716964906415	1716964907025	OK	 
REQUEST		1-a. 로그인	1716964872436	1716964907025	OK	 
REQUEST		1-a. 로그인	1716964874053	1716964907026	OK	 
USER	2번 시나리오 유저	END	1716964907026
USER	2번 시나리오 유저	END	1716964907026
REQUEST		1-b. 비즈니스 로직	1716964906711	1716964907111	OK	 
USER	2번 시나리오 유저	END	1716964907112
REQUEST		1-b. 비즈니스 로직	1716964906517	1716964907114	OK	 
USER	2번 시나리오 유저	END	1716964907114
REQUEST		1-b. 비즈니스 로직	1716964906812	1716964907210	OK	 
REQUEST		1-b. 비즈니스 로직	1716964906711	1716964907210	OK	 
USER	2번 시나리오 유저	END	1716964907211
USER	2번 시나리오 유저	END	1716964907211
REQUEST		1-a. 로그인	1716964875565	1716964907212	OK	 
REQUEST		1-b. 비즈니스 로직	1716964906914	1716964907214	OK	 
REQUEST		1-b. 비즈니스 로직	1716964907024	1716964907214	OK	 
USER	2번 시나리오 유저	END	1716964907214
USER	2번 시나리오 유저	END	1716964907214
REQUEST		1-b. 비즈니스 로직	1716964906812	1716964907215	OK	 
REQUEST		1-a. 로그인	1716964873846	1716964907215	OK	 
USER	2번 시나리오 유저	END	1716964907215
REQUEST		1-b. 비즈니스 로직	1716964906715	1716964907314	OK	 
REQUEST		1-a. 로그인	1716964875045	1716964907314	OK	 
USER	2번 시나리오 유저	END	1716964907315
REQUEST		1-b. 비즈니스 로직	1716964906914	1716964907315	OK	 
REQUEST		1-b. 비즈니스 로직	1716964907024	1716964907315	OK	 
USER	2번 시나리오 유저	END	1716964907316
USER	2번 시나리오 유저	END	1716964907316
REQUEST		1-b. 비즈니스 로직	1716964907024	1716964907416	OK	 
USER	2번 시나리오 유저	END	1716964907417
REQUEST		1-b. 비즈니스 로직	1716964907025	1716964907417	OK	 
REQUEST		1-b. 비즈니스 로직	1716964906914	1716964907417	OK	 
USER	2번 시나리오 유저	END	1716964907417
USER	2번 시나리오 유저	END	1716964907417
REQUEST		1-b. 비즈니스 로직	1716964907024	1716964907418	OK	 
REQUEST		1-b. 비즈니스 로직	1716964907026	1716964907418	OK	 
REQUEST		1-a. 로그인	1716964871607	1716964907418	OK	 
REQUEST		1-b. 비즈니스 로직	1716964907024	1716964907418	OK	 
REQUEST		1-a. 로그인	1716964870939	1716964907418	OK	 
USER	2번 시나리오 유저	END	1716964907418
USER	2번 시나리오 유저	END	1716964907418
USER	2번 시나리오 유저	END	1716964907418
REQUEST		1-a. 로그인	1716964875645	1716964907510	OK	 
REQUEST		1-a. 로그인	1716964874964	1716964907511	OK	 
REQUEST		1-a. 로그인	1716964870846	1716964907511	OK	 
REQUEST		1-b. 비즈니스 로직	1716964907212	1716964907512	OK	 
USER	2번 시나리오 유저	END	1716964907512
REQUEST		1-b. 비즈니스 로직	1716964907003	1716964907514	OK	 
USER	2번 시나리오 유저	END	1716964907515
REQUEST		1-b. 비즈니스 로직	1716964907215	1716964907516	OK	 
REQUEST		1-b. 비즈니스 로직	1716964907003	1716964907516	OK	 
USER	2번 시나리오 유저	END	1716964907516
USER	2번 시나리오 유저	END	1716964907516
REQUEST		1-b. 비즈니스 로직	1716964907315	1716964907612	OK	 
USER	2번 시나리오 유저	END	1716964907613
REQUEST		1-b. 비즈니스 로직	1716964907510	1716964907614	OK	 
REQUEST		1-b. 비즈니스 로직	1716964907418	1716964907614	OK	 
USER	2번 시나리오 유저	END	1716964907614
USER	2번 시나리오 유저	END	1716964907614
REQUEST		1-b. 비즈니스 로직	1716964907511	1716964907614	OK	 
USER	2번 시나리오 유저	END	1716964907615
REQUEST		1-b. 비즈니스 로직	1716964907418	1716964907615	OK	 
USER	2번 시나리오 유저	END	1716964907615
REQUEST		1-b. 비즈니스 로직	1716964907511	1716964907617	OK	 
REQUEST		1-a. 로그인	1716964871082	1716964907617	OK	 
USER	2번 시나리오 유저	END	1716964907617
REQUEST		1-a. 로그인	1716964874428	1716964907706	OK	 
REQUEST		1-a. 로그인	1716964875124	1716964907711	OK	 
REQUEST		1-b. 비즈니스 로직	1716964907617	1716964907719	OK	 
USER	2번 시나리오 유저	END	1716964907719
REQUEST		1-b. 비즈니스 로직	1716964907708	1716964907719	OK	 
USER	2번 시나리오 유저	END	1716964907720
REQUEST		1-b. 비즈니스 로직	1716964907711	1716964907723	OK	 
USER	2번 시나리오 유저	END	1716964907723
