RUN	LoginPerformance	loginperformance	1716964989644	 	3.10.5
USER	2번 시나리오 유저	START	1716964990327
REQUEST		1-a. 로그인	1716964990336	1716964990915	OK	 
REQUEST		1-b. 비즈니스 로직	1716964990931	1716964990941	OK	 
USER	2번 시나리오 유저	END	1716964990943
USER	2번 시나리오 유저	START	1716964991324
REQUEST		1-a. 로그인	1716964991326	1716964991464	OK	 
REQUEST		1-b. 비즈니스 로직	1716964991465	1716964991470	OK	 
USER	2번 시나리오 유저	END	1716964991471
USER	2번 시나리오 유저	START	1716964991824
REQUEST		1-a. 로그인	1716964991826	1716964991950	OK	 
REQUEST		1-b. 비즈니스 로직	1716964991951	1716964992011	OK	 
USER	2번 시나리오 유저	END	1716964992012
USER	2번 시나리오 유저	START	1716964992324
REQUEST		1-a. 로그인	1716964992324	1716964992442	OK	 
REQUEST		1-b. 비즈니스 로직	1716964992444	1716964992448	OK	 
USER	2번 시나리오 유저	END	1716964992449
USER	2번 시나리오 유저	START	1716964992655
REQUEST		1-a. 로그인	1716964992657	1716964992782	OK	 
REQUEST		1-b. 비즈니스 로직	1716964992784	1716964992788	OK	 
USER	2번 시나리오 유저	END	1716964992789
USER	2번 시나리오 유저	START	1716964992988
REQUEST		1-a. 로그인	1716964992990	1716964993111	OK	 
REQUEST		1-b. 비즈니스 로직	1716964993112	1716964993116	OK	 
USER	2번 시나리오 유저	END	1716964993117
USER	2번 시나리오 유저	START	1716964993322
REQUEST		1-a. 로그인	1716964993324	1716964993445	OK	 
REQUEST		1-b. 비즈니스 로직	1716964993447	1716964993451	OK	 
USER	2번 시나리오 유저	END	1716964993451
USER	2번 시나리오 유저	START	1716964993572
REQUEST		1-a. 로그인	1716964993573	1716964993668	OK	 
REQUEST		1-b. 비즈니스 로직	1716964993668	1716964993672	OK	 
USER	2번 시나리오 유저	END	1716964993673
USER	2번 시나리오 유저	START	1716964993823
REQUEST		1-a. 로그인	1716964993823	1716964993916	OK	 
REQUEST		1-b. 비즈니스 로직	1716964993917	1716964993921	OK	 
USER	2번 시나리오 유저	END	1716964993921
USER	2번 시나리오 유저	START	1716964994073
REQUEST		1-a. 로그인	1716964994074	1716964994173	OK	 
REQUEST		1-b. 비즈니스 로직	1716964994174	1716964994178	OK	 
USER	2번 시나리오 유저	END	1716964994178
USER	2번 시나리오 유저	START	1716964994323
REQUEST		1-a. 로그인	1716964994324	1716964994411	OK	 
REQUEST		1-b. 비즈니스 로직	1716964994411	1716964994414	OK	 
USER	2번 시나리오 유저	END	1716964994415
USER	2번 시나리오 유저	START	1716964994522
REQUEST		1-a. 로그인	1716964994523	1716964994613	OK	 
REQUEST		1-b. 비즈니스 로직	1716964994614	1716964994617	OK	 
USER	2번 시나리오 유저	END	1716964994617
USER	2번 시나리오 유저	START	1716964994721
REQUEST		1-a. 로그인	1716964994722	1716964994813	OK	 
REQUEST		1-b. 비즈니스 로직	1716964994814	1716964994817	OK	 
USER	2번 시나리오 유저	END	1716964994817
USER	2번 시나리오 유저	START	1716964994922
REQUEST		1-a. 로그인	1716964994922	1716964995010	OK	 
REQUEST		1-b. 비즈니스 로직	1716964995011	1716964995016	OK	 
USER	2번 시나리오 유저	END	1716964995016
USER	2번 시나리오 유저	START	1716964995121
REQUEST		1-a. 로그인	1716964995123	1716964995210	OK	 
REQUEST		1-b. 비즈니스 로직	1716964995211	1716964995214	OK	 
USER	2번 시나리오 유저	END	1716964995215
USER	2번 시나리오 유저	START	1716964995322
REQUEST		1-a. 로그인	1716964995323	1716964995411	OK	 
REQUEST		1-b. 비즈니스 로직	1716964995412	1716964995415	OK	 
USER	2번 시나리오 유저	END	1716964995416
USER	2번 시나리오 유저	START	1716964995488
REQUEST		1-a. 로그인	1716964995489	1716964995571	OK	 
REQUEST		1-b. 비즈니스 로직	1716964995572	1716964995575	OK	 
USER	2번 시나리오 유저	END	1716964995575
USER	2번 시나리오 유저	START	1716964995655
REQUEST		1-a. 로그인	1716964995656	1716964995738	OK	 
REQUEST		1-b. 비즈니스 로직	1716964995739	1716964995742	OK	 
USER	2번 시나리오 유저	END	1716964995744
USER	2번 시나리오 유저	START	1716964995822
REQUEST		1-a. 로그인	1716964995823	1716964995905	OK	 
REQUEST		1-b. 비즈니스 로직	1716964995906	1716964995909	OK	 
USER	2번 시나리오 유저	END	1716964995910
USER	2번 시나리오 유저	START	1716964995988
REQUEST		1-a. 로그인	1716964995989	1716964996066	OK	 
REQUEST		1-b. 비즈니스 로직	1716964996067	1716964996075	OK	 
USER	2번 시나리오 유저	END	1716964996075
USER	2번 시나리오 유저	START	1716964996154
REQUEST		1-a. 로그인	1716964996155	1716964996238	OK	 
REQUEST		1-b. 비즈니스 로직	1716964996238	1716964996241	OK	 
USER	2번 시나리오 유저	END	1716964996242
USER	2번 시나리오 유저	START	1716964996322
REQUEST		1-a. 로그인	1716964996324	1716964996417	OK	 
REQUEST		1-b. 비즈니스 로직	1716964996417	1716964996423	OK	 
USER	2번 시나리오 유저	END	1716964996423
USER	2번 시나리오 유저	START	1716964996463
REQUEST		1-a. 로그인	1716964996464	1716964996547	OK	 
REQUEST		1-b. 비즈니스 로직	1716964996547	1716964996551	OK	 
USER	2번 시나리오 유저	END	1716964996551
USER	2번 시나리오 유저	START	1716964996606
REQUEST		1-a. 로그인	1716964996607	1716964996686	OK	 
REQUEST		1-b. 비즈니스 로직	1716964996686	1716964996689	OK	 
USER	2번 시나리오 유저	END	1716964996690
USER	2번 시나리오 유저	START	1716964996750
REQUEST		1-a. 로그인	1716964996750	1716964996827	OK	 
REQUEST		1-b. 비즈니스 로직	1716964996828	1716964996831	OK	 
USER	2번 시나리오 유저	END	1716964996831
USER	2번 시나리오 유저	START	1716964996893
REQUEST		1-a. 로그인	1716964996893	1716964996973	OK	 
REQUEST		1-b. 비즈니스 로직	1716964996973	1716964996976	OK	 
USER	2번 시나리오 유저	END	1716964996976
USER	2번 시나리오 유저	START	1716964997036
REQUEST		1-a. 로그인	1716964997037	1716964997117	OK	 
REQUEST		1-b. 비즈니스 로직	1716964997118	1716964997120	OK	 
USER	2번 시나리오 유저	END	1716964997121
USER	2번 시나리오 유저	START	1716964997180
REQUEST		1-a. 로그인	1716964997180	1716964997260	OK	 
REQUEST		1-b. 비즈니스 로직	1716964997261	1716964997265	OK	 
USER	2번 시나리오 유저	END	1716964997265
USER	2번 시나리오 유저	START	1716964997323
REQUEST		1-a. 로그인	1716964997324	1716964997402	OK	 
REQUEST		1-b. 비즈니스 로직	1716964997403	1716964997406	OK	 
USER	2번 시나리오 유저	END	1716964997407
USER	2번 시나리오 유저	START	1716964997447
REQUEST		1-a. 로그인	1716964997447	1716964997527	OK	 
REQUEST		1-b. 비즈니스 로직	1716964997528	1716964997532	OK	 
USER	2번 시나리오 유저	END	1716964997532
USER	2번 시나리오 유저	START	1716964997572
REQUEST		1-a. 로그인	1716964997572	1716964997650	OK	 
REQUEST		1-b. 비즈니스 로직	1716964997650	1716964997653	OK	 
USER	2번 시나리오 유저	END	1716964997654
USER	2번 시나리오 유저	START	1716964997696
REQUEST		1-a. 로그인	1716964997698	1716964997775	OK	 
REQUEST		1-b. 비즈니스 로직	1716964997776	1716964997779	OK	 
USER	2번 시나리오 유저	END	1716964997779
USER	2번 시나리오 유저	START	1716964997822
REQUEST		1-a. 로그인	1716964997823	1716964997925	OK	 
REQUEST		1-b. 비즈니스 로직	1716964997925	1716964997934	OK	 
USER	2번 시나리오 유저	END	1716964997935
USER	2번 시나리오 유저	START	1716964997948
REQUEST		1-a. 로그인	1716964997949	1716964998031	OK	 
REQUEST		1-b. 비즈니스 로직	1716964998032	1716964998035	OK	 
USER	2번 시나리오 유저	END	1716964998035
USER	2번 시나리오 유저	START	1716964998073
REQUEST		1-a. 로그인	1716964998074	1716964998152	OK	 
REQUEST		1-b. 비즈니스 로직	1716964998153	1716964998156	OK	 
USER	2번 시나리오 유저	END	1716964998156
USER	2번 시나리오 유저	START	1716964998198
REQUEST		1-a. 로그인	1716964998199	1716964998277	OK	 
REQUEST		1-b. 비즈니스 로직	1716964998278	1716964998281	OK	 
USER	2번 시나리오 유저	END	1716964998282
USER	2번 시나리오 유저	START	1716964998323
REQUEST		1-a. 로그인	1716964998324	1716964998402	OK	 
REQUEST		1-b. 비즈니스 로직	1716964998403	1716964998406	OK	 
USER	2번 시나리오 유저	END	1716964998406
USER	2번 시나리오 유저	START	1716964998432
REQUEST		1-a. 로그인	1716964998434	1716964998510	OK	 
REQUEST		1-b. 비즈니스 로직	1716964998511	1716964998514	OK	 
USER	2번 시나리오 유저	END	1716964998517
USER	2번 시나리오 유저	START	1716964998544
REQUEST		1-a. 로그인	1716964998545	1716964998621	OK	 
REQUEST		1-b. 비즈니스 로직	1716964998623	1716964998625	OK	 
USER	2번 시나리오 유저	END	1716964998625
USER	2번 시나리오 유저	START	1716964998656
REQUEST		1-a. 로그인	1716964998657	1716964998732	OK	 
REQUEST		1-b. 비즈니스 로직	1716964998733	1716964998735	OK	 
USER	2번 시나리오 유저	END	1716964998736
USER	2번 시나리오 유저	START	1716964998765
REQUEST		1-a. 로그인	1716964998766	1716964998841	OK	 
REQUEST		1-b. 비즈니스 로직	1716964998842	1716964998844	OK	 
USER	2번 시나리오 유저	END	1716964998845
USER	2번 시나리오 유저	START	1716964998877
REQUEST		1-a. 로그인	1716964998878	1716964998955	OK	 
REQUEST		1-b. 비즈니스 로직	1716964998955	1716964998958	OK	 
USER	2번 시나리오 유저	END	1716964998958
USER	2번 시나리오 유저	START	1716964998987
REQUEST		1-a. 로그인	1716964998988	1716964999063	OK	 
REQUEST		1-b. 비즈니스 로직	1716964999065	1716964999067	OK	 
USER	2번 시나리오 유저	END	1716964999068
USER	2번 시나리오 유저	START	1716964999099
REQUEST		1-a. 로그인	1716964999100	1716964999177	OK	 
REQUEST		1-b. 비즈니스 로직	1716964999178	1716964999180	OK	 
USER	2번 시나리오 유저	END	1716964999181
USER	2번 시나리오 유저	START	1716964999211
REQUEST		1-a. 로그인	1716964999212	1716964999287	OK	 
REQUEST		1-b. 비즈니스 로직	1716964999288	1716964999292	OK	 
USER	2번 시나리오 유저	END	1716964999292
USER	2번 시나리오 유저	START	1716964999323
REQUEST		1-a. 로그인	1716964999324	1716964999400	OK	 
REQUEST		1-b. 비즈니스 로직	1716964999402	1716964999404	OK	 
USER	2번 시나리오 유저	END	1716964999405
USER	2번 시나리오 유저	START	1716964999422
REQUEST		1-a. 로그인	1716964999423	1716964999498	OK	 
REQUEST		1-b. 비즈니스 로직	1716964999498	1716964999500	OK	 
USER	2번 시나리오 유저	END	1716964999501
USER	2번 시나리오 유저	START	1716964999522
REQUEST		1-a. 로그인	1716964999523	1716964999599	OK	 
REQUEST		1-b. 비즈니스 로직	1716964999600	1716964999603	OK	 
USER	2번 시나리오 유저	END	1716964999603
USER	2번 시나리오 유저	START	1716964999622
REQUEST		1-a. 로그인	1716964999623	1716964999699	OK	 
REQUEST		1-b. 비즈니스 로직	1716964999700	1716964999702	OK	 
USER	2번 시나리오 유저	END	1716964999703
USER	2번 시나리오 유저	START	1716964999722
REQUEST		1-a. 로그인	1716964999722	1716964999797	OK	 
REQUEST		1-b. 비즈니스 로직	1716964999797	1716964999801	OK	 
USER	2번 시나리오 유저	END	1716964999801
USER	2번 시나리오 유저	START	1716964999822
REQUEST		1-a. 로그인	1716964999822	1716964999898	OK	 
REQUEST		1-b. 비즈니스 로직	1716964999899	1716964999901	OK	 
USER	2번 시나리오 유저	END	1716964999902
USER	2번 시나리오 유저	START	1716964999922
REQUEST		1-a. 로그인	1716964999923	1716964999999	OK	 
REQUEST		1-b. 비즈니스 로직	1716965000000	1716965000002	OK	 
USER	2번 시나리오 유저	END	1716965000002
USER	2번 시나리오 유저	START	1716965000023
REQUEST		1-a. 로그인	1716965000024	1716965000100	OK	 
REQUEST		1-b. 비즈니스 로직	1716965000101	1716965000103	OK	 
USER	2번 시나리오 유저	END	1716965000103
USER	2번 시나리오 유저	START	1716965000123
REQUEST		1-a. 로그인	1716965000124	1716965000199	OK	 
REQUEST		1-b. 비즈니스 로직	1716965000200	1716965000202	OK	 
USER	2번 시나리오 유저	END	1716965000203
USER	2번 시나리오 유저	START	1716965000223
REQUEST		1-a. 로그인	1716965000224	1716965000299	OK	 
REQUEST		1-b. 비즈니스 로직	1716965000299	1716965000302	OK	 
USER	2번 시나리오 유저	END	1716965000304
USER	2번 시나리오 유저	START	1716965000323
REQUEST		1-a. 로그인	1716965000323	1716965000399	OK	 
REQUEST		1-b. 비즈니스 로직	1716965000400	1716965000402	OK	 
USER	2번 시나리오 유저	END	1716965000402
USER	2번 시나리오 유저	START	1716965000418
USER	2번 시나리오 유저	START	1716965000503
REQUEST		1-a. 로그인	1716965000421	1716965000508	OK	 
REQUEST		1-b. 비즈니스 로직	1716965000509	1716965000511	OK	 
USER	2번 시나리오 유저	END	1716965000512
REQUEST		1-a. 로그인	1716965000504	1716965000579	OK	 
REQUEST		1-b. 비즈니스 로직	1716965000580	1716965000583	OK	 
USER	2번 시나리오 유저	END	1716965000583
USER	2번 시나리오 유저	START	1716965000594
REQUEST		1-a. 로그인	1716965000595	1716965000671	OK	 
REQUEST		1-b. 비즈니스 로직	1716965000672	1716965000674	OK	 
USER	2번 시나리오 유저	END	1716965000675
USER	2번 시나리오 유저	START	1716965000685
REQUEST		1-a. 로그인	1716965000686	1716965000760	OK	 
REQUEST		1-b. 비즈니스 로직	1716965000761	1716965000763	OK	 
USER	2번 시나리오 유저	END	1716965000764
USER	2번 시나리오 유저	START	1716965000777
REQUEST		1-a. 로그인	1716965000778	1716965000854	OK	 
REQUEST		1-b. 비즈니스 로직	1716965000855	1716965000858	OK	 
USER	2번 시나리오 유저	END	1716965000858
USER	2번 시나리오 유저	START	1716965000867
REQUEST		1-a. 로그인	1716965000868	1716965000944	OK	 
REQUEST		1-b. 비즈니스 로직	1716965000945	1716965000951	OK	 
USER	2번 시나리오 유저	END	1716965000952
USER	2번 시나리오 유저	START	1716965000958
REQUEST		1-a. 로그인	1716965000959	1716965001035	OK	 
REQUEST		1-b. 비즈니스 로직	1716965001035	1716965001038	OK	 
USER	2번 시나리오 유저	END	1716965001038
USER	2번 시나리오 유저	START	1716965001052
REQUEST		1-a. 로그인	1716965001052	1716965001129	OK	 
REQUEST		1-b. 비즈니스 로직	1716965001129	1716965001132	OK	 
USER	2번 시나리오 유저	END	1716965001133
USER	2번 시나리오 유저	START	1716965001140
REQUEST		1-a. 로그인	1716965001140	1716965001215	OK	 
REQUEST		1-b. 비즈니스 로직	1716965001216	1716965001218	OK	 
USER	2번 시나리오 유저	END	1716965001219
USER	2번 시나리오 유저	START	1716965001231
REQUEST		1-a. 로그인	1716965001232	1716965001308	OK	 
REQUEST		1-b. 비즈니스 로직	1716965001309	1716965001311	OK	 
USER	2번 시나리오 유저	END	1716965001312
USER	2번 시나리오 유저	START	1716965001323
REQUEST		1-a. 로그인	1716965001324	1716965001399	OK	 
REQUEST		1-b. 비즈니스 로직	1716965001400	1716965001402	OK	 
USER	2번 시나리오 유저	END	1716965001403
USER	2번 시나리오 유저	START	1716965001404
USER	2번 시나리오 유저	START	1716965001488
REQUEST		1-a. 로그인	1716965001405	1716965001527	OK	 
REQUEST		1-b. 비즈니스 로직	1716965001527	1716965001529	OK	 
USER	2번 시나리오 유저	END	1716965001531
USER	2번 시나리오 유저	START	1716965001572
REQUEST		1-a. 로그인	1716965001489	1716965001607	OK	 
REQUEST		1-b. 비즈니스 로직	1716965001608	1716965001611	OK	 
USER	2번 시나리오 유저	END	1716965001612
USER	2번 시나리오 유저	START	1716965001655
REQUEST		1-a. 로그인	1716965001572	1716965001728	OK	 
REQUEST		1-b. 비즈니스 로직	1716965001728	1716965001731	OK	 
USER	2번 시나리오 유저	END	1716965001731
USER	2번 시나리오 유저	START	1716965001739
USER	2번 시나리오 유저	START	1716965001821
REQUEST		1-a. 로그인	1716965001655	1716965001828	OK	 
REQUEST		1-b. 비즈니스 로직	1716965001829	1716965001832	OK	 
USER	2번 시나리오 유저	END	1716965001832
USER	2번 시나리오 유저	START	1716965001904
REQUEST		1-a. 로그인	1716965001739	1716965001927	OK	 
REQUEST		1-b. 비즈니스 로직	1716965001928	1716965001930	OK	 
USER	2번 시나리오 유저	END	1716965001930
USER	2번 시나리오 유저	START	1716965001988
REQUEST		1-a. 로그인	1716965001822	1716965002023	OK	 
REQUEST		1-b. 비즈니스 로직	1716965002024	1716965002026	OK	 
USER	2번 시나리오 유저	END	1716965002026
USER	2번 시나리오 유저	START	1716965002073
REQUEST		1-a. 로그인	1716965001905	1716965002116	OK	 
REQUEST		1-b. 비즈니스 로직	1716965002117	1716965002119	OK	 
USER	2번 시나리오 유저	END	1716965002120
REQUEST		1-a. 로그인	1716965001989	1716965002152	OK	 
USER	2번 시나리오 유저	START	1716965002155
REQUEST		1-b. 비즈니스 로직	1716965002153	1716965002209	OK	 
USER	2번 시나리오 유저	END	1716965002209
USER	2번 시나리오 유저	START	1716965002238
REQUEST		1-a. 로그인	1716965002074	1716965002307	OK	 
REQUEST		1-b. 비즈니스 로직	1716965002308	1716965002311	OK	 
USER	2번 시나리오 유저	END	1716965002311
USER	2번 시나리오 유저	START	1716965002323
USER	2번 시나리오 유저	START	1716965002397
REQUEST		1-a. 로그인	1716965002156	1716965002412	OK	 
REQUEST		1-b. 비즈니스 로직	1716965002412	1716965002417	OK	 
USER	2번 시나리오 유저	END	1716965002417
USER	2번 시나리오 유저	START	1716965002475
REQUEST		1-a. 로그인	1716965002239	1716965002531	OK	 
USER	2번 시나리오 유저	START	1716965002552
REQUEST		1-b. 비즈니스 로직	1716965002531	1716965002612	OK	 
USER	2번 시나리오 유저	END	1716965002613
USER	2번 시나리오 유저	START	1716965002629
USER	2번 시나리오 유저	START	1716965002705
REQUEST		1-a. 로그인	1716965002324	1716965002714	OK	 
REQUEST		1-b. 비즈니스 로직	1716965002714	1716965002719	OK	 
USER	2번 시나리오 유저	END	1716965002719
USER	2번 시나리오 유저	START	1716965002784
USER	2번 시나리오 유저	START	1716965002860
USER	2번 시나리오 유저	START	1716965002936
USER	2번 시나리오 유저	START	1716965003013
REQUEST		1-a. 로그인	1716965002398	1716965003021	OK	 
USER	2번 시나리오 유저	START	1716965003092
USER	2번 시나리오 유저	START	1716965003168
USER	2번 시나리오 유저	START	1716965003244
REQUEST		1-b. 비즈니스 로직	1716965003022	1716965003316	OK	 
REQUEST		1-a. 로그인	1716965002476	1716965003316	OK	 
USER	2번 시나리오 유저	END	1716965003317
USER	2번 시나리오 유저	START	1716965003323
USER	2번 시나리오 유저	START	1716965003392
USER	2번 시나리오 유저	START	1716965003463
REQUEST		1-b. 비즈니스 로직	1716965003317	1716965003517	OK	 
USER	2번 시나리오 유저	END	1716965003518
USER	2번 시나리오 유저	START	1716965003535
USER	2번 시나리오 유저	START	1716965003606
USER	2번 시나리오 유저	START	1716965003678
REQUEST		1-a. 로그인	1716965002552	1716965003732	OK	 
USER	2번 시나리오 유저	START	1716965003750
USER	2번 시나리오 유저	START	1716965003823
REQUEST		1-b. 비즈니스 로직	1716965003733	1716965003823	OK	 
USER	2번 시나리오 유저	END	1716965003824
USER	2번 시나리오 유저	START	1716965003892
REQUEST		1-a. 로그인	1716965002629	1716965003924	OK	 
USER	2번 시나리오 유저	START	1716965003964
USER	2번 시나리오 유저	START	1716965004034
USER	2번 시나리오 유저	START	1716965004106
USER	2번 시나리오 유저	START	1716965004178
USER	2번 시나리오 유저	START	1716965004250
USER	2번 시나리오 유저	START	1716965004322
USER	2번 시나리오 유저	START	1716965004387
REQUEST		1-b. 비즈니스 로직	1716965003925	1716965004423	OK	 
REQUEST		1-a. 로그인	1716965002706	1716965004423	OK	 
USER	2번 시나리오 유저	END	1716965004423
USER	2번 시나리오 유저	START	1716965004454
USER	2번 시나리오 유저	START	1716965004522
USER	2번 시나리오 유저	START	1716965004587
USER	2번 시나리오 유저	START	1716965004654
REQUEST		1-b. 비즈니스 로직	1716965004423	1716965004718	OK	 
USER	2번 시나리오 유저	END	1716965004719
REQUEST		1-a. 로그인	1716965002784	1716965004719	OK	 
USER	2번 시나리오 유저	START	1716965004721
USER	2번 시나리오 유저	START	1716965004788
USER	2번 시나리오 유저	START	1716965004856
USER	2번 시나리오 유저	START	1716965004922
USER	2번 시나리오 유저	START	1716965004987
REQUEST		1-b. 비즈니스 로직	1716965004720	1716965005022	OK	 
USER	2번 시나리오 유저	END	1716965005023
USER	2번 시나리오 유저	START	1716965005055
USER	2번 시나리오 유저	START	1716965005122
USER	2번 시나리오 유저	START	1716965005187
USER	2번 시나리오 유저	START	1716965005255
USER	2번 시나리오 유저	START	1716965005322
USER	2번 시나리오 유저	START	1716965005383
USER	2번 시나리오 유저	START	1716965005446
USER	2번 시나리오 유저	START	1716965005508
USER	2번 시나리오 유저	START	1716965005571
USER	2번 시나리오 유저	START	1716965005633
USER	2번 시나리오 유저	START	1716965005697
USER	2번 시나리오 유저	START	1716965005759
USER	2번 시나리오 유저	START	1716965005822
REQUEST		1-a. 로그인	1716965002937	1716965005825	OK	 
USER	2번 시나리오 유저	START	1716965005883
USER	2번 시나리오 유저	START	1716965005947
USER	2번 시나리오 유저	START	1716965006008
USER	2번 시나리오 유저	START	1716965006073
USER	2번 시나리오 유저	START	1716965006134
USER	2번 시나리오 유저	START	1716965006197
USER	2번 시나리오 유저	START	1716965006260
USER	2번 시나리오 유저	START	1716965006322
USER	2번 시나리오 유저	START	1716965006379
USER	2번 시나리오 유저	START	1716965006438
USER	2번 시나리오 유저	START	1716965006498
REQUEST		1-a. 로그인	1716965003392	1716965006523	OK	 
USER	2번 시나리오 유저	START	1716965006557
USER	2번 시나리오 유저	START	1716965006618
USER	2번 시나리오 유저	START	1716965006673
USER	2번 시나리오 유저	START	1716965006733
USER	2번 시나리오 유저	START	1716965006793
REQUEST		1-a. 로그인	1716965002861	1716965006823	OK	 
USER	2번 시나리오 유저	START	1716965006850
USER	2번 시나리오 유저	START	1716965006910
USER	2번 시나리오 유저	START	1716965006969
USER	2번 시나리오 유저	START	1716965007027
USER	2번 시나리오 유저	START	1716965007086
REQUEST		1-b. 비즈니스 로직	1716965006525	1716965007123	OK	 
USER	2번 시나리오 유저	END	1716965007124
USER	2번 시나리오 유저	START	1716965007145
USER	2번 시나리오 유저	START	1716965007204
REQUEST		1-b. 비즈니스 로직	1716965006825	1716965007217	OK	 
REQUEST		1-b. 비즈니스 로직	1716965005826	1716965007217	OK	 
USER	2번 시나리오 유저	END	1716965007217
USER	2번 시나리오 유저	END	1716965007217
USER	2번 시나리오 유저	START	1716965007264
USER	2번 시나리오 유저	START	1716965007323
USER	2번 시나리오 유저	START	1716965007377
USER	2번 시나리오 유저	START	1716965007432
USER	2번 시나리오 유저	START	1716965007487
USER	2번 시나리오 유저	START	1716965007544
USER	2번 시나리오 유저	START	1716965007599
USER	2번 시나리오 유저	START	1716965007655
USER	2번 시나리오 유저	START	1716965007710
REQUEST		1-a. 로그인	1716965003244	1716965007720	OK	 
USER	2번 시나리오 유저	START	1716965007767
USER	2번 시나리오 유저	START	1716965007822
USER	2번 시나리오 유저	START	1716965007877
REQUEST		1-b. 비즈니스 로직	1716965007721	1716965007923	OK	 
USER	2번 시나리오 유저	END	1716965007924
USER	2번 시나리오 유저	START	1716965007934
USER	2번 시나리오 유저	START	1716965007987
REQUEST		1-a. 로그인	1716965003093	1716965008027	OK	 
USER	2번 시나리오 유저	START	1716965008045
USER	2번 시나리오 유저	START	1716965008100
USER	2번 시나리오 유저	START	1716965008155
USER	2번 시나리오 유저	START	1716965008216
USER	2번 시나리오 유저	START	1716965008267
USER	2번 시나리오 유저	START	1716965008323
USER	2번 시나리오 유저	START	1716965008374
USER	2번 시나리오 유저	START	1716965008427
USER	2번 시나리오 유저	START	1716965008479
USER	2번 시나리오 유저	START	1716965008532
USER	2번 시나리오 유저	START	1716965008584
USER	2번 시나리오 유저	START	1716965008637
USER	2번 시나리오 유저	START	1716965008690
USER	2번 시나리오 유저	START	1716965008744
USER	2번 시나리오 유저	START	1716965008796
USER	2번 시나리오 유저	START	1716965008848
USER	2번 시나리오 유저	START	1716965008901
USER	2번 시나리오 유저	START	1716965008954
USER	2번 시나리오 유저	START	1716965009007
USER	2번 시나리오 유저	START	1716965009058
USER	2번 시나리오 유저	START	1716965009112
REQUEST		1-a. 로그인	1716965003014	1716965009123	OK	 
REQUEST		1-a. 로그인	1716965003679	1716965009123	OK	 
REQUEST		1-a. 로그인	1716965003463	1716965009123	OK	 
USER	2번 시나리오 유저	START	1716965009164
USER	2번 시나리오 유저	START	1716965009217
REQUEST		1-a. 로그인	1716965003323	1716965009223	OK	 
USER	2번 시나리오 유저	START	1716965009269
USER	2번 시나리오 유저	START	1716965009323
USER	2번 시나리오 유저	START	1716965009371
USER	2번 시나리오 유저	START	1716965009421
USER	2번 시나리오 유저	START	1716965009472
REQUEST		1-b. 비즈니스 로직	1716965009123	1716965009518	OK	 
USER	2번 시나리오 유저	END	1716965009519
USER	2번 시나리오 유저	START	1716965009521
USER	2번 시나리오 유저	START	1716965009571
USER	2번 시나리오 유저	START	1716965009620
USER	2번 시나리오 유저	START	1716965009671
USER	2번 시나리오 유저	START	1716965009722
USER	2번 시나리오 유저	START	1716965009772
USER	2번 시나리오 유저	START	1716965009821
USER	2번 시나리오 유저	START	1716965009871
USER	2번 시나리오 유저	START	1716965009921
USER	2번 시나리오 유저	START	1716965009972
USER	2번 시나리오 유저	START	1716965010022
USER	2번 시나리오 유저	START	1716965010072
USER	2번 시나리오 유저	START	1716965010122
USER	2번 시나리오 유저	START	1716965010172
USER	2번 시나리오 유저	START	1716965010222
USER	2번 시나리오 유저	START	1716965010272
USER	2번 시나리오 유저	START	1716965010322
USER	2번 시나리오 유저	START	1716965010369
USER	2번 시나리오 유저	START	1716965010417
REQUEST		1-b. 비즈니스 로직	1716965009123	1716965010418	OK	 
USER	2번 시나리오 유저	END	1716965010418
REQUEST		1-a. 로그인	1716965003964	1716965010419	OK	 
REQUEST		1-a. 로그인	1716965003607	1716965010423	OK	 
USER	2번 시나리오 유저	START	1716965010464
USER	2번 시나리오 유저	START	1716965010514
REQUEST		1-b. 비즈니스 로직	1716965009223	1716965010521	OK	 
REQUEST		1-a. 로그인	1716965006198	1716965010521	OK	 
USER	2번 시나리오 유저	END	1716965010522
REQUEST		1-a. 로그인	1716965003750	1716965010524	OK	 
USER	2번 시나리오 유저	START	1716965010560
USER	2번 시나리오 유저	START	1716965010607
USER	2번 시나리오 유저	START	1716965010655
USER	2번 시나리오 유저	START	1716965010702
USER	2번 시나리오 유저	START	1716965010751
USER	2번 시나리오 유저	START	1716965010798
USER	2번 시나리오 유저	START	1716965010845
USER	2번 시나리오 유저	START	1716965010893
REQUEST		1-b. 비즈니스 로직	1716965009123	1716965010927	OK	 
USER	2번 시나리오 유저	END	1716965010928
USER	2번 시나리오 유저	START	1716965010941
USER	2번 시나리오 유저	START	1716965010988
REQUEST		1-b. 비즈니스 로직	1716965010420	1716965011024	OK	 
USER	2번 시나리오 유저	END	1716965011025
REQUEST		1-a. 로그인	1716965004523	1716965011025	OK	 
USER	2번 시나리오 유저	START	1716965011037
USER	2번 시나리오 유저	START	1716965011083
REQUEST		1-b. 비즈니스 로직	1716965010524	1716965011125	OK	 
USER	2번 시나리오 유저	END	1716965011126
USER	2번 시나리오 유저	START	1716965011130
USER	2번 시나리오 유저	START	1716965011180
USER	2번 시나리오 유저	START	1716965011227
USER	2번 시나리오 유저	START	1716965011274
USER	2번 시나리오 유저	START	1716965011322
REQUEST		1-b. 비즈니스 로직	1716965010424	1716965011322	OK	 
REQUEST		1-a. 로그인	1716965005884	1716965011322	OK	 
USER	2번 시나리오 유저	END	1716965011324
REQUEST		1-a. 로그인	1716965005188	1716965011324	OK	 
USER	2번 시나리오 유저	START	1716965011366
USER	2번 시나리오 유저	START	1716965011413
USER	2번 시나리오 유저	START	1716965011459
USER	2번 시나리오 유저	START	1716965011503
USER	2번 시나리오 유저	START	1716965011549
USER	2번 시나리오 유저	START	1716965011593
USER	2번 시나리오 유저	START	1716965011640
USER	2번 시나리오 유저	START	1716965011683
REQUEST		1-b. 비즈니스 로직	1716965011026	1716965011716	OK	 
USER	2번 시나리오 유저	END	1716965011717
USER	2번 시나리오 유저	START	1716965011731
USER	2번 시나리오 유저	START	1716965011776
USER	2번 시나리오 유저	START	1716965011822
REQUEST		1-a. 로그인	1716965004323	1716965011823	OK	 
USER	2번 시나리오 유저	START	1716965011867
USER	2번 시나리오 유저	START	1716965011913
REQUEST		1-a. 로그인	1716965004588	1716965011923	OK	 
USER	2번 시나리오 유저	START	1716965011958
USER	2번 시나리오 유저	START	1716965012004
REQUEST		1-b. 비즈니스 로직	1716965010522	1716965012024	OK	 
REQUEST		1-b. 비즈니스 로직	1716965011323	1716965012024	OK	 
USER	2번 시나리오 유저	END	1716965012025
USER	2번 시나리오 유저	END	1716965012025
USER	2번 시나리오 유저	START	1716965012049
USER	2번 시나리오 유저	START	1716965012093
REQUEST		1-b. 비즈니스 로직	1716965011324	1716965012122	OK	 
USER	2번 시나리오 유저	END	1716965012123
USER	2번 시나리오 유저	START	1716965012140
USER	2번 시나리오 유저	START	1716965012185
REQUEST		1-b. 비즈니스 로직	1716965011824	1716965012224	OK	 
USER	2번 시나리오 유저	END	1716965012224
USER	2번 시나리오 유저	START	1716965012232
USER	2번 시나리오 유저	START	1716965012276
USER	2번 시나리오 유저	START	1716965012323
REQUEST		1-b. 비즈니스 로직	1716965011924	1716965012327	OK	 
USER	2번 시나리오 유저	END	1716965012328
USER	2번 시나리오 유저	START	1716965012364
USER	2번 시나리오 유저	START	1716965012409
USER	2번 시나리오 유저	START	1716965012453
USER	2번 시나리오 유저	START	1716965012496
USER	2번 시나리오 유저	START	1716965012539
USER	2번 시나리오 유저	START	1716965012582
USER	2번 시나리오 유저	START	1716965012626
USER	2번 시나리오 유저	START	1716965012669
USER	2번 시나리오 유저	START	1716965012714
USER	2번 시나리오 유저	START	1716965012757
USER	2번 시나리오 유저	START	1716965012801
USER	2번 시나리오 유저	START	1716965012844
USER	2번 시나리오 유저	START	1716965012887
USER	2번 시나리오 유저	START	1716965012931
USER	2번 시나리오 유저	START	1716965012975
USER	2번 시나리오 유저	START	1716965013018
USER	2번 시나리오 유저	START	1716965013062
USER	2번 시나리오 유저	START	1716965013105
REQUEST		1-a. 로그인	1716965006970	1716965013122	OK	 
USER	2번 시나리오 유저	START	1716965013149
USER	2번 시나리오 유저	START	1716965013192
USER	2번 시나리오 유저	START	1716965013235
USER	2번 시나리오 유저	START	1716965013279
USER	2번 시나리오 유저	START	1716965013324
USER	2번 시나리오 유저	START	1716965013361
USER	2번 시나리오 유저	START	1716965013405
USER	2번 시나리오 유저	START	1716965013447
USER	2번 시나리오 유저	START	1716965013487
USER	2번 시나리오 유저	START	1716965013530
USER	2번 시나리오 유저	START	1716965013572
USER	2번 시나리오 유저	START	1716965013613
USER	2번 시나리오 유저	START	1716965013655
USER	2번 시나리오 유저	START	1716965013697
USER	2번 시나리오 유저	START	1716965013738
USER	2번 시나리오 유저	START	1716965013780
USER	2번 시나리오 유저	START	1716965013822
USER	2번 시나리오 유저	START	1716965013863
USER	2번 시나리오 유저	START	1716965013905
USER	2번 시나리오 유저	START	1716965013947
USER	2번 시나리오 유저	START	1716965013988
USER	2번 시나리오 유저	START	1716965014030
USER	2번 시나리오 유저	START	1716965014072
USER	2번 시나리오 유저	START	1716965014113
USER	2번 시나리오 유저	START	1716965014155
USER	2번 시나리오 유저	START	1716965014197
USER	2번 시나리오 유저	START	1716965014239
USER	2번 시나리오 유저	START	1716965014280
USER	2번 시나리오 유저	START	1716965014322
USER	2번 시나리오 유저	START	1716965014361
USER	2번 시나리오 유저	START	1716965014401
USER	2번 시나리오 유저	START	1716965014441
USER	2번 시나리오 유저	START	1716965014482
USER	2번 시나리오 유저	START	1716965014521
USER	2번 시나리오 유저	START	1716965014561
USER	2번 시나리오 유저	START	1716965014601
USER	2번 시나리오 유저	START	1716965014642
USER	2번 시나리오 유저	START	1716965014681
USER	2번 시나리오 유저	START	1716965014722
REQUEST		1-a. 로그인	1716965005122	1716965014724	OK	 
REQUEST		1-a. 로그인	1716965004857	1716965014724	OK	 
REQUEST		1-a. 로그인	1716965005385	1716965014724	OK	 
USER	2번 시나리오 유저	START	1716965014761
USER	2번 시나리오 유저	START	1716965014802
REQUEST		1-a. 로그인	1716965004656	1716965014821	OK	 
REQUEST		1-a. 로그인	1716965005572	1716965014821	OK	 
REQUEST		1-a. 로그인	1716965003823	1716965014821	OK	 
REQUEST		1-b. 비즈니스 로직	1716965014725	1716965014823	OK	 
REQUEST		1-b. 비즈니스 로직	1716965013123	1716965014823	OK	 
REQUEST		1-a. 로그인	1716965007205	1716965014823	OK	 
USER	2번 시나리오 유저	END	1716965014824
USER	2번 시나리오 유저	END	1716965014824
USER	2번 시나리오 유저	START	1716965014842
USER	2번 시나리오 유저	START	1716965014882
USER	2번 시나리오 유저	START	1716965014923
USER	2번 시나리오 유저	START	1716965014962
USER	2번 시나리오 유저	START	1716965015002
REQUEST		1-a. 로그인	1716965003893	1716965015017	OK	 
USER	2번 시나리오 유저	START	1716965015042
USER	2번 시나리오 유저	START	1716965015082
USER	2번 시나리오 유저	START	1716965015122
USER	2번 시나리오 유저	START	1716965015161
USER	2번 시나리오 유저	START	1716965015201
USER	2번 시나리오 유저	START	1716965015242
USER	2번 시나리오 유저	START	1716965015282
REQUEST		1-a. 로그인	1716965008045	1716965017624	OK	 
REQUEST		1-a. 로그인	1716965004988	1716965017825	OK	 
REQUEST		1-a. 로그인	1716965006135	1716965017825	OK	 
REQUEST		1-a. 로그인	1716965005055	1716965017825	OK	 
REQUEST		1-a. 로그인	1716965004179	1716965018125	OK	 
REQUEST		1-a. 로그인	1716965004388	1716965018127	OK	 
REQUEST		1-a. 로그인	1716965004035	1716965018219	OK	 
REQUEST		1-a. 로그인	1716965007656	1716965018219	OK	 
REQUEST		1-a. 로그인	1716965003170	1716965018219	OK	 
REQUEST		1-a. 로그인	1716965009672	1716965018223	OK	 
REQUEST		1-a. 로그인	1716965005948	1716965018224	OK	 
REQUEST		1-a. 로그인	1716965004455	1716965018326	OK	 
REQUEST		1-a. 로그인	1716965003535	1716965018326	OK	 
REQUEST		1-a. 로그인	1716965006499	1716965018427	OK	 
REQUEST		1-a. 로그인	1716965005256	1716965018521	OK	 
REQUEST		1-b. 비즈니스 로직	1716965014725	1716965018521	OK	 
USER	2번 시나리오 유저	END	1716965018523
REQUEST		1-b. 비즈니스 로직	1716965008028	1716965018620	OK	 
USER	2번 시나리오 유저	END	1716965018621
REQUEST		1-a. 로그인	1716965005323	1716965018623	OK	 
REQUEST		1-a. 로그인	1716965007934	1716965018623	OK	 
REQUEST		1-b. 비즈니스 로직	1716965014822	1716965018717	OK	 
USER	2번 시나리오 유저	END	1716965018718
REQUEST		1-b. 비즈니스 로직	1716965014822	1716965019125	OK	 
REQUEST		1-b. 비즈니스 로직	1716965017827	1716965019124	OK	 
USER	2번 시나리오 유저	END	1716965019125
USER	2번 시나리오 유저	END	1716965019125
REQUEST		1-b. 비즈니스 로직	1716965017826	1716965019422	OK	 
REQUEST		1-b. 비즈니스 로직	1716965015018	1716965019422	OK	 
USER	2번 시나리오 유저	END	1716965019423
USER	2번 시나리오 유저	END	1716965019423
REQUEST		1-b. 비즈니스 로직	1716965014822	1716965019624	OK	 
REQUEST		1-b. 비즈니스 로직	1716965017826	1716965019624	OK	 
USER	2번 시나리오 유저	END	1716965019624
USER	2번 시나리오 유저	END	1716965019624
REQUEST		1-b. 비즈니스 로직	1716965018127	1716965019627	OK	 
USER	2번 시나리오 유저	END	1716965019628
REQUEST		1-b. 비즈니스 로직	1716965018220	1716965019722	OK	 
REQUEST		1-b. 비즈니스 로직	1716965018327	1716965019722	OK	 
REQUEST		1-a. 로그인	1716965004250	1716965019722	OK	 
REQUEST		1-a. 로그인	1716965008902	1716965019723	OK	 
REQUEST		1-a. 로그인	1716965005634	1716965019722	OK	 
REQUEST		1-a. 로그인	1716965005447	1716965019722	OK	 
USER	2번 시나리오 유저	END	1716965019724
USER	2번 시나리오 유저	END	1716965019724
REQUEST		1-b. 비즈니스 로직	1716965018522	1716965019725	OK	 
REQUEST		1-a. 로그인	1716965007088	1716965019725	OK	 
USER	2번 시나리오 유저	END	1716965019725
REQUEST		1-b. 비즈니스 로직	1716965014725	1716965019725	OK	 
USER	2번 시나리오 유저	END	1716965019726
REQUEST		1-b. 비즈니스 로직	1716965017626	1716965019924	OK	 
USER	2번 시나리오 유저	END	1716965019925
REQUEST		1-b. 비즈니스 로직	1716965018428	1716965020121	OK	 
USER	2번 시나리오 유저	END	1716965020123
REQUEST		1-b. 비즈니스 로직	1716965018327	1716965020521	OK	 
USER	2번 시나리오 유저	END	1716965020522
REQUEST		1-b. 비즈니스 로직	1716965018624	1716965020526	OK	 
REQUEST		1-b. 비즈니스 로직	1716965018624	1716965020526	OK	 
REQUEST		1-a. 로그인	1716965009271	1716965020526	OK	 
USER	2번 시나리오 유저	END	1716965020527
USER	2번 시나리오 유저	END	1716965020527
REQUEST		1-b. 비즈니스 로직	1716965018220	1716965021223	OK	 
REQUEST		1-b. 비즈니스 로직	1716965018126	1716965021223	OK	 
REQUEST		1-a. 로그인	1716965004789	1716965021223	OK	 
USER	2번 시나리오 유저	END	1716965021225
USER	2번 시나리오 유저	END	1716965021225
REQUEST		1-a. 로그인	1716965006009	1716965021323	OK	 
REQUEST		1-b. 비즈니스 로직	1716965018224	1716965021421	OK	 
REQUEST		1-b. 비즈니스 로직	1716965018220	1716965021421	OK	 
USER	2번 시나리오 유저	END	1716965021422
USER	2번 시나리오 유저	END	1716965021422
REQUEST		1-a. 로그인	1716965004107	1716965021714	OK	 
REQUEST		1-a. 로그인	1716965004923	1716965021716	OK	 
REQUEST		1-a. 로그인	1716965007544	1716965021716	OK	 
REQUEST		1-b. 비즈니스 로직	1716965019723	1716965021718	OK	 
REQUEST		1-b. 비즈니스 로직	1716965019724	1716965021718	OK	 
USER	2번 시나리오 유저	END	1716965021718
USER	2번 시나리오 유저	END	1716965021718
REQUEST		1-b. 비즈니스 로직	1716965019723	1716965021816	OK	 
USER	2번 시나리오 유저	END	1716965021816
REQUEST		1-b. 비즈니스 로직	1716965020526	1716965021922	OK	 
REQUEST		1-b. 비즈니스 로직	1716965018223	1716965021922	OK	 
REQUEST		1-b. 비즈니스 로직	1716965019725	1716965021923	OK	 
USER	2번 시나리오 유저	END	1716965021923
USER	2번 시나리오 유저	END	1716965021923
USER	2번 시나리오 유저	END	1716965021924
REQUEST		1-b. 비즈니스 로직	1716965019724	1716965022123	OK	 
USER	2번 시나리오 유저	END	1716965022124
REQUEST		1-b. 비즈니스 로직	1716965021324	1716965022324	OK	 
REQUEST		1-a. 로그인	1716965005760	1716965022324	OK	 
USER	2번 시나리오 유저	END	1716965022325
REQUEST		1-a. 로그인	1716965008797	1716965022419	OK	 
REQUEST		1-a. 로그인	1716965006674	1716965022423	OK	 
REQUEST		1-b. 비즈니스 로직	1716965021717	1716965022523	OK	 
REQUEST		1-b. 비즈니스 로직	1716965021225	1716965022523	OK	 
USER	2번 시나리오 유저	END	1716965022524
USER	2번 시나리오 유저	END	1716965022524
REQUEST		1-b. 비즈니스 로직	1716965021717	1716965023926	OK	 
USER	2번 시나리오 유저	END	1716965023926
REQUEST		1-a. 로그인	1716965008480	1716965024123	OK	 
REQUEST		1-a. 로그인	1716965008324	1716965024317	OK	 
REQUEST		1-a. 로그인	1716965006380	1716965024317	OK	 
REQUEST		1-b. 비즈니스 로직	1716965021714	1716965024317	OK	 
REQUEST		1-a. 로그인	1716965006558	1716965024317	OK	 
USER	2번 시나리오 유저	END	1716965024318
REQUEST		1-b. 비즈니스 로직	1716965022423	1716965024518	OK	 
USER	2번 시나리오 유저	END	1716965024518
REQUEST		1-a. 로그인	1716965007028	1716965024623	OK	 
REQUEST		1-b. 비즈니스 로직	1716965024317	1716965024920	OK	 
REQUEST		1-a. 로그인	1716965009822	1716965024920	OK	 
REQUEST		1-a. 로그인	1716965009872	1716965024920	OK	 
USER	2번 시나리오 유저	END	1716965024921
REQUEST		1-b. 비즈니스 로직	1716965024317	1716965024923	OK	 
USER	2번 시나리오 유저	END	1716965024923
REQUEST		1-b. 비즈니스 로직	1716965022420	1716965025024	OK	 
REQUEST		1-b. 비즈니스 로직	1716965022325	1716965025024	OK	 
REQUEST		1-a. 로그인	1716965005822	1716965025025	OK	 
REQUEST		1-a. 로그인	1716965009009	1716965025025	OK	 
USER	2번 시나리오 유저	END	1716965025026
USER	2번 시나리오 유저	END	1716965025026
REQUEST		1-b. 비즈니스 로직	1716965024124	1716965025210	OK	 
USER	2번 시나리오 유저	END	1716965025211
REQUEST		1-b. 비즈니스 로직	1716965024318	1716965025218	OK	 
REQUEST		1-a. 로그인	1716965008428	1716965025218	OK	 
REQUEST		1-a. 로그인	1716965006912	1716965025218	OK	 
USER	2번 시나리오 유저	END	1716965025218
REQUEST		1-a. 로그인	1716965006322	1716965025522	OK	 
REQUEST		1-b. 비즈니스 로직	1716965025218	1716965025623	OK	 
REQUEST		1-b. 비즈니스 로직	1716965025026	1716965025623	OK	 
REQUEST		1-a. 로그인	1716965009218	1716965025623	OK	 
USER	2번 시나리오 유저	END	1716965025624
REQUEST		1-b. 비즈니스 로직	1716965024920	1716965025623	OK	 
USER	2번 시나리오 유저	END	1716965025624
USER	2번 시나리오 유저	END	1716965025624
REQUEST		1-b. 비즈니스 로직	1716965025026	1716965025624	OK	 
USER	2번 시나리오 유저	END	1716965025624
REQUEST		1-b. 비즈니스 로직	1716965024624	1716965025823	OK	 
REQUEST		1-b. 비즈니스 로직	1716965025218	1716965025823	OK	 
USER	2번 시나리오 유저	END	1716965025824
USER	2번 시나리오 유저	END	1716965025824
REQUEST		1-b. 비즈니스 로직	1716965024920	1716965026017	OK	 
USER	2번 시나리오 유저	END	1716965026017
REQUEST		1-a. 로그인	1716965009422	1716965028323	OK	 
REQUEST		1-a. 로그인	1716965006620	1716965028323	OK	 
REQUEST		1-a. 로그인	1716965009621	1716965028323	OK	 
REQUEST		1-a. 로그인	1716965007879	1716965028323	OK	 
REQUEST		1-a. 로그인	1716965006439	1716965028428	OK	 
REQUEST		1-a. 로그인	1716965004722	1716965028428	OK	 
REQUEST		1-a. 로그인	1716965007600	1716965028429	OK	 
REQUEST		1-a. 로그인	1716965014722	1716965028428	OK	 
REQUEST		1-a. 로그인	1716965009324	1716965028429	OK	 
REQUEST		1-a. 로그인	1716965009522	1716965028525	OK	 
REQUEST		1-a. 로그인	1716965009372	1716965028525	OK	 
REQUEST		1-a. 로그인	1716965006260	1716965028525	OK	 
REQUEST		1-a. 로그인	1716965008955	1716965028526	OK	 
REQUEST		1-b. 비즈니스 로직	1716965014823	1716965028526	OK	 
USER	2번 시나리오 유저	END	1716965028527
REQUEST		1-b. 비즈니스 로직	1716965025523	1716965028619	OK	 
USER	2번 시나리오 유저	END	1716965028620
REQUEST		1-b. 비즈니스 로직	1716965025623	1716965028623	OK	 
REQUEST		1-a. 로그인	1716965005698	1716965028623	OK	 
REQUEST		1-a. 로그인	1716965009473	1716965028624	OK	 
USER	2번 시나리오 유저	END	1716965028624
REQUEST		1-a. 로그인	1716965009059	1716965028722	OK	 
REQUEST		1-a. 로그인	1716965015043	1716965028828	OK	 
REQUEST		1-b. 비즈니스 로직	1716965028428	1716965028828	OK	 
USER	2번 시나리오 유저	END	1716965028829
REQUEST		1-b. 비즈니스 로직	1716965028429	1716965028923	OK	 
USER	2번 시나리오 유저	END	1716965028924
REQUEST		1-a. 로그인	1716965009114	1716965029525	OK	 
REQUEST		1-b. 비즈니스 로직	1716965028323	1716965029526	OK	 
USER	2번 시나리오 유저	END	1716965029526
REQUEST		1-b. 비즈니스 로직	1716965028429	1716965029826	OK	 
USER	2번 시나리오 유저	END	1716965029826
REQUEST		1-b. 비즈니스 로직	1716965028323	1716965029908	OK	 
USER	2번 시나리오 유저	END	1716965029908
REQUEST		1-b. 비즈니스 로직	1716965028323	1716965029917	OK	 
USER	2번 시나리오 유저	END	1716965029917
REQUEST		1-b. 비즈니스 로직	1716965028525	1716965031423	OK	 
REQUEST		1-a. 로그인	1716965005508	1716965031423	OK	 
REQUEST		1-a. 로그인	1716965007146	1716965031423	OK	 
USER	2번 시나리오 유저	END	1716965031423
REQUEST		1-b. 비즈니스 로직	1716965028428	1716965031424	OK	 
REQUEST		1-b. 비즈니스 로직	1716965028429	1716965031424	OK	 
USER	2번 시나리오 유저	END	1716965031424
USER	2번 시나리오 유저	END	1716965031424
REQUEST		1-a. 로그인	1716965007434	1716965031521	OK	 
REQUEST		1-a. 로그인	1716965007823	1716965031521	OK	 
REQUEST		1-b. 비즈니스 로직	1716965028526	1716965031521	OK	 
REQUEST		1-a. 로그인	1716965010703	1716965031521	OK	 
REQUEST		1-a. 로그인	1716965006851	1716965031522	OK	 
USER	2번 시나리오 유저	END	1716965031523
REQUEST		1-b. 비즈니스 로직	1716965028525	1716965031621	OK	 
REQUEST		1-a. 로그인	1716965008533	1716965031621	OK	 
USER	2번 시나리오 유저	END	1716965031623
REQUEST		1-a. 로그인	1716965012323	1716965032627	OK	 
REQUEST		1-a. 로그인	1716965006073	1716965032721	OK	 
REQUEST		1-a. 로그인	1716965007988	1716965032721	OK	 
REQUEST		1-a. 로그인	1716965013656	1716965032721	OK	 
REQUEST		1-b. 비즈니스 로직	1716965028525	1716965032722	OK	 
REQUEST		1-a. 로그인	1716965011731	1716965032722	OK	 
REQUEST		1-a. 로그인	1716965011275	1716965032721	OK	 
REQUEST		1-a. 로그인	1716965007379	1716965032722	OK	 
USER	2번 시나리오 유저	END	1716965032722
REQUEST		1-a. 로그인	1716965008375	1716965032819	OK	 
REQUEST		1-a. 로그인	1716965009973	1716965032819	OK	 
REQUEST		1-a. 로그인	1716965009722	1716965032819	OK	 
REQUEST		1-b. 비즈니스 로직	1716965028323	1716965032821	OK	 
REQUEST		1-a. 로그인	1716965013865	1716965032821	OK	 
USER	2번 시나리오 유저	END	1716965032822
REQUEST		1-a. 로그인	1716965014561	1716965032822	OK	 
REQUEST		1-a. 로그인	1716965008156	1716965032822	OK	 
REQUEST		1-a. 로그인	1716965008849	1716965033014	OK	 
REQUEST		1-a. 로그인	1716965014402	1716965033123	OK	 
REQUEST		1-a. 로그인	1716965007711	1716965033123	OK	 
REQUEST		1-a. 로그인	1716965006734	1716965033820	OK	 
REQUEST		1-b. 비즈니스 로직	1716965028624	1716965033823	OK	 
REQUEST		1-a. 로그인	1716965013019	1716965033823	OK	 
USER	2번 시나리오 유저	END	1716965033824
REQUEST		1-b. 비즈니스 로직	1716965028829	1716965033923	OK	 
REQUEST		1-a. 로그인	1716965008691	1716965033923	OK	 
USER	2번 시나리오 유저	END	1716965033924
REQUEST		1-a. 로그인	1716965008638	1716965034120	OK	 
REQUEST		1-b. 비즈니스 로직	1716965028624	1716965034120	OK	 
USER	2번 시나리오 유저	END	1716965034120
REQUEST		1-b. 비즈니스 로직	1716965029525	1716965034124	OK	 
USER	2번 시나리오 유저	END	1716965034125
REQUEST		1-b. 비즈니스 로직	1716965031424	1716965034311	OK	 
REQUEST		1-b. 비즈니스 로직	1716965031424	1716965034311	OK	 
REQUEST		1-b. 비즈니스 로직	1716965032629	1716965034311	OK	 
USER	2번 시나리오 유저	END	1716965034311
USER	2번 시나리오 유저	END	1716965034311
USER	2번 시나리오 유저	END	1716965034311
REQUEST		1-a. 로그인	1716965012802	1716965034319	OK	 
REQUEST		1-b. 비즈니스 로직	1716965032723	1716965034617	OK	 
REQUEST		1-b. 비즈니스 로직	1716965032722	1716965034617	OK	 
REQUEST		1-b. 비즈니스 로직	1716965031522	1716965034617	OK	 
USER	2번 시나리오 유저	END	1716965034618
USER	2번 시나리오 유저	END	1716965034618
USER	2번 시나리오 유저	END	1716965034618
REQUEST		1-b. 비즈니스 로직	1716965032722	1716965034722	OK	 
REQUEST		1-b. 비즈니스 로직	1716965028723	1716965034722	OK	 
USER	2번 시나리오 유저	END	1716965034723
USER	2번 시나리오 유저	END	1716965034723
REQUEST		1-b. 비즈니스 로직	1716965032823	1716965035424	OK	 
USER	2번 시나리오 유저	END	1716965035424
REQUEST		1-b. 비즈니스 로직	1716965031622	1716965035427	OK	 
USER	2번 시나리오 유저	END	1716965035427
REQUEST		1-b. 비즈니스 로직	1716965031523	1716965035527	OK	 
USER	2번 시나리오 유저	END	1716965035528
REQUEST		1-b. 비즈니스 로직	1716965032722	1716965035623	OK	 
REQUEST		1-a. 로그인	1716965009165	1716965035623	OK	 
USER	2번 시나리오 유저	END	1716965035624
REQUEST		1-a. 로그인	1716965008269	1716965035624	OK	 
REQUEST		1-b. 비즈니스 로직	1716965032820	1716965035624	OK	 
USER	2번 시나리오 유저	END	1716965035625
REQUEST		1-b. 비즈니스 로직	1716965031522	1716965035625	OK	 
USER	2번 시나리오 유저	END	1716965035625
REQUEST		1-b. 비즈니스 로직	1716965032722	1716965035720	OK	 
USER	2번 시나리오 유저	END	1716965035721
REQUEST		1-b. 비즈니스 로직	1716965033015	1716965036322	OK	 
REQUEST		1-b. 비즈니스 로직	1716965033924	1716965036322	OK	 
REQUEST		1-a. 로그인	1716965010022	1716965036322	OK	 
USER	2번 시나리오 유저	END	1716965036323
USER	2번 시나리오 유저	END	1716965036323
REQUEST		1-b. 비즈니스 로직	1716965032823	1716965036324	OK	 
REQUEST		1-b. 비즈니스 로직	1716965032822	1716965036324	OK	 
REQUEST		1-b. 비즈니스 로직	1716965032820	1716965036324	OK	 
REQUEST		1-b. 비즈니스 로직	1716965031522	1716965036324	OK	 
REQUEST		1-a. 로그인	1716965007768	1716965036324	OK	 
REQUEST		1-a. 로그인	1716965008101	1716965036324	OK	 
REQUEST		1-b. 비즈니스 로직	1716965032722	1716965036325	OK	 
USER	2번 시나리오 유저	END	1716965036325
USER	2번 시나리오 유저	END	1716965036325
USER	2번 시나리오 유저	END	1716965036325
USER	2번 시나리오 유저	END	1716965036325
USER	2번 시나리오 유저	END	1716965036325
REQUEST		1-a. 로그인	1716965010752	1716965036522	OK	 
REQUEST		1-b. 비즈니스 로직	1716965033824	1716965036620	OK	 
REQUEST		1-b. 비즈니스 로직	1716965034320	1716965036620	OK	 
REQUEST		1-a. 로그인	1716965006794	1716965036620	OK	 
USER	2번 시나리오 유저	END	1716965036621
USER	2번 시나리오 유저	END	1716965036622
REQUEST		1-b. 비즈니스 로직	1716965033125	1716965036622	OK	 
USER	2번 시나리오 유저	END	1716965036623
REQUEST		1-b. 비즈니스 로직	1716965032820	1716965036720	OK	 
REQUEST		1-a. 로그인	1716965008218	1716965036720	OK	 
USER	2번 시나리오 유저	END	1716965036721
REQUEST		1-a. 로그인	1716965007264	1716965036821	OK	 
REQUEST		1-a. 로그인	1716965011131	1716965036823	OK	 
REQUEST		1-b. 비즈니스 로직	1716965034120	1716965036824	OK	 
USER	2번 시나리오 유저	END	1716965036824
REQUEST		1-a. 로그인	1716965010465	1716965036922	OK	 
REQUEST		1-a. 로그인	1716965011777	1716965036922	OK	 
REQUEST		1-a. 로그인	1716965012758	1716965037018	OK	 
REQUEST		1-b. 비즈니스 로직	1716965036324	1716965037023	OK	 
REQUEST		1-b. 비즈니스 로직	1716965035624	1716965037023	OK	 
USER	2번 시나리오 유저	END	1716965037024
USER	2번 시나리오 유저	END	1716965037024
REQUEST		1-b. 비즈니스 로직	1716965036721	1716965037123	OK	 
REQUEST		1-b. 비즈니스 로직	1716965036524	1716965037123	OK	 
REQUEST		1-a. 로그인	1716965008745	1716965037123	OK	 
REQUEST		1-b. 비즈니스 로직	1716965036622	1716965037123	OK	 
USER	2번 시나리오 유저	END	1716965037124
USER	2번 시나리오 유저	END	1716965037124
USER	2번 시나리오 유저	END	1716965037124
REQUEST		1-b. 비즈니스 로직	1716965036325	1716965037124	OK	 
REQUEST		1-b. 비즈니스 로직	1716965036325	1716965037125	OK	 
USER	2번 시나리오 유저	END	1716965037125
USER	2번 시나리오 유저	END	1716965037125
REQUEST		1-b. 비즈니스 로직	1716965036823	1716965037217	OK	 
REQUEST		1-b. 비즈니스 로직	1716965036822	1716965037217	OK	 
USER	2번 시나리오 유저	END	1716965037217
USER	2번 시나리오 유저	END	1716965037217
REQUEST		1-b. 비즈니스 로직	1716965036923	1716965037318	OK	 
USER	2번 시나리오 유저	END	1716965037319
REQUEST		1-b. 비즈니스 로직	1716965036923	1716965037323	OK	 
USER	2번 시나리오 유저	END	1716965037324
REQUEST		1-b. 비즈니스 로직	1716965037019	1716965037424	OK	 
REQUEST		1-a. 로그인	1716965008585	1716965037424	OK	 
USER	2번 시나리오 유저	END	1716965037425
REQUEST		1-a. 로그인	1716965009773	1716965037425	OK	 
REQUEST		1-a. 로그인	1716965011868	1716965038021	OK	 
REQUEST		1-b. 비즈니스 로직	1716965037124	1716965038122	OK	 
USER	2번 시나리오 유저	END	1716965038123
REQUEST		1-b. 비즈니스 로직	1716965037425	1716965039623	OK	 
USER	2번 시나리오 유저	END	1716965039624
REQUEST		1-b. 비즈니스 로직	1716965037425	1716965039930	OK	 
USER	2번 시나리오 유저	END	1716965039931
REQUEST		1-b. 비즈니스 로직	1716965033821	1716965040026	OK	 
USER	2번 시나리오 유저	END	1716965040027
REQUEST		1-a. 로그인	1716965013406	1716965040127	OK	 
REQUEST		1-b. 비즈니스 로직	1716965033125	1716965040224	OK	 
REQUEST		1-a. 로그인	1716965007323	1716965040224	OK	 
REQUEST		1-a. 로그인	1716965015162	1716965040224	OK	 
USER	2번 시나리오 유저	END	1716965040225
REQUEST		1-a. 로그인	1716965015202	1716965040229	OK	 
REQUEST		1-a. 로그인	1716965012932	1716965040325	OK	 
REQUEST		1-b. 비즈니스 로직	1716965035625	1716965040627	OK	 
REQUEST		1-a. 로그인	1716965012277	1716965040627	OK	 
USER	2번 시나리오 유저	END	1716965040628
REQUEST		1-a. 로그인	1716965014963	1716965040629	OK	 
REQUEST		1-a. 로그인	1716965011084	1716965040629	OK	 
REQUEST		1-a. 로그인	1716965014156	1716965040722	OK	 
REQUEST		1-a. 로그인	1716965012670	1716965040827	OK	 
REQUEST		1-a. 로그인	1716965009572	1716965040922	OK	 
REQUEST		1-b. 비즈니스 로직	1716965038022	1716965041017	OK	 
USER	2번 시나리오 유저	END	1716965041017
REQUEST		1-b. 비즈니스 로직	1716965040128	1716965041116	OK	 
REQUEST		1-b. 비즈니스 로직	1716965040225	1716965041116	OK	 
REQUEST		1-b. 비즈니스 로직	1716965040923	1716965041116	OK	 
USER	2번 시나리오 유저	END	1716965041117
USER	2번 시나리오 유저	END	1716965041117
USER	2번 시나리오 유저	END	1716965041117
REQUEST		1-a. 로그인	1716965012583	1716965041117	OK	 
REQUEST		1-b. 비즈니스 로직	1716965040629	1716965041223	OK	 
REQUEST		1-a. 로그인	1716965015083	1716965041223	OK	 
USER	2번 시나리오 유저	END	1716965041224
REQUEST		1-b. 비즈니스 로직	1716965040326	1716965041323	OK	 
REQUEST		1-b. 비즈니스 로직	1716965040828	1716965041323	OK	 
REQUEST		1-b. 비즈니스 로직	1716965040629	1716965041323	OK	 
REQUEST		1-b. 비즈니스 로직	1716965040225	1716965041322	OK	 
USER	2번 시나리오 유저	END	1716965041323
USER	2번 시나리오 유저	END	1716965041323
USER	2번 시나리오 유저	END	1716965041323
USER	2번 시나리오 유저	END	1716965041323
REQUEST		1-b. 비즈니스 로직	1716965040628	1716965041324	OK	 
USER	2번 시나리오 유저	END	1716965041324
REQUEST		1-b. 비즈니스 로직	1716965040723	1716965041919	OK	 
USER	2번 시나리오 유저	END	1716965041920
REQUEST		1-b. 비즈니스 로직	1716965041118	1716965041924	OK	 
REQUEST		1-a. 로그인	1716965011368	1716965041924	OK	 
REQUEST		1-a. 로그인	1716965011181	1716965041924	OK	 
REQUEST		1-a. 로그인	1716965013698	1716965041924	OK	 
USER	2번 시나리오 유저	END	1716965041925
REQUEST		1-b. 비즈니스 로직	1716965041924	1716965042626	OK	 
REQUEST		1-a. 로그인	1716965007489	1716965042626	OK	 
REQUEST		1-a. 로그인	1716965014602	1716965042626	OK	 
USER	2번 시나리오 유저	END	1716965042627
REQUEST		1-b. 비즈니스 로직	1716965041224	1716965042628	OK	 
REQUEST		1-a. 로그인	1716965013324	1716965042628	OK	 
USER	2번 시나리오 유저	END	1716965042628
REQUEST		1-b. 비즈니스 로직	1716965041925	1716965042629	OK	 
USER	2번 시나리오 유저	END	1716965042629
REQUEST		1-b. 비즈니스 로직	1716965040229	1716965042723	OK	 
REQUEST		1-a. 로그인	1716965010073	1716965042723	OK	 
USER	2번 시나리오 유저	END	1716965042724
REQUEST		1-a. 로그인	1716965010609	1716965042821	OK	 
REQUEST		1-b. 비즈니스 로직	1716965041925	1716965042828	OK	 
REQUEST		1-a. 로그인	1716965013063	1716965042828	OK	 
USER	2번 시나리오 유저	END	1716965042829
REQUEST		1-a. 로그인	1716965013615	1716965042920	OK	 
REQUEST		1-a. 로그인	1716965014239	1716965043023	OK	 
REQUEST		1-a. 로그인	1716965013448	1716965043025	OK	 
REQUEST		1-b. 비즈니스 로직	1716965042627	1716965043122	OK	 
USER	2번 시나리오 유저	END	1716965043123
REQUEST		1-a. 로그인	1716965014882	1716965043219	OK	 
REQUEST		1-b. 비즈니스 로직	1716965042724	1716965043221	OK	 
USER	2번 시나리오 유저	END	1716965043221
REQUEST		1-b. 비즈니스 로직	1716965042628	1716965043323	OK	 
REQUEST		1-b. 비즈니스 로직	1716965042627	1716965043323	OK	 
USER	2번 시나리오 유저	END	1716965043323
USER	2번 시나리오 유저	END	1716965043323
REQUEST		1-b. 비즈니스 로직	1716965042921	1716965043620	OK	 
USER	2번 시나리오 유저	END	1716965043621
REQUEST		1-b. 비즈니스 로직	1716965042822	1716965043622	OK	 
USER	2번 시나리오 유저	END	1716965043622
REQUEST		1-a. 로그인	1716965012005	1716965043723	OK	 
REQUEST		1-b. 비즈니스 로직	1716965043024	1716965044318	OK	 
REQUEST		1-a. 로그인	1716965012141	1716965044318	OK	 
USER	2번 시나리오 유저	END	1716965044319
REQUEST		1-b. 비즈니스 로직	1716965042828	1716965047122	OK	 
USER	2번 시나리오 유저	END	1716965047123
REQUEST		1-b. 비즈니스 로직	1716965043025	1716965047323	OK	 
USER	2번 시나리오 유저	END	1716965047324
REQUEST		1-b. 비즈니스 로직	1716965043220	1716965047426	OK	 
REQUEST		1-a. 로그인	1716965011959	1716965047426	OK	 
USER	2번 시나리오 유저	END	1716965047427
REQUEST		1-a. 로그인	1716965012454	1716965047427	OK	 
REQUEST		1-a. 로그인	1716965013906	1716965047526	OK	 
REQUEST		1-a. 로그인	1716965014923	1716965047526	OK	 
REQUEST		1-a. 로그인	1716965014030	1716965047526	OK	 
REQUEST		1-a. 로그인	1716965014522	1716965047526	OK	 
REQUEST		1-a. 로그인	1716965013193	1716965047527	OK	 
REQUEST		1-a. 로그인	1716965012232	1716965047527	OK	 
REQUEST		1-a. 로그인	1716965013989	1716965047527	OK	 
REQUEST		1-a. 로그인	1716965010989	1716965047527	OK	 
REQUEST		1-a. 로그인	1716965012496	1716965047528	OK	 
REQUEST		1-a. 로그인	1716965010656	1716965047528	OK	 
REQUEST		1-a. 로그인	1716965009922	1716965047528	OK	 
REQUEST		1-a. 로그인	1716965013823	1716965047528	OK	 
REQUEST		1-a. 로그인	1716965013574	1716965047529	OK	 
REQUEST		1-a. 로그인	1716965013949	1716965047529	OK	 
REQUEST		1-a. 로그인	1716965010942	1716965047529	OK	 
REQUEST		1-a. 로그인	1716965010222	1716965047529	OK	 
REQUEST		1-a. 로그인	1716965010561	1716965047526	OK	 
REQUEST		1-a. 로그인	1716965015242	1716965047529	OK	 
REQUEST		1-a. 로그인	1716965015003	1716965047529	OK	 
REQUEST		1-a. 로그인	1716965012050	1716965047529	OK	 
REQUEST		1-a. 로그인	1716965012365	1716965047529	OK	 
REQUEST		1-a. 로그인	1716965010515	1716965047530	OK	 
REQUEST		1-a. 로그인	1716965011822	1716965047530	OK	 
REQUEST		1-a. 로그인	1716965014442	1716965047622	OK	 
REQUEST		1-a. 로그인	1716965011914	1716965047622	OK	 
REQUEST		1-a. 로그인	1716965013362	1716965047622	OK	 
REQUEST		1-a. 로그인	1716965011550	1716965047622	OK	 
REQUEST		1-a. 로그인	1716965010799	1716965047623	OK	 
REQUEST		1-a. 로그인	1716965011227	1716965047624	OK	 
REQUEST		1-a. 로그인	1716965013781	1716965047624	OK	 
REQUEST		1-a. 로그인	1716965014197	1716965047720	OK	 
REQUEST		1-a. 로그인	1716965014362	1716965047720	OK	 
REQUEST		1-a. 로그인	1716965013106	1716965047823	OK	 
REQUEST		1-b. 비즈니스 로직	1716965043724	1716965048210	OK	 
USER	2번 시나리오 유저	END	1716965048211
REQUEST		1-a. 로그인	1716965014072	1716965048225	OK	 
REQUEST		1-a. 로그인	1716965013739	1716965048225	OK	 
REQUEST		1-a. 로그인	1716965015282	1716965048225	OK	 
REQUEST		1-a. 로그인	1716965011323	1716965048420	OK	 
REQUEST		1-b. 비즈니스 로직	1716965047528	1716965048423	OK	 
REQUEST		1-a. 로그인	1716965012094	1716965048423	OK	 
REQUEST		1-b. 비즈니스 로직	1716965047427	1716965048423	OK	 
REQUEST		1-b. 비즈니스 로직	1716965047428	1716965048423	OK	 
USER	2번 시나리오 유저	END	1716965048423
USER	2번 시나리오 유저	END	1716965048423
USER	2번 시나리오 유저	END	1716965048423
REQUEST		1-b. 비즈니스 로직	1716965047527	1716965048620	OK	 
REQUEST		1-b. 비즈니스 로직	1716965047528	1716965048620	OK	 
REQUEST		1-b. 비즈니스 로직	1716965044319	1716965048620	OK	 
REQUEST		1-b. 비즈니스 로직	1716965047527	1716965048620	OK	 
REQUEST		1-b. 비즈니스 로직	1716965047527	1716965048620	OK	 
USER	2번 시나리오 유저	END	1716965048620
REQUEST		1-b. 비즈니스 로직	1716965047528	1716965048620	OK	 
USER	2번 시나리오 유저	END	1716965048620
USER	2번 시나리오 유저	END	1716965048620
USER	2번 시나리오 유저	END	1716965048620
USER	2번 시나리오 유저	END	1716965048620
USER	2번 시나리오 유저	END	1716965048620
REQUEST		1-b. 비즈니스 로직	1716965047529	1716965048625	OK	 
REQUEST		1-b. 비즈니스 로직	1716965047529	1716965048625	OK	 
REQUEST		1-a. 로그인	1716965013531	1716965048625	OK	 
REQUEST		1-a. 로그인	1716965014281	1716965048625	OK	 
REQUEST		1-b. 비즈니스 로직	1716965047528	1716965048625	OK	 
USER	2번 시나리오 유저	END	1716965048626
USER	2번 시나리오 유저	END	1716965048626
USER	2번 시나리오 유저	END	1716965048626
REQUEST		1-b. 비즈니스 로직	1716965047528	1716965048721	OK	 
REQUEST		1-b. 비즈니스 로직	1716965047530	1716965048721	OK	 
REQUEST		1-b. 비즈니스 로직	1716965047623	1716965048721	OK	 
REQUEST		1-a. 로그인	1716965011414	1716965048721	OK	 
REQUEST		1-b. 비즈니스 로직	1716965047530	1716965048721	OK	 
REQUEST		1-b. 비즈니스 로직	1716965047622	1716965048722	OK	 
USER	2번 시나리오 유저	END	1716965048722
USER	2번 시나리오 유저	END	1716965048722
USER	2번 시나리오 유저	END	1716965048723
USER	2번 시나리오 유저	END	1716965048723
USER	2번 시나리오 유저	END	1716965048723
REQUEST		1-b. 비즈니스 로직	1716965047528	1716965048724	OK	 
REQUEST		1-b. 비즈니스 로직	1716965047528	1716965048724	OK	 
USER	2번 시나리오 유저	END	1716965048724
USER	2번 시나리오 유저	END	1716965048724
REQUEST		1-b. 비즈니스 로직	1716965047623	1716965048819	OK	 
REQUEST		1-b. 비즈니스 로직	1716965047529	1716965048819	OK	 
REQUEST		1-b. 비즈니스 로직	1716965047530	1716965048819	OK	 
USER	2번 시나리오 유저	END	1716965048819
USER	2번 시나리오 유저	END	1716965048819
USER	2번 시나리오 유저	END	1716965048819
REQUEST		1-b. 비즈니스 로직	1716965047824	1716965048823	OK	 
REQUEST		1-b. 비즈니스 로직	1716965047622	1716965048823	OK	 
REQUEST		1-b. 비즈니스 로직	1716965047529	1716965048823	OK	 
REQUEST		1-b. 비즈니스 로직	1716965047529	1716965048823	OK	 
USER	2번 시나리오 유저	END	1716965048823
USER	2번 시나리오 유저	END	1716965048823
USER	2번 시나리오 유저	END	1716965048824
USER	2번 시나리오 유저	END	1716965048824
REQUEST		1-b. 비즈니스 로직	1716965047527	1716965048824	OK	 
USER	2번 시나리오 유저	END	1716965048824
REQUEST		1-b. 비즈니스 로직	1716965047622	1716965049020	OK	 
REQUEST		1-b. 비즈니스 로직	1716965047529	1716965049020	OK	 
REQUEST		1-b. 비즈니스 로직	1716965047721	1716965049020	OK	 
USER	2번 시나리오 유저	END	1716965049020
USER	2번 시나리오 유저	END	1716965049021
USER	2번 시나리오 유저	END	1716965049021
REQUEST		1-b. 비즈니스 로직	1716965047624	1716965049021	OK	 
USER	2번 시나리오 유저	END	1716965049022
REQUEST		1-a. 로그인	1716965012412	1716965049021	OK	 
REQUEST		1-b. 비즈니스 로직	1716965047721	1716965049223	OK	 
REQUEST		1-b. 비즈니스 로직	1716965048226	1716965049223	OK	 
REQUEST		1-a. 로그인	1716965011460	1716965049223	OK	 
REQUEST		1-a. 로그인	1716965013150	1716965049223	OK	 
USER	2번 시나리오 유저	END	1716965049224
USER	2번 시나리오 유저	END	1716965049224
REQUEST		1-a. 로그인	1716965012627	1716965049225	OK	 
REQUEST		1-b. 비즈니스 로직	1716965047624	1716965049320	OK	 
USER	2번 시나리오 유저	END	1716965049320
REQUEST		1-b. 비즈니스 로직	1716965048226	1716965049423	OK	 
REQUEST		1-b. 비즈니스 로직	1716965048226	1716965049423	OK	 
REQUEST		1-a. 로그인	1716965012185	1716965049423	OK	 
USER	2번 시나리오 유저	END	1716965049423
USER	2번 시나리오 유저	END	1716965049423
REQUEST		1-b. 비즈니스 로직	1716965047529	1716965049425	OK	 
REQUEST		1-a. 로그인	1716965012540	1716965049425	OK	 
USER	2번 시나리오 유저	END	1716965049425
REQUEST		1-b. 비즈니스 로직	1716965048421	1716965049517	OK	 
REQUEST		1-b. 비즈니스 로직	1716965048423	1716965049517	OK	 
USER	2번 시나리오 유저	END	1716965049518
USER	2번 시나리오 유저	END	1716965049518
REQUEST		1-a. 로그인	1716965010846	1716965049624	OK	 
REQUEST		1-b. 비즈니스 로직	1716965047529	1716965049626	OK	 
REQUEST		1-a. 로그인	1716965010122	1716965049626	OK	 
REQUEST		1-a. 로그인	1716965011593	1716965049626	OK	 
USER	2번 시나리오 유저	END	1716965049626
REQUEST		1-a. 로그인	1716965011684	1716965049720	OK	 
REQUEST		1-b. 비즈니스 로직	1716965047530	1716965049723	OK	 
USER	2번 시나리오 유저	END	1716965049723
REQUEST		1-a. 로그인	1716965010273	1716965049822	OK	 
REQUEST		1-b. 비즈니스 로직	1716965048626	1716965049924	OK	 
REQUEST		1-b. 비즈니스 로직	1716965048626	1716965049924	OK	 
USER	2번 시나리오 유저	END	1716965049925
USER	2번 시나리오 유저	END	1716965049925
REQUEST		1-a. 로그인	1716965015123	1716965050423	OK	 
REQUEST		1-b. 비즈니스 로직	1716965049224	1716965050427	OK	 
REQUEST		1-a. 로그인	1716965010370	1716965050427	OK	 
REQUEST		1-a. 로그인	1716965010323	1716965050427	OK	 
REQUEST		1-a. 로그인	1716965014642	1716965050427	OK	 
REQUEST		1-b. 비즈니스 로직	1716965049423	1716965050428	OK	 
REQUEST		1-b. 비즈니스 로직	1716965049425	1716965050428	OK	 
REQUEST		1-b. 비즈니스 로직	1716965049225	1716965050428	OK	 
REQUEST		1-a. 로그인	1716965011037	1716965050428	OK	 
REQUEST		1-b. 비즈니스 로직	1716965049224	1716965050428	OK	 
USER	2번 시나리오 유저	END	1716965050428
USER	2번 시나리오 유저	END	1716965050428
USER	2번 시나리오 유저	END	1716965050428
USER	2번 시나리오 유저	END	1716965050428
REQUEST		1-a. 로그인	1716965014762	1716965050428	OK	 
USER	2번 시나리오 유저	END	1716965050428
REQUEST		1-a. 로그인	1716965014116	1716965050428	OK	 
REQUEST		1-a. 로그인	1716965011640	1716965050429	OK	 
REQUEST		1-b. 비즈니스 로직	1716965049626	1716965050522	OK	 
REQUEST		1-a. 로그인	1716965013489	1716965050522	OK	 
REQUEST		1-a. 로그인	1716965011504	1716965050522	OK	 
REQUEST		1-b. 비즈니스 로직	1716965048722	1716965050522	OK	 
REQUEST		1-a. 로그인	1716965014482	1716965050522	OK	 
USER	2번 시나리오 유저	END	1716965050523
USER	2번 시나리오 유저	END	1716965050523
REQUEST		1-a. 로그인	1716965014803	1716965050523	OK	 
REQUEST		1-b. 비즈니스 로직	1716965049022	1716965050524	OK	 
USER	2번 시나리오 유저	END	1716965050524
REQUEST		1-b. 비즈니스 로직	1716965049625	1716965050524	OK	 
USER	2번 시나리오 유저	END	1716965050524
REQUEST		1-b. 비즈니스 로직	1716965049626	1716965050621	OK	 
REQUEST		1-a. 로그인	1716965012714	1716965050621	OK	 
USER	2번 시나리오 유저	END	1716965050622
REQUEST		1-b. 비즈니스 로직	1716965049720	1716965050622	OK	 
REQUEST		1-b. 비즈니스 로직	1716965049823	1716965050623	OK	 
REQUEST		1-b. 비즈니스 로직	1716965050424	1716965050623	OK	 
REQUEST		1-a. 로그인	1716965014682	1716965050623	OK	 
USER	2번 시나리오 유저	END	1716965050623
USER	2번 시나리오 유저	END	1716965050623
USER	2번 시나리오 유저	END	1716965050623
REQUEST		1-b. 비즈니스 로직	1716965050623	1716965050824	OK	 
REQUEST		1-b. 비즈니스 로직	1716965050428	1716965050824	OK	 
REQUEST		1-b. 비즈니스 로직	1716965050523	1716965050824	OK	 
REQUEST		1-b. 비즈니스 로직	1716965050429	1716965050824	OK	 
REQUEST		1-b. 비즈니스 로직	1716965050523	1716965050825	OK	 
REQUEST		1-b. 비즈니스 로직	1716965050428	1716965050825	OK	 
REQUEST		1-b. 비즈니스 로직	1716965050427	1716965050825	OK	 
REQUEST		1-a. 로그인	1716965010417	1716965050825	OK	 
USER	2번 시나리오 유저	END	1716965050825
USER	2번 시나리오 유저	END	1716965050825
USER	2번 시나리오 유저	END	1716965050825
USER	2번 시나리오 유저	END	1716965050825
REQUEST		1-b. 비즈니스 로직	1716965050523	1716965050825	OK	 
USER	2번 시나리오 유저	END	1716965050825
USER	2번 시나리오 유저	END	1716965050825
USER	2번 시나리오 유저	END	1716965050825
REQUEST		1-a. 로그인	1716965012845	1716965050825	OK	 
USER	2번 시나리오 유저	END	1716965050825
REQUEST		1-b. 비즈니스 로직	1716965050428	1716965050826	OK	 
USER	2번 시나리오 유저	END	1716965050826
REQUEST		1-b. 비즈니스 로직	1716965050429	1716965050920	OK	 
REQUEST		1-b. 비즈니스 로직	1716965050427	1716965050920	OK	 
USER	2번 시나리오 유저	END	1716965050921
USER	2번 시나리오 유저	END	1716965050921
REQUEST		1-a. 로그인	1716965013236	1716965050923	OK	 
REQUEST		1-a. 로그인	1716965012889	1716965050923	OK	 
REQUEST		1-a. 로그인	1716965010173	1716965050923	OK	 
REQUEST		1-b. 비즈니스 로직	1716965050523	1716965050923	OK	 
USER	2번 시나리오 유저	END	1716965050924
REQUEST		1-a. 로그인	1716965012976	1716965050924	OK	 
REQUEST		1-a. 로그인	1716965010894	1716965050924	OK	 
REQUEST		1-b. 비즈니스 로직	1716965050825	1716965051013	OK	 
REQUEST		1-b. 비즈니스 로직	1716965050825	1716965051013	OK	 
REQUEST		1-b. 비즈니스 로직	1716965050924	1716965051013	OK	 
USER	2번 시나리오 유저	END	1716965051013
USER	2번 시나리오 유저	END	1716965051013
USER	2번 시나리오 유저	END	1716965051013
REQUEST		1-b. 비즈니스 로직	1716965050924	1716965051014	OK	 
REQUEST		1-b. 비즈니스 로직	1716965050621	1716965051014	OK	 
USER	2번 시나리오 유저	END	1716965051014
USER	2번 시나리오 유저	END	1716965051014
REQUEST		1-a. 로그인	1716965014323	1716965051015	OK	 
REQUEST		1-b. 비즈니스 로직	1716965050924	1716965051017	OK	 
USER	2번 시나리오 유저	END	1716965051017
REQUEST		1-b. 비즈니스 로직	1716965050924	1716965051018	OK	 
USER	2번 시나리오 유저	END	1716965051018
REQUEST		1-b. 비즈니스 로직	1716965050924	1716965051019	OK	 
USER	2번 시나리오 유저	END	1716965051020
REQUEST		1-b. 비즈니스 로직	1716965051016	1716965051111	OK	 
USER	2번 시나리오 유저	END	1716965051112
REQUEST		1-a. 로그인	1716965013280	1716965051134	OK	 
REQUEST		1-b. 비즈니스 로직	1716965051135	1716965051137	OK	 
USER	2번 시나리오 유저	END	1716965051137
REQUEST		1-a. 로그인	1716965014843	1716965051139	OK	 
REQUEST		1-b. 비즈니스 로직	1716965051140	1716965051142	OK	 
USER	2번 시나리오 유저	END	1716965051142
